Thu Dec 1 23:10:32 CET 2016: adafruit-atmega32u4
Program:    4410 bytes (13.5% Full)
Data:        189 bytes (7.4% Full)
Thu Dec 1 23:10:32 CET 2016: adafruit-atmega32u4-cat
Program:    4410 bytes (13.5% Full)
Data:        189 bytes (7.4% Full)
Thu Dec 1 23:10:33 CET 2016: atmega328-8
Program:     298 bytes (0.9% Full)
Data:          1 bytes (0.0% Full)
Thu Dec 1 23:10:34 CET 2016: attiny84-8
Program:     190 bytes (2.3% Full)
Data:          1 bytes (0.2% Full)
Thu Dec 1 23:10:34 CET 2016: attiny85-8
Program:     186 bytes (2.3% Full)
Data:          1 bytes (0.2% Full)
Thu Dec 1 23:10:35 CET 2016: attiny861-8
Program:     184 bytes (2.2% Full)
Data:          1 bytes (0.2% Full)
Thu Dec 1 23:10:36 CET 2016: cosa-custom-board
Program:     314 bytes (1.0% Full)
Data:          1 bytes (0.0% Full)
Thu Dec 1 23:10:36 CET 2016: diecimila
Program:     288 bytes (1.8% Full)
Data:          1 bytes (0.1% Full)
Thu Dec 1 23:10:37 CET 2016: duemilanove
Program:     298 bytes (0.9% Full)
Data:          1 bytes (0.0% Full)
Thu Dec 1 23:10:38 CET 2016: iboard
Program:     324 bytes (1.0% Full)
Data:          1 bytes (0.0% Full)
Thu Dec 1 23:10:38 CET 2016: leonardo
Program:    4432 bytes (13.5% Full)
Data:        189 bytes (7.4% Full)
Thu Dec 1 23:10:39 CET 2016: lilypad
Program:     298 bytes (0.9% Full)
Data:          1 bytes (0.0% Full)
Thu Dec 1 23:10:40 CET 2016: lilypad-usb
Program:    4410 bytes (13.5% Full)
Data:        189 bytes (7.4% Full)
Thu Dec 1 23:10:40 CET 2016: mega1280
Program:     426 bytes (0.3% Full)
Data:          1 bytes (0.0% Full)
Thu Dec 1 23:10:41 CET 2016: mega2560
Program:     430 bytes (0.2% Full)
Data:          1 bytes (0.0% Full)
Thu Dec 1 23:10:42 CET 2016: micro
Program:    4410 bytes (13.5% Full)
Data:        189 bytes (7.4% Full)
Thu Dec 1 23:10:42 CET 2016: microduino-core
Program:     298 bytes (0.9% Full)
Data:          1 bytes (0.0% Full)
Thu Dec 1 23:10:43 CET 2016: microduino-core32u4
Program:    4410 bytes (13.5% Full)
Data:        189 bytes (7.4% Full)
Thu Dec 1 23:10:44 CET 2016: microduino-core-plus
Program:     318 bytes (0.5% Full)
Data:          1 bytes (0.0% Full)
Thu Dec 1 23:10:44 CET 2016: mighty
Program:     348 bytes (0.3% Full)
Data:          1 bytes (0.0% Full)
Thu Dec 1 23:10:45 CET 2016: mighty-opt
Program:     348 bytes (0.3% Full)
Data:          1 bytes (0.0% Full)
Thu Dec 1 23:10:46 CET 2016: miniwireless
Program:    1120 bytes (3.4% Full)
Data:         16 bytes (0.8% Full)
Thu Dec 1 23:10:46 CET 2016: moteino
