Wed Jan 11 19:03:23 CET 2017: adafruit-atmega32u4
Program:    3758 bytes (11.5% Full)
Data:        178 bytes (7.0% Full)
Wed Jan 11 19:03:25 CET 2017: adafruit-atmega32u4-cat
Program:    3758 bytes (11.5% Full)
Data:        178 bytes (7.0% Full)
Wed Jan 11 19:03:27 CET 2017: atmega328-8
Program:     216 bytes (0.7% Full)
Data:          0 bytes (0.0% Full)
Wed Jan 11 19:03:28 CET 2017: attiny84-8
Program:     124 bytes (1.5% Full)
Data:          0 bytes (0.0% Full)
Wed Jan 11 19:03:30 CET 2017: attiny85-8
Program:     120 bytes (1.5% Full)
Data:          0 bytes (0.0% Full)
Wed Jan 11 19:03:31 CET 2017: attiny861-8
Program:     118 bytes (1.4% Full)
Data:          0 bytes (0.0% Full)
Wed Jan 11 19:03:33 CET 2017: cosa-custom-board
Program:     226 bytes (0.7% Full)
Data:          0 bytes (0.0% Full)
Wed Jan 11 19:03:34 CET 2017: diecimila
Program:     206 bytes (1.3% Full)
Data:          0 bytes (0.0% Full)
Wed Jan 11 19:03:36 CET 2017: duemilanove
Program:     216 bytes (0.7% Full)
Data:          0 bytes (0.0% Full)
Wed Jan 11 19:03:37 CET 2017: iboard
Program:     236 bytes (0.7% Full)
Data:          0 bytes (0.0% Full)
Wed Jan 11 19:03:39 CET 2017: leonardo
Program:    3762 bytes (11.5% Full)
Data:        178 bytes (7.0% Full)
Wed Jan 11 19:03:40 CET 2017: lilypad
Program:     216 bytes (0.7% Full)
Data:          0 bytes (0.0% Full)
Wed Jan 11 19:03:42 CET 2017: lilypad-usb
Program:    3758 bytes (11.5% Full)
Data:        178 bytes (7.0% Full)
Wed Jan 11 19:03:43 CET 2017: mega1280
Program:     340 bytes (0.3% Full)
Data:          0 bytes (0.0% Full)
Wed Jan 11 19:03:45 CET 2017: mega2560
Program:     344 bytes (0.1% Full)
Data:          0 bytes (0.0% Full)
Wed Jan 11 19:03:47 CET 2017: micro
Program:    3758 bytes (11.5% Full)
Data:        178 bytes (7.0% Full)
Wed Jan 11 19:03:48 CET 2017: microduino-core
Program:     216 bytes (0.7% Full)
Data:          0 bytes (0.0% Full)
Wed Jan 11 19:03:50 CET 2017: microduino-core32u4
Program:    3758 bytes (11.5% Full)
Data:        178 bytes (7.0% Full)
Wed Jan 11 19:03:52 CET 2017: microduino-core-plus
Program:     236 bytes (0.4% Full)
Data:          0 bytes (0.0% Full)
Wed Jan 11 19:03:53 CET 2017: mighty
Program:     262 bytes (0.2% Full)
Data:          0 bytes (0.0% Full)
Wed Jan 11 19:03:55 CET 2017: mighty-opt
Program:     262 bytes (0.2% Full)
Data:          0 bytes (0.0% Full)
Wed Jan 11 19:03:56 CET 2017: miniwireless
Program:     862 bytes (2.6% Full)
Data:         13 bytes (0.6% Full)
Wed Jan 11 19:03:58 CET 2017: moteino
Program:     236 bytes (0.7% Full)
Data:          0 bytes (0.0% Full)
Wed Jan 11 19:03:59 CET 2017: moteino-mega
Program:     282 bytes (0.2% Full)
Data:          0 bytes (0.0% Full)
Wed Jan 11 19:04:00 CET 2017: nano
Program:     216 bytes (0.7% Full)
Data:          0 bytes (0.0% Full)
Wed Jan 11 19:04:02 CET 2017: pinoccio
Program:     434 bytes (0.2% Full)
Data:          0 bytes (0.0% Full)
Wed Jan 11 19:04:04 CET 2017: pro-micro
Program:    3762 bytes (11.5% Full)
Data:        178 bytes (7.0% Full)
Wed Jan 11 19:04:05 CET 2017: pro-micro-8
Program:    3762 bytes (11.5% Full)
Data:        178 bytes (7.0% Full)
Wed Jan 11 19:04:07 CET 2017: pro-mini
Program:     216 bytes (0.7% Full)
Data:          0 bytes (0.0% Full)
Wed Jan 11 19:04:08 CET 2017: pro-mini-8
Program:     216 bytes (0.7% Full)
Data:          0 bytes (0.0% Full)
Wed Jan 11 19:04:10 CET 2017: teensy-2_0
Program:    3774 bytes (11.5% Full)
Data:        178 bytes (7.0% Full)
Wed Jan 11 19:04:12 CET 2017: teensypp-2_0
Program:    3780 bytes (2.9% Full)
Data:        178 bytes (2.2% Full)
Wed Jan 11 19:04:13 CET 2017: uno
Program:     216 bytes (0.7% Full)
Data:          0 bytes (0.0% Full)
Wed Jan 11 19:04:14 CET 2017: wildfire
Program:     512 bytes (0.4% Full)
Data:          0 bytes (0.0% Full)
