Tue Dec 8 01:01:07 CET 2015: adafruit-atmega32u4
Program:    3758 bytes (11.5% Full)
Data:        178 bytes (7.0% Full)
Tue Dec 8 01:01:08 CET 2015: adafruit-atmega32u4-cat
Program:    3758 bytes (11.5% Full)
Data:        178 bytes (7.0% Full)
Tue Dec 8 01:01:10 CET 2015: atmega328-8
Program:     216 bytes (0.7% Full)
Data:          0 bytes (0.0% Full)
Tue Dec 8 01:01:11 CET 2015: attiny84-8
Program:     124 bytes (1.5% Full)
Data:          0 bytes (0.0% Full)
Tue Dec 8 01:01:12 CET 2015: attiny85-8
Program:     120 bytes (1.5% Full)
Data:          0 bytes (0.0% Full)
Tue Dec 8 01:01:14 CET 2015: attiny861-8
Program:     118 bytes (1.4% Full)
Data:          0 bytes (0.0% Full)
Tue Dec 8 01:01:15 CET 2015: cosa-custom-board
Program:     226 bytes (0.7% Full)
Data:          0 bytes (0.0% Full)
Tue Dec 8 01:01:17 CET 2015: diecimila
Program:     206 bytes (1.3% Full)
Data:          0 bytes (0.0% Full)
Tue Dec 8 01:01:18 CET 2015: duemilanove
Program:     216 bytes (0.7% Full)
Data:          0 bytes (0.0% Full)
Tue Dec 8 01:01:19 CET 2015: iboard
Program:     236 bytes (0.7% Full)
Data:          0 bytes (0.0% Full)
Tue Dec 8 01:01:21 CET 2015: leonardo
Program:    3762 bytes (11.5% Full)
Data:        178 bytes (7.0% Full)
Tue Dec 8 01:01:22 CET 2015: lilypad
Program:     216 bytes (0.7% Full)
Data:          0 bytes (0.0% Full)
Tue Dec 8 01:01:23 CET 2015: lilypad-usb
Program:    3758 bytes (11.5% Full)
Data:        178 bytes (7.0% Full)
Tue Dec 8 01:01:24 CET 2015: mega1280
Program:     340 bytes (0.3% Full)
Data:          0 bytes (0.0% Full)
Tue Dec 8 01:01:26 CET 2015: mega2560
Program:     344 bytes (0.1% Full)
Data:          0 bytes (0.0% Full)
Tue Dec 8 01:01:27 CET 2015: micro
Program:    3758 bytes (11.5% Full)
Data:        178 bytes (7.0% Full)
Tue Dec 8 01:01:28 CET 2015: microduino-core
Program:     216 bytes (0.7% Full)
Data:          0 bytes (0.0% Full)
Tue Dec 8 01:01:30 CET 2015: microduino-core32u4
Program:    3758 bytes (11.5% Full)
Data:        178 bytes (7.0% Full)
Tue Dec 8 01:01:31 CET 2015: microduino-core-plus
Program:     236 bytes (0.4% Full)
Data:          0 bytes (0.0% Full)
Tue Dec 8 01:01:32 CET 2015: mighty
Program:     262 bytes (0.2% Full)
Data:          0 bytes (0.0% Full)
Tue Dec 8 01:01:33 CET 2015: mighty-opt
Program:     262 bytes (0.2% Full)
Data:          0 bytes (0.0% Full)
Tue Dec 8 01:01:35 CET 2015: miniwireless
Program:     862 bytes (2.6% Full)
Data:         13 bytes (0.6% Full)
Tue Dec 8 01:01:36 CET 2015: moteino
Program:     236 bytes (0.7% Full)
Data:          0 bytes (0.0% Full)
Tue Dec 8 01:01:37 CET 2015: moteino-mega
Program:     282 bytes (0.2% Full)
Data:          0 bytes (0.0% Full)
Tue Dec 8 01:01:39 CET 2015: nano
Program:     216 bytes (0.7% Full)
Data:          0 bytes (0.0% Full)
Tue Dec 8 01:01:40 CET 2015: pinoccio
Program:     434 bytes (0.2% Full)
Data:          0 bytes (0.0% Full)
Tue Dec 8 01:01:41 CET 2015: pro-micro
Program:    3762 bytes (11.5% Full)
Data:        178 bytes (7.0% Full)
Tue Dec 8 01:01:42 CET 2015: pro-micro-8
Program:    3762 bytes (11.5% Full)
Data:        178 bytes (7.0% Full)
Tue Dec 8 01:01:44 CET 2015: pro-mini
Program:     216 bytes (0.7% Full)
Data:          0 bytes (0.0% Full)
Tue Dec 8 01:01:45 CET 2015: pro-mini-8
Program:     216 bytes (0.7% Full)
Data:          0 bytes (0.0% Full)
Tue Dec 8 01:01:46 CET 2015: teensy-2_0
Program:    3774 bytes (11.5% Full)
Data:        178 bytes (7.0% Full)
Tue Dec 8 01:01:48 CET 2015: teensypp-2_0
Program:    3780 bytes (2.9% Full)
Data:        178 bytes (2.2% Full)
Tue Dec 8 01:01:49 CET 2015: uno
Program:     216 bytes (0.7% Full)
Data:          0 bytes (0.0% Full)
Tue Dec 8 01:01:50 CET 2015: wildfire
Program:     512 bytes (0.4% Full)
Data:          0 bytes (0.0% Full)
