Mon Jun 12 13:59:46 CEST 2017: adafruit-atmega32u4
Program:    3758 bytes (11.5% Full)
Data:        178 bytes (7.0% Full)
Mon Jun 12 13:59:48 CEST 2017: adafruit-atmega32u4-cat
Program:    3758 bytes (11.5% Full)
Data:        178 bytes (7.0% Full)
Mon Jun 12 13:59:50 CEST 2017: atmega328-8
Program:     216 bytes (0.7% Full)
Data:          0 bytes (0.0% Full)
Mon Jun 12 13:59:52 CEST 2017: attiny84-8
Program:     124 bytes (1.5% Full)
Data:          0 bytes (0.0% Full)
Mon Jun 12 13:59:54 CEST 2017: attiny85-8
Program:     120 bytes (1.5% Full)
Data:          0 bytes (0.0% Full)
Mon Jun 12 13:59:56 CEST 2017: attiny861-8
Program:     118 bytes (1.4% Full)
Data:          0 bytes (0.0% Full)
Mon Jun 12 13:59:57 CEST 2017: cosa-custom-board
Program:     226 bytes (0.7% Full)
Data:          0 bytes (0.0% Full)
Mon Jun 12 13:59:59 CEST 2017: diecimila
Program:     206 bytes (1.3% Full)
Data:          0 bytes (0.0% Full)
Mon Jun 12 14:00:01 CEST 2017: duemilanove
Program:     216 bytes (0.7% Full)
Data:          0 bytes (0.0% Full)
Mon Jun 12 14:00:02 CEST 2017: iboard
Program:     236 bytes (0.7% Full)
Data:          0 bytes (0.0% Full)
Mon Jun 12 14:00:04 CEST 2017: leonardo
Program:    3762 bytes (11.5% Full)
Data:        178 bytes (7.0% Full)
Mon Jun 12 14:00:06 CEST 2017: lilypad
Program:     216 bytes (0.7% Full)
Data:          0 bytes (0.0% Full)
Mon Jun 12 14:00:08 CEST 2017: lilypad-usb
Program:    3758 bytes (11.5% Full)
Data:        178 bytes (7.0% Full)
Mon Jun 12 14:00:11 CEST 2017: mega1280
Program:     340 bytes (0.3% Full)
Data:          0 bytes (0.0% Full)
Mon Jun 12 14:00:14 CEST 2017: mega2560
Program:     344 bytes (0.1% Full)
Data:          0 bytes (0.0% Full)
Mon Jun 12 14:00:17 CEST 2017: micro
Program:    3758 bytes (11.5% Full)
Data:        178 bytes (7.0% Full)
Mon Jun 12 14:00:20 CEST 2017: microduino-core
Program:     216 bytes (0.7% Full)
Data:          0 bytes (0.0% Full)
Mon Jun 12 14:00:22 CEST 2017: microduino-core32u4
Program:    3758 bytes (11.5% Full)
Data:        178 bytes (7.0% Full)
Mon Jun 12 14:00:24 CEST 2017: microduino-core-plus
Program:     236 bytes (0.4% Full)
Data:          0 bytes (0.0% Full)
Mon Jun 12 14:00:26 CEST 2017: mighty
Program:     262 bytes (0.2% Full)
Data:          0 bytes (0.0% Full)
Mon Jun 12 14:00:28 CEST 2017: mighty-opt
Program:     262 bytes (0.2% Full)
Data:          0 bytes (0.0% Full)
Mon Jun 12 14:00:30 CEST 2017: miniwireless
Program:     862 bytes (2.6% Full)
Data:         13 bytes (0.6% Full)
Mon Jun 12 14:00:32 CEST 2017: moteino
Program:     236 bytes (0.7% Full)
Data:          0 bytes (0.0% Full)
Mon Jun 12 14:00:34 CEST 2017: moteino-mega
Program:     282 bytes (0.2% Full)
Data:          0 bytes (0.0% Full)
Mon Jun 12 14:00:36 CEST 2017: nano
Program:     216 bytes (0.7% Full)
Data:          0 bytes (0.0% Full)
Mon Jun 12 14:00:37 CEST 2017: pinoccio
Program:     434 bytes (0.2% Full)
Data:          0 bytes (0.0% Full)
Mon Jun 12 14:00:39 CEST 2017: pro-micro
Program:    3762 bytes (11.5% Full)
Data:        178 bytes (7.0% Full)
Mon Jun 12 14:00:41 CEST 2017: pro-micro-8
Program:    3762 bytes (11.5% Full)
Data:        178 bytes (7.0% Full)
Mon Jun 12 14:00:43 CEST 2017: pro-mini
Program:     216 bytes (0.7% Full)
Data:          0 bytes (0.0% Full)
Mon Jun 12 14:00:45 CEST 2017: pro-mini-8
Program:     216 bytes (0.7% Full)
Data:          0 bytes (0.0% Full)
Mon Jun 12 14:00:47 CEST 2017: teensy-2_0
Program:    3774 bytes (11.5% Full)
Data:        178 bytes (7.0% Full)
Mon Jun 12 14:00:49 CEST 2017: teensypp-2_0
Program:    3780 bytes (2.9% Full)
Data:        178 bytes (2.2% Full)
Mon Jun 12 14:00:51 CEST 2017: uno
Program:     216 bytes (0.7% Full)
Data:          0 bytes (0.0% Full)
Mon Jun 12 14:00:52 CEST 2017: wildfire
Program:     512 bytes (0.4% Full)
Data:          0 bytes (0.0% Full)
