Wed Jun 10 20:17:55 CEST 2015: adafruit-atmega32u4
Program:    3966 bytes (12.1% Full)
Data:        187 bytes (7.3% Full)
Wed Jun 10 20:17:58 CEST 2015: adafruit-atmega32u4-cat
Program:    3966 bytes (12.1% Full)
Data:        187 bytes (7.3% Full)
Wed Jun 10 20:18:01 CEST 2015: atmega328-8
Program:     238 bytes (0.7% Full)
Data:          1 bytes (0.0% Full)
Wed Jun 10 20:18:04 CEST 2015: attiny84-8
Program:     160 bytes (2.0% Full)
Data:          1 bytes (0.2% Full)
Wed Jun 10 20:18:07 CEST 2015: attiny85-8
Program:     156 bytes (1.9% Full)
Data:          1 bytes (0.2% Full)
Wed Jun 10 20:18:09 CEST 2015: attiny861-8
Program:     164 bytes (2.0% Full)
Data:          1 bytes (0.2% Full)
Wed Jun 10 20:18:12 CEST 2015: diecimila
Program:     238 bytes (1.5% Full)
Data:          1 bytes (0.1% Full)
Wed Jun 10 20:18:15 CEST 2015: duemilanove
Program:     238 bytes (0.7% Full)
Data:          1 bytes (0.0% Full)
Wed Jun 10 20:18:18 CEST 2015: iboard
Program:     262 bytes (0.8% Full)
Data:          1 bytes (0.0% Full)
Wed Jun 10 20:18:20 CEST 2015: leonardo
Program:    3988 bytes (12.2% Full)
Data:        187 bytes (7.3% Full)
Wed Jun 10 20:18:24 CEST 2015: lilypad
Program:     238 bytes (0.7% Full)
Data:          1 bytes (0.0% Full)
Wed Jun 10 20:18:26 CEST 2015: lilypad-usb
Program:    3966 bytes (12.1% Full)
Data:        187 bytes (7.3% Full)
Wed Jun 10 20:18:29 CEST 2015: mega1280
Program:     366 bytes (0.3% Full)
Data:          1 bytes (0.0% Full)
Wed Jun 10 20:18:32 CEST 2015: mega2560
Program:     370 bytes (0.1% Full)
Data:          1 bytes (0.0% Full)
Wed Jun 10 20:18:35 CEST 2015: micro
Program:    3966 bytes (12.1% Full)
Data:        187 bytes (7.3% Full)
Wed Jun 10 20:18:38 CEST 2015: microduino-core
Program:     238 bytes (0.7% Full)
Data:          1 bytes (0.0% Full)
Wed Jun 10 20:18:41 CEST 2015: microduino-core32u4
Program:    3966 bytes (12.1% Full)
Data:        187 bytes (7.3% Full)
Wed Jun 10 20:18:44 CEST 2015: microduino-core-plus
Program:     258 bytes (0.4% Full)
Data:          1 bytes (0.0% Full)
Wed Jun 10 20:18:46 CEST 2015: mighty
Program:     278 bytes (0.2% Full)
Data:          1 bytes (0.0% Full)
Wed Jun 10 20:18:49 CEST 2015: mighty-opt
Program:     278 bytes (0.2% Full)
Data:          1 bytes (0.0% Full)
Wed Jun 10 20:18:52 CEST 2015: miniwireless
Program:     262 bytes (0.8% Full)
Data:          1 bytes (0.0% Full)
Wed Jun 10 20:18:54 CEST 2015: moteino
Program:     262 bytes (0.8% Full)
Data:          1 bytes (0.0% Full)
Wed Jun 10 20:18:57 CEST 2015: moteino-mega
Program:     302 bytes (0.2% Full)
Data:          1 bytes (0.0% Full)
Wed Jun 10 20:19:00 CEST 2015: nano
Program:     238 bytes (0.7% Full)
Data:          1 bytes (0.0% Full)
Wed Jun 10 20:19:03 CEST 2015: pinoccio
Program:     450 bytes (0.2% Full)
Data:          1 bytes (0.0% Full)
Wed Jun 10 20:19:06 CEST 2015: pro-micro
Program:    3988 bytes (12.2% Full)
Data:        187 bytes (7.3% Full)
Wed Jun 10 20:19:09 CEST 2015: pro-micro-8
Program:    3988 bytes (12.2% Full)
Data:        187 bytes (7.3% Full)
Wed Jun 10 20:19:12 CEST 2015: pro-mini
Program:     238 bytes (0.7% Full)
Data:          1 bytes (0.0% Full)
Wed Jun 10 20:19:14 CEST 2015: pro-mini-8
Program:     238 bytes (0.7% Full)
Data:          1 bytes (0.0% Full)
Wed Jun 10 20:19:17 CEST 2015: teensy-2_0
Program:    3994 bytes (12.2% Full)
Data:        187 bytes (7.3% Full)
Wed Jun 10 20:19:20 CEST 2015: teensypp-2_0
Program:    4008 bytes (3.1% Full)
Data:        187 bytes (2.3% Full)
Wed Jun 10 20:19:23 CEST 2015: uno
Program:     238 bytes (0.7% Full)
Data:          1 bytes (0.0% Full)
Wed Jun 10 20:19:26 CEST 2015: wildfire
Program:     590 bytes (0.5% Full)
Data:          1 bytes (0.0% Full)
