Sun Nov 6 20:52:35 CET 2016: adafruit-atmega32u4
Program:    3832 bytes (11.7% Full)
Data:        296 bytes (11.6% Full)
Sun Nov 6 20:52:38 CET 2016: adafruit-atmega32u4-cat
Program:    3832 bytes (11.7% Full)
Data:        296 bytes (11.6% Full)
Sun Nov 6 20:52:40 CET 2016: atmega328-8
Program:     216 bytes (0.7% Full)
Data:          0 bytes (0.0% Full)
Sun Nov 6 20:52:42 CET 2016: attiny84-8
Program:     124 bytes (1.5% Full)
Data:          0 bytes (0.0% Full)
Sun Nov 6 20:52:45 CET 2016: attiny85-8
Program:     120 bytes (1.5% Full)
Data:          0 bytes (0.0% Full)
Sun Nov 6 20:52:47 CET 2016: attiny861-8
Program:     118 bytes (1.4% Full)
Data:          0 bytes (0.0% Full)
Sun Nov 6 20:52:50 CET 2016: cosa-custom-board
Program:     226 bytes (0.7% Full)
Data:          0 bytes (0.0% Full)
Sun Nov 6 20:52:52 CET 2016: diecimila
Program:     206 bytes (1.3% Full)
Data:          0 bytes (0.0% Full)
Sun Nov 6 20:52:54 CET 2016: duemilanove
Program:     216 bytes (0.7% Full)
Data:          0 bytes (0.0% Full)
Sun Nov 6 20:52:57 CET 2016: iboard
Program:     236 bytes (0.7% Full)
Data:          0 bytes (0.0% Full)
Sun Nov 6 20:52:59 CET 2016: leonardo
Program:    3830 bytes (11.7% Full)
Data:        296 bytes (11.6% Full)
Sun Nov 6 20:53:01 CET 2016: lilypad
Program:     216 bytes (0.7% Full)
Data:          0 bytes (0.0% Full)
Sun Nov 6 20:53:04 CET 2016: lilypad-usb
Program:    3832 bytes (11.7% Full)
Data:        296 bytes (11.6% Full)
Sun Nov 6 20:53:07 CET 2016: mega1280
Program:     340 bytes (0.3% Full)
Data:          0 bytes (0.0% Full)
Sun Nov 6 20:53:09 CET 2016: mega2560
Program:     344 bytes (0.1% Full)
Data:          0 bytes (0.0% Full)
Sun Nov 6 20:53:12 CET 2016: micro
Program:    3832 bytes (11.7% Full)
Data:        296 bytes (11.6% Full)
Sun Nov 6 20:53:15 CET 2016: microduino-core
Program:     216 bytes (0.7% Full)
Data:          0 bytes (0.0% Full)
Sun Nov 6 20:53:17 CET 2016: microduino-core32u4
Program:    3832 bytes (11.7% Full)
Data:        296 bytes (11.6% Full)
Sun Nov 6 20:53:19 CET 2016: microduino-core-plus
Program:     236 bytes (0.4% Full)
Data:          0 bytes (0.0% Full)
Sun Nov 6 20:53:22 CET 2016: mighty
Program:     262 bytes (0.2% Full)
Data:          0 bytes (0.0% Full)
Sun Nov 6 20:53:24 CET 2016: mighty-opt
Program:     262 bytes (0.2% Full)
Data:          0 bytes (0.0% Full)
Sun Nov 6 20:53:26 CET 2016: miniwireless
Program:     864 bytes (2.6% Full)
Data:         13 bytes (0.6% Full)
Sun Nov 6 20:53:28 CET 2016: moteino
Program:     236 bytes (0.7% Full)
Data:          0 bytes (0.0% Full)
Sun Nov 6 20:53:31 CET 2016: moteino-mega
Program:     282 bytes (0.2% Full)
Data:          0 bytes (0.0% Full)
Sun Nov 6 20:53:33 CET 2016: nano
Program:     216 bytes (0.7% Full)
Data:          0 bytes (0.0% Full)
Sun Nov 6 20:53:35 CET 2016: pinoccio
Program:     434 bytes (0.2% Full)
Data:          0 bytes (0.0% Full)
Sun Nov 6 20:53:37 CET 2016: pro-micro
Program:    3830 bytes (11.7% Full)
Data:        296 bytes (11.6% Full)
Sun Nov 6 20:53:40 CET 2016: pro-micro-8
Program:    3830 bytes (11.7% Full)
Data:        296 bytes (11.6% Full)
Sun Nov 6 20:53:43 CET 2016: pro-mini
Program:     216 bytes (0.7% Full)
Data:          0 bytes (0.0% Full)
Sun Nov 6 20:53:45 CET 2016: pro-mini-8
Program:     216 bytes (0.7% Full)
Data:          0 bytes (0.0% Full)
Sun Nov 6 20:53:47 CET 2016: teensy-2_0
Program:    3852 bytes (11.8% Full)
Data:        296 bytes (11.6% Full)
Sun Nov 6 20:53:50 CET 2016: teensypp-2_0
Program:    3858 bytes (2.9% Full)
Data:        296 bytes (3.6% Full)
Sun Nov 6 20:53:52 CET 2016: uno
Program:     216 bytes (0.7% Full)
Data:          0 bytes (0.0% Full)
Sun Nov 6 20:53:54 CET 2016: wildfire
Program:     512 bytes (0.4% Full)
Data:          0 bytes (0.0% Full)
