Tue Jan 6 13:48:27 CET 2015: adafruit-atmega32u4
Program:     232 bytes (0.7% Full)
Data:          0 bytes (0.0% Full)
Tue Jan 6 13:48:34 CET 2015: adafruit-atmega32u4-cat
Program:     232 bytes (0.7% Full)
Data:          0 bytes (0.0% Full)
Tue Jan 6 13:48:42 CET 2015: atmega328-8
Program:     152 bytes (0.5% Full)
Data:          0 bytes (0.0% Full)
Tue Jan 6 13:48:49 CET 2015: attiny84-8
Program:      74 bytes (0.9% Full)
Data:          0 bytes (0.0% Full)
Tue Jan 6 13:48:55 CET 2015: attiny85-8
Program:      70 bytes (0.9% Full)
Data:          0 bytes (0.0% Full)
Tue Jan 6 13:49:02 CET 2015: attiny861-8
Program:      78 bytes (1.0% Full)
Data:          0 bytes (0.0% Full)
Tue Jan 6 13:49:08 CET 2015: diecimila
Program:     152 bytes (0.9% Full)
Data:          0 bytes (0.0% Full)
Tue Jan 6 13:49:15 CET 2015: duemilanove
Program:     152 bytes (0.5% Full)
Data:          0 bytes (0.0% Full)
Tue Jan 6 13:49:22 CET 2015: leonardo
Program:     232 bytes (0.7% Full)
Data:          0 bytes (0.0% Full)
Tue Jan 6 13:49:29 CET 2015: lilypad
Program:     152 bytes (0.5% Full)
Data:          0 bytes (0.0% Full)
Tue Jan 6 13:49:36 CET 2015: lilypad-usb
Program:     232 bytes (0.7% Full)
Data:          0 bytes (0.0% Full)
Tue Jan 6 13:49:44 CET 2015: mega1280
Program:     276 bytes (0.2% Full)
Data:          0 bytes (0.0% Full)
Tue Jan 6 13:49:51 CET 2015: mega2560
Program:     280 bytes (0.1% Full)
Data:          0 bytes (0.0% Full)
Tue Jan 6 13:49:58 CET 2015: micro
Program:     232 bytes (0.7% Full)
Data:          0 bytes (0.0% Full)
Tue Jan 6 13:50:05 CET 2015: microduino-core
Program:     152 bytes (0.5% Full)
Data:          0 bytes (0.0% Full)
Tue Jan 6 13:50:12 CET 2015: microduino-core32u4
Program:     232 bytes (0.7% Full)
Data:          0 bytes (0.0% Full)
Tue Jan 6 13:50:20 CET 2015: microduino-core-plus
Program:     172 bytes (0.3% Full)
Data:          0 bytes (0.0% Full)
Tue Jan 6 13:50:27 CET 2015: mighty
Program:     188 bytes (0.1% Full)
Data:          0 bytes (0.0% Full)
Tue Jan 6 13:50:33 CET 2015: mighty-opt
Program:     188 bytes (0.1% Full)
Data:          0 bytes (0.0% Full)
Tue Jan 6 13:50:40 CET 2015: miniwireless
Program:     152 bytes (0.5% Full)
Data:          0 bytes (0.0% Full)
Tue Jan 6 13:50:47 CET 2015: moteino
Program:     152 bytes (0.5% Full)
Data:          0 bytes (0.0% Full)
Tue Jan 6 13:50:54 CET 2015: moteino-mega
Program:     188 bytes (0.1% Full)
Data:          0 bytes (0.0% Full)
Tue Jan 6 13:51:01 CET 2015: nano
Program:     152 bytes (0.5% Full)
Data:          0 bytes (0.0% Full)
Tue Jan 6 13:51:08 CET 2015: pinoccio
Program:     360 bytes (0.1% Full)
Data:          0 bytes (0.0% Full)
Tue Jan 6 13:51:15 CET 2015: pro-micro
Program:     232 bytes (0.7% Full)
Data:          0 bytes (0.0% Full)
Tue Jan 6 13:51:22 CET 2015: pro-micro-8
Program:     232 bytes (0.7% Full)
Data:          0 bytes (0.0% Full)
Tue Jan 6 13:51:29 CET 2015: pro-mini
Program:     152 bytes (0.5% Full)
Data:          0 bytes (0.0% Full)
Tue Jan 6 13:51:36 CET 2015: pro-mini-8
Program:     152 bytes (0.5% Full)
Data:          0 bytes (0.0% Full)
Tue Jan 6 13:51:43 CET 2015: teensy-2_0
Program:     246 bytes (0.8% Full)
Data:          0 bytes (0.0% Full)
Tue Jan 6 13:51:50 CET 2015: teensypp-2_0
Program:     226 bytes (0.2% Full)
Data:          0 bytes (0.0% Full)
Tue Jan 6 13:51:58 CET 2015: uno
Program:     152 bytes (0.5% Full)
Data:          0 bytes (0.0% Full)
Tue Jan 6 13:52:05 CET 2015: wildfire
Program:     188 bytes (0.1% Full)
Data:          0 bytes (0.0% Full)
