Wed Aug 17 21:35:33 CEST 2016: adafruit-atmega32u4
Program:    3758 bytes (11.5% Full)
Data:        178 bytes (7.0% Full)
Wed Aug 17 21:35:35 CEST 2016: adafruit-atmega32u4-cat
Program:    3758 bytes (11.5% Full)
Data:        178 bytes (7.0% Full)
Wed Aug 17 21:35:37 CEST 2016: atmega328-8
Program:     216 bytes (0.7% Full)
Data:          0 bytes (0.0% Full)
Wed Aug 17 21:35:39 CEST 2016: attiny84-8
Program:     124 bytes (1.5% Full)
Data:          0 bytes (0.0% Full)
Wed Aug 17 21:35:40 CEST 2016: attiny85-8
Program:     120 bytes (1.5% Full)
Data:          0 bytes (0.0% Full)
Wed Aug 17 21:35:42 CEST 2016: attiny861-8
Program:     118 bytes (1.4% Full)
Data:          0 bytes (0.0% Full)
Wed Aug 17 21:35:44 CEST 2016: cosa-custom-board
Program:     226 bytes (0.7% Full)
Data:          0 bytes (0.0% Full)
Wed Aug 17 21:35:45 CEST 2016: diecimila
Program:     206 bytes (1.3% Full)
Data:          0 bytes (0.0% Full)
Wed Aug 17 21:35:47 CEST 2016: duemilanove
Program:     216 bytes (0.7% Full)
Data:          0 bytes (0.0% Full)
Wed Aug 17 21:35:48 CEST 2016: iboard
Program:     236 bytes (0.7% Full)
Data:          0 bytes (0.0% Full)
Wed Aug 17 21:35:50 CEST 2016: leonardo
Program:    3762 bytes (11.5% Full)
Data:        178 bytes (7.0% Full)
Wed Aug 17 21:35:52 CEST 2016: lilypad
Program:     216 bytes (0.7% Full)
Data:          0 bytes (0.0% Full)
Wed Aug 17 21:35:53 CEST 2016: lilypad-usb
Program:    3758 bytes (11.5% Full)
Data:        178 bytes (7.0% Full)
Wed Aug 17 21:35:55 CEST 2016: mega1280
Program:     340 bytes (0.3% Full)
Data:          0 bytes (0.0% Full)
Wed Aug 17 21:35:57 CEST 2016: mega2560
Program:     344 bytes (0.1% Full)
Data:          0 bytes (0.0% Full)
Wed Aug 17 21:35:59 CEST 2016: micro
Program:    3758 bytes (11.5% Full)
Data:        178 bytes (7.0% Full)
Wed Aug 17 21:36:00 CEST 2016: microduino-core
Program:     216 bytes (0.7% Full)
Data:          0 bytes (0.0% Full)
Wed Aug 17 21:36:02 CEST 2016: microduino-core32u4
Program:    3758 bytes (11.5% Full)
Data:        178 bytes (7.0% Full)
Wed Aug 17 21:36:04 CEST 2016: microduino-core-plus
Program:     236 bytes (0.4% Full)
Data:          0 bytes (0.0% Full)
Wed Aug 17 21:36:06 CEST 2016: mighty
Program:     262 bytes (0.2% Full)
Data:          0 bytes (0.0% Full)
Wed Aug 17 21:36:07 CEST 2016: mighty-opt
Program:     262 bytes (0.2% Full)
Data:          0 bytes (0.0% Full)
Wed Aug 17 21:36:09 CEST 2016: miniwireless
Program:     862 bytes (2.6% Full)
Data:         13 bytes (0.6% Full)
Wed Aug 17 21:36:10 CEST 2016: moteino
Program:     236 bytes (0.7% Full)
Data:          0 bytes (0.0% Full)
Wed Aug 17 21:36:12 CEST 2016: moteino-mega
Program:     282 bytes (0.2% Full)
Data:          0 bytes (0.0% Full)
Wed Aug 17 21:36:14 CEST 2016: nano
Program:     216 bytes (0.7% Full)
Data:          0 bytes (0.0% Full)
Wed Aug 17 21:36:15 CEST 2016: pinoccio
Program:     434 bytes (0.2% Full)
Data:          0 bytes (0.0% Full)
Wed Aug 17 21:36:17 CEST 2016: pro-micro
Program:    3762 bytes (11.5% Full)
Data:        178 bytes (7.0% Full)
Wed Aug 17 21:36:19 CEST 2016: pro-micro-8
Program:    3762 bytes (11.5% Full)
Data:        178 bytes (7.0% Full)
Wed Aug 17 21:36:21 CEST 2016: pro-mini
Program:     216 bytes (0.7% Full)
Data:          0 bytes (0.0% Full)
Wed Aug 17 21:36:22 CEST 2016: pro-mini-8
Program:     216 bytes (0.7% Full)
Data:          0 bytes (0.0% Full)
Wed Aug 17 21:36:24 CEST 2016: teensy-2_0
Program:    3774 bytes (11.5% Full)
Data:        178 bytes (7.0% Full)
Wed Aug 17 21:36:26 CEST 2016: teensypp-2_0
Program:    3780 bytes (2.9% Full)
Data:        178 bytes (2.2% Full)
Wed Aug 17 21:36:28 CEST 2016: uno
Program:     216 bytes (0.7% Full)
Data:          0 bytes (0.0% Full)
Wed Aug 17 21:36:29 CEST 2016: wildfire
Program:     512 bytes (0.4% Full)
Data:          0 bytes (0.0% Full)
