tis 13 nov 2018 16:44:07 WET: atmega328-8
Program:     298 bytes (0.9% Full)
Data:          1 bytes (0.0% Full)
tis 13 nov 2018 16:44:08 WET: attiny84-8
Program:     190 bytes (2.3% Full)
Data:          1 bytes (0.2% Full)
tis 13 nov 2018 16:44:10 WET: attiny85-8
Program:     186 bytes (2.3% Full)
Data:          1 bytes (0.2% Full)
tis 13 nov 2018 16:44:11 WET: attiny861-8
Program:     184 bytes (2.2% Full)
Data:          1 bytes (0.2% Full)
tis 13 nov 2018 16:44:12 WET: diecimila
Program:     288 bytes (1.8% Full)
Data:          1 bytes (0.1% Full)
tis 13 nov 2018 16:44:14 WET: duemilanove
Program:     298 bytes (0.9% Full)
Data:          1 bytes (0.0% Full)
tis 13 nov 2018 16:44:15 WET: leonardo
Program:    4492 bytes (13.7% Full)
Data:        189 bytes (7.4% Full)
tis 13 nov 2018 16:44:16 WET: lilypad
Program:     298 bytes (0.9% Full)
Data:          1 bytes (0.0% Full)
tis 13 nov 2018 16:44:18 WET: lilypad-usb
Program:    4470 bytes (13.6% Full)
Data:        189 bytes (7.4% Full)
tis 13 nov 2018 16:44:19 WET: mega1280
Program:     426 bytes (0.3% Full)
Data:          1 bytes (0.0% Full)
tis 13 nov 2018 16:44:21 WET: mega2560
Program:     430 bytes (0.2% Full)
Data:          1 bytes (0.0% Full)
tis 13 nov 2018 16:44:22 WET: micro
Program:    4470 bytes (13.6% Full)
Data:        189 bytes (7.4% Full)
tis 13 nov 2018 16:44:23 WET: mighty
Program:     348 bytes (0.3% Full)
Data:          1 bytes (0.0% Full)
tis 13 nov 2018 16:44:25 WET: mighty-opt
Program:     348 bytes (0.3% Full)
Data:          1 bytes (0.0% Full)
tis 13 nov 2018 16:44:26 WET: nano
Program:     298 bytes (0.9% Full)
Data:          1 bytes (0.0% Full)
tis 13 nov 2018 16:44:28 WET: pro-micro
Program:    4492 bytes (13.7% Full)
Data:        189 bytes (7.4% Full)
tis 13 nov 2018 16:44:29 WET: pro-micro-8
Program:    4492 bytes (13.7% Full)
Data:        189 bytes (7.4% Full)
tis 13 nov 2018 16:44:30 WET: pro-mini
Program:     298 bytes (0.9% Full)
Data:          1 bytes (0.0% Full)
tis 13 nov 2018 16:44:32 WET: pro-mini-8
Program:     298 bytes (0.9% Full)
Data:          1 bytes (0.0% Full)
tis 13 nov 2018 16:44:33 WET: uno
Program:     298 bytes (0.9% Full)
Data:          1 bytes (0.0% Full)
