Sun Aug 9 20:17:28 CEST 2015: adafruit-atmega32u4
Program:    3720 bytes (11.4% Full)
Data:        214 bytes (8.4% Full)
Sun Aug 9 20:17:30 CEST 2015: adafruit-atmega32u4-cat
Program:    3720 bytes (11.4% Full)
Data:        214 bytes (8.4% Full)
Sun Aug 9 20:17:32 CEST 2015: atmega328-8
Program:     172 bytes (0.5% Full)
Data:          0 bytes (0.0% Full)
Sun Aug 9 20:17:33 CEST 2015: attiny84-8
Program:      94 bytes (1.1% Full)
Data:          0 bytes (0.0% Full)
Sun Aug 9 20:17:35 CEST 2015: attiny85-8
Program:      90 bytes (1.1% Full)
Data:          0 bytes (0.0% Full)
Sun Aug 9 20:17:36 CEST 2015: attiny861-8
Program:      98 bytes (1.2% Full)
Data:          0 bytes (0.0% Full)
Sun Aug 9 20:17:38 CEST 2015: diecimila
Program:     172 bytes (1.0% Full)
Data:          0 bytes (0.0% Full)
Sun Aug 9 20:17:39 CEST 2015: duemilanove
Program:     172 bytes (0.5% Full)
Data:          0 bytes (0.0% Full)
Sun Aug 9 20:17:41 CEST 2015: iboard
Program:     192 bytes (0.6% Full)
Data:          0 bytes (0.0% Full)
Sun Aug 9 20:17:43 CEST 2015: leonardo
Program:    3718 bytes (11.3% Full)
Data:        214 bytes (8.4% Full)
Sun Aug 9 20:17:44 CEST 2015: lilypad
Program:     172 bytes (0.5% Full)
Data:          0 bytes (0.0% Full)
Sun Aug 9 20:17:46 CEST 2015: lilypad-usb
Program:    3720 bytes (11.4% Full)
Data:        214 bytes (8.4% Full)
Sun Aug 9 20:17:47 CEST 2015: mega1280
Program:     296 bytes (0.2% Full)
Data:          0 bytes (0.0% Full)
Sun Aug 9 20:17:49 CEST 2015: mega2560
Program:     300 bytes (0.1% Full)
Data:          0 bytes (0.0% Full)
Sun Aug 9 20:17:50 CEST 2015: micro
Program:    3720 bytes (11.4% Full)
Data:        214 bytes (8.4% Full)
Sun Aug 9 20:17:52 CEST 2015: microduino-core
Program:     172 bytes (0.5% Full)
Data:          0 bytes (0.0% Full)
Sun Aug 9 20:17:53 CEST 2015: microduino-core32u4
Program:    3720 bytes (11.4% Full)
Data:        214 bytes (8.4% Full)
Sun Aug 9 20:17:55 CEST 2015: microduino-core-plus
Program:     192 bytes (0.3% Full)
Data:          0 bytes (0.0% Full)
Sun Aug 9 20:17:57 CEST 2015: mighty
Program:     208 bytes (0.2% Full)
Data:          0 bytes (0.0% Full)
Sun Aug 9 20:17:58 CEST 2015: mighty-opt
Program:     208 bytes (0.2% Full)
Data:          0 bytes (0.0% Full)
Sun Aug 9 20:18:00 CEST 2015: miniwireless
Program:     192 bytes (0.6% Full)
Data:          0 bytes (0.0% Full)
Sun Aug 9 20:18:01 CEST 2015: moteino
Program:     192 bytes (0.6% Full)
Data:          0 bytes (0.0% Full)
Sun Aug 9 20:18:03 CEST 2015: moteino-mega
Program:     228 bytes (0.2% Full)
Data:          0 bytes (0.0% Full)
Sun Aug 9 20:18:04 CEST 2015: nano
Program:     172 bytes (0.5% Full)
Data:          0 bytes (0.0% Full)
Sun Aug 9 20:18:06 CEST 2015: pinoccio
Program:     380 bytes (0.1% Full)
Data:          0 bytes (0.0% Full)
Sun Aug 9 20:18:07 CEST 2015: pro-micro
Program:    3718 bytes (11.3% Full)
Data:        214 bytes (8.4% Full)
Sun Aug 9 20:18:09 CEST 2015: pro-micro-8
Program:    3718 bytes (11.3% Full)
Data:        214 bytes (8.4% Full)
Sun Aug 9 20:18:10 CEST 2015: pro-mini
Program:     172 bytes (0.5% Full)
Data:          0 bytes (0.0% Full)
Sun Aug 9 20:18:12 CEST 2015: pro-mini-8
Program:     172 bytes (0.5% Full)
Data:          0 bytes (0.0% Full)
Sun Aug 9 20:18:13 CEST 2015: teensy-2_0
Program:    3734 bytes (11.4% Full)
Data:        214 bytes (8.4% Full)
Sun Aug 9 20:18:15 CEST 2015: teensypp-2_0
Program:    3740 bytes (2.9% Full)
Data:        214 bytes (2.6% Full)
Sun Aug 9 20:18:17 CEST 2015: uno
Program:     172 bytes (0.5% Full)
Data:          0 bytes (0.0% Full)
Sun Aug 9 20:18:18 CEST 2015: wildfire
Program:     458 bytes (0.3% Full)
Data:          0 bytes (0.0% Full)
