Wed Apr 1 12:17:31 CEST 2015: adafruit-atmega32u4
Program:    3714 bytes (11.3% Full)
Data:        214 bytes (8.4% Full)
Wed Apr 1 12:17:39 CEST 2015: adafruit-atmega32u4-cat
Program:    3714 bytes (11.3% Full)
Data:        214 bytes (8.4% Full)
Wed Apr 1 12:17:47 CEST 2015: atmega328-8
Program:     172 bytes (0.5% Full)
Data:          0 bytes (0.0% Full)
Wed Apr 1 12:17:55 CEST 2015: attiny84-8
Program:      94 bytes (1.1% Full)
Data:          0 bytes (0.0% Full)
Wed Apr 1 12:18:02 CEST 2015: attiny85-8
Program:      90 bytes (1.1% Full)
Data:          0 bytes (0.0% Full)
Wed Apr 1 12:18:08 CEST 2015: attiny861-8
Program:      98 bytes (1.2% Full)
Data:          0 bytes (0.0% Full)
Wed Apr 1 12:18:15 CEST 2015: diecimila
Program:     172 bytes (1.0% Full)
Data:          0 bytes (0.0% Full)
Wed Apr 1 12:18:23 CEST 2015: duemilanove
Program:     172 bytes (0.5% Full)
Data:          0 bytes (0.0% Full)
Wed Apr 1 12:18:30 CEST 2015: iboard
Program:     192 bytes (0.6% Full)
Data:          0 bytes (0.0% Full)
Wed Apr 1 12:18:37 CEST 2015: leonardo
Program:    3712 bytes (11.3% Full)
Data:        214 bytes (8.4% Full)
Wed Apr 1 12:18:45 CEST 2015: lilypad
Program:     172 bytes (0.5% Full)
Data:          0 bytes (0.0% Full)
Wed Apr 1 12:18:52 CEST 2015: lilypad-usb
Program:    3714 bytes (11.3% Full)
Data:        214 bytes (8.4% Full)
Wed Apr 1 12:19:00 CEST 2015: mega1280
Program:     296 bytes (0.2% Full)
Data:          0 bytes (0.0% Full)
Wed Apr 1 12:19:08 CEST 2015: mega2560
Program:     300 bytes (0.1% Full)
Data:          0 bytes (0.0% Full)
Wed Apr 1 12:19:15 CEST 2015: micro
Program:    3714 bytes (11.3% Full)
Data:        214 bytes (8.4% Full)
Wed Apr 1 12:19:23 CEST 2015: microduino-core
Program:     172 bytes (0.5% Full)
Data:          0 bytes (0.0% Full)
Wed Apr 1 12:19:30 CEST 2015: microduino-core32u4
Program:    3714 bytes (11.3% Full)
Data:        214 bytes (8.4% Full)
Wed Apr 1 12:19:38 CEST 2015: microduino-core-plus
Program:     192 bytes (0.3% Full)
Data:          0 bytes (0.0% Full)
Wed Apr 1 12:19:46 CEST 2015: mighty
Program:     208 bytes (0.2% Full)
Data:          0 bytes (0.0% Full)
Wed Apr 1 12:19:53 CEST 2015: mighty-opt
Program:     208 bytes (0.2% Full)
Data:          0 bytes (0.0% Full)
Wed Apr 1 12:20:00 CEST 2015: miniwireless
Program:     192 bytes (0.6% Full)
Data:          0 bytes (0.0% Full)
Wed Apr 1 12:20:08 CEST 2015: moteino
Program:     192 bytes (0.6% Full)
Data:          0 bytes (0.0% Full)
Wed Apr 1 12:20:15 CEST 2015: moteino-mega
Program:     228 bytes (0.2% Full)
Data:          0 bytes (0.0% Full)
Wed Apr 1 12:20:22 CEST 2015: nano
Program:     172 bytes (0.5% Full)
Data:          0 bytes (0.0% Full)
Wed Apr 1 12:20:29 CEST 2015: pinoccio
Program:     380 bytes (0.1% Full)
Data:          0 bytes (0.0% Full)
Wed Apr 1 12:20:37 CEST 2015: pro-micro
Program:    3712 bytes (11.3% Full)
Data:        214 bytes (8.4% Full)
Wed Apr 1 12:20:45 CEST 2015: pro-micro-8
Program:    3712 bytes (11.3% Full)
Data:        214 bytes (8.4% Full)
Wed Apr 1 12:20:53 CEST 2015: pro-mini
Program:     172 bytes (0.5% Full)
Data:          0 bytes (0.0% Full)
Wed Apr 1 12:21:00 CEST 2015: pro-mini-8
Program:     172 bytes (0.5% Full)
Data:          0 bytes (0.0% Full)
Wed Apr 1 12:21:07 CEST 2015: teensy-2_0
Program:    3728 bytes (11.4% Full)
Data:        214 bytes (8.4% Full)
Wed Apr 1 12:21:15 CEST 2015: teensypp-2_0
Program:    3734 bytes (2.8% Full)
Data:        214 bytes (2.6% Full)
Wed Apr 1 12:21:23 CEST 2015: uno
Program:     172 bytes (0.5% Full)
Data:          0 bytes (0.0% Full)
Wed Apr 1 12:21:30 CEST 2015: wildfire
Program:     458 bytes (0.3% Full)
Data:          0 bytes (0.0% Full)
