Wed Aug 23 15:00:35 CEST 2017: adafruit-atmega32u4
Program:    3758 bytes (11.5% Full)
Data:        178 bytes (7.0% Full)
Wed Aug 23 15:00:37 CEST 2017: adafruit-atmega32u4-cat
Program:    3758 bytes (11.5% Full)
Data:        178 bytes (7.0% Full)
Wed Aug 23 15:00:39 CEST 2017: atmega328-8
Program:     216 bytes (0.7% Full)
Data:          0 bytes (0.0% Full)
Wed Aug 23 15:00:41 CEST 2017: attiny84-8
Program:     124 bytes (1.5% Full)
Data:          0 bytes (0.0% Full)
Wed Aug 23 15:00:42 CEST 2017: attiny85-8
Program:     120 bytes (1.5% Full)
Data:          0 bytes (0.0% Full)
Wed Aug 23 15:00:44 CEST 2017: attiny861-8
Program:     118 bytes (1.4% Full)
Data:          0 bytes (0.0% Full)
Wed Aug 23 15:00:45 CEST 2017: cosa-custom-board
Program:     226 bytes (0.7% Full)
Data:          0 bytes (0.0% Full)
Wed Aug 23 15:00:47 CEST 2017: diecimila
Program:     206 bytes (1.3% Full)
Data:          0 bytes (0.0% Full)
Wed Aug 23 15:00:49 CEST 2017: duemilanove
Program:     216 bytes (0.7% Full)
Data:          0 bytes (0.0% Full)
Wed Aug 23 15:00:50 CEST 2017: iboard
Program:     236 bytes (0.7% Full)
Data:          0 bytes (0.0% Full)
Wed Aug 23 15:00:52 CEST 2017: leonardo
Program:    3762 bytes (11.5% Full)
Data:        178 bytes (7.0% Full)
Wed Aug 23 15:00:54 CEST 2017: lilypad
Program:     216 bytes (0.7% Full)
Data:          0 bytes (0.0% Full)
Wed Aug 23 15:00:55 CEST 2017: lilypad-usb
Program:    3758 bytes (11.5% Full)
Data:        178 bytes (7.0% Full)
Wed Aug 23 15:00:57 CEST 2017: mega1280
Program:     340 bytes (0.3% Full)
Data:          0 bytes (0.0% Full)
Wed Aug 23 15:00:59 CEST 2017: mega2560
Program:     344 bytes (0.1% Full)
Data:          0 bytes (0.0% Full)
Wed Aug 23 15:01:00 CEST 2017: micro
Program:    3758 bytes (11.5% Full)
Data:        178 bytes (7.0% Full)
Wed Aug 23 15:01:02 CEST 2017: microduino-core
Program:     216 bytes (0.7% Full)
Data:          0 bytes (0.0% Full)
Wed Aug 23 15:01:04 CEST 2017: microduino-core32u4
Program:    3758 bytes (11.5% Full)
Data:        178 bytes (7.0% Full)
Wed Aug 23 15:01:06 CEST 2017: microduino-core-plus
Program:     236 bytes (0.4% Full)
Data:          0 bytes (0.0% Full)
Wed Aug 23 15:01:07 CEST 2017: mighty
Program:     262 bytes (0.2% Full)
Data:          0 bytes (0.0% Full)
Wed Aug 23 15:01:09 CEST 2017: mighty-opt
Program:     262 bytes (0.2% Full)
Data:          0 bytes (0.0% Full)
Wed Aug 23 15:01:10 CEST 2017: miniwireless
Program:     862 bytes (2.6% Full)
Data:         13 bytes (0.6% Full)
Wed Aug 23 15:01:12 CEST 2017: moteino
Program:     236 bytes (0.7% Full)
Data:          0 bytes (0.0% Full)
Wed Aug 23 15:01:14 CEST 2017: moteino-mega
Program:     282 bytes (0.2% Full)
Data:          0 bytes (0.0% Full)
Wed Aug 23 15:01:15 CEST 2017: nano
Program:     216 bytes (0.7% Full)
Data:          0 bytes (0.0% Full)
Wed Aug 23 15:01:17 CEST 2017: pinoccio
Program:     434 bytes (0.2% Full)
Data:          0 bytes (0.0% Full)
Wed Aug 23 15:01:18 CEST 2017: pro-micro
Program:    3762 bytes (11.5% Full)
Data:        178 bytes (7.0% Full)
Wed Aug 23 15:01:20 CEST 2017: pro-micro-8
Program:    3762 bytes (11.5% Full)
Data:        178 bytes (7.0% Full)
Wed Aug 23 15:01:22 CEST 2017: pro-mini
Program:     216 bytes (0.7% Full)
Data:          0 bytes (0.0% Full)
Wed Aug 23 15:01:23 CEST 2017: pro-mini-8
Program:     216 bytes (0.7% Full)
Data:          0 bytes (0.0% Full)
Wed Aug 23 15:01:25 CEST 2017: teensy-2_0
Program:    3774 bytes (11.5% Full)
Data:        178 bytes (7.0% Full)
Wed Aug 23 15:01:27 CEST 2017: teensypp-2_0
Program:    3780 bytes (2.9% Full)
Data:        178 bytes (2.2% Full)
Wed Aug 23 15:01:29 CEST 2017: uno
Program:     216 bytes (0.7% Full)
Data:          0 bytes (0.0% Full)
Wed Aug 23 15:01:29 CEST 2017: wildfire
Program:     512 bytes (0.4% Full)
Data:          0 bytes (0.0% Full)
