Thu Dec 17 21:13:36 CET 2015: adafruit-atmega32u4
Program:    3832 bytes (11.7% Full)
Data:        296 bytes (11.6% Full)
Thu Dec 17 21:13:39 CET 2015: adafruit-atmega32u4-cat
Program:    3832 bytes (11.7% Full)
Data:        296 bytes (11.6% Full)
Thu Dec 17 21:13:42 CET 2015: atmega328-8
Program:     216 bytes (0.7% Full)
Data:          0 bytes (0.0% Full)
Thu Dec 17 21:13:45 CET 2015: attiny84-8
Program:     124 bytes (1.5% Full)
Data:          0 bytes (0.0% Full)
Thu Dec 17 21:13:48 CET 2015: attiny85-8
Program:     120 bytes (1.5% Full)
Data:          0 bytes (0.0% Full)
Thu Dec 17 21:13:50 CET 2015: attiny861-8
Program:     118 bytes (1.4% Full)
Data:          0 bytes (0.0% Full)
Thu Dec 17 21:13:53 CET 2015: cosa-custom-board
Program:     226 bytes (0.7% Full)
Data:          0 bytes (0.0% Full)
Thu Dec 17 21:13:56 CET 2015: diecimila
Program:     206 bytes (1.3% Full)
Data:          0 bytes (0.0% Full)
Thu Dec 17 21:13:59 CET 2015: duemilanove
Program:     216 bytes (0.7% Full)
Data:          0 bytes (0.0% Full)
Thu Dec 17 21:14:02 CET 2015: iboard
Program:     236 bytes (0.7% Full)
Data:          0 bytes (0.0% Full)
Thu Dec 17 21:14:05 CET 2015: leonardo
Program:    3830 bytes (11.7% Full)
Data:        296 bytes (11.6% Full)
Thu Dec 17 21:14:08 CET 2015: lilypad
Program:     216 bytes (0.7% Full)
Data:          0 bytes (0.0% Full)
Thu Dec 17 21:14:11 CET 2015: lilypad-usb
Program:    3832 bytes (11.7% Full)
Data:        296 bytes (11.6% Full)
Thu Dec 17 21:14:14 CET 2015: mega1280
Program:     340 bytes (0.3% Full)
Data:          0 bytes (0.0% Full)
Thu Dec 17 21:14:17 CET 2015: mega2560
Program:     344 bytes (0.1% Full)
Data:          0 bytes (0.0% Full)
Thu Dec 17 21:14:20 CET 2015: micro
Program:    3832 bytes (11.7% Full)
Data:        296 bytes (11.6% Full)
Thu Dec 17 21:14:23 CET 2015: microduino-core
Program:     216 bytes (0.7% Full)
Data:          0 bytes (0.0% Full)
Thu Dec 17 21:14:26 CET 2015: microduino-core32u4
Program:    3832 bytes (11.7% Full)
Data:        296 bytes (11.6% Full)
Thu Dec 17 21:14:29 CET 2015: microduino-core-plus
Program:     236 bytes (0.4% Full)
Data:          0 bytes (0.0% Full)
Thu Dec 17 21:14:32 CET 2015: mighty
Program:     262 bytes (0.2% Full)
Data:          0 bytes (0.0% Full)
Thu Dec 17 21:14:35 CET 2015: mighty-opt
Program:     262 bytes (0.2% Full)
Data:          0 bytes (0.0% Full)
Thu Dec 17 21:14:38 CET 2015: miniwireless
Program:     864 bytes (2.6% Full)
Data:         13 bytes (0.6% Full)
Thu Dec 17 21:14:41 CET 2015: moteino
Program:     236 bytes (0.7% Full)
Data:          0 bytes (0.0% Full)
Thu Dec 17 21:14:43 CET 2015: moteino-mega
Program:     282 bytes (0.2% Full)
Data:          0 bytes (0.0% Full)
Thu Dec 17 21:14:46 CET 2015: nano
Program:     216 bytes (0.7% Full)
Data:          0 bytes (0.0% Full)
Thu Dec 17 21:14:49 CET 2015: pinoccio
Program:     434 bytes (0.2% Full)
Data:          0 bytes (0.0% Full)
Thu Dec 17 21:14:52 CET 2015: pro-micro
Program:    3830 bytes (11.7% Full)
Data:        296 bytes (11.6% Full)
Thu Dec 17 21:14:55 CET 2015: pro-micro-8
Program:    3830 bytes (11.7% Full)
Data:        296 bytes (11.6% Full)
Thu Dec 17 21:14:58 CET 2015: pro-mini
Program:     216 bytes (0.7% Full)
Data:          0 bytes (0.0% Full)
Thu Dec 17 21:15:01 CET 2015: pro-mini-8
Program:     216 bytes (0.7% Full)
Data:          0 bytes (0.0% Full)
Thu Dec 17 21:15:04 CET 2015: teensy-2_0
Program:    3852 bytes (11.8% Full)
Data:        296 bytes (11.6% Full)
Thu Dec 17 21:15:07 CET 2015: teensypp-2_0
Program:    3858 bytes (2.9% Full)
Data:        296 bytes (3.6% Full)
Thu Dec 17 21:15:10 CET 2015: uno
Program:     216 bytes (0.7% Full)
Data:          0 bytes (0.0% Full)
Thu Dec 17 21:15:13 CET 2015: wildfire
Program:     512 bytes (0.4% Full)
Data:          0 bytes (0.0% Full)
