Wed Jan 21 23:30:06 CET 2015: adafruit-atmega32u4
Program:     232 bytes (0.7% Full)
Data:          0 bytes (0.0% Full)
Wed Jan 21 23:30:15 CET 2015: adafruit-atmega32u4-cat
Program:     232 bytes (0.7% Full)
Data:          0 bytes (0.0% Full)
Wed Jan 21 23:30:23 CET 2015: atmega328-8
Program:     152 bytes (0.5% Full)
Data:          0 bytes (0.0% Full)
Wed Jan 21 23:30:31 CET 2015: attiny84-8
Program:      74 bytes (0.9% Full)
Data:          0 bytes (0.0% Full)
Wed Jan 21 23:30:39 CET 2015: attiny85-8
Program:      70 bytes (0.9% Full)
Data:          0 bytes (0.0% Full)
Wed Jan 21 23:30:46 CET 2015: attiny861-8
Program:      78 bytes (1.0% Full)
Data:          0 bytes (0.0% Full)
Wed Jan 21 23:30:55 CET 2015: diecimila
Program:     152 bytes (0.9% Full)
Data:          0 bytes (0.0% Full)
Wed Jan 21 23:31:04 CET 2015: duemilanove
Program:     152 bytes (0.5% Full)
Data:          0 bytes (0.0% Full)
Wed Jan 21 23:31:15 CET 2015: leonardo
Program:     232 bytes (0.7% Full)
Data:          0 bytes (0.0% Full)
Wed Jan 21 23:31:25 CET 2015: lilypad
Program:     152 bytes (0.5% Full)
Data:          0 bytes (0.0% Full)
Wed Jan 21 23:31:33 CET 2015: lilypad-usb
Program:     232 bytes (0.7% Full)
Data:          0 bytes (0.0% Full)
Wed Jan 21 23:31:43 CET 2015: mega1280
Program:     276 bytes (0.2% Full)
Data:          0 bytes (0.0% Full)
Wed Jan 21 23:31:52 CET 2015: mega2560
Program:     280 bytes (0.1% Full)
Data:          0 bytes (0.0% Full)
Wed Jan 21 23:32:00 CET 2015: micro
Program:     232 bytes (0.7% Full)
Data:          0 bytes (0.0% Full)
Wed Jan 21 23:32:09 CET 2015: microduino-core
Program:     152 bytes (0.5% Full)
Data:          0 bytes (0.0% Full)
Wed Jan 21 23:32:16 CET 2015: microduino-core32u4
Program:     232 bytes (0.7% Full)
Data:          0 bytes (0.0% Full)
Wed Jan 21 23:32:24 CET 2015: microduino-core-plus
Program:     172 bytes (0.3% Full)
Data:          0 bytes (0.0% Full)
Wed Jan 21 23:32:32 CET 2015: mighty
Program:     188 bytes (0.1% Full)
Data:          0 bytes (0.0% Full)
Wed Jan 21 23:32:40 CET 2015: mighty-opt
Program:     188 bytes (0.1% Full)
Data:          0 bytes (0.0% Full)
Wed Jan 21 23:32:48 CET 2015: miniwireless
Program:     172 bytes (0.5% Full)
Data:          0 bytes (0.0% Full)
Wed Jan 21 23:32:56 CET 2015: moteino
Program:     172 bytes (0.5% Full)
Data:          0 bytes (0.0% Full)
Wed Jan 21 23:33:04 CET 2015: moteino-mega
Program:     208 bytes (0.2% Full)
Data:          0 bytes (0.0% Full)
Wed Jan 21 23:33:12 CET 2015: nano
Program:     152 bytes (0.5% Full)
Data:          0 bytes (0.0% Full)
Wed Jan 21 23:33:20 CET 2015: pinoccio
Program:     360 bytes (0.1% Full)
Data:          0 bytes (0.0% Full)
Wed Jan 21 23:33:28 CET 2015: pro-micro
Program:     232 bytes (0.7% Full)
Data:          0 bytes (0.0% Full)
Wed Jan 21 23:33:36 CET 2015: pro-micro-8
Program:     232 bytes (0.7% Full)
Data:          0 bytes (0.0% Full)
Wed Jan 21 23:33:44 CET 2015: pro-mini
Program:     152 bytes (0.5% Full)
Data:          0 bytes (0.0% Full)
Wed Jan 21 23:33:52 CET 2015: pro-mini-8
Program:     152 bytes (0.5% Full)
Data:          0 bytes (0.0% Full)
Wed Jan 21 23:33:59 CET 2015: teensy-2_0
Program:     246 bytes (0.8% Full)
Data:          0 bytes (0.0% Full)
Wed Jan 21 23:34:07 CET 2015: teensypp-2_0
Program:     226 bytes (0.2% Full)
Data:          0 bytes (0.0% Full)
Wed Jan 21 23:34:15 CET 2015: uno
Program:     152 bytes (0.5% Full)
Data:          0 bytes (0.0% Full)
Wed Jan 21 23:34:22 CET 2015: wildfire
Program:     408 bytes (0.3% Full)
Data:          0 bytes (0.0% Full)
