tis 13 nov 2018 15:37:59 WET: atmega328-8
Program:     216 bytes (0.7% Full)
Data:          0 bytes (0.0% Full)
tis 13 nov 2018 15:38:01 WET: attiny84-8
Program:     124 bytes (1.5% Full)
Data:          0 bytes (0.0% Full)
tis 13 nov 2018 15:38:03 WET: attiny85-8
Program:     120 bytes (1.5% Full)
Data:          0 bytes (0.0% Full)
tis 13 nov 2018 15:38:04 WET: attiny861-8
Program:     118 bytes (1.4% Full)
Data:          0 bytes (0.0% Full)
tis 13 nov 2018 15:38:06 WET: diecimila
Program:     206 bytes (1.3% Full)
Data:          0 bytes (0.0% Full)
tis 13 nov 2018 15:38:08 WET: duemilanove
Program:     216 bytes (0.7% Full)
Data:          0 bytes (0.0% Full)
tis 13 nov 2018 15:38:10 WET: leonardo
Program:    3776 bytes (11.5% Full)
Data:        178 bytes (7.0% Full)
tis 13 nov 2018 15:38:12 WET: lilypad
Program:     216 bytes (0.7% Full)
Data:          0 bytes (0.0% Full)
tis 13 nov 2018 15:38:14 WET: lilypad-usb
Program:    3768 bytes (11.5% Full)
Data:        178 bytes (7.0% Full)
tis 13 nov 2018 15:38:16 WET: mega1280
Program:     340 bytes (0.3% Full)
Data:          0 bytes (0.0% Full)
tis 13 nov 2018 15:38:18 WET: mega2560
Program:     344 bytes (0.1% Full)
Data:          0 bytes (0.0% Full)
tis 13 nov 2018 15:38:20 WET: micro
Program:    3768 bytes (11.5% Full)
Data:        178 bytes (7.0% Full)
tis 13 nov 2018 15:38:22 WET: mighty
Program:     262 bytes (0.2% Full)
Data:          0 bytes (0.0% Full)
tis 13 nov 2018 15:38:24 WET: mighty-opt
Program:     262 bytes (0.2% Full)
Data:          0 bytes (0.0% Full)
tis 13 nov 2018 15:38:26 WET: nano
Program:     216 bytes (0.7% Full)
Data:          0 bytes (0.0% Full)
tis 13 nov 2018 15:38:27 WET: pro-micro
Program:    3776 bytes (11.5% Full)
Data:        178 bytes (7.0% Full)
tis 13 nov 2018 15:38:30 WET: pro-micro-8
Program:    3776 bytes (11.5% Full)
Data:        178 bytes (7.0% Full)
tis 13 nov 2018 15:38:32 WET: pro-mini
Program:     216 bytes (0.7% Full)
Data:          0 bytes (0.0% Full)
tis 13 nov 2018 15:38:34 WET: pro-mini-8
Program:     216 bytes (0.7% Full)
Data:          0 bytes (0.0% Full)
tis 13 nov 2018 15:38:36 WET: uno
Program:     216 bytes (0.7% Full)
Data:          0 bytes (0.0% Full)
