Sat Jan 30 23:25:31 CET 2016: build/CosaBuild.ino
Program:     216 bytes (0.7% Full)
Data:          0 bytes (0.0% Full)
Sat Jan 30 23:25:33 CET 2016: examples/Analyzer/ArduinoAnalyzerDigitalPin/ArduinoAnalyzerDigitalPin.ino
Program:     216 bytes (0.7% Full)
Data:          0 bytes (0.0% Full)
Sat Jan 30 23:25:35 CET 2016: examples/Analyzer/CosaAnalyzerFlush/CosaAnalyzerFlush.ino
Program:    4196 bytes (12.8% Full)
Data:        347 bytes (16.9% Full)
Sat Jan 30 23:25:38 CET 2016: examples/Analyzer/CosaAnalyzerGPIO/CosaAnalyzerGPIO.ino
Program:    7996 bytes (24.4% Full)
Data:        361 bytes (17.6% Full)
Sat Jan 30 23:25:42 CET 2016: examples/Analyzer/CosaAnalyzerJob/CosaAnalyzerJob.ino
Program:    5880 bytes (17.9% Full)
Data:        532 bytes (26.0% Full)
Sat Jan 30 23:25:45 CET 2016: examples/Analyzer/CosaAnalyzerPeriodic/CosaAnalyzerPeriodic.ino
Program:    6294 bytes (19.2% Full)
Data:        466 bytes (22.8% Full)
Sat Jan 30 23:25:48 CET 2016: examples/Analyzer/CosaAnalyzerPulse/CosaAnalyzerPulse.ino
Program:    4774 bytes (14.6% Full)
Data:        474 bytes (23.1% Full)
Sat Jan 30 23:25:51 CET 2016: examples/Analyzer/CosaAnalyzerServo/CosaAnalyzerServo.ino
Program:    7850 bytes (24.0% Full)
Data:        513 bytes (25.0% Full)
Sat Jan 30 23:25:54 CET 2016: examples/Benchmarks/CosaBenchmarkDataLogger/CosaBenchmarkDataLogger.ino
Program:   10296 bytes (31.4% Full)
Data:        451 bytes (22.0% Full)
Sat Jan 30 23:25:57 CET 2016: examples/Benchmarks/CosaBenchmarkFSM/CosaBenchmarkFSM.ino
Program:    7470 bytes (22.8% Full)
Data:        455 bytes (22.2% Full)
Sat Jan 30 23:26:01 CET 2016: examples/Benchmarks/CosaBenchmarkGPIO/CosaBenchmarkGPIO.ino
Program:   12714 bytes (38.8% Full)
Data:        416 bytes (20.3% Full)
Sat Jan 30 23:26:04 CET 2016: examples/Benchmarks/CosaBenchmarkPins/CosaBenchmarkPins.ino
Program:   20096 bytes (61.3% Full)
Data:        454 bytes (22.2% Full)
Sat Jan 30 23:26:08 CET 2016: examples/Benchmarks/CosaBenchmarkRTT/CosaBenchmarkRTT.ino
Program:   12832 bytes (39.2% Full)
Data:        440 bytes (21.5% Full)
Sat Jan 30 23:26:11 CET 2016: examples/Benchmarks/CosaBenchmarkSizeOf/CosaBenchmarkSizeOf.ino
Program:   11302 bytes (34.5% Full)
Data:        369 bytes (18.0% Full)
Sat Jan 30 23:26:15 CET 2016: examples/Benchmarks/CosaBenchmarkUARTburst/CosaBenchmarkUARTburst.ino
Program:    8812 bytes (26.9% Full)
Data:        392 bytes (19.1% Full)
Sat Jan 30 23:26:18 CET 2016: examples/Benchmarks/CosaBenchmarkUART/CosaBenchmarkUART.ino
Program:   21166 bytes (64.6% Full)
Data:        362 bytes (17.7% Full)
Sat Jan 30 23:26:22 CET 2016: examples/Blink/CosaBlinkClassic/CosaBlinkClassic.ino
Program:     446 bytes (1.4% Full)
Data:          4 bytes (0.2% Full)
Sat Jan 30 23:26:25 CET 2016: examples/Blink/CosaBlink/CosaBlink.ino
Program:    1380 bytes (4.2% Full)
Data:        107 bytes (5.2% Full)
Sat Jan 30 23:26:28 CET 2016: examples/Blink/CosaBlinkFSM/CosaBlinkFSM.ino
Program:    6112 bytes (18.7% Full)
Data:        447 bytes (21.8% Full)
Sat Jan 30 23:26:31 CET 2016: examples/Blink/CosaBlinkInterrupt/CosaBlinkInterrupt.ino
Program:    1824 bytes (5.6% Full)
Data:        169 bytes (8.3% Full)
Sat Jan 30 23:26:34 CET 2016: examples/Blink/CosaBlinkLED/CosaBlinkLED.ino
Program:    1894 bytes (5.8% Full)
Data:        162 bytes (7.9% Full)
Sat Jan 30 23:26:37 CET 2016: examples/Blink/CosaBlinkMinimal/CosaBlinkMinimal.ino
Program:     274 bytes (0.8% Full)
Data:          0 bytes (0.0% Full)
Sat Jan 30 23:26:40 CET 2016: examples/Blink/CosaBlinkPeriodicBlock/CosaBlinkPeriodicBlock.ino
Program:    1110 bytes (3.4% Full)
Data:        115 bytes (5.6% Full)
Sat Jan 30 23:26:43 CET 2016: examples/Blink/CosaBlinkPeriodic/CosaBlinkPeriodic.ino
Program:    2124 bytes (6.5% Full)
Data:        211 bytes (10.3% Full)
Sat Jan 30 23:26:46 CET 2016: examples/Blink/CosaBlinkProtoThread/CosaBlinkProtoThread.ino
Program:    2200 bytes (6.7% Full)
Data:        182 bytes (8.9% Full)
Sat Jan 30 23:26:49 CET 2016: examples/Blink/CosaBlinkRandom/CosaBlinkRandom.ino
Program:     938 bytes (2.9% Full)
Data:          8 bytes (0.4% Full)
Sat Jan 30 23:26:52 CET 2016: examples/Blink/CosaBlinkTemp/CosaBlinkTemp.ino
Program:    3236 bytes (9.9% Full)
Data:        155 bytes (7.6% Full)
Sat Jan 30 23:26:55 CET 2016: examples/Blink/CosaBlinkThread/CosaBlinkThread.ino
Program:    2096 bytes (6.4% Full)
Data:        243 bytes (11.9% Full)
Sat Jan 30 23:26:58 CET 2016: examples/Blink/CosaBlinkTimeout/CosaBlinkTimeout.ino
Program:    1980 bytes (6.0% Full)
Data:        259 bytes (12.6% Full)
Sat Jan 30 23:27:01 CET 2016: examples/Blink/CosaBlinkWatchdog/CosaBlinkWatchdog.ino
Program:     838 bytes (2.6% Full)
Data:         95 bytes (4.6% Full)
Sat Jan 30 23:27:04 CET 2016: examples/Build/CosaSizeDATA/CosaSizeDATA.ino
Program:    3150 bytes (9.6% Full)
Data:        500 bytes (24.4% Full)
Sat Jan 30 23:27:07 CET 2016: examples/Build/CosaSizeEEPROM/CosaSizeEEPROM.ino
Program:    4984 bytes (15.2% Full)
Data:        278 bytes (13.6% Full)
EEPROM:      512 bytes (50.0% Full)
Sat Jan 30 23:27:10 CET 2016: examples/Compiler/CosaBitfields/CosaBitfields.ino
Program:    5818 bytes (17.8% Full)
Data:        363 bytes (17.7% Full)
Sat Jan 30 23:27:13 CET 2016: examples/Compiler/CosaDiff/CosaDiff.ino
Program:    5856 bytes (17.9% Full)
Data:        349 bytes (17.0% Full)
Sat Jan 30 23:27:16 CET 2016: examples/Compiler/CosaMath/CosaMath.ino
Program:    8350 bytes (25.5% Full)
Data:        380 bytes (18.6% Full)
Sat Jan 30 23:27:20 CET 2016: examples/Compiler/CosaMatrix/CosaMatrix.ino
Program:    5104 bytes (15.6% Full)
Data:        351 bytes (17.1% Full)
EEPROM:       54 bytes (5.3% Full)
Sat Jan 30 23:27:23 CET 2016: examples/Compiler/CosaPSTR/CosaPSTR.ino
Program:    6708 bytes (20.5% Full)
Data:        371 bytes (18.1% Full)
Sat Jan 30 23:27:26 CET 2016: examples/Compiler/CosaSRAM/CosaSRAM.ino
Program:    3890 bytes (11.9% Full)
Data:        241 bytes (11.8% Full)
Sat Jan 30 23:27:29 CET 2016: examples/Compiler/CosaSwap/CosaSwap.ino
Program:    7606 bytes (23.2% Full)
Data:        371 bytes (18.1% Full)
Sat Jan 30 23:27:32 CET 2016: examples/Compiler/CosaSwitch/CosaSwitch.ino
Program:    7624 bytes (23.3% Full)
Data:        384 bytes (18.8% Full)
CosaSwitch.ino:188:27: warning: iteration 633 invokes undefined behavior [-Waggressive-loop-optimizations]
CosaSwitch.ino:178:27: warning: iteration 496 invokes undefined behavior [-Waggressive-loop-optimizations]
Sat Jan 30 23:27:35 CET 2016: examples/Pins/CosaAnalogComparator/CosaAnalogComparator.ino
Program:    4898 bytes (14.9% Full)
Data:        361 bytes (17.6% Full)
Sat Jan 30 23:27:38 CET 2016: examples/Pins/CosaAnalogPins/CosaAnalogPins.ino
Program:    7100 bytes (21.7% Full)
Data:        446 bytes (21.8% Full)
Sat Jan 30 23:27:41 CET 2016: examples/Pins/CosaButton/CosaButton.ino
Program:    7240 bytes (22.1% Full)
Data:        496 bytes (24.2% Full)
Sat Jan 30 23:27:45 CET 2016: examples/Pins/CosaGPIO/CosaGPIO.ino
Program:    5500 bytes (16.8% Full)
Data:        355 bytes (17.3% Full)
Sat Jan 30 23:27:48 CET 2016: examples/Pins/CosaInputCapture/CosaInputCapture.ino
Program:    5162 bytes (15.8% Full)
Data:        378 bytes (18.5% Full)
Sat Jan 30 23:27:51 CET 2016: examples/Pins/CosaPinChangeInterrupt/CosaPinChangeInterrupt.ino
Program:    5664 bytes (17.3% Full)
Data:        402 bytes (19.6% Full)
Sat Jan 30 23:27:54 CET 2016: examples/Pins/CosaPins/CosaPins.ino
Program:   10804 bytes (33.0% Full)
Data:        565 bytes (27.6% Full)
Sat Jan 30 23:27:57 CET 2016: examples/Pins/CosaPWMPin/CosaPWMPin.ino
Program:    6020 bytes (18.4% Full)
Data:        365 bytes (17.8% Full)
Sat Jan 30 23:28:00 CET 2016: examples/Sandbox/CosaACS712T/CosaACS712T.ino
Program:    4998 bytes (15.3% Full)
Data:        368 bytes (18.0% Full)
Sat Jan 30 23:28:03 CET 2016: examples/Sandbox/CosaBitSet/CosaBitSet.ino
Program:    6026 bytes (18.4% Full)
Data:        373 bytes (18.2% Full)
Sat Jan 30 23:28:07 CET 2016: examples/Sandbox/CosaBitSetString/CosaBitSetString.ino
Program:    4760 bytes (14.5% Full)
Data:        300 bytes (14.6% Full)
Sat Jan 30 23:28:10 CET 2016: examples/Sandbox/CosaConfig/CosaConfig.ino
Program:    5498 bytes (16.8% Full)
Data:        272 bytes (13.3% Full)
Sat Jan 30 23:28:13 CET 2016: examples/Sandbox/CosaEEPROM/CosaEEPROM.ino
Program:    6802 bytes (20.8% Full)
Data:        422 bytes (20.6% Full)
EEPROM:      148 bytes (14.5% Full)
Sat Jan 30 23:28:16 CET 2016: examples/Sandbox/CosaIOBuffer/CosaIOBuffer.ino
Program:    9190 bytes (28.0% Full)
Data:        334 bytes (16.3% Full)
Sat Jan 30 23:28:19 CET 2016: examples/Sandbox/CosaIOEvent/CosaIOEvent.ino
Program:    5176 bytes (15.8% Full)
Data:        506 bytes (24.7% Full)
Sat Jan 30 23:28:22 CET 2016: examples/Sandbox/CosaLowPower/CosaLowPower.ino
Program:    1656 bytes (5.1% Full)
Data:        133 bytes (6.5% Full)
Sat Jan 30 23:28:25 CET 2016: examples/Sandbox/CosaNucleoActor/CosaNucleoActor.ino
Program:    9384 bytes (28.6% Full)
Data:        648 bytes (31.6% Full)
Sat Jan 30 23:28:29 CET 2016: examples/Sandbox/CosaPeriodicBlock/CosaPeriodicBlock.ino
Program:    5222 bytes (15.9% Full)
Data:        399 bytes (19.5% Full)
Sat Jan 30 23:28:32 CET 2016: examples/Sandbox/CosaPingPong/CosaPingPong.ino
Program:    5998 bytes (18.3% Full)
Data:        457 bytes (22.3% Full)
Sat Jan 30 23:28:35 CET 2016: examples/Sandbox/CosaRestart/CosaRestart.ino
Program:    5344 bytes (16.3% Full)
Data:        377 bytes (18.4% Full)
Sat Jan 30 23:28:38 CET 2016: examples/Sandbox/CosaRF433/CosaRF433.ino
Program:    1382 bytes (4.2% Full)
Data:        113 bytes (5.5% Full)
Sat Jan 30 23:28:41 CET 2016: examples/Sandbox/CosaSoftSRPI/CosaSoftSRPI.ino
Program:    4582 bytes (14.0% Full)
Data:        349 bytes (17.0% Full)
Sat Jan 30 23:28:44 CET 2016: examples/Sandbox/CosaSoftSRPO/CosaSoftSRPO.ino
Program:    1324 bytes (4.0% Full)
Data:        103 bytes (5.0% Full)
Sat Jan 30 23:28:47 CET 2016: examples/Sandbox/CosaSPIclock/CosaSPIclock.ino
Program:    7848 bytes (24.0% Full)
Data:        287 bytes (14.0% Full)
Sat Jan 30 23:28:50 CET 2016: examples/Sandbox/CosaSPI/CosaSPI.ino
Program:    2028 bytes (6.2% Full)
Data:         61 bytes (3.0% Full)
Sat Jan 30 23:28:53 CET 2016: examples/Sandbox/CosaString/CosaString.ino
Program:    9092 bytes (27.7% Full)
Data:        373 bytes (18.2% Full)
Sat Jan 30 23:28:56 CET 2016: examples/Sandbox/CosaTermostat/CosaTermostat.ino
Program:    8034 bytes (24.5% Full)
Data:        463 bytes (22.6% Full)
Sat Jan 30 23:29:00 CET 2016: examples/Sandbox/CosaTone/CosaTone.ino
Program:    3592 bytes (11.0% Full)
Data:        107 bytes (5.2% Full)
Sat Jan 30 23:29:03 CET 2016: examples/Sandbox/CosaVCC/CosaVCC.ino
Program:    6452 bytes (19.7% Full)
Data:        520 bytes (25.4% Full)
Sat Jan 30 23:29:06 CET 2016: examples/Sandbox/CosaWatchdogJob/CosaWatchdogJob.ino
Program:    6068 bytes (18.5% Full)
Data:        485 bytes (23.7% Full)
Sat Jan 30 23:29:09 CET 2016: examples/Time/CosaAlarm/CosaAlarm.ino
Program:    9334 bytes (28.5% Full)
Data:        567 bytes (27.7% Full)
Sat Jan 30 23:29:12 CET 2016: examples/Time/CosaDelay/CosaDelay.ino
Program:    5676 bytes (17.3% Full)
Data:        360 bytes (17.6% Full)
Sat Jan 30 23:29:15 CET 2016: examples/Time/CosaJobs/CosaJobs.ino
Program:    6722 bytes (20.5% Full)
Data:        461 bytes (22.5% Full)
Sat Jan 30 23:29:19 CET 2016: examples/Time/CosaMicros/CosaMicros.ino
Program:    5804 bytes (17.7% Full)
Data:        357 bytes (17.4% Full)
Sat Jan 30 23:29:22 CET 2016: examples/Time/CosaPeriodic/CosaPeriodic.ino
Program:    6532 bytes (19.9% Full)
Data:        431 bytes (21.0% Full)
Sat Jan 30 23:29:25 CET 2016: examples/Time/CosaSince/CosaSince.ino
Program:    6152 bytes (18.8% Full)
Data:        398 bytes (19.4% Full)
Sat Jan 30 23:29:28 CET 2016: examples/Time/CosaTime/CosaTime.ino
Program:   11320 bytes (34.5% Full)
Data:        397 bytes (19.4% Full)
Sat Jan 30 23:29:32 CET 2016: examples/Time/CosaTimeLCD/CosaTimeLCD.ino
Program:    7276 bytes (22.2% Full)
Data:        347 bytes (16.9% Full)
Sat Jan 30 23:29:35 CET 2016: examples/Tools/CosaAutoCalibration/CosaAutoCalibration.ino
Program:    6184 bytes (18.9% Full)
Data:        424 bytes (20.7% Full)
Sat Jan 30 23:29:38 CET 2016: examples/Tools/CosaClockCalibration/CosaClockCalibration.ino
Program:    7378 bytes (22.5% Full)
Data:        615 bytes (30.0% Full)
Sat Jan 30 23:29:41 CET 2016: examples/Tools/CosaOWIdebug/CosaOWIdebug.ino
Program:    6062 bytes (18.5% Full)
Data:        353 bytes (17.2% Full)
Sat Jan 30 23:29:45 CET 2016: examples/Tools/CosaOWIrom/CosaOWIrom.ino
Program:    5232 bytes (16.0% Full)
Data:        258 bytes (12.6% Full)
Sat Jan 30 23:29:48 CET 2016: examples/Tools/CosaPinScanner/CosaPinScanner.ino
Program:    4578 bytes (14.0% Full)
Data:        335 bytes (16.4% Full)
Sat Jan 30 23:29:51 CET 2016: examples/Tools/CosaProbe/CosaProbe.ino
Program:    5972 bytes (18.2% Full)
Data:        645 bytes (31.5% Full)
Sat Jan 30 23:29:54 CET 2016: examples/Tools/CosaRF24scanner/CosaRF24scanner.ino
Program:   11990 bytes (36.6% Full)
Data:        583 bytes (28.5% Full)
Sat Jan 30 23:29:58 CET 2016: examples/Tools/CosaTWIscanner/CosaTWIscanner.ino
Program:    6676 bytes (20.4% Full)
Data:        370 bytes (18.1% Full)
Sat Jan 30 23:30:01 CET 2016: examples/TWI/Cosa10DOF/Cosa10DOF.ino
Program:   10702 bytes (32.7% Full)
Data:        485 bytes (23.7% Full)
Sat Jan 30 23:30:05 CET 2016: examples/TWI/CosaTWIKeyPad/CosaTWIKeyPad.ino
Program:    7248 bytes (22.1% Full)
Data:        413 bytes (20.2% Full)
Sat Jan 30 23:30:08 CET 2016: examples/TWI/CosaTWImaster/CosaTWImaster.ino
Program:    8670 bytes (26.5% Full)
Data:        430 bytes (21.0% Full)
Sat Jan 30 23:30:11 CET 2016: examples/TWI/CosaTWIremotePinMaster/CosaTWIremotePinMaster.ino
Program:    7012 bytes (21.4% Full)
Data:        416 bytes (20.3% Full)
Sat Jan 30 23:30:14 CET 2016: examples/TWI/CosaTWIremotePinSlave/CosaTWIremotePinSlave.ino
Program:    2324 bytes (7.1% Full)
Data:        179 bytes (8.7% Full)
Sat Jan 30 23:30:17 CET 2016: examples/TWI/CosaTWIslave/CosaTWIslave.ino
Program:    6520 bytes (19.9% Full)
Data:        449 bytes (21.9% Full)
Sat Jan 30 23:30:20 CET 2016: examples/UART/CosaCDC/CosaCDC.ino
CosaCDC.ino:31:2: error: #error CosaCDC: board not supported.
 #error CosaCDC: board not supported.
CosaCDC.ino:40:3: error: 'cdc' was not declared in this scope
Sat Jan 30 23:30:22 CET 2016: examples/UART/CosaJobUART/CosaJobUART.ino
Program:    5870 bytes (17.9% Full)
Data:        510 bytes (24.9% Full)
Sat Jan 30 23:30:25 CET 2016: examples/UART/CosaMegaUARTs/CosaMegaUARTs.ino
CosaMegaUARTs.ino:30:2: error: #error CosaMegaUARTs: board not supported.
 #error CosaMegaUARTs: board not supported.
Sat Jan 30 23:30:27 CET 2016: examples/UART/CosaSoftUART/CosaSoftUART.ino
Program:    3836 bytes (11.7% Full)
Data:        353 bytes (17.2% Full)
Sat Jan 30 23:30:30 CET 2016: examples/UART/CosaUART/CosaUART.ino
Program:    5064 bytes (15.5% Full)
Data:        338 bytes (16.5% Full)
Sat Jan 30 23:30:33 CET 2016: examples/UART/CosaUARTecho/CosaUARTecho.ino
Program:    2796 bytes (8.5% Full)
Data:        224 bytes (10.9% Full)
Sat Jan 30 23:30:36 CET 2016: lib/AVR/examples/CosaISP/CosaISP.ino
Program:    5448 bytes (16.6% Full)
Data:        325 bytes (15.9% Full)
Sat Jan 30 23:30:39 CET 2016: lib/AVR/examples/CosaProgrammer/CosaProgrammer.ino
Program:    6530 bytes (19.9% Full)
Data:        357 bytes (17.4% Full)
Sat Jan 30 23:30:43 CET 2016: lib/Domotica/RF433/DomoticaADXL345/DomoticaADXL345.ino
Program:    7970 bytes (24.3% Full)
Data:        358 bytes (17.5% Full)
Sat Jan 30 23:30:46 CET 2016: lib/Domotica/RF433/DomoticaAnalogPin/DomoticaAnalogPin.ino
Program:    5058 bytes (15.4% Full)
Data:        289 bytes (14.1% Full)
Sat Jan 30 23:30:50 CET 2016: lib/Domotica/RF433/DomoticaClock/DomoticaClock.ino
Program:    5616 bytes (17.1% Full)
Data:        335 bytes (16.4% Full)
Sat Jan 30 23:30:53 CET 2016: lib/Domotica/RF433/DomoticaDHT11/DomoticaDHT11.ino
Program:    6470 bytes (19.7% Full)
Data:        362 bytes (17.7% Full)
Sat Jan 30 23:30:57 CET 2016: lib/Domotica/RF433/DomoticaDigitalPin/DomoticaDigitalPin.ino
Program:    5110 bytes (15.6% Full)
Data:        289 bytes (14.1% Full)
Sat Jan 30 23:31:00 CET 2016: lib/Domotica/RF433/DomoticaDigitalPins/DomoticaDigitalPins.ino
Program:    5114 bytes (15.6% Full)
Data:        288 bytes (14.1% Full)
Sat Jan 30 23:31:03 CET 2016: lib/Domotica/RF433/DomoticaDS18B20/DomoticaDS18B20.ino
Program:    7336 bytes (22.4% Full)
Data:        323 bytes (15.8% Full)
Sat Jan 30 23:31:07 CET 2016: lib/Domotica/RF433/DomoticaInfo/DomoticaInfo.ino
Program:    5020 bytes (15.3% Full)
Data:        288 bytes (14.1% Full)
Sat Jan 30 23:31:10 CET 2016: lib/Domotica/RF433/DomoticaMonitor/DomoticaMonitor.ino
Program:   13744 bytes (41.9% Full)
Data:        455 bytes (22.2% Full)
Sat Jan 30 23:31:14 CET 2016: lib/Domotica/RF433/DomoticaPins/DomoticaPins.ino
Program:    5272 bytes (16.1% Full)
Data:        290 bytes (14.2% Full)
Sat Jan 30 23:31:18 CET 2016: lib/Domotica/RF433/DomoticaRelay/DomoticaRelay.ino
Program:    9134 bytes (27.9% Full)
Data:        588 bytes (28.7% Full)
Sat Jan 30 23:31:21 CET 2016: lib/Domotica/RF433/DomoticaTrace/DomoticaTrace.ino
Program:   12730 bytes (38.8% Full)
Data:        527 bytes (25.7% Full)
Sat Jan 30 23:31:25 CET 2016: lib/Domotica/RF433/DomoticaTraceQueue/DomoticaTraceQueue.ino
Program:   12950 bytes (39.5% Full)
Data:        825 bytes (40.3% Full)
Sat Jan 30 23:31:29 CET 2016: lib/Domotica/RF433/DomoticaTraceTable/DomoticaTraceTable.ino
Program:   13578 bytes (41.4% Full)
Data:       1691 bytes (82.6% Full)
Sat Jan 30 23:31:32 CET 2016: lib/Domotica/RF433/DomoticaWakeup/DomoticaWakeup.ino
Program:    5464 bytes (16.7% Full)
Data:        304 bytes (14.8% Full)
Sat Jan 30 23:31:36 CET 2016: lib/HTTP/examples/CosaPinWebServer/CosaPinWebServer.ino
Program:   14434 bytes (44.0% Full)
Data:        671 bytes (32.8% Full)
Sat Jan 30 23:31:40 CET 2016: lib/HTTP/examples/CosaSDWebServer/CosaSDWebServer.ino
Program:   18486 bytes (56.4% Full)
Data:       1271 bytes (62.1% Full)
Sat Jan 30 23:31:44 CET 2016: lib/HTTP/examples/CosaWebClient/CosaWebClient.ino
Program:   12914 bytes (39.4% Full)
Data:        765 bytes (37.4% Full)
Sat Jan 30 23:31:48 CET 2016: lib/ICMP/examples/CosaICMPping/CosaICMPping.ino
Program:   12720 bytes (38.8% Full)
Data:        687 bytes (33.5% Full)
Sat Jan 30 23:31:51 CET 2016: lib/ICMP/examples/CosaICMPpingLCD/CosaICMPpingLCD.ino
Program:   13780 bytes (42.1% Full)
Data:        658 bytes (32.1% Full)
Sat Jan 30 23:31:56 CET 2016: lib/MQTT/examples/CosaMQTTclient/CosaMQTTclient.ino
Program:   17788 bytes (54.3% Full)
Data:        631 bytes (30.8% Full)
Sat Jan 30 23:31:59 CET 2016: lib/MQTT/examples/CosaMQTThumidity/CosaMQTThumidity.ino
Program:   14196 bytes (43.3% Full)
Data:        502 bytes (24.5% Full)
Sat Jan 30 23:32:03 CET 2016: lib/MQTT/examples/CosaMQTTtemperature/CosaMQTTtemperature.ino
Program:   15068 bytes (46.0% Full)
Data:        539 bytes (26.3% Full)
Sat Jan 30 23:32:07 CET 2016: lib/NEXA/examples/CosaNEXAreceiver/CosaNEXAreceiver.ino
Program:    3280 bytes (10.0% Full)
Data:        196 bytes (9.6% Full)
Sat Jan 30 23:32:11 CET 2016: lib/NEXA/examples/CosaNEXAsender/CosaNEXAsender.ino
Program:    3354 bytes (10.2% Full)
Data:        114 bytes (5.6% Full)
Sat Jan 30 23:32:14 CET 2016: lib/NTP/examples/CosaNTP/CosaNTP.ino
Program:   15982 bytes (48.8% Full)
Data:        694 bytes (33.9% Full)
Sat Jan 30 23:32:18 CET 2016: lib/ProtocolBuffer/examples/CosaProtocolBuffer/CosaProtocolBuffer.ino
Program:   15436 bytes (47.1% Full)
Data:        334 bytes (16.3% Full)
Sat Jan 30 23:32:21 CET 2016: libraries/ADXL345/examples/CosaADXL345/CosaADXL345.ino
Program:    7848 bytes (24.0% Full)
Data:        411 bytes (20.1% Full)
Sat Jan 30 23:32:25 CET 2016: libraries/AT24CXX/examples/CosaAT24CXX/CosaAT24CXX.ino
Program:   11724 bytes (35.8% Full)
Data:        485 bytes (23.7% Full)
EEPROM:      316 bytes (30.9% Full)
Sat Jan 30 23:32:28 CET 2016: libraries/Base64/examples/CosaBase64/CosaBase64.ino
Program:    9024 bytes (27.5% Full)
Data:        394 bytes (19.2% Full)
Sat Jan 30 23:32:32 CET 2016: libraries/BMP085/examples/CosaBMP085/CosaBMP085.ino
Program:    8670 bytes (26.5% Full)
Data:        445 bytes (21.7% Full)
Sat Jan 30 23:32:35 CET 2016: libraries/Canvas/examples/CosaCanvasBMP/CosaCanvasBMP.ino
Program:   22134 bytes (67.5% Full)
Data:       1223 bytes (59.7% Full)
Sat Jan 30 23:32:39 CET 2016: libraries/Canvas/examples/CosaCanvasClock/CosaCanvasClock.ino
Program:   11994 bytes (36.6% Full)
Data:        350 bytes (17.1% Full)
Sat Jan 30 23:32:43 CET 2016: libraries/Canvas/examples/CosaCanvasDemo/CosaCanvasDemo.ino
Program:   24836 bytes (75.8% Full)
Data:        693 bytes (33.8% Full)
Sat Jan 30 23:32:47 CET 2016: libraries/Canvas/examples/CosaCanvasFont/CosaCanvasFont.ino
Program:   10826 bytes (33.0% Full)
Data:        325 bytes (15.9% Full)
Sat Jan 30 23:32:51 CET 2016: libraries/Canvas/examples/CosaCanvasFonts/CosaCanvasFonts.ino
Program:   18282 bytes (55.8% Full)
Data:        686 bytes (33.5% Full)
Sat Jan 30 23:32:55 CET 2016: libraries/Canvas/examples/CosaCanvasHCSR04/CosaCanvasHCSR04.ino
Program:   15802 bytes (48.2% Full)
Data:        544 bytes (26.6% Full)
Sat Jan 30 23:32:59 CET 2016: libraries/Canvas/examples/CosaCanvasHistogram/CosaCanvasHistogram.ino
Program:   12118 bytes (37.0% Full)
Data:        447 bytes (21.8% Full)
Sat Jan 30 23:33:03 CET 2016: libraries/Canvas/examples/CosaCanvasPins/CosaCanvasPins.ino
Program:   13240 bytes (40.4% Full)
Data:        431 bytes (21.0% Full)
Sat Jan 30 23:33:06 CET 2016: libraries/Canvas/examples/CosaCanvasScript/CosaCanvasScript.ino
Program:   18926 bytes (57.8% Full)
Data:        633 bytes (30.9% Full)
Sat Jan 30 23:33:10 CET 2016: libraries/Canvas/examples/CosaCanvasShades/CosaCanvasShades.ino
Program:   10570 bytes (32.3% Full)
Data:        325 bytes (15.9% Full)
Sat Jan 30 23:33:14 CET 2016: libraries/Canvas/examples/CosaCanvasSweep/CosaCanvasSweep.ino
Program:   11074 bytes (33.8% Full)
Data:        368 bytes (18.0% Full)
Sat Jan 30 23:33:18 CET 2016: libraries/CC3000/examples/CosaCC3000demo/CosaCC3000demo.ino
Program:   15446 bytes (47.1% Full)
Data:        940 bytes (45.9% Full)
Sat Jan 30 23:33:22 CET 2016: libraries/CC3000/examples/CosaCC3000info/CosaCC3000info.ino
Program:   16356 bytes (49.9% Full)
Data:        936 bytes (45.7% Full)
Sat Jan 30 23:33:26 CET 2016: libraries/CC3000/examples/CosaCC3000server/CosaCC3000server.ino
Program:   18536 bytes (56.6% Full)
Data:       1024 bytes (50.0% Full)
Sat Jan 30 23:33:30 CET 2016: libraries/CC3000/examples/CosaCC3000socket/CosaCC3000socket.ino
Program:   15086 bytes (46.0% Full)
Data:        944 bytes (46.1% Full)
Sat Jan 30 23:33:34 CET 2016: libraries/CFFS/examples/CosaCFFS/CosaCFFS.ino
Program:   21440 bytes (65.4% Full)
Data:        539 bytes (26.3% Full)
Sat Jan 30 23:33:38 CET 2016: libraries/CFFS/examples/CosaCFFSshell/CosaCFFSshell.ino
Program:   18688 bytes (57.0% Full)
Data:        604 bytes (29.5% Full)
Sat Jan 30 23:33:42 CET 2016: libraries/Ciao/examples/CosaCiaoNative/CosaCiaoNative.ino
Program:    6290 bytes (19.2% Full)
Data:        350 bytes (17.1% Full)
Sat Jan 30 23:33:46 CET 2016: libraries/Ciao/examples/CosaCiaoPoint/CosaCiaoPoint.ino
Program:    6020 bytes (18.4% Full)
Data:        318 bytes (15.5% Full)
Sat Jan 30 23:33:49 CET 2016: libraries/Debug/examples/CosaDebug/CosaDebug.ino
Program:    9390 bytes (28.7% Full)
Data:        365 bytes (17.8% Full)
Sat Jan 30 23:33:52 CET 2016: libraries/DHCP/examples/CosaDHCP/CosaDHCP.ino
Program:   12896 bytes (39.4% Full)
Data:        659 bytes (32.2% Full)
Sat Jan 30 23:33:56 CET 2016: libraries/DHT/examples/CosaDHT/CosaDHT.ino
Program:    8922 bytes (27.2% Full)
Data:        502 bytes (24.5% Full)
Sat Jan 30 23:34:00 CET 2016: libraries/DHT/examples/CosaDHTMAX72XX/CosaDHTMAX72XX.ino
Program:    9130 bytes (27.9% Full)
Data:        396 bytes (19.3% Full)
Sat Jan 30 23:34:03 CET 2016: libraries/DNS/examples/CosaDNS/CosaDNS.ino
Program:   11774 bytes (35.9% Full)
Data:        637 bytes (31.1% Full)
Sat Jan 30 23:34:07 CET 2016: libraries/DS1302/examples/CosaDS1302/CosaDS1302.ino
Program:    7226 bytes (22.1% Full)
Data:        363 bytes (17.7% Full)
Sat Jan 30 23:34:10 CET 2016: libraries/DS1307/examples/CosaDS1307/CosaDS1307.ino
Program:    8690 bytes (26.5% Full)
Data:        458 bytes (22.4% Full)
Sat Jan 30 23:34:13 CET 2016: libraries/DS18B20/examples/CosaDS18B20alarm/CosaDS18B20alarm.ino
Program:    9476 bytes (28.9% Full)
Data:        519 bytes (25.3% Full)
Sat Jan 30 23:34:17 CET 2016: libraries/DS18B20/examples/CosaDS18B20calc/CosaDS18B20calc.ino
Program:    6552 bytes (20.0% Full)
Data:        350 bytes (17.1% Full)
Sat Jan 30 23:34:20 CET 2016: libraries/DS18B20/examples/CosaDS18B20/CosaDS18B20.ino
Program:    8950 bytes (27.3% Full)
Data:        494 bytes (24.1% Full)
Sat Jan 30 23:34:24 CET 2016: libraries/DS18B20/examples/CosaDS18B20periodic/CosaDS18B20periodic.ino
Program:    8494 bytes (25.9% Full)
Data:        479 bytes (23.4% Full)
Sat Jan 30 23:34:27 CET 2016: libraries/DS3231/examples/CosaDS3231/CosaDS3231.ino
Program:   10450 bytes (31.9% Full)
Data:        436 bytes (21.3% Full)
Sat Jan 30 23:34:31 CET 2016: libraries/Fai/examples/CosaFai/CosaFai.ino
Program:    7152 bytes (21.8% Full)
Data:        442 bytes (21.6% Full)
Sat Jan 30 23:34:34 CET 2016: libraries/FAT16/examples/CosaFAT16/CosaFAT16.ino
Program:   16886 bytes (51.5% Full)
Data:       1022 bytes (49.9% Full)
Sat Jan 30 23:34:38 CET 2016: libraries/FAT16/examples/CosaFAT16logger/CosaFAT16logger.ino
Program:   16138 bytes (49.2% Full)
Data:       1086 bytes (53.0% Full)
Sat Jan 30 23:34:42 CET 2016: libraries/HCSR04/examples/CosaHCSR04/CosaHCSR04.ino
Program:    6710 bytes (20.5% Full)
Data:        489 bytes (23.9% Full)
Sat Jan 30 23:34:45 CET 2016: libraries/HMC5883L/examples/CosaHMC5883L/CosaHMC5883L.ino
Program:    7820 bytes (23.9% Full)
Data:        421 bytes (20.6% Full)
Sat Jan 30 23:34:48 CET 2016: libraries/IR/examples/CosaIR/CosaIR.ino
Program:    9234 bytes (28.2% Full)
Data:        422 bytes (20.6% Full)
Sat Jan 30 23:34:52 CET 2016: libraries/L3G4200D/examples/CosaL3G4200D/CosaL3G4200D.ino
Program:    7324 bytes (22.4% Full)
Data:        411 bytes (20.1% Full)
Sat Jan 30 23:34:55 CET 2016: libraries/LCD/CosaHD44780/CosaHD44780.ino
Program:    7184 bytes (21.9% Full)
Data:        330 bytes (16.1% Full)
Sat Jan 30 23:34:59 CET 2016: libraries/LCD/CosaLCD10DOF/CosaLCD10DOF.ino
Program:   10344 bytes (31.6% Full)
Data:        428 bytes (20.9% Full)
Sat Jan 30 23:35:03 CET 2016: libraries/LCD/CosaLCDbench/CosaLCDbench.ino
Program:    7634 bytes (23.3% Full)
Data:        377 bytes (18.4% Full)
Sat Jan 30 23:35:07 CET 2016: libraries/LCD/CosaLCDclock/CosaLCDclock.ino
Program:    7548 bytes (23.0% Full)
Data:        321 bytes (15.7% Full)
Sat Jan 30 23:35:10 CET 2016: libraries/LCD/CosaLCDhbar/CosaLCDhbar.ino
Program:    7356 bytes (22.4% Full)
Data:        351 bytes (17.1% Full)
Sat Jan 30 23:35:14 CET 2016: libraries/LCD/CosaLCDkeypad/CosaLCDkeypad.ino
Program:    6836 bytes (20.9% Full)
Data:        430 bytes (21.0% Full)
Sat Jan 30 23:35:17 CET 2016: libraries/LCD/CosaLCDmenu/CosaLCDmenu.ino
Program:    8096 bytes (24.7% Full)
Data:        476 bytes (23.2% Full)
Sat Jan 30 23:35:21 CET 2016: libraries/LCD/CosaLCDsize/CosaLCDsize.ino
Program:    3838 bytes (11.7% Full)
Data:        277 bytes (13.5% Full)
Sat Jan 30 23:35:24 CET 2016: libraries/LCD/CosaLCDslave/CosaLCDslave.ino
Program:    6558 bytes (20.0% Full)
Data:        465 bytes (22.7% Full)
Sat Jan 30 23:35:28 CET 2016: libraries/LCD/CosaLCDspeed/CosaLCDspeed.ino
Program:    8074 bytes (24.6% Full)
Data:        376 bytes (18.4% Full)
Sat Jan 30 23:35:32 CET 2016: libraries/LCD/CosaLCDtemp/CosaLCDtemp.ino
Program:    8856 bytes (27.0% Full)
Data:        358 bytes (17.5% Full)
Sat Jan 30 23:35:36 CET 2016: libraries/LCD/CosaLCDterm/CosaLCDterm.ino
Program:    6878 bytes (21.0% Full)
Data:        492 bytes (24.0% Full)
Sat Jan 30 23:35:39 CET 2016: libraries/LCD/CosaLCDvbar/CosaLCDvbar.ino
Program:    6854 bytes (20.9% Full)
Data:        316 bytes (15.4% Full)
Sat Jan 30 23:35:43 CET 2016: libraries/LCD/CosaLCDverify/CosaLCDverify.ino
Program:     536 bytes (1.6% Full)
Data:         99 bytes (4.8% Full)
Sat Jan 30 23:35:47 CET 2016: libraries/LCD/CosaST7565/CosaST7565.ino
Program:   15560 bytes (47.5% Full)
Data:        445 bytes (21.7% Full)
Sat Jan 30 23:35:51 CET 2016: libraries/MAX72XX/examples/CosaMAX72XX/CosaMAX72XX.ino
Program:    7002 bytes (21.4% Full)
Data:        260 bytes (12.7% Full)
Sat Jan 30 23:35:54 CET 2016: libraries/MCP23008/examples/CosaMCP23008/CosaMCP23008.ino
Program:   10468 bytes (31.9% Full)
Data:        462 bytes (22.6% Full)
Sat Jan 30 23:35:58 CET 2016: libraries/MCP7940N/examples/CosaMCP7940N/CosaMCP7940N.ino
Program:    9876 bytes (30.1% Full)
Data:        457 bytes (22.3% Full)
Sat Jan 30 23:36:01 CET 2016: libraries/MPU6050/examples/CosaMPU6050/CosaMPU6050.ino
Program:    7712 bytes (23.5% Full)
Data:        411 bytes (20.1% Full)
Sat Jan 30 23:36:06 CET 2016: libraries/Nucleo/examples/CosaNucleoActor/CosaNucleoActor.ino
Program:    9384 bytes (28.6% Full)
Data:        648 bytes (31.6% Full)
Sat Jan 30 23:36:07 CET 2016: libraries/Nucleo/examples/CosaNucleoBenchmark/CosaNucleoBenchmark.ino
Program:    8040 bytes (24.5% Full)
Data:        552 bytes (27.0% Full)
Sat Jan 30 23:36:10 CET 2016: libraries/Nucleo/examples/CosaNucleoMutex/CosaNucleoMutex.ino
Program:    7074 bytes (21.6% Full)
Data:        499 bytes (24.4% Full)
Sat Jan 30 23:36:14 CET 2016: libraries/Nucleo/examples/CosaNucleoPingPong/CosaNucleoPingPong.ino
Program:    7886 bytes (24.1% Full)
Data:        521 bytes (25.4% Full)
Sat Jan 30 23:36:17 CET 2016: libraries/Nucleo/examples/CosaNucleoSemaphore/CosaNucleoSemaphore.ino
Program:    6964 bytes (21.3% Full)
Data:        499 bytes (24.4% Full)
Sat Jan 30 23:36:21 CET 2016: libraries/Nucleo/examples/CosaNucleoSPI/CosaNucleoSPI.ino
Program:    2718 bytes (8.3% Full)
Data:        267 bytes (13.0% Full)
Sat Jan 30 23:36:24 CET 2016: libraries/Nucleo/examples/CosaNucleoThread/CosaNucleoThread.ino
Program:    7294 bytes (22.3% Full)
Data:        577 bytes (28.2% Full)
Sat Jan 30 23:36:27 CET 2016: libraries/OWI/examples/CosaDS1990A/CosaDS1990A.ino
Program:    5930 bytes (18.1% Full)
Data:        353 bytes (17.2% Full)
Sat Jan 30 23:36:31 CET 2016: libraries/PCD8544/examples/CosaPCD8544/CosaPCD8544.ino
Program:   14862 bytes (45.4% Full)
Data:        423 bytes (20.7% Full)
Sat Jan 30 23:36:35 CET 2016: libraries/PCD8544/examples/CosaPCD8544temp/CosaPCD8544temp.ino
Program:   15210 bytes (46.4% Full)
Data:        516 bytes (25.2% Full)
Sat Jan 30 23:36:39 CET 2016: libraries/PCF8563/examples/CosaPCF8563/CosaPCF8563.ino
Program:    8728 bytes (26.6% Full)
Data:        429 bytes (20.9% Full)
Sat Jan 30 23:36:42 CET 2016: libraries/PCF8574/examples/CosaPCF8574/CosaPCF8574.ino
Program:    8070 bytes (24.6% Full)
Data:        429 bytes (20.9% Full)
Sat Jan 30 23:36:46 CET 2016: libraries/PCF8591/examples/CosaPCF8591/CosaPCF8591.ino
Program:    8582 bytes (26.2% Full)
Data:        453 bytes (22.1% Full)
Sat Jan 30 23:36:49 CET 2016: libraries/ProtoThread/examples/CosaProtoThreadBenchmark/CosaProtoThreadBenchmark.ino
Program:    8330 bytes (25.4% Full)
Data:        528 bytes (25.8% Full)
Sat Jan 30 23:36:52 CET 2016: libraries/RC4/examples/CosaRC4/CosaRC4.ino
Program:    9588 bytes (29.3% Full)
Data:       1035 bytes (50.5% Full)
Sat Jan 30 23:36:56 CET 2016: libraries/Registry/examples/CosaRegistry/CosaRegistry.ino
Program:    9886 bytes (30.2% Full)
Data:        386 bytes (18.8% Full)
EEPROM:        5 bytes (0.5% Full)
Sat Jan 30 23:37:00 CET 2016: libraries/Rotary/examples/CosaRotaryEncoder/CosaRotaryEncoder.ino
Program:    6006 bytes (18.3% Full)
Data:        438 bytes (21.4% Full)
Sat Jan 30 23:37:04 CET 2016: libraries/RS485/examples/CosaRS485master/CosaRS485master.ino
CosaRS485master.ino:33:2: error: #error CosaRS485master: board not supported.
 #error CosaRS485master: board not supported.
Sat Jan 30 23:37:05 CET 2016: libraries/RS485/examples/CosaRS485slave/CosaRS485slave.ino
Program:    6018 bytes (18.4% Full)
Data:        624 bytes (30.5% Full)
Sat Jan 30 23:37:09 CET 2016: libraries/S25FL127S/examples/CosaS25FL127S/CosaS25FL127S.ino
Program:   13742 bytes (41.9% Full)
Data:        469 bytes (22.9% Full)
Sat Jan 30 23:37:12 CET 2016: libraries/SD/examples/CosaBMP/CosaBMP.ino
Program:   13956 bytes (42.6% Full)
Data:       1012 bytes (49.4% Full)
Sat Jan 30 23:37:16 CET 2016: libraries/SD/examples/CosaSD/CosaSD.ino
Program:   10986 bytes (33.5% Full)
Data:        418 bytes (20.4% Full)
Sat Jan 30 23:37:20 CET 2016: libraries/Servo/examples/CosaServo/CosaServo.ino
Program:    1712 bytes (5.2% Full)
Data:        119 bytes (5.8% Full)
Sat Jan 30 23:37:23 CET 2016: libraries/Si70XX/examples/CosaSi7021/CosaSi7021.ino
Program:   13302 bytes (40.6% Full)
Data:        437 bytes (21.3% Full)
Sat Jan 30 23:37:27 CET 2016: libraries/SRPO/examples/CosaSRPO/CosaSRPO.ino
Program:    1698 bytes (5.2% Full)
Data:        119 bytes (5.8% Full)
Sat Jan 30 23:37:30 CET 2016: libraries/TCS230/examples/CosaTCS230/CosaTCS230.ino
Program:    5876 bytes (17.9% Full)
Data:        399 bytes (19.5% Full)
Sat Jan 30 23:37:33 CET 2016: libraries/Touch/examples/CosaTouch/CosaTouch.ino
Program:    6218 bytes (19.0% Full)
Data:        497 bytes (24.3% Full)
Sat Jan 30 23:37:37 CET 2016: libraries/Vigenere/examples/CosaVigenere/CosaVigenere.ino
Program:    8240 bytes (25.1% Full)
Data:        405 bytes (19.8% Full)
Sat Jan 30 23:37:40 CET 2016: libraries/W25X40CL/examples/CosaW25X40CL/CosaW25X40CL.ino
Program:   14678 bytes (44.8% Full)
Data:        469 bytes (22.9% Full)
Sat Jan 30 23:37:44 CET 2016: libraries/Wireless/CosaWirelessButton/CosaWirelessButton.ino
Program:    5850 bytes (17.9% Full)
Data:        353 bytes (17.2% Full)
Sat Jan 30 23:37:47 CET 2016: libraries/Wireless/CosaWirelessDHT11/CosaWirelessDHT11.ino
Program:    5766 bytes (17.6% Full)
Data:        358 bytes (17.5% Full)
Sat Jan 30 23:37:50 CET 2016: libraries/Wireless/CosaWirelessDS18B20/CosaWirelessDS18B20.ino
Program:    6684 bytes (20.4% Full)
Data:        356 bytes (17.4% Full)
Sat Jan 30 23:37:54 CET 2016: libraries/Wireless/CosaWirelessIOStream/CosaWirelessIOStream.ino
Program:    7192 bytes (21.9% Full)
Data:        401 bytes (19.6% Full)
Sat Jan 30 23:37:57 CET 2016: libraries/Wireless/CosaWirelessMonitor/CosaWirelessMonitor.ino
Program:    4562 bytes (13.9% Full)
Data:        251 bytes (12.3% Full)
Sat Jan 30 23:38:01 CET 2016: libraries/Wireless/CosaWirelessPing/CosaWirelessPing.ino
Program:    9368 bytes (28.6% Full)
Data:        596 bytes (29.1% Full)
Sat Jan 30 23:38:05 CET 2016: libraries/Wireless/CosaWirelessPong/CosaWirelessPong.ino
Program:    8882 bytes (27.1% Full)
Data:        594 bytes (29.0% Full)
Sat Jan 30 23:38:08 CET 2016: libraries/Wireless/CosaWirelessReceiver/CosaWirelessReceiver.ino
Program:   10938 bytes (33.4% Full)
Data:        549 bytes (26.8% Full)
Sat Jan 30 23:38:12 CET 2016: libraries/Wireless/CosaWirelessReceiverLCD/CosaWirelessReceiverLCD.ino
Program:   11648 bytes (35.5% Full)
Data:        462 bytes (22.6% Full)
Sat Jan 30 23:38:16 CET 2016: libraries/Wireless/CosaWirelessRelay/CosaWirelessRelay.ino
Program:    8312 bytes (25.4% Full)
Data:        570 bytes (27.8% Full)
Sat Jan 30 23:38:20 CET 2016: libraries/Wireless/CosaWirelessSender/CosaWirelessSender.ino
Program:    9274 bytes (28.3% Full)
Data:        555 bytes (27.1% Full)
Sat Jan 30 23:38:24 CET 2016: libraries/Wireless/CosaWirelessTrace/CosaWirelessTrace.ino
Program:    9078 bytes (27.7% Full)
Data:        481 bytes (23.5% Full)
Sat Jan 30 23:38:28 CET 2016: lib/Shell/examples/CosaShell/CosaShell.ino
Program:   22770 bytes (69.5% Full)
Data:        567 bytes (27.7% Full)
Sat Jan 30 23:38:32 CET 2016: lib/Shell/examples/CosaShellTelnetServer/CosaShellTelnetServer.ino
Program:   28268 bytes (86.3% Full)
Data:        731 bytes (35.7% Full)
Sat Jan 30 23:38:36 CET 2016: lib/Shell/examples/CosaShellWebServer/CosaShellWebServer.ino
Program:   30220 bytes (92.2% Full)
Data:        913 bytes (44.6% Full)
Sat Jan 30 23:38:41 CET 2016: lib/SNMP/examples/CosaSNMP/CosaSNMP.ino
Program:   19160 bytes (58.5% Full)
Data:        709 bytes (34.6% Full)
Sat Jan 30 23:38:45 CET 2016: lib/Telnet/examples/CosaTelnetServer/CosaTelnetServer.ino
Program:   10904 bytes (33.3% Full)
Data:        471 bytes (23.0% Full)
Sat Jan 30 23:38:49 CET 2016: lib/ThingSpeak/examples/CosaThingSpeakChannel/CosaThingSpeakChannel.ino
Program:   16698 bytes (51.0% Full)
Data:        716 bytes (35.0% Full)
Sat Jan 30 23:38:53 CET 2016: lib/ThingSpeak/examples/CosaThingSpeakClient/CosaThingSpeakClient.ino
Program:   20792 bytes (63.5% Full)
Data:       1030 bytes (50.3% Full)
Sat Jan 30 23:38:57 CET 2016: lib/ThingSpeak/examples/CosaThingSpeakTalkBack/CosaThingSpeakTalkBack.ino
Program:   16142 bytes (49.3% Full)
Data:        663 bytes (32.4% Full)
Sat Jan 30 23:39:01 CET 2016: lib/UML/examples/CosaUMLBlink/CosaUMLBlink.ino
Program:    2684 bytes (8.2% Full)
Data:        281 bytes (13.7% Full)
Sat Jan 30 23:39:04 CET 2016: lib/UML/examples/CosaUMLCapsules/CosaUMLCapsules.ino
Program:    7148 bytes (21.8% Full)
Data:        650 bytes (31.7% Full)
Sat Jan 30 23:39:08 CET 2016: lib/UML/examples/CosaUMLPingPong/CosaUMLPingPong.ino
Program:    6414 bytes (19.6% Full)
Data:        516 bytes (25.2% Full)
Sat Jan 30 23:39:11 CET 2016: lib/UML/examples/CosaUMLTermostat/CosaUMLTermostat.ino
Program:   10782 bytes (32.9% Full)
Data:        610 bytes (29.8% Full)
Sat Jan 30 23:39:15 CET 2016: lib/UML/examples/CosaUMLThermometer/CosaUMLThermometer.ino
Program:   12678 bytes (38.7% Full)
Data:        599 bytes (29.2% Full)
Sat Jan 30 23:39:19 CET 2016: lib/UML/examples/CosaUMLTrigger/CosaUMLTrigger.ino
Program:    7076 bytes (21.6% Full)
Data:        585 bytes (28.6% Full)
Sat Jan 30 23:39:23 CET 2016: lib/UML/examples/CosaUMLVoltmeter/CosaUMLVoltmeter.ino
Program:    9238 bytes (28.2% Full)
Data:        581 bytes (28.4% Full)
