Sat Jan 30 23:41:03 CET 2016: build/CosaBuild.ino
Program:     344 bytes (0.1% Full)
Data:          0 bytes (0.0% Full)
Sat Jan 30 23:41:05 CET 2016: examples/Analyzer/ArduinoAnalyzerDigitalPin/ArduinoAnalyzerDigitalPin.ino
Program:     344 bytes (0.1% Full)
Data:          0 bytes (0.0% Full)
Sat Jan 30 23:41:08 CET 2016: examples/Analyzer/CosaAnalyzerFlush/CosaAnalyzerFlush.ino
Program:    5060 bytes (1.9% Full)
Data:        353 bytes (4.3% Full)
Sat Jan 30 23:41:11 CET 2016: examples/Analyzer/CosaAnalyzerGPIO/CosaAnalyzerGPIO.ino
Program:    9830 bytes (3.7% Full)
Data:        367 bytes (4.5% Full)
Sat Jan 30 23:41:14 CET 2016: examples/Analyzer/CosaAnalyzerJob/CosaAnalyzerJob.ino
Program:    6836 bytes (2.6% Full)
Data:        538 bytes (6.6% Full)
Sat Jan 30 23:41:18 CET 2016: examples/Analyzer/CosaAnalyzerPeriodic/CosaAnalyzerPeriodic.ino
Program:    7170 bytes (2.7% Full)
Data:        474 bytes (5.8% Full)
Sat Jan 30 23:41:21 CET 2016: examples/Analyzer/CosaAnalyzerPulse/CosaAnalyzerPulse.ino
Program:    5732 bytes (2.2% Full)
Data:        480 bytes (5.9% Full)
Sat Jan 30 23:41:24 CET 2016: examples/Analyzer/CosaAnalyzerServo/CosaAnalyzerServo.ino
Program:    8752 bytes (3.3% Full)
Data:        519 bytes (6.3% Full)
Sat Jan 30 23:41:27 CET 2016: examples/Benchmarks/CosaBenchmarkDataLogger/CosaBenchmarkDataLogger.ino
Program:   11212 bytes (4.3% Full)
Data:        457 bytes (5.6% Full)
Sat Jan 30 23:41:31 CET 2016: examples/Benchmarks/CosaBenchmarkFSM/CosaBenchmarkFSM.ino
Program:    8326 bytes (3.2% Full)
Data:        461 bytes (5.6% Full)
Sat Jan 30 23:41:34 CET 2016: examples/Benchmarks/CosaBenchmarkGPIO/CosaBenchmarkGPIO.ino
Program:   13928 bytes (5.3% Full)
Data:        422 bytes (5.2% Full)
Sat Jan 30 23:41:37 CET 2016: examples/Benchmarks/CosaBenchmarkPins/CosaBenchmarkPins.ino
Program:   21500 bytes (8.2% Full)
Data:        460 bytes (5.6% Full)
Sat Jan 30 23:41:41 CET 2016: examples/Benchmarks/CosaBenchmarkRTT/CosaBenchmarkRTT.ino
Program:   13698 bytes (5.2% Full)
Data:        446 bytes (5.4% Full)
Sat Jan 30 23:41:45 CET 2016: examples/Benchmarks/CosaBenchmarkSizeOf/CosaBenchmarkSizeOf.ino
Program:   12158 bytes (4.6% Full)
Data:        375 bytes (4.6% Full)
Sat Jan 30 23:41:48 CET 2016: examples/Benchmarks/CosaBenchmarkUARTburst/CosaBenchmarkUARTburst.ino
Program:    9694 bytes (3.7% Full)
Data:        398 bytes (4.9% Full)
Sat Jan 30 23:41:51 CET 2016: examples/Benchmarks/CosaBenchmarkUART/CosaBenchmarkUART.ino
Program:   22040 bytes (8.4% Full)
Data:        368 bytes (4.5% Full)
Sat Jan 30 23:41:55 CET 2016: examples/Blink/CosaBlinkClassic/CosaBlinkClassic.ino
Program:     580 bytes (0.2% Full)
Data:          4 bytes (0.0% Full)
Sat Jan 30 23:41:58 CET 2016: examples/Blink/CosaBlink/CosaBlink.ino
Program:    1526 bytes (0.6% Full)
Data:        107 bytes (1.3% Full)
Sat Jan 30 23:42:01 CET 2016: examples/Blink/CosaBlinkFSM/CosaBlinkFSM.ino
Program:    7062 bytes (2.7% Full)
Data:        453 bytes (5.5% Full)
Sat Jan 30 23:42:04 CET 2016: examples/Blink/CosaBlinkInterrupt/CosaBlinkInterrupt.ino
Program:    1974 bytes (0.8% Full)
Data:        169 bytes (2.1% Full)
Sat Jan 30 23:42:07 CET 2016: examples/Blink/CosaBlinkLED/CosaBlinkLED.ino
Program:    2044 bytes (0.8% Full)
Data:        162 bytes (2.0% Full)
Sat Jan 30 23:42:10 CET 2016: examples/Blink/CosaBlinkMinimal/CosaBlinkMinimal.ino
Program:     402 bytes (0.2% Full)
Data:          0 bytes (0.0% Full)
Sat Jan 30 23:42:13 CET 2016: examples/Blink/CosaBlinkPeriodicBlock/CosaBlinkPeriodicBlock.ino
Program:    1256 bytes (0.5% Full)
Data:        115 bytes (1.4% Full)
Sat Jan 30 23:42:16 CET 2016: examples/Blink/CosaBlinkPeriodic/CosaBlinkPeriodic.ino
Program:    2338 bytes (0.9% Full)
Data:        211 bytes (2.6% Full)
Sat Jan 30 23:42:19 CET 2016: examples/Blink/CosaBlinkProtoThread/CosaBlinkProtoThread.ino
Program:    2350 bytes (0.9% Full)
Data:        182 bytes (2.2% Full)
Sat Jan 30 23:42:22 CET 2016: examples/Blink/CosaBlinkRandom/CosaBlinkRandom.ino
Program:    1076 bytes (0.4% Full)
Data:          8 bytes (0.1% Full)
Sat Jan 30 23:42:25 CET 2016: examples/Blink/CosaBlinkTemp/CosaBlinkTemp.ino
Program:    3466 bytes (1.3% Full)
Data:        155 bytes (1.9% Full)
Sat Jan 30 23:42:29 CET 2016: examples/Blink/CosaBlinkThread/CosaBlinkThread.ino
Program:    2250 bytes (0.9% Full)
Data:        246 bytes (3.0% Full)
Sat Jan 30 23:42:32 CET 2016: examples/Blink/CosaBlinkTimeout/CosaBlinkTimeout.ino
Program:    2196 bytes (0.8% Full)
Data:        259 bytes (3.2% Full)
Sat Jan 30 23:42:35 CET 2016: examples/Blink/CosaBlinkWatchdog/CosaBlinkWatchdog.ino
Program:     976 bytes (0.4% Full)
Data:         95 bytes (1.2% Full)
Sat Jan 30 23:42:38 CET 2016: examples/Build/CosaSizeDATA/CosaSizeDATA.ino
Program:    3996 bytes (1.5% Full)
Data:        506 bytes (6.2% Full)
Sat Jan 30 23:42:41 CET 2016: examples/Build/CosaSizeEEPROM/CosaSizeEEPROM.ino
Program:    5842 bytes (2.2% Full)
Data:        284 bytes (3.5% Full)
EEPROM:      512 bytes (12.5% Full)
Sat Jan 30 23:42:44 CET 2016: examples/Compiler/CosaBitfields/CosaBitfields.ino
Program:    6640 bytes (2.5% Full)
Data:        369 bytes (4.5% Full)
Sat Jan 30 23:42:47 CET 2016: examples/Compiler/CosaDiff/CosaDiff.ino
Program:    6708 bytes (2.6% Full)
Data:        355 bytes (4.3% Full)
Sat Jan 30 23:42:50 CET 2016: examples/Compiler/CosaMath/CosaMath.ino
Program:    9222 bytes (3.5% Full)
Data:        386 bytes (4.7% Full)
Sat Jan 30 23:42:54 CET 2016: examples/Compiler/CosaMatrix/CosaMatrix.ino
Program:    5956 bytes (2.3% Full)
Data:        357 bytes (4.4% Full)
EEPROM:       54 bytes (1.3% Full)
Sat Jan 30 23:42:57 CET 2016: examples/Compiler/CosaPSTR/CosaPSTR.ino
Program:    7578 bytes (2.9% Full)
Data:        377 bytes (4.6% Full)
Sat Jan 30 23:43:00 CET 2016: examples/Compiler/CosaSRAM/CosaSRAM.ino
Program:    4738 bytes (1.8% Full)
Data:        247 bytes (3.0% Full)
Sat Jan 30 23:43:03 CET 2016: examples/Compiler/CosaSwap/CosaSwap.ino
Program:    8486 bytes (3.2% Full)
Data:        377 bytes (4.6% Full)
Sat Jan 30 23:43:07 CET 2016: examples/Compiler/CosaSwitch/CosaSwitch.ino
Program:    8488 bytes (3.2% Full)
Data:        390 bytes (4.8% Full)
CosaSwitch.ino:188:27: warning: iteration 633 invokes undefined behavior [-Waggressive-loop-optimizations]
CosaSwitch.ino:178:27: warning: iteration 496 invokes undefined behavior [-Waggressive-loop-optimizations]
Sat Jan 30 23:43:10 CET 2016: examples/Pins/CosaAnalogComparator/CosaAnalogComparator.ino
Program:    5764 bytes (2.2% Full)
Data:        367 bytes (4.5% Full)
Sat Jan 30 23:43:14 CET 2016: examples/Pins/CosaAnalogPins/CosaAnalogPins.ino
Program:    7992 bytes (3.0% Full)
Data:        452 bytes (5.5% Full)
Sat Jan 30 23:43:17 CET 2016: examples/Pins/CosaButton/CosaButton.ino
Program:    8128 bytes (3.1% Full)
Data:        502 bytes (6.1% Full)
Sat Jan 30 23:43:20 CET 2016: examples/Pins/CosaGPIO/CosaGPIO.ino
Program:    6358 bytes (2.4% Full)
Data:        361 bytes (4.4% Full)
Sat Jan 30 23:43:24 CET 2016: examples/Pins/CosaInputCapture/CosaInputCapture.ino
Program:    6032 bytes (2.3% Full)
Data:        384 bytes (4.7% Full)
Sat Jan 30 23:43:27 CET 2016: examples/Pins/CosaPinChangeInterrupt/CosaPinChangeInterrupt.ino
Program:    6548 bytes (2.5% Full)
Data:        408 bytes (5.0% Full)
Sat Jan 30 23:43:31 CET 2016: examples/Pins/CosaPins/CosaPins.ino
Program:   12772 bytes (4.9% Full)
Data:        583 bytes (7.1% Full)
Sat Jan 30 23:43:34 CET 2016: examples/Pins/CosaPWMPin/CosaPWMPin.ino
Program:    7100 bytes (2.7% Full)
Data:        371 bytes (4.5% Full)
Sat Jan 30 23:43:37 CET 2016: examples/Sandbox/CosaACS712T/CosaACS712T.ino
Program:    5898 bytes (2.2% Full)
Data:        374 bytes (4.6% Full)
Sat Jan 30 23:43:41 CET 2016: examples/Sandbox/CosaBitSet/CosaBitSet.ino
Program:    6890 bytes (2.6% Full)
Data:        379 bytes (4.6% Full)
Sat Jan 30 23:43:44 CET 2016: examples/Sandbox/CosaBitSetString/CosaBitSetString.ino
Program:    5614 bytes (2.1% Full)
Data:        306 bytes (3.7% Full)
Sat Jan 30 23:43:47 CET 2016: examples/Sandbox/CosaConfig/CosaConfig.ino
Program:    6354 bytes (2.4% Full)
Data:        278 bytes (3.4% Full)
Sat Jan 30 23:43:50 CET 2016: examples/Sandbox/CosaEEPROM/CosaEEPROM.ino
Program:    7724 bytes (2.9% Full)
Data:        428 bytes (5.2% Full)
EEPROM:      148 bytes (3.6% Full)
Sat Jan 30 23:43:53 CET 2016: examples/Sandbox/CosaIOBuffer/CosaIOBuffer.ino
Program:   10046 bytes (3.8% Full)
Data:        340 bytes (4.2% Full)
Sat Jan 30 23:43:57 CET 2016: examples/Sandbox/CosaIOEvent/CosaIOEvent.ino
Program:    6030 bytes (2.3% Full)
Data:        512 bytes (6.2% Full)
Sat Jan 30 23:44:00 CET 2016: examples/Sandbox/CosaLowPower/CosaLowPower.ino
Program:    2436 bytes (0.9% Full)
Data:        145 bytes (1.8% Full)
Sat Jan 30 23:44:03 CET 2016: examples/Sandbox/CosaNucleoActor/CosaNucleoActor.ino
Program:   10252 bytes (3.9% Full)
Data:        659 bytes (8.0% Full)
Sat Jan 30 23:44:06 CET 2016: examples/Sandbox/CosaPeriodicBlock/CosaPeriodicBlock.ino
Program:    6086 bytes (2.3% Full)
Data:        405 bytes (4.9% Full)
Sat Jan 30 23:44:09 CET 2016: examples/Sandbox/CosaPingPong/CosaPingPong.ino
Program:    6862 bytes (2.6% Full)
Data:        463 bytes (5.7% Full)
Sat Jan 30 23:44:13 CET 2016: examples/Sandbox/CosaRestart/CosaRestart.ino
Program:    6200 bytes (2.4% Full)
Data:        383 bytes (4.7% Full)
Sat Jan 30 23:44:16 CET 2016: examples/Sandbox/CosaRF433/CosaRF433.ino
Program:    1528 bytes (0.6% Full)
Data:        113 bytes (1.4% Full)
Sat Jan 30 23:44:19 CET 2016: examples/Sandbox/CosaSoftSRPI/CosaSoftSRPI.ino
Program:    5446 bytes (2.1% Full)
Data:        355 bytes (4.3% Full)
Sat Jan 30 23:44:22 CET 2016: examples/Sandbox/CosaSoftSRPO/CosaSoftSRPO.ino
Program:    1520 bytes (0.6% Full)
Data:        103 bytes (1.3% Full)
Sat Jan 30 23:44:25 CET 2016: examples/Sandbox/CosaSPIclock/CosaSPIclock.ino
Program:    8714 bytes (3.3% Full)
Data:        293 bytes (3.6% Full)
Sat Jan 30 23:44:28 CET 2016: examples/Sandbox/CosaSPI/CosaSPI.ino
Program:    2228 bytes (0.8% Full)
Data:         61 bytes (0.7% Full)
Sat Jan 30 23:44:31 CET 2016: examples/Sandbox/CosaString/CosaString.ino
Program:    9986 bytes (3.8% Full)
Data:        379 bytes (4.6% Full)
Sat Jan 30 23:44:35 CET 2016: examples/Sandbox/CosaTermostat/CosaTermostat.ino
Program:    9618 bytes (3.7% Full)
Data:        481 bytes (5.9% Full)
Sat Jan 30 23:44:38 CET 2016: examples/Sandbox/CosaTone/CosaTone.ino
Program:    3738 bytes (1.4% Full)
Data:        107 bytes (1.3% Full)
Sat Jan 30 23:44:41 CET 2016: examples/Sandbox/CosaVCC/CosaVCC.ino
Program:    7364 bytes (2.8% Full)
Data:        526 bytes (6.4% Full)
Sat Jan 30 23:44:44 CET 2016: examples/Sandbox/CosaWatchdogJob/CosaWatchdogJob.ino
Program:    6954 bytes (2.7% Full)
Data:        493 bytes (6.0% Full)
Sat Jan 30 23:44:48 CET 2016: examples/Time/CosaAlarm/CosaAlarm.ino
Program:   10884 bytes (4.2% Full)
Data:        581 bytes (7.1% Full)
Sat Jan 30 23:44:51 CET 2016: examples/Time/CosaDelay/CosaDelay.ino
Program:    6542 bytes (2.5% Full)
Data:        366 bytes (4.5% Full)
Sat Jan 30 23:44:54 CET 2016: examples/Time/CosaJobs/CosaJobs.ino
Program:    7600 bytes (2.9% Full)
Data:        467 bytes (5.7% Full)
Sat Jan 30 23:44:58 CET 2016: examples/Time/CosaMicros/CosaMicros.ino
Program:    6662 bytes (2.5% Full)
Data:        363 bytes (4.4% Full)
Sat Jan 30 23:45:01 CET 2016: examples/Time/CosaPeriodic/CosaPeriodic.ino
Program:    7412 bytes (2.8% Full)
Data:        437 bytes (5.3% Full)
Sat Jan 30 23:45:04 CET 2016: examples/Time/CosaSince/CosaSince.ino
Program:    7040 bytes (2.7% Full)
Data:        404 bytes (4.9% Full)
Sat Jan 30 23:45:07 CET 2016: examples/Time/CosaTime/CosaTime.ino
Program:   12194 bytes (4.7% Full)
Data:        403 bytes (4.9% Full)
Sat Jan 30 23:45:11 CET 2016: examples/Time/CosaTimeLCD/CosaTimeLCD.ino
Program:    7510 bytes (2.9% Full)
Data:        347 bytes (4.2% Full)
Sat Jan 30 23:45:14 CET 2016: examples/Tools/CosaAutoCalibration/CosaAutoCalibration.ino
Program:    7072 bytes (2.7% Full)
Data:        430 bytes (5.2% Full)
Sat Jan 30 23:45:17 CET 2016: examples/Tools/CosaClockCalibration/CosaClockCalibration.ino
Program:    9010 bytes (3.4% Full)
Data:        631 bytes (7.7% Full)
Sat Jan 30 23:45:21 CET 2016: examples/Tools/CosaOWIdebug/CosaOWIdebug.ino
Program:    6922 bytes (2.6% Full)
Data:        359 bytes (4.4% Full)
Sat Jan 30 23:45:24 CET 2016: examples/Tools/CosaOWIrom/CosaOWIrom.ino
Program:    6088 bytes (2.3% Full)
Data:        264 bytes (3.2% Full)
Sat Jan 30 23:45:28 CET 2016: examples/Tools/CosaPinScanner/CosaPinScanner.ino
Program:    6022 bytes (2.3% Full)
Data:        341 bytes (4.2% Full)
Sat Jan 30 23:45:31 CET 2016: examples/Tools/CosaProbe/CosaProbe.ino
Program:    7510 bytes (2.9% Full)
Data:        663 bytes (8.1% Full)
Sat Jan 30 23:45:34 CET 2016: examples/Tools/CosaRF24scanner/CosaRF24scanner.ino
Program:   13584 bytes (5.2% Full)
Data:        601 bytes (7.3% Full)
Sat Jan 30 23:45:38 CET 2016: examples/Tools/CosaTWIscanner/CosaTWIscanner.ino
Program:    7564 bytes (2.9% Full)
Data:        376 bytes (4.6% Full)
Sat Jan 30 23:45:41 CET 2016: examples/TWI/Cosa10DOF/Cosa10DOF.ino
Program:   11572 bytes (4.4% Full)
Data:        491 bytes (6.0% Full)
Sat Jan 30 23:45:45 CET 2016: examples/TWI/CosaTWIKeyPad/CosaTWIKeyPad.ino
Program:    8124 bytes (3.1% Full)
Data:        419 bytes (5.1% Full)
Sat Jan 30 23:45:48 CET 2016: examples/TWI/CosaTWImaster/CosaTWImaster.ino
Program:    9562 bytes (3.6% Full)
Data:        436 bytes (5.3% Full)
Sat Jan 30 23:45:51 CET 2016: examples/TWI/CosaTWIremotePinMaster/CosaTWIremotePinMaster.ino
Program:    7898 bytes (3.0% Full)
Data:        422 bytes (5.2% Full)
Sat Jan 30 23:45:54 CET 2016: examples/TWI/CosaTWIremotePinSlave/CosaTWIremotePinSlave.ino
Program:    2430 bytes (0.9% Full)
Data:        179 bytes (2.2% Full)
Sat Jan 30 23:45:57 CET 2016: examples/TWI/CosaTWIslave/CosaTWIslave.ino
Program:    7406 bytes (2.8% Full)
Data:        455 bytes (5.6% Full)
Sat Jan 30 23:46:01 CET 2016: examples/UART/CosaCDC/CosaCDC.ino
CosaCDC.ino:31:2: error: #error CosaCDC: board not supported.
 #error CosaCDC: board not supported.
CosaCDC.ino:40:3: error: 'cdc' was not declared in this scope
Sat Jan 30 23:46:02 CET 2016: examples/UART/CosaJobUART/CosaJobUART.ino
Program:    6742 bytes (2.6% Full)
Data:        516 bytes (6.3% Full)
Sat Jan 30 23:46:06 CET 2016: examples/UART/CosaMegaUARTs/CosaMegaUARTs.ino
Program:    4450 bytes (1.7% Full)
Data:        440 bytes (5.4% Full)
Sat Jan 30 23:46:09 CET 2016: examples/UART/CosaSoftUART/CosaSoftUART.ino
Program:    4178 bytes (1.6% Full)
Data:        353 bytes (4.3% Full)
Sat Jan 30 23:46:12 CET 2016: examples/UART/CosaUART/CosaUART.ino
Program:    5916 bytes (2.3% Full)
Data:        344 bytes (4.2% Full)
Sat Jan 30 23:46:15 CET 2016: examples/UART/CosaUARTecho/CosaUARTecho.ino
Program:    3642 bytes (1.4% Full)
Data:        230 bytes (2.8% Full)
Sat Jan 30 23:46:18 CET 2016: lib/AVR/examples/CosaISP/CosaISP.ino
Program:    6326 bytes (2.4% Full)
Data:        331 bytes (4.0% Full)
Sat Jan 30 23:46:21 CET 2016: lib/AVR/examples/CosaProgrammer/CosaProgrammer.ino
Program:    7408 bytes (2.8% Full)
Data:        363 bytes (4.4% Full)
Sat Jan 30 23:46:25 CET 2016: lib/Domotica/RF433/DomoticaADXL345/DomoticaADXL345.ino
Program:    8968 bytes (3.4% Full)
Data:        384 bytes (4.7% Full)
Sat Jan 30 23:46:29 CET 2016: lib/Domotica/RF433/DomoticaAnalogPin/DomoticaAnalogPin.ino
Program:    5392 bytes (2.1% Full)
Data:        289 bytes (3.5% Full)
Sat Jan 30 23:46:32 CET 2016: lib/Domotica/RF433/DomoticaClock/DomoticaClock.ino
Program:    5912 bytes (2.3% Full)
Data:        335 bytes (4.1% Full)
Sat Jan 30 23:46:35 CET 2016: lib/Domotica/RF433/DomoticaDHT11/DomoticaDHT11.ino
Program:    7366 bytes (2.8% Full)
Data:        360 bytes (4.4% Full)
Sat Jan 30 23:46:39 CET 2016: lib/Domotica/RF433/DomoticaDigitalPin/DomoticaDigitalPin.ino
Program:    5526 bytes (2.1% Full)
Data:        289 bytes (3.5% Full)
Sat Jan 30 23:46:42 CET 2016: lib/Domotica/RF433/DomoticaDigitalPins/DomoticaDigitalPins.ino
Program:    5544 bytes (2.1% Full)
Data:        288 bytes (3.5% Full)
Sat Jan 30 23:46:46 CET 2016: lib/Domotica/RF433/DomoticaDS18B20/DomoticaDS18B20.ino
Program:    7708 bytes (2.9% Full)
Data:        323 bytes (3.9% Full)
Sat Jan 30 23:46:50 CET 2016: lib/Domotica/RF433/DomoticaInfo/DomoticaInfo.ino
Program:    5326 bytes (2.0% Full)
Data:        288 bytes (3.5% Full)
Sat Jan 30 23:46:53 CET 2016: lib/Domotica/RF433/DomoticaMonitor/DomoticaMonitor.ino
Program:   14044 bytes (5.4% Full)
Data:        455 bytes (5.6% Full)
Sat Jan 30 23:46:57 CET 2016: lib/Domotica/RF433/DomoticaPins/DomoticaPins.ino
Program:    5718 bytes (2.2% Full)
Data:        290 bytes (3.5% Full)
Sat Jan 30 23:47:01 CET 2016: lib/Domotica/RF433/DomoticaRelay/DomoticaRelay.ino
Program:   10030 bytes (3.8% Full)
Data:        594 bytes (7.3% Full)
Sat Jan 30 23:47:05 CET 2016: lib/Domotica/RF433/DomoticaTrace/DomoticaTrace.ino
Program:   13760 bytes (5.2% Full)
Data:        533 bytes (6.5% Full)
Sat Jan 30 23:47:08 CET 2016: lib/Domotica/RF433/DomoticaTraceQueue/DomoticaTraceQueue.ino
Program:   13976 bytes (5.3% Full)
Data:        831 bytes (10.1% Full)
Sat Jan 30 23:47:12 CET 2016: lib/Domotica/RF433/DomoticaTraceTable/DomoticaTraceTable.ino
Program:   14552 bytes (5.6% Full)
Data:       1697 bytes (20.7% Full)
Sat Jan 30 23:47:16 CET 2016: lib/Domotica/RF433/DomoticaWakeup/DomoticaWakeup.ino
Program:    6414 bytes (2.4% Full)
Data:        316 bytes (3.9% Full)
Sat Jan 30 23:47:19 CET 2016: lib/HTTP/examples/CosaPinWebServer/CosaPinWebServer.ino
Program:   15516 bytes (5.9% Full)
Data:        677 bytes (8.3% Full)
Sat Jan 30 23:47:23 CET 2016: lib/HTTP/examples/CosaSDWebServer/CosaSDWebServer.ino
Program:   19416 bytes (7.4% Full)
Data:       1277 bytes (15.6% Full)
Sat Jan 30 23:47:28 CET 2016: lib/HTTP/examples/CosaWebClient/CosaWebClient.ino
Program:   13958 bytes (5.3% Full)
Data:        771 bytes (9.4% Full)
Sat Jan 30 23:47:31 CET 2016: lib/ICMP/examples/CosaICMPping/CosaICMPping.ino
Program:   13664 bytes (5.2% Full)
Data:        693 bytes (8.5% Full)
Sat Jan 30 23:47:35 CET 2016: lib/ICMP/examples/CosaICMPpingLCD/CosaICMPpingLCD.ino
Program:   14020 bytes (5.3% Full)
Data:        658 bytes (8.0% Full)
Sat Jan 30 23:47:40 CET 2016: lib/MQTT/examples/CosaMQTTclient/CosaMQTTclient.ino
Program:   18778 bytes (7.2% Full)
Data:        637 bytes (7.8% Full)
Sat Jan 30 23:47:44 CET 2016: lib/MQTT/examples/CosaMQTThumidity/CosaMQTThumidity.ino
Program:   14992 bytes (5.7% Full)
Data:        514 bytes (6.3% Full)
Sat Jan 30 23:47:47 CET 2016: lib/MQTT/examples/CosaMQTTtemperature/CosaMQTTtemperature.ino
Program:   15288 bytes (5.8% Full)
Data:        539 bytes (6.6% Full)
Sat Jan 30 23:47:52 CET 2016: lib/NEXA/examples/CosaNEXAreceiver/CosaNEXAreceiver.ino
Program:    4088 bytes (1.6% Full)
Data:        208 bytes (2.5% Full)
Sat Jan 30 23:47:55 CET 2016: lib/NEXA/examples/CosaNEXAsender/CosaNEXAsender.ino
Program:    3620 bytes (1.4% Full)
Data:        114 bytes (1.4% Full)
Sat Jan 30 23:47:58 CET 2016: lib/NTP/examples/CosaNTP/CosaNTP.ino
Program:   16908 bytes (6.4% Full)
Data:        700 bytes (8.5% Full)
Sat Jan 30 23:48:02 CET 2016: lib/ProtocolBuffer/examples/CosaProtocolBuffer/CosaProtocolBuffer.ino
Program:   16284 bytes (6.2% Full)
Data:        340 bytes (4.2% Full)
Sat Jan 30 23:48:06 CET 2016: libraries/ADXL345/examples/CosaADXL345/CosaADXL345.ino
Program:    8720 bytes (3.3% Full)
Data:        417 bytes (5.1% Full)
Sat Jan 30 23:48:10 CET 2016: libraries/AT24CXX/examples/CosaAT24CXX/CosaAT24CXX.ino
Program:   12596 bytes (4.8% Full)
Data:        491 bytes (6.0% Full)
EEPROM:      316 bytes (7.7% Full)
Sat Jan 30 23:48:13 CET 2016: libraries/Base64/examples/CosaBase64/CosaBase64.ino
Program:    9896 bytes (3.8% Full)
Data:        400 bytes (4.9% Full)
Sat Jan 30 23:48:17 CET 2016: libraries/BMP085/examples/CosaBMP085/CosaBMP085.ino
Program:    9538 bytes (3.6% Full)
Data:        451 bytes (5.5% Full)
Sat Jan 30 23:48:20 CET 2016: libraries/Canvas/examples/CosaCanvasBMP/CosaCanvasBMP.ino
Program:   23070 bytes (8.8% Full)
Data:       1229 bytes (15.0% Full)
Sat Jan 30 23:48:24 CET 2016: libraries/Canvas/examples/CosaCanvasClock/CosaCanvasClock.ino
Program:   12198 bytes (4.7% Full)
Data:        350 bytes (4.3% Full)
Sat Jan 30 23:48:28 CET 2016: libraries/Canvas/examples/CosaCanvasDemo/CosaCanvasDemo.ino
Program:   25694 bytes (9.8% Full)
Data:        699 bytes (8.5% Full)
Sat Jan 30 23:48:32 CET 2016: libraries/Canvas/examples/CosaCanvasFont/CosaCanvasFont.ino
Program:   11028 bytes (4.2% Full)
Data:        325 bytes (4.0% Full)
Sat Jan 30 23:48:36 CET 2016: libraries/Canvas/examples/CosaCanvasFonts/CosaCanvasFonts.ino
Program:   19210 bytes (7.3% Full)
Data:        692 bytes (8.4% Full)
Sat Jan 30 23:48:40 CET 2016: libraries/Canvas/examples/CosaCanvasHCSR04/CosaCanvasHCSR04.ino
Program:   16020 bytes (6.1% Full)
Data:        544 bytes (6.6% Full)
Sat Jan 30 23:48:44 CET 2016: libraries/Canvas/examples/CosaCanvasHistogram/CosaCanvasHistogram.ino
Program:   12350 bytes (4.7% Full)
Data:        447 bytes (5.5% Full)
Sat Jan 30 23:48:48 CET 2016: libraries/Canvas/examples/CosaCanvasPins/CosaCanvasPins.ino
Program:   13538 bytes (5.2% Full)
Data:        431 bytes (5.3% Full)
Sat Jan 30 23:48:52 CET 2016: libraries/Canvas/examples/CosaCanvasScript/CosaCanvasScript.ino
Program:   19868 bytes (7.6% Full)
Data:        639 bytes (7.8% Full)
Sat Jan 30 23:48:56 CET 2016: libraries/Canvas/examples/CosaCanvasShades/CosaCanvasShades.ino
Program:   10774 bytes (4.1% Full)
Data:        325 bytes (4.0% Full)
Sat Jan 30 23:49:00 CET 2016: libraries/Canvas/examples/CosaCanvasSweep/CosaCanvasSweep.ino
Program:   11314 bytes (4.3% Full)
Data:        368 bytes (4.5% Full)
Sat Jan 30 23:49:03 CET 2016: libraries/CC3000/examples/CosaCC3000demo/CosaCC3000demo.ino
Program:   17008 bytes (6.5% Full)
Data:        958 bytes (11.7% Full)
Sat Jan 30 23:49:07 CET 2016: libraries/CC3000/examples/CosaCC3000info/CosaCC3000info.ino
Program:   18078 bytes (6.9% Full)
Data:        954 bytes (11.6% Full)
Sat Jan 30 23:49:11 CET 2016: libraries/CC3000/examples/CosaCC3000server/CosaCC3000server.ino
Program:   20246 bytes (7.7% Full)
Data:       1042 bytes (12.7% Full)
Sat Jan 30 23:49:15 CET 2016: libraries/CC3000/examples/CosaCC3000socket/CosaCC3000socket.ino
Program:   16670 bytes (6.4% Full)
Data:        962 bytes (11.7% Full)
Sat Jan 30 23:49:19 CET 2016: libraries/CFFS/examples/CosaCFFS/CosaCFFS.ino
Program:   22332 bytes (8.5% Full)
Data:        545 bytes (6.7% Full)
Sat Jan 30 23:49:24 CET 2016: libraries/CFFS/examples/CosaCFFSshell/CosaCFFSshell.ino
Program:   19546 bytes (7.5% Full)
Data:        610 bytes (7.4% Full)
Sat Jan 30 23:49:28 CET 2016: libraries/Ciao/examples/CosaCiaoNative/CosaCiaoNative.ino
Program:    7150 bytes (2.7% Full)
Data:        356 bytes (4.3% Full)
Sat Jan 30 23:49:31 CET 2016: libraries/Ciao/examples/CosaCiaoPoint/CosaCiaoPoint.ino
Program:    6876 bytes (2.6% Full)
Data:        324 bytes (4.0% Full)
Sat Jan 30 23:49:35 CET 2016: libraries/Debug/examples/CosaDebug/CosaDebug.ino
Program:   10250 bytes (3.9% Full)
Data:        371 bytes (4.5% Full)
Sat Jan 30 23:49:38 CET 2016: libraries/DHCP/examples/CosaDHCP/CosaDHCP.ino
Program:   13772 bytes (5.3% Full)
Data:        665 bytes (8.1% Full)
Sat Jan 30 23:49:42 CET 2016: libraries/DHT/examples/CosaDHT/CosaDHT.ino
Program:   10460 bytes (4.0% Full)
Data:        520 bytes (6.3% Full)
Sat Jan 30 23:49:45 CET 2016: libraries/DHT/examples/CosaDHTMAX72XX/CosaDHTMAX72XX.ino
Program:   10020 bytes (3.8% Full)
Data:        408 bytes (5.0% Full)
Sat Jan 30 23:49:49 CET 2016: libraries/DNS/examples/CosaDNS/CosaDNS.ino
Program:   12702 bytes (4.8% Full)
Data:        643 bytes (7.8% Full)
Sat Jan 30 23:49:52 CET 2016: libraries/DS1302/examples/CosaDS1302/CosaDS1302.ino
Program:    8142 bytes (3.1% Full)
Data:        369 bytes (4.5% Full)
Sat Jan 30 23:49:56 CET 2016: libraries/DS1307/examples/CosaDS1307/CosaDS1307.ino
Program:    9574 bytes (3.7% Full)
Data:        464 bytes (5.7% Full)
Sat Jan 30 23:50:00 CET 2016: libraries/DS18B20/examples/CosaDS18B20alarm/CosaDS18B20alarm.ino
Program:   10346 bytes (3.9% Full)
Data:        525 bytes (6.4% Full)
Sat Jan 30 23:50:03 CET 2016: libraries/DS18B20/examples/CosaDS18B20calc/CosaDS18B20calc.ino
Program:    7444 bytes (2.8% Full)
Data:        356 bytes (4.3% Full)
Sat Jan 30 23:50:06 CET 2016: libraries/DS18B20/examples/CosaDS18B20/CosaDS18B20.ino
Program:    9814 bytes (3.7% Full)
Data:        500 bytes (6.1% Full)
Sat Jan 30 23:50:10 CET 2016: libraries/DS18B20/examples/CosaDS18B20periodic/CosaDS18B20periodic.ino
Program:    9352 bytes (3.6% Full)
Data:        485 bytes (5.9% Full)
Sat Jan 30 23:50:14 CET 2016: libraries/DS3231/examples/CosaDS3231/CosaDS3231.ino
Program:   11318 bytes (4.3% Full)
Data:        442 bytes (5.4% Full)
Sat Jan 30 23:50:17 CET 2016: libraries/Fai/examples/CosaFai/CosaFai.ino
Program:    8064 bytes (3.1% Full)
Data:        448 bytes (5.5% Full)
Sat Jan 30 23:50:21 CET 2016: libraries/FAT16/examples/CosaFAT16/CosaFAT16.ino
Program:   17726 bytes (6.8% Full)
Data:       1028 bytes (12.5% Full)
Sat Jan 30 23:50:25 CET 2016: libraries/FAT16/examples/CosaFAT16logger/CosaFAT16logger.ino
Program:   17056 bytes (6.5% Full)
Data:       1092 bytes (13.3% Full)
Sat Jan 30 23:50:29 CET 2016: libraries/HCSR04/examples/CosaHCSR04/CosaHCSR04.ino
Program:    7592 bytes (2.9% Full)
Data:        495 bytes (6.0% Full)
Sat Jan 30 23:50:32 CET 2016: libraries/HMC5883L/examples/CosaHMC5883L/CosaHMC5883L.ino
Program:    8692 bytes (3.3% Full)
Data:        427 bytes (5.2% Full)
Sat Jan 30 23:50:36 CET 2016: libraries/IR/examples/CosaIR/CosaIR.ino
Program:   10122 bytes (3.9% Full)
Data:        434 bytes (5.3% Full)
Sat Jan 30 23:50:39 CET 2016: libraries/L3G4200D/examples/CosaL3G4200D/CosaL3G4200D.ino
Program:    8194 bytes (3.1% Full)
Data:        417 bytes (5.1% Full)
Sat Jan 30 23:50:43 CET 2016: libraries/LCD/CosaHD44780/CosaHD44780.ino
Program:    7342 bytes (2.8% Full)
Data:        330 bytes (4.0% Full)
Sat Jan 30 23:50:46 CET 2016: libraries/LCD/CosaLCD10DOF/CosaLCD10DOF.ino
Program:   10512 bytes (4.0% Full)
Data:        428 bytes (5.2% Full)
Sat Jan 30 23:50:50 CET 2016: libraries/LCD/CosaLCDbench/CosaLCDbench.ino
Program:    7800 bytes (3.0% Full)
Data:        377 bytes (4.6% Full)
Sat Jan 30 23:50:54 CET 2016: libraries/LCD/CosaLCDclock/CosaLCDclock.ino
Program:    7716 bytes (2.9% Full)
Data:        321 bytes (3.9% Full)
Sat Jan 30 23:50:58 CET 2016: libraries/LCD/CosaLCDhbar/CosaLCDhbar.ino
Program:    7548 bytes (2.9% Full)
Data:        351 bytes (4.3% Full)
Sat Jan 30 23:51:02 CET 2016: libraries/LCD/CosaLCDkeypad/CosaLCDkeypad.ino
Program:    7080 bytes (2.7% Full)
Data:        430 bytes (5.2% Full)
Sat Jan 30 23:51:05 CET 2016: libraries/LCD/CosaLCDmenu/CosaLCDmenu.ino
Program:    8340 bytes (3.2% Full)
Data:        476 bytes (5.8% Full)
Sat Jan 30 23:51:09 CET 2016: libraries/LCD/CosaLCDsize/CosaLCDsize.ino
Program:    4042 bytes (1.5% Full)
Data:        277 bytes (3.4% Full)
Sat Jan 30 23:51:13 CET 2016: libraries/LCD/CosaLCDslave/CosaLCDslave.ino
Program:    6782 bytes (2.6% Full)
Data:        465 bytes (5.7% Full)
Sat Jan 30 23:51:16 CET 2016: libraries/LCD/CosaLCDspeed/CosaLCDspeed.ino
Program:    8240 bytes (3.1% Full)
Data:        376 bytes (4.6% Full)
Sat Jan 30 23:51:20 CET 2016: libraries/LCD/CosaLCDtemp/CosaLCDtemp.ino
Program:    9028 bytes (3.4% Full)
Data:        358 bytes (4.4% Full)
Sat Jan 30 23:51:24 CET 2016: libraries/LCD/CosaLCDterm/CosaLCDterm.ino
Program:    7760 bytes (3.0% Full)
Data:        498 bytes (6.1% Full)
Sat Jan 30 23:51:28 CET 2016: libraries/LCD/CosaLCDvbar/CosaLCDvbar.ino
Program:    7046 bytes (2.7% Full)
Data:        316 bytes (3.9% Full)
Sat Jan 30 23:51:31 CET 2016: libraries/LCD/CosaLCDverify/CosaLCDverify.ino
Program:     670 bytes (0.3% Full)
Data:         99 bytes (1.2% Full)
Sat Jan 30 23:51:35 CET 2016: libraries/LCD/CosaST7565/CosaST7565.ino
Program:   15792 bytes (6.0% Full)
Data:        445 bytes (5.4% Full)
Sat Jan 30 23:51:39 CET 2016: libraries/MAX72XX/examples/CosaMAX72XX/CosaMAX72XX.ino
Program:    7160 bytes (2.7% Full)
Data:        260 bytes (3.2% Full)
Sat Jan 30 23:51:43 CET 2016: libraries/MCP23008/examples/CosaMCP23008/CosaMCP23008.ino
Program:   11448 bytes (4.4% Full)
Data:        468 bytes (5.7% Full)
Sat Jan 30 23:51:46 CET 2016: libraries/MCP7940N/examples/CosaMCP7940N/CosaMCP7940N.ino
Program:   11426 bytes (4.4% Full)
Data:        475 bytes (5.8% Full)
Sat Jan 30 23:51:50 CET 2016: libraries/MPU6050/examples/CosaMPU6050/CosaMPU6050.ino
Program:    8584 bytes (3.3% Full)
Data:        417 bytes (5.1% Full)
Sat Jan 30 23:51:53 CET 2016: libraries/Nucleo/examples/CosaNucleoActor/CosaNucleoActor.ino
Program:   10252 bytes (3.9% Full)
Data:        659 bytes (8.0% Full)
Sat Jan 30 23:51:55 CET 2016: libraries/Nucleo/examples/CosaNucleoBenchmark/CosaNucleoBenchmark.ino
Program:    8908 bytes (3.4% Full)
Data:        561 bytes (6.8% Full)
Sat Jan 30 23:51:58 CET 2016: libraries/Nucleo/examples/CosaNucleoMutex/CosaNucleoMutex.ino
Program:    7950 bytes (3.0% Full)
Data:        508 bytes (6.2% Full)
Sat Jan 30 23:52:02 CET 2016: libraries/Nucleo/examples/CosaNucleoPingPong/CosaNucleoPingPong.ino
Program:    8776 bytes (3.3% Full)
Data:        530 bytes (6.5% Full)
Sat Jan 30 23:52:05 CET 2016: libraries/Nucleo/examples/CosaNucleoSemaphore/CosaNucleoSemaphore.ino
Program:    7840 bytes (3.0% Full)
Data:        508 bytes (6.2% Full)
Sat Jan 30 23:52:08 CET 2016: libraries/Nucleo/examples/CosaNucleoSPI/CosaNucleoSPI.ino
Program:    2856 bytes (1.1% Full)
Data:        270 bytes (3.3% Full)
Sat Jan 30 23:52:12 CET 2016: libraries/Nucleo/examples/CosaNucleoThread/CosaNucleoThread.ino
Program:    8170 bytes (3.1% Full)
Data:        586 bytes (7.2% Full)
Sat Jan 30 23:52:15 CET 2016: libraries/OWI/examples/CosaDS1990A/CosaDS1990A.ino
Program:    6780 bytes (2.6% Full)
Data:        359 bytes (4.4% Full)
Sat Jan 30 23:52:18 CET 2016: libraries/PCD8544/examples/CosaPCD8544/CosaPCD8544.ino
Program:   15078 bytes (5.8% Full)
Data:        423 bytes (5.2% Full)
Sat Jan 30 23:52:22 CET 2016: libraries/PCD8544/examples/CosaPCD8544temp/CosaPCD8544temp.ino
Program:   15416 bytes (5.9% Full)
Data:        516 bytes (6.3% Full)
Sat Jan 30 23:52:26 CET 2016: libraries/PCF8563/examples/CosaPCF8563/CosaPCF8563.ino
Program:    9604 bytes (3.7% Full)
Data:        435 bytes (5.3% Full)
Sat Jan 30 23:52:30 CET 2016: libraries/PCF8574/examples/CosaPCF8574/CosaPCF8574.ino
Program:    8948 bytes (3.4% Full)
Data:        435 bytes (5.3% Full)
Sat Jan 30 23:52:33 CET 2016: libraries/PCF8591/examples/CosaPCF8591/CosaPCF8591.ino
Program:    9478 bytes (3.6% Full)
Data:        459 bytes (5.6% Full)
Sat Jan 30 23:52:36 CET 2016: libraries/ProtoThread/examples/CosaProtoThreadBenchmark/CosaProtoThreadBenchmark.ino
Program:    9206 bytes (3.5% Full)
Data:        534 bytes (6.5% Full)
Sat Jan 30 23:52:40 CET 2016: libraries/RC4/examples/CosaRC4/CosaRC4.ino
Program:   10458 bytes (4.0% Full)
Data:       1041 bytes (12.7% Full)
Sat Jan 30 23:52:43 CET 2016: libraries/Registry/examples/CosaRegistry/CosaRegistry.ino
Program:   10742 bytes (4.1% Full)
Data:        392 bytes (4.8% Full)
EEPROM:        5 bytes (0.1% Full)
Sat Jan 30 23:52:47 CET 2016: libraries/Rotary/examples/CosaRotaryEncoder/CosaRotaryEncoder.ino
Program:    6958 bytes (2.7% Full)
Data:        432 bytes (5.3% Full)
Sat Jan 30 23:52:50 CET 2016: libraries/RS485/examples/CosaRS485master/CosaRS485master.ino
Program:    9642 bytes (3.7% Full)
Data:        658 bytes (8.0% Full)
Sat Jan 30 23:52:54 CET 2016: libraries/RS485/examples/CosaRS485slave/CosaRS485slave.ino
Program:    9884 bytes (3.8% Full)
Data:        696 bytes (8.5% Full)
Sat Jan 30 23:52:57 CET 2016: libraries/S25FL127S/examples/CosaS25FL127S/CosaS25FL127S.ino
Program:   14614 bytes (5.6% Full)
Data:        475 bytes (5.8% Full)
Sat Jan 30 23:53:01 CET 2016: libraries/SD/examples/CosaBMP/CosaBMP.ino
Program:   14824 bytes (5.7% Full)
Data:       1018 bytes (12.4% Full)
Sat Jan 30 23:53:05 CET 2016: libraries/SD/examples/CosaSD/CosaSD.ino
Program:   11848 bytes (4.5% Full)
Data:        424 bytes (5.2% Full)
Sat Jan 30 23:53:08 CET 2016: libraries/Servo/examples/CosaServo/CosaServo.ino
Program:    1866 bytes (0.7% Full)
Data:        119 bytes (1.5% Full)
Sat Jan 30 23:53:12 CET 2016: libraries/Si70XX/examples/CosaSi7021/CosaSi7021.ino
Program:   14186 bytes (5.4% Full)
Data:        443 bytes (5.4% Full)
Sat Jan 30 23:53:15 CET 2016: libraries/SRPO/examples/CosaSRPO/CosaSRPO.ino
Program:    1898 bytes (0.7% Full)
Data:        119 bytes (1.5% Full)
Sat Jan 30 23:53:18 CET 2016: libraries/TCS230/examples/CosaTCS230/CosaTCS230.ino
Program:    7480 bytes (2.9% Full)
Data:        417 bytes (5.1% Full)
Sat Jan 30 23:53:22 CET 2016: libraries/Touch/examples/CosaTouch/CosaTouch.ino
Program:    7156 bytes (2.7% Full)
Data:        503 bytes (6.1% Full)
Sat Jan 30 23:53:25 CET 2016: libraries/Vigenere/examples/CosaVigenere/CosaVigenere.ino
Program:    9116 bytes (3.5% Full)
Data:        411 bytes (5.0% Full)
Sat Jan 30 23:53:28 CET 2016: libraries/W25X40CL/examples/CosaW25X40CL/CosaW25X40CL.ino
Program:   15540 bytes (5.9% Full)
Data:        475 bytes (5.8% Full)
Sat Jan 30 23:53:32 CET 2016: libraries/Wireless/CosaWirelessButton/CosaWirelessButton.ino
Program:    6812 bytes (2.6% Full)
Data:        365 bytes (4.5% Full)
Sat Jan 30 23:53:35 CET 2016: libraries/Wireless/CosaWirelessDHT11/CosaWirelessDHT11.ino
Program:    6612 bytes (2.5% Full)
Data:        370 bytes (4.5% Full)
Sat Jan 30 23:53:39 CET 2016: libraries/Wireless/CosaWirelessDS18B20/CosaWirelessDS18B20.ino
Program:    6938 bytes (2.6% Full)
Data:        356 bytes (4.3% Full)
Sat Jan 30 23:53:42 CET 2016: libraries/Wireless/CosaWirelessIOStream/CosaWirelessIOStream.ino
Program:    7502 bytes (2.9% Full)
Data:        401 bytes (4.9% Full)
Sat Jan 30 23:53:46 CET 2016: libraries/Wireless/CosaWirelessMonitor/CosaWirelessMonitor.ino
Program:    4716 bytes (1.8% Full)
Data:        251 bytes (3.1% Full)
Sat Jan 30 23:53:49 CET 2016: libraries/Wireless/CosaWirelessPing/CosaWirelessPing.ino
Program:   10292 bytes (3.9% Full)
Data:        602 bytes (7.3% Full)
Sat Jan 30 23:53:53 CET 2016: libraries/Wireless/CosaWirelessPong/CosaWirelessPong.ino
Program:    9740 bytes (3.7% Full)
Data:        600 bytes (7.3% Full)
Sat Jan 30 23:53:56 CET 2016: libraries/Wireless/CosaWirelessReceiver/CosaWirelessReceiver.ino
Program:   11826 bytes (4.5% Full)
Data:        555 bytes (6.8% Full)
Sat Jan 30 23:54:00 CET 2016: libraries/Wireless/CosaWirelessReceiverLCD/CosaWirelessReceiverLCD.ino
Program:   11822 bytes (4.5% Full)
Data:        462 bytes (5.6% Full)
Sat Jan 30 23:54:04 CET 2016: libraries/Wireless/CosaWirelessRelay/CosaWirelessRelay.ino
Program:    9188 bytes (3.5% Full)
Data:        576 bytes (7.0% Full)
Sat Jan 30 23:54:08 CET 2016: libraries/Wireless/CosaWirelessSender/CosaWirelessSender.ino
Program:   10154 bytes (3.9% Full)
Data:        561 bytes (6.8% Full)
Sat Jan 30 23:54:11 CET 2016: libraries/Wireless/CosaWirelessTrace/CosaWirelessTrace.ino
Program:    9942 bytes (3.8% Full)
Data:        487 bytes (5.9% Full)
Sat Jan 30 23:54:15 CET 2016: lib/Shell/examples/CosaShell/CosaShell.ino
Program:   24632 bytes (9.4% Full)
Data:        571 bytes (7.0% Full)
Sat Jan 30 23:54:19 CET 2016: lib/Shell/examples/CosaShellTelnetServer/CosaShellTelnetServer.ino
Program:   29338 bytes (11.2% Full)
Data:        731 bytes (8.9% Full)
Sat Jan 30 23:54:24 CET 2016: lib/Shell/examples/CosaShellWebServer/CosaShellWebServer.ino
Program:   32082 bytes (12.2% Full)
Data:        919 bytes (11.2% Full)
Sat Jan 30 23:54:29 CET 2016: lib/SNMP/examples/CosaSNMP/CosaSNMP.ino
Program:   20242 bytes (7.7% Full)
Data:        715 bytes (8.7% Full)
Sat Jan 30 23:54:33 CET 2016: lib/Telnet/examples/CosaTelnetServer/CosaTelnetServer.ino
Program:   11290 bytes (4.3% Full)
Data:        471 bytes (5.7% Full)
Sat Jan 30 23:54:37 CET 2016: lib/ThingSpeak/examples/CosaThingSpeakChannel/CosaThingSpeakChannel.ino
Program:   18178 bytes (6.9% Full)
Data:        734 bytes (9.0% Full)
Sat Jan 30 23:54:41 CET 2016: lib/ThingSpeak/examples/CosaThingSpeakClient/CosaThingSpeakClient.ino
Program:   22282 bytes (8.5% Full)
Data:       1048 bytes (12.8% Full)
Sat Jan 30 23:54:45 CET 2016: lib/ThingSpeak/examples/CosaThingSpeakTalkBack/CosaThingSpeakTalkBack.ino
Program:   17082 bytes (6.5% Full)
Data:        669 bytes (8.2% Full)
Sat Jan 30 23:54:49 CET 2016: lib/UML/examples/CosaUMLBlink/CosaUMLBlink.ino
Program:    2842 bytes (1.1% Full)
Data:        281 bytes (3.4% Full)
Sat Jan 30 23:54:52 CET 2016: lib/UML/examples/CosaUMLCapsules/CosaUMLCapsules.ino
Program:    8042 bytes (3.1% Full)
Data:        656 bytes (8.0% Full)
Sat Jan 30 23:54:55 CET 2016: lib/UML/examples/CosaUMLPingPong/CosaUMLPingPong.ino
Program:    7306 bytes (2.8% Full)
Data:        522 bytes (6.4% Full)
Sat Jan 30 23:54:59 CET 2016: lib/UML/examples/CosaUMLTermostat/CosaUMLTermostat.ino
Program:   11648 bytes (4.4% Full)
Data:        616 bytes (7.5% Full)
Sat Jan 30 23:55:02 CET 2016: lib/UML/examples/CosaUMLThermometer/CosaUMLThermometer.ino
Program:   12858 bytes (4.9% Full)
Data:        599 bytes (7.3% Full)
Sat Jan 30 23:55:06 CET 2016: lib/UML/examples/CosaUMLTrigger/CosaUMLTrigger.ino
Program:    8608 bytes (3.3% Full)
Data:        603 bytes (7.4% Full)
Sat Jan 30 23:55:10 CET 2016: lib/UML/examples/CosaUMLVoltmeter/CosaUMLVoltmeter.ino
Program:   10160 bytes (3.9% Full)
Data:        587 bytes (7.2% Full)
