Mon Sep 14 11:04:36 CEST 2015: build/CosaBuild.ino
Program:      94 bytes (1.1% Full)
Data:          0 bytes (0.0% Full)
Mon Sep 14 11:04:37 CEST 2015: examples/Analyzer/ArduinoAnalyzerDigitalPin/ArduinoAnalyzerDigitalPin.ino
Program:      94 bytes (1.1% Full)
Data:          0 bytes (0.0% Full)
Mon Sep 14 11:04:40 CEST 2015: examples/Analyzer/CosaAnalyzerFlush/CosaAnalyzerFlush.ino
Program:    2778 bytes (33.9% Full)
Data:        171 bytes (33.4% Full)
Mon Sep 14 11:04:43 CEST 2015: examples/Analyzer/CosaAnalyzerGPIO/CosaAnalyzerGPIO.ino
Program:    5688 bytes (69.4% Full)
Data:        133 bytes (26.0% Full)
Mon Sep 14 11:04:47 CEST 2015: examples/Analyzer/CosaAnalyzerJob/CosaAnalyzerJob.ino
Program:    4668 bytes (57.0% Full)
Data:        363 bytes (70.9% Full)
Mon Sep 14 11:04:50 CEST 2015: examples/Analyzer/CosaAnalyzerPeriodic/CosaAnalyzerPeriodic.ino
Program:    4876 bytes (59.5% Full)
Data:        297 bytes (58.0% Full)
Mon Sep 14 11:04:53 CEST 2015: examples/Analyzer/CosaAnalyzerPulse/CosaAnalyzerPulse.ino
Program:    4714 bytes (57.5% Full)
Data:        313 bytes (61.1% Full)
Mon Sep 14 11:04:56 CEST 2015: examples/Benchmarks/CosaBenchmarkFSM/CosaBenchmarkFSM.ino
Program:    5502 bytes (67.2% Full)
Data:        261 bytes (51.0% Full)
Mon Sep 14 11:05:00 CEST 2015: examples/Benchmarks/CosaBenchmarkGPIO/CosaBenchmarkGPIO.ino
collect2: error: ld returned 1 exit status
Mon Sep 14 11:05:04 CEST 2015: examples/Benchmarks/CosaBenchmarkPins/CosaBenchmarkPins.ino
CosaBenchmarkPins.ino:496:14: warning: unused variable 'var' [-Wunused-variable]
collect2: error: ld returned 1 exit status
Mon Sep 14 11:05:08 CEST 2015: examples/Benchmarks/CosaBenchmarkRTC/CosaBenchmarkRTC.ino
collect2: error: ld returned 1 exit status
Mon Sep 14 11:05:12 CEST 2015: examples/Benchmarks/CosaBenchmarkSizeOf/CosaBenchmarkSizeOf.ino
Program:    7370 bytes (90.0% Full)
Data:        211 bytes (41.2% Full)
Mon Sep 14 11:05:15 CEST 2015: examples/Benchmarks/CosaBenchmarkUART/CosaBenchmarkUART.ino
CosaBenchmarkUART.ino:38:1: error: 'UART' does not name a type
Mon Sep 14 11:05:17 CEST 2015: examples/Blink/CosaBlinkClassic/CosaBlinkClassic.ino
Program:     310 bytes (3.8% Full)
Data:          4 bytes (0.8% Full)
Mon Sep 14 11:05:20 CEST 2015: examples/Blink/CosaBlink/CosaBlink.ino
Program:     668 bytes (8.2% Full)
Data:         55 bytes (10.7% Full)
Mon Sep 14 11:05:23 CEST 2015: examples/Blink/CosaBlinkFSM/CosaBlinkFSM.ino
Program:    4424 bytes (54.0% Full)
Data:        277 bytes (54.1% Full)
Mon Sep 14 11:05:26 CEST 2015: examples/Blink/CosaBlinkInterrupt/CosaBlinkInterrupt.ino
Program:    1876 bytes (22.9% Full)
Data:        129 bytes (25.2% Full)
Mon Sep 14 11:05:29 CEST 2015: examples/Blink/CosaBlinkLED/CosaBlinkLED.ino
Program:    1822 bytes (22.2% Full)
Data:        122 bytes (23.8% Full)
Mon Sep 14 11:05:32 CEST 2015: examples/Blink/CosaBlinkMinimal/CosaBlinkMinimal.ino
Program:     138 bytes (1.7% Full)
Data:          0 bytes (0.0% Full)
Mon Sep 14 11:05:35 CEST 2015: examples/Blink/CosaBlinkPeriodicBlock/CosaBlinkPeriodicBlock.ino
Program:     906 bytes (11.1% Full)
Data:         67 bytes (13.1% Full)
Mon Sep 14 11:05:38 CEST 2015: examples/Blink/CosaBlinkPeriodic/CosaBlinkPeriodic.ino
Program:    2034 bytes (24.8% Full)
Data:        171 bytes (33.4% Full)
Mon Sep 14 11:05:42 CEST 2015: examples/Blink/CosaBlinkProtoThread/CosaBlinkProtoThread.ino
Program:    2124 bytes (25.9% Full)
Data:        142 bytes (27.7% Full)
Mon Sep 14 11:05:45 CEST 2015: examples/Blink/CosaBlinkRandom/CosaBlinkRandom.ino
Program:     980 bytes (12.0% Full)
Data:          8 bytes (1.6% Full)
Mon Sep 14 11:05:48 CEST 2015: examples/Blink/CosaBlinkTemp/CosaBlinkTemp.ino
Program:    3050 bytes (37.2% Full)
Data:        115 bytes (22.5% Full)
Mon Sep 14 11:05:51 CEST 2015: examples/Blink/CosaBlinkThread/CosaBlinkThread.ino
Program:    2090 bytes (25.5% Full)
Data:        203 bytes (39.6% Full)
Mon Sep 14 11:05:54 CEST 2015: examples/Blink/CosaBlinkTimeout/CosaBlinkTimeout.ino
Program:    1890 bytes (23.1% Full)
Data:        219 bytes (42.8% Full)
Mon Sep 14 11:05:58 CEST 2015: examples/Blink/CosaBlinkWatchdog/CosaBlinkWatchdog.ino
Program:     616 bytes (7.5% Full)
Data:         55 bytes (10.7% Full)
Mon Sep 14 11:06:01 CEST 2015: examples/Build/CosaSizeDATA/CosaSizeDATA.ino
Program:    2060 bytes (25.1% Full)
Data:        372 bytes (72.7% Full)
Mon Sep 14 11:06:04 CEST 2015: examples/Build/CosaSizeEEPROM/CosaSizeEEPROM.ino
Program:    3510 bytes (42.8% Full)
Data:        150 bytes (29.3% Full)
EEPROM:      512 bytes (100.0% Full)
Mon Sep 14 11:06:08 CEST 2015: examples/Compiler/CosaBitfields/CosaBitfields.ino
Program:    3646 bytes (44.5% Full)
Data:        181 bytes (35.4% Full)
Mon Sep 14 11:06:11 CEST 2015: examples/Compiler/CosaDiff/CosaDiff.ino
Program:    4250 bytes (51.9% Full)
Data:        181 bytes (35.4% Full)
Mon Sep 14 11:06:15 CEST 2015: examples/Compiler/CosaMath/CosaMath.ino
Program:    6422 bytes (78.4% Full)
Data:        200 bytes (39.1% Full)
Mon Sep 14 11:06:18 CEST 2015: examples/Compiler/CosaMatrix/CosaMatrix.ino
Program:    3506 bytes (42.8% Full)
Data:        183 bytes (35.7% Full)
EEPROM:       54 bytes (10.5% Full)
Mon Sep 14 11:06:21 CEST 2015: examples/Compiler/CosaPSTR/CosaPSTR.ino
Program:    5042 bytes (61.5% Full)
Data:        203 bytes (39.6% Full)
Mon Sep 14 11:06:24 CEST 2015: examples/Compiler/CosaSRAM/CosaSRAM.ino
/home/epkmipl/Sketchbook/hardware/Cosa/cores/cosa/Cosa/IOStream/Driver/UART.hh:173:21: error: 'UART_MAX' is not a member of 'Board'
/home/epkmipl/Sketchbook/hardware/Cosa/cores/cosa/Cosa/IOStream/Driver/UART.hh:63:11: error: 'UART' is not a member of 'Board'
/home/epkmipl/Sketchbook/hardware/Cosa/cores/cosa/Cosa/IOStream/Driver/UART.hh:67:5: error: 'uart' was not declared in this scope
Mon Sep 14 11:06:26 CEST 2015: examples/Compiler/CosaSwap/CosaSwap.ino
Program:    5324 bytes (65.0% Full)
Data:        189 bytes (36.9% Full)
Mon Sep 14 11:06:29 CEST 2015: examples/Compiler/CosaSwitch/CosaSwitch.ino
Program:    5686 bytes (69.4% Full)
Data:        204 bytes (39.8% Full)
CosaSwitch.ino:188:27: warning: iteration 633 invokes undefined behavior [-Waggressive-loop-optimizations]
CosaSwitch.ino:178:27: warning: iteration 496 invokes undefined behavior [-Waggressive-loop-optimizations]
Mon Sep 14 11:06:32 CEST 2015: examples/Pins/CosaAnalogComparator/CosaAnalogComparator.ino
Program:    3340 bytes (40.8% Full)
Data:        193 bytes (37.7% Full)
Mon Sep 14 11:06:35 CEST 2015: examples/Pins/CosaAnalogPins/CosaAnalogPins.ino
Program:    4304 bytes (52.5% Full)
Data:        250 bytes (48.8% Full)
Mon Sep 14 11:06:38 CEST 2015: examples/Pins/CosaButton/CosaButton.ino
Program:    5492 bytes (67.0% Full)
Data:        314 bytes (61.3% Full)
Mon Sep 14 11:06:42 CEST 2015: examples/Pins/CosaGPIO/CosaGPIO.ino
Program:    2894 bytes (35.3% Full)
Data:        173 bytes (33.8% Full)
Mon Sep 14 11:06:45 CEST 2015: examples/Pins/CosaInputCapture/CosaInputCapture.ino
CosaInputCapture.ino:36:35: error: expected class-name before '{' token
CosaInputCapture.ino:38:13: error: class 'Probe' does not have any field named 'InputCapture'
CosaInputCapture.ino:69:9: error: 'class Probe' has no member named 'enable'
Mon Sep 14 11:06:46 CEST 2015: examples/Pins/CosaPinChangeInterrupt/CosaPinChangeInterrupt.ino
Program:    3286 bytes (40.1% Full)
Data:        223 bytes (43.6% Full)
Mon Sep 14 11:06:50 CEST 2015: examples/Pins/CosaPins/CosaPins.ino
CosaPins.ino:92:16: error: 'PCI15' is not a member of 'Board'
Mon Sep 14 11:06:51 CEST 2015: examples/Pins/CosaPWMPin/CosaPWMPin.ino
Program:    3546 bytes (43.3% Full)
Data:        185 bytes (36.1% Full)
Mon Sep 14 11:06:54 CEST 2015: examples/Sandbox/CosaACS712T/CosaACS712T.ino
Program:    3452 bytes (42.1% Full)
Data:        200 bytes (39.1% Full)
Mon Sep 14 11:06:58 CEST 2015: examples/Sandbox/CosaBitSet/CosaBitSet.ino
Program:    4316 bytes (52.7% Full)
Data:        193 bytes (37.7% Full)
Mon Sep 14 11:07:01 CEST 2015: examples/Sandbox/CosaConfig/CosaConfig.ino
Program:    3822 bytes (46.7% Full)
Data:        132 bytes (25.8% Full)
Mon Sep 14 11:07:04 CEST 2015: examples/Sandbox/CosaEEPROM/CosaEEPROM.ino
Program:    5240 bytes (64.0% Full)
Data:        242 bytes (47.3% Full)
EEPROM:       36 bytes (7.0% Full)
Mon Sep 14 11:07:07 CEST 2015: examples/Sandbox/CosaIOBuffer/CosaIOBuffer.ino
Program:    7486 bytes (91.4% Full)
Data:        194 bytes (37.9% Full)
Mon Sep 14 11:07:11 CEST 2015: examples/Sandbox/CosaIOEvent/CosaIOEvent.ino
CosaIOEvent.ino:30:18: error: 'UART' was not declared in this scope
CosaIOEvent.ino:30:34: error: template argument 1 is invalid
CosaIOEvent.ino:30:42: error: invalid type in declaration before ';' token
CosaIOEvent.ino:38:17: error: request for member 'available' in '* buf', which is of non-class type 'Buffer {aka int}'
CosaIOEvent.ino:38:51: error: request for member 'getchar' in '* buf', which is of non-class type 'Buffer {aka int}'
/home/epkmipl/Sketchbook/hardware/Cosa/cores/cosa/Cosa/IOEvent.hh:36:7: error: base type 'int' fails to be a struct or class type
CosaIOEvent.ino:45:1: error: 'UART' does not name a type
/home/epkmipl/Sketchbook/hardware/Cosa/cores/cosa/Cosa/IOEvent.hh:41:65: error: type 'int' is not a direct base of 'IOEvent<int>'
/home/epkmipl/Sketchbook/hardware/Cosa/cores/cosa/Cosa/IOEvent.hh:51:32: error: 'putchar' is not a member of 'int'
/home/epkmipl/Sketchbook/hardware/Cosa/cores/cosa/Cosa/IOEvent.hh:52:44: error: 'room' is not a member of 'int'
/home/epkmipl/Sketchbook/hardware/Cosa/cores/cosa/Cosa/IOEvent.hh:64:31: error: 'getchar' is not a member of 'int'
Mon Sep 14 11:07:12 CEST 2015: examples/Sandbox/CosaLowPower/CosaLowPower.ino
CosaLowPower.ino:81:3: error: 'UCSR0B' was not declared in this scope
CosaLowPower.ino:88:3: error: 'DDRC' was not declared in this scope
CosaLowPower.ino:89:3: error: 'PORTC' was not declared in this scope
CosaLowPower.ino:90:3: error: 'DDRD' was not declared in this scope
CosaLowPower.ino:91:3: error: 'PORTD' was not declared in this scope
Mon Sep 14 11:07:14 CEST 2015: examples/Sandbox/CosaNucleoActor/CosaNucleoActor.ino
Program:    7664 bytes (93.6% Full)
Data:        480 bytes (93.8% Full)
Mon Sep 14 11:07:17 CEST 2015: examples/Sandbox/CosaPeriodicBlock/CosaPeriodicBlock.ino
Program:    3414 bytes (41.7% Full)
Data:        199 bytes (38.9% Full)
Mon Sep 14 11:07:21 CEST 2015: examples/Sandbox/CosaPingPong/CosaPingPong.ino
Program:    4130 bytes (50.4% Full)
Data:        287 bytes (56.1% Full)
Mon Sep 14 11:07:24 CEST 2015: examples/Sandbox/CosaRestart/CosaRestart.ino
Program:    3794 bytes (46.3% Full)
Data:        183 bytes (35.7% Full)
Mon Sep 14 11:07:27 CEST 2015: examples/Sandbox/CosaRF433/CosaRF433.ino
Program:    3008 bytes (36.7% Full)
Data:        192 bytes (37.5% Full)
Mon Sep 14 11:07:30 CEST 2015: examples/Sandbox/CosaSoftSRPI/CosaSoftSRPI.ino
Program:    2982 bytes (36.4% Full)
Data:        181 bytes (35.4% Full)
Mon Sep 14 11:07:33 CEST 2015: examples/Sandbox/CosaSoftSRPO/CosaSoftSRPO.ino
Program:    1022 bytes (12.5% Full)
Data:         63 bytes (12.3% Full)
Mon Sep 14 11:07:36 CEST 2015: examples/Sandbox/CosaSPIclock/CosaSPIclock.ino
Program:    6178 bytes (75.4% Full)
Data:        159 bytes (31.1% Full)
Mon Sep 14 11:07:39 CEST 2015: examples/Sandbox/CosaSPI/CosaSPI.ino
Program:    2058 bytes (25.1% Full)
Data:         65 bytes (12.7% Full)
Mon Sep 14 11:07:42 CEST 2015: examples/Sandbox/CosaString/CosaString.ino
Program:    6346 bytes (77.5% Full)
Data:        181 bytes (35.4% Full)
Mon Sep 14 11:07:46 CEST 2015: examples/Sandbox/CosaTermostat/CosaTermostat.ino
Program:    6170 bytes (75.3% Full)
Data:        277 bytes (54.1% Full)
Mon Sep 14 11:07:49 CEST 2015: examples/Sandbox/CosaTone/CosaTone.ino
CosaTone.ino:29:2: error: #error "CosaTone: board not supported"
 #error "CosaTone: board not supported"
Mon Sep 14 11:07:51 CEST 2015: examples/Sandbox/CosaVCC/CosaVCC.ino
Program:    4752 bytes (58.0% Full)
Data:        348 bytes (68.0% Full)
Mon Sep 14 11:07:54 CEST 2015: examples/Sandbox/CosaWatchdogJob/CosaWatchdogJob.ino
Program:    4504 bytes (55.0% Full)
Data:        317 bytes (61.9% Full)
Mon Sep 14 11:07:57 CEST 2015: examples/Time/CosaAlarm/CosaAlarm.ino
Program:    5542 bytes (67.7% Full)
Data:        301 bytes (58.8% Full)
Mon Sep 14 11:08:00 CEST 2015: examples/Time/CosaDelay/CosaDelay.ino
Program:    3076 bytes (37.5% Full)
Data:        169 bytes (33.0% Full)
Mon Sep 14 11:08:04 CEST 2015: examples/Time/CosaMicros/CosaMicros.ino
Program:    3464 bytes (42.3% Full)
Data:        175 bytes (34.2% Full)
Mon Sep 14 11:08:07 CEST 2015: examples/Time/CosaPeriodic/CosaPeriodic.ino
Program:    4192 bytes (51.2% Full)
Data:        247 bytes (48.2% Full)
Mon Sep 14 11:08:10 CEST 2015: examples/Time/CosaSince/CosaSince.ino
Program:    4424 bytes (54.0% Full)
Data:        230 bytes (44.9% Full)
Mon Sep 14 11:08:13 CEST 2015: examples/Time/CosaTime/CosaTime.ino
collect2: error: ld returned 1 exit status
Mon Sep 14 11:08:16 CEST 2015: examples/Time/CosaTimeLCD/CosaTimeLCD.ino
collect2: error: ld returned 1 exit status
Mon Sep 14 11:08:20 CEST 2015: examples/Tools/CosaAutoCalibration/CosaAutoCalibration.ino
Program:    4456 bytes (54.4% Full)
Data:        260 bytes (50.8% Full)
Mon Sep 14 11:08:23 CEST 2015: examples/Tools/CosaClockCalibration/CosaClockCalibration.ino
CosaClockCalibration.ino:137:20: error: 'EXT1' is not a member of 'Board'
Mon Sep 14 11:08:25 CEST 2015: examples/Tools/CosaOWIdebug/CosaOWIdebug.ino
Program:    4378 bytes (53.4% Full)
Data:        185 bytes (36.1% Full)
Mon Sep 14 11:08:28 CEST 2015: examples/Tools/CosaOWIrom/CosaOWIrom.ino
Program:    3484 bytes (42.5% Full)
Data:        130 bytes (25.4% Full)
Mon Sep 14 11:08:31 CEST 2015: examples/Tools/CosaPinScanner/CosaPinScanner.ino
Program:    2978 bytes (36.4% Full)
Data:        167 bytes (32.6% Full)
Mon Sep 14 11:08:34 CEST 2015: examples/Tools/CosaProbe/CosaProbe.ino
Program:    4206 bytes (51.3% Full)
Data:        475 bytes (92.8% Full)
Mon Sep 14 11:08:37 CEST 2015: examples/Tools/CosaRF24scanner/CosaRF24scanner.ino
collect2: error: ld returned 1 exit status
Mon Sep 14 11:08:40 CEST 2015: examples/Tools/CosaTWIscanner/CosaTWIscanner.ino
Program:    5540 bytes (67.6% Full)
Data:        222 bytes (43.4% Full)
Mon Sep 14 11:08:43 CEST 2015: examples/TWI/Cosa10DOF/Cosa10DOF.ino
collect2: error: ld returned 1 exit status
Mon Sep 14 11:08:47 CEST 2015: examples/TWI/CosaTWIKeyPad/CosaTWIKeyPad.ino
Program:    5204 bytes (63.5% Full)
Data:        235 bytes (45.9% Full)
Mon Sep 14 11:08:50 CEST 2015: examples/TWI/CosaTWImaster/CosaTWImaster.ino
Program:    6726 bytes (82.1% Full)
Data:        250 bytes (48.8% Full)
Mon Sep 14 11:08:53 CEST 2015: examples/TWI/CosaTWIremotePinMaster/CosaTWIremotePinMaster.ino
Program:    4836 bytes (59.0% Full)
Data:        238 bytes (46.5% Full)
Mon Sep 14 11:08:56 CEST 2015: examples/TWI/CosaTWIremotePinSlave/CosaTWIremotePinSlave.ino
Program:    2132 bytes (26.0% Full)
Data:        143 bytes (27.9% Full)
Mon Sep 14 11:08:58 CEST 2015: examples/TWI/CosaTWIslave/CosaTWIslave.ino
Program:    4066 bytes (49.6% Full)
Data:        269 bytes (52.5% Full)
Mon Sep 14 11:09:01 CEST 2015: examples/UART/CosaCDC/CosaCDC.ino
CosaCDC.ino:31:2: error: #error CosaCDC: board not supported.
 #error CosaCDC: board not supported.
CosaCDC.ino:40:3: error: 'cdc' was not declared in this scope
Mon Sep 14 11:09:03 CEST 2015: examples/UART/CosaJobUART/CosaJobUART.ino
CosaJobUART.ino:40:7: error: redefinition of 'class Soft::UART'
/home/epkmipl/Sketchbook/hardware/Cosa/cores/cosa/Cosa/Soft/UART.hh:85:7: error: previous definition of 'class Soft::UART'
CosaJobUART.ino:106:18: error: no 'void Soft::UART::on_expired()' member function declared in class 'Soft::UART'
CosaJobUART.ino:125:47: error: no matching function for call to 'Soft::UART::UART(RTC::Scheduler*, Board::DigitalPin, IOBuffer<32u>*)'
Mon Sep 14 11:09:05 CEST 2015: examples/UART/CosaMegaUARTs/CosaMegaUARTs.ino
CosaMegaUARTs.ino:30:2: error: #error CosaMegaUARTs: board not supported.
 #error CosaMegaUARTs: board not supported.
CosaMegaUARTs.ino:38:17: error: 'UART' was not declared in this scope
CosaMegaUARTs.ino:38:33: error: template argument 1 is invalid
CosaMegaUARTs.ino:38:39: error: invalid type in declaration before ';' token
CosaMegaUARTs.ino:39:17: error: 'UART' was not declared in this scope
CosaMegaUARTs.ino:39:33: error: template argument 1 is invalid
CosaMegaUARTs.ino:39:39: error: invalid type in declaration before ';' token
CosaMegaUARTs.ino:42:1: error: 'UART' does not name a type
CosaMegaUARTs.ino:43:16: error: 'uart1' was not declared in this scope
CosaMegaUARTs.ino:52:3: error: 'uart1' was not declared in this scope
CosaMegaUARTs.ino:62:10: error: 'uart1' was not declared in this scope
CosaMegaUARTs.ino:38:35: warning: 'ibuf' defined but not used [-Wunused-variable]
CosaMegaUARTs.ino:39:35: warning: 'obuf' defined but not used [-Wunused-variable]
Mon Sep 14 11:09:06 CEST 2015: examples/UART/CosaSoftUART/CosaSoftUART.ino
Program:    3636 bytes (44.4% Full)
Data:        302 bytes (59.0% Full)
Mon Sep 14 11:09:09 CEST 2015: examples/UART/CosaUART/CosaUART.ino
Program:    3466 bytes (42.3% Full)
Data:        170 bytes (33.2% Full)
Mon Sep 14 11:09:12 CEST 2015: lib/AVR/examples/CosaISP/CosaISP.ino
Program:    4196 bytes (51.2% Full)
Data:        157 bytes (30.7% Full)
Mon Sep 14 11:09:15 CEST 2015: lib/AVR/examples/CosaProgrammer/CosaProgrammer.ino
Program:    4882 bytes (59.6% Full)
Data:        189 bytes (36.9% Full)
Mon Sep 14 11:09:18 CEST 2015: lib/Domotica/RF433/DomoticaADXL345/DomoticaADXL345.ino
Program:    7900 bytes (96.4% Full)
Data:        374 bytes (73.0% Full)
Mon Sep 14 11:09:21 CEST 2015: lib/Domotica/RF433/DomoticaAnalogPin/DomoticaAnalogPin.ino
Program:    4866 bytes (59.4% Full)
Data:        325 bytes (63.5% Full)
Mon Sep 14 11:09:25 CEST 2015: lib/Domotica/RF433/DomoticaClock/DomoticaClock.ino
Program:    5442 bytes (66.4% Full)
Data:        371 bytes (72.5% Full)
Mon Sep 14 11:09:28 CEST 2015: lib/Domotica/RF433/DomoticaDHT11/DomoticaDHT11.ino
Program:    6112 bytes (74.6% Full)
Data:        360 bytes (70.3% Full)
Mon Sep 14 11:09:31 CEST 2015: lib/Domotica/RF433/DomoticaDigitalPin/DomoticaDigitalPin.ino
Program:    4878 bytes (59.5% Full)
Data:        325 bytes (63.5% Full)
Mon Sep 14 11:09:34 CEST 2015: lib/Domotica/RF433/DomoticaDigitalPins/DomoticaDigitalPins.ino
Program:    4886 bytes (59.6% Full)
Data:        324 bytes (63.3% Full)
Mon Sep 14 11:09:37 CEST 2015: lib/Domotica/RF433/DomoticaDS18B20/DomoticaDS18B20.ino
Program:    6998 bytes (85.4% Full)
Data:        333 bytes (65.0% Full)
Mon Sep 14 11:09:40 CEST 2015: lib/Domotica/RF433/DomoticaInfo/DomoticaInfo.ino
Program:    4820 bytes (58.8% Full)
Data:        324 bytes (63.3% Full)
Mon Sep 14 11:09:44 CEST 2015: lib/Domotica/RF433/DomoticaMonitor/DomoticaMonitor.ino
collect2: error: ld returned 1 exit status
Mon Sep 14 11:09:48 CEST 2015: lib/Domotica/RF433/DomoticaPins/DomoticaPins.ino
Program:    5052 bytes (61.7% Full)
Data:        326 bytes (63.7% Full)
Mon Sep 14 11:09:51 CEST 2015: lib/Domotica/RF433/DomoticaRelay/DomoticaRelay.ino
Program:    4092 bytes (50.0% Full)
Data:        282 bytes (55.1% Full)
Mon Sep 14 11:09:54 CEST 2015: lib/Domotica/RF433/DomoticaTrace/DomoticaTrace.ino
collect2: error: ld returned 1 exit status
Mon Sep 14 11:09:58 CEST 2015: lib/Domotica/RF433/DomoticaTraceQueue/DomoticaTraceQueue.ino
collect2: error: ld returned 1 exit status
Mon Sep 14 11:10:01 CEST 2015: lib/Domotica/RF433/DomoticaTraceTable/DomoticaTraceTable.ino
collect2: error: ld returned 1 exit status
Mon Sep 14 11:10:05 CEST 2015: lib/Domotica/RF433/DomoticaWakeup/DomoticaWakeup.ino
Program:    5126 bytes (62.6% Full)
Data:        338 bytes (66.0% Full)
Mon Sep 14 11:10:08 CEST 2015: lib/HTTP/examples/CosaPinWebServer/CosaPinWebServer.ino
CosaPinWebServer.ino:181:1: error: 'W5100' does not name a type
CosaPinWebServer.ino:201:10: error: 'ethernet' was not declared in this scope
CosaPinWebServer.ino:204:23: error: 'ethernet' was not declared in this scope
Mon Sep 14 11:10:10 CEST 2015: lib/HTTP/examples/CosaSDWebServer/CosaSDWebServer.ino
CosaSDWebServer.ino:120:1: error: 'W5100' does not name a type
CosaSDWebServer.ino:139:10: error: 'ethernet' was not declared in this scope
CosaSDWebServer.ino:140:23: error: 'ethernet' was not declared in this scope
Mon Sep 14 11:10:12 CEST 2015: lib/HTTP/examples/CosaWebClient/CosaWebClient.ino
CosaWebClient.ino:61:1: error: 'W5100' does not name a type
CosaWebClient.ino:112:10: error: 'ethernet' was not declared in this scope
CosaWebClient.ino:115:16: error: 'ethernet' was not declared in this scope
Mon Sep 14 11:10:14 CEST 2015: lib/ICMP/examples/CosaICMPping/CosaICMPping.ino
CosaICMPping.ino:66:1: error: 'W5100' does not name a type
CosaICMPping.ino:80:10: error: 'ethernet' was not declared in this scope
CosaICMPping.ino:85:13: error: 'ethernet' was not declared in this scope
Mon Sep 14 11:10:16 CEST 2015: lib/ICMP/examples/CosaICMPpingLCD/CosaICMPpingLCD.ino
CosaICMPpingLCD.ino:93:1: error: 'W5100' does not name a type
CosaICMPpingLCD.ino:107:3: error: 'ethernet' was not declared in this scope
CosaICMPpingLCD.ino:132:13: error: 'ethernet' was not declared in this scope
Mon Sep 14 11:10:18 CEST 2015: lib/MQTT/examples/CosaMQTTclient/CosaMQTTclient.ino
CosaMQTTclient.ino:76:1: error: 'W5100' does not name a type
CosaMQTTclient.ino:86:10: error: 'ethernet' was not declared in this scope
CosaMQTTclient.ino:89:23: error: 'ethernet' was not declared in this scope
Mon Sep 14 11:10:20 CEST 2015: lib/MQTT/examples/CosaMQTThumidity/CosaMQTThumidity.ino
CosaMQTThumidity.ino:70:1: error: 'W5100' does not name a type
CosaMQTThumidity.ino:79:3: error: 'ethernet' was not declared in this scope
Mon Sep 14 11:10:21 CEST 2015: lib/MQTT/examples/CosaMQTTtemperature/CosaMQTTtemperature.ino
CosaMQTTtemperature.ino:90:1: error: 'W5100' does not name a type
CosaMQTTtemperature.ino:113:3: error: 'ethernet' was not declared in this scope
Mon Sep 14 11:10:24 CEST 2015: lib/NEXA/examples/CosaNEXAreceiver/CosaNEXAreceiver.ino
Program:    2986 bytes (36.5% Full)
Data:        154 bytes (30.1% Full)
CosaNEXAreceiver.ino:68:14: warning: ISO C++ says that these are ambiguous, even though the worst conversion for the first is better than the worst conversion for the second: [enabled by default]
Mon Sep 14 11:10:27 CEST 2015: lib/NEXA/examples/CosaNEXAsender/CosaNEXAsender.ino
Program:    3274 bytes (40.0% Full)
Data:         74 bytes (14.5% Full)
Mon Sep 14 11:10:30 CEST 2015: lib/NTP/examples/CosaNTP/CosaNTP.ino
CosaNTP.ino:40:1: error: 'W5100' does not name a type
CosaNTP.ino:64:10: error: 'ethernet' was not declared in this scope
CosaNTP.ino:74:3: error: 'ethernet' was not declared in this scope
Mon Sep 14 11:10:31 CEST 2015: lib/ProtocolBuffer/examples/CosaProtocolBuffer/CosaProtocolBuffer.ino
Program:    6586 bytes (80.4% Full)
Data:        186 bytes (36.3% Full)
Mon Sep 14 11:10:34 CEST 2015: libraries/ADXL345/examples/CosaADXL345/CosaADXL345.ino
Program:    5904 bytes (72.1% Full)
Data:        233 bytes (45.5% Full)
Mon Sep 14 11:10:38 CEST 2015: libraries/AT24CXX/examples/CosaAT24CXX/CosaAT24CXX.ino
Program:    7110 bytes (86.8% Full)
Data:        287 bytes (56.1% Full)
EEPROM:      316 bytes (61.7% Full)
Mon Sep 14 11:10:41 CEST 2015: libraries/Base64/examples/CosaBase64/CosaBase64.ino
Program:    7394 bytes (90.3% Full)
Data:        212 bytes (41.4% Full)
Mon Sep 14 11:10:44 CEST 2015: libraries/BMP085/examples/CosaBMP085/CosaBMP085.ino
Program:    7134 bytes (87.1% Full)
Data:        267 bytes (52.1% Full)
Mon Sep 14 11:10:47 CEST 2015: libraries/Canvas/examples/CosaCanvasBMP/CosaCanvasBMP.ino
collect2: error: ld returned 1 exit status
Mon Sep 14 11:10:52 CEST 2015: libraries/Canvas/examples/CosaCanvasClock/CosaCanvasClock.ino
collect2: error: ld returned 1 exit status
Mon Sep 14 11:10:56 CEST 2015: libraries/Canvas/examples/CosaCanvasDemo/CosaCanvasDemo.ino
CosaCanvasDemo.ino:141:16: error: 'UART' was not declared in this scope
Mon Sep 14 11:10:58 CEST 2015: libraries/Canvas/examples/CosaCanvasFont/CosaCanvasFont.ino
collect2: error: ld returned 1 exit status
Mon Sep 14 11:11:02 CEST 2015: libraries/Canvas/examples/CosaCanvasFonts/CosaCanvasFonts.ino
collect2: error: ld returned 1 exit status
Mon Sep 14 11:11:06 CEST 2015: libraries/Canvas/examples/CosaCanvasHCSR04/CosaCanvasHCSR04.ino
collect2: error: ld returned 1 exit status
Mon Sep 14 11:11:11 CEST 2015: libraries/Canvas/examples/CosaCanvasHistogram/CosaCanvasHistogram.ino
collect2: error: ld returned 1 exit status
Mon Sep 14 11:11:15 CEST 2015: libraries/Canvas/examples/CosaCanvasPins/CosaCanvasPins.ino
collect2: error: ld returned 1 exit status
Mon Sep 14 11:11:19 CEST 2015: libraries/Canvas/examples/CosaCanvasScript/CosaCanvasScript.ino
collect2: error: ld returned 1 exit status
Mon Sep 14 11:11:23 CEST 2015: libraries/Canvas/examples/CosaCanvasShades/CosaCanvasShades.ino
collect2: error: ld returned 1 exit status
Mon Sep 14 11:11:27 CEST 2015: libraries/Canvas/examples/CosaCanvasSweep/CosaCanvasSweep.ino
collect2: error: ld returned 1 exit status
Mon Sep 14 11:11:31 CEST 2015: libraries/CC3000/examples/CosaCC3000demo/CosaCC3000demo.ino
CosaCC3000demo.ino:37:1: error: 'CC3000' does not name a type
CosaCC3000demo.ino:52:10: error: 'wifi' was not declared in this scope
CosaCC3000demo.ino:71:12: error: 'wifi' was not declared in this scope
CosaCC3000demo.ino:71:24: error: 'AF_INET' was not declared in this scope
CosaCC3000demo.ino:71:33: error: 'SOCK_STREAM' was not declared in this scope
CosaCC3000demo.ino:71:46: error: 'IPPROTO_TCP' was not declared in this scope
CosaCC3000demo.ino:76:11: error: 'wifi' was not declared in this scope
CosaCC3000demo.ino:81:11: error: 'wifi' was not declared in this scope
CosaCC3000demo.ino:88:11: error: 'wifi' was not declared in this scope
     res = wifi.select(sock + 1, readhndls, writehndls, errorhndls, 0, 50000);
CosaCC3000demo.ino:93:13: error: 'wifi' was not declared in this scope
CosaCC3000demo.ino:109:11: error: 'wifi' was not declared in this scope
CosaCC3000demo.ino:114:3: error: 'wifi' was not declared in this scope
Mon Sep 14 11:11:33 CEST 2015: libraries/CC3000/examples/CosaCC3000info/CosaCC3000info.ino
CosaCC3000info.ino:34:1: error: 'CC3000' does not name a type
CosaCC3000info.ino:49:12: error: 'wifi' was not declared in this scope
CosaCC3000info.ino:52:11: error: 'wifi' was not declared in this scope
CosaCC3000info.ino:72:7: error: 'wifi' was not declared in this scope
CosaCC3000info.ino:74:31: error: 'CC3000' has not been declared
CosaCC3000info.ino:89:5: error: 'wifi' was not declared in this scope
CosaCC3000info.ino:92:3: error: 'wifi' was not declared in this scope
CosaCC3000info.ino:95:20: error: 'INET' has not been declared
CosaCC3000info.ino:96:20: error: 'INET' has not been declared
CosaCC3000info.ino:97:23: error: 'INET' has not been declared
CosaCC3000info.ino:98:20: error: 'INET' has not been declared
CosaCC3000info.ino:105:12: error: 'wifi' was not declared in this scope
CosaCC3000info.ino:110:3: error: 'CC3000' has not been declared
CosaCC3000info.ino:110:50: error: expected ';' before 'info'
CosaCC3000info.ino:112:12: error: 'wifi' was not declared in this scope
CosaCC3000info.ino:112:45: error: 'info' was not declared in this scope
Mon Sep 14 11:11:35 CEST 2015: libraries/CC3000/examples/CosaCC3000server/CosaCC3000server.ino
CosaCC3000server.ino:40:1: error: 'CC3000' does not name a type
CosaCC3000server.ino:58:10: error: 'wifi' was not declared in this scope
CosaCC3000server.ino:62:3: error: 'wifi' was not declared in this scope
CosaCC3000server.ino:64:19: error: 'INET' has not been declared
CosaCC3000server.ino:65:24: error: 'INET' has not been declared
CosaCC3000server.ino:69:26: error: 'AF_INET' was not declared in this scope
CosaCC3000server.ino:69:35: error: 'SOCK_STREAM' was not declared in this scope
CosaCC3000server.ino:69:48: error: 'IPPROTO_TCP' was not declared in this scope
CosaCC3000server.ino:95:12: error: 'wifi' was not declared in this scope
CosaCC3000server.ino:99:3: error: 'INET' has not been declared
Mon Sep 14 11:11:36 CEST 2015: libraries/CC3000/examples/CosaCC3000socket/CosaCC3000socket.ino
CosaCC3000socket.ino:34:1: error: 'CC3000' does not name a type
CosaCC3000socket.ino:45:3: error: 'wifi' was not declared in this scope
CosaCC3000socket.ino:56:3: error: 'Socket' was not declared in this scope
CosaCC3000socket.ino:56:11: error: 'socket' was not declared in this scope
CosaCC3000socket.ino:61:14: error: 'wifi' was not declared in this scope
CosaCC3000socket.ino:61:26: error: 'Socket' is not a class, namespace, or enumeration
CosaCC3000socket.ino:68:18: error: 'wifi' was not declared in this scope
CosaCC3000socket.ino:101:3: error: 'wifi' was not declared in this scope
Mon Sep 14 11:11:38 CEST 2015: libraries/CFFS/examples/CosaCFFS/CosaCFFS.ino
collect2: error: ld returned 1 exit status
Mon Sep 14 11:11:42 CEST 2015: libraries/CFFS/examples/CosaCFFSshell/CosaCFFSshell.ino
collect2: error: ld returned 1 exit status
Mon Sep 14 11:11:47 CEST 2015: libraries/Ciao/examples/CosaCiaoNative/CosaCiaoNative.ino
Program:    4652 bytes (56.8% Full)
Data:        222 bytes (43.4% Full)
Mon Sep 14 11:11:50 CEST 2015: libraries/Ciao/examples/CosaCiaoPoint/CosaCiaoPoint.ino
Program:    4460 bytes (54.4% Full)
Data:        190 bytes (37.1% Full)
Mon Sep 14 11:11:53 CEST 2015: libraries/Debug/examples/CosaDebug/CosaDebug.ino
Program:    7598 bytes (92.7% Full)
Data:        235 bytes (45.9% Full)
Mon Sep 14 11:11:56 CEST 2015: libraries/DHCP/examples/CosaDHCP/CosaDHCP.ino
CosaDHCP.ino:60:1: error: 'W5100' does not name a type
CosaDHCP.ino:68:10: error: 'ethernet' was not declared in this scope
CosaDHCP.ino:74:18: error: 'ethernet' was not declared in this scope
Mon Sep 14 11:11:58 CEST 2015: libraries/DHT/examples/CosaDHT/CosaDHT.ino
Program:    5150 bytes (62.9% Full)
Data:        264 bytes (51.6% Full)
Mon Sep 14 11:12:01 CEST 2015: libraries/DHT/examples/CosaDHTMAX72XX/CosaDHTMAX72XX.ino
collect2: error: ld returned 1 exit status
Mon Sep 14 11:12:04 CEST 2015: libraries/DNS/examples/CosaDNS/CosaDNS.ino
CosaDNS.ino:62:1: error: 'W5100' does not name a type
CosaDNS.ino:77:10: error: 'ethernet' was not declared in this scope
CosaDNS.ino:84:20: error: 'ethernet' was not declared in this scope
Mon Sep 14 11:12:06 CEST 2015: libraries/DS1302/examples/CosaDS1302/CosaDS1302.ino
Program:    5652 bytes (69.0% Full)
Data:        195 bytes (38.1% Full)
Mon Sep 14 11:12:09 CEST 2015: libraries/DS1307/examples/CosaDS1307/CosaDS1307.ino
Program:    6662 bytes (81.3% Full)
Data:        253 bytes (49.4% Full)
Mon Sep 14 11:12:12 CEST 2015: libraries/DS18B20/examples/CosaDS18B20alarm/CosaDS18B20alarm.ino
Program:    6080 bytes (74.2% Full)
Data:        290 bytes (56.6% Full)
Mon Sep 14 11:12:15 CEST 2015: libraries/DS18B20/examples/CosaDS18B20calc/CosaDS18B20calc.ino
Program:    4930 bytes (60.2% Full)
Data:        182 bytes (35.5% Full)
Mon Sep 14 11:12:18 CEST 2015: libraries/DS18B20/examples/CosaDS18B20/CosaDS18B20.ino
Program:    6596 bytes (80.5% Full)
Data:        312 bytes (60.9% Full)
Mon Sep 14 11:12:21 CEST 2015: libraries/DS18B20/examples/CosaDS18B20periodic/CosaDS18B20periodic.ino
Program:    6832 bytes (83.4% Full)
Data:        309 bytes (60.4% Full)
Mon Sep 14 11:12:25 CEST 2015: libraries/DS3231/examples/CosaDS3231/CosaDS3231.ino
Program:    6910 bytes (84.4% Full)
Data:        257 bytes (50.2% Full)
Mon Sep 14 11:12:28 CEST 2015: libraries/Fai/examples/CosaFai/CosaFai.ino
Program:    5690 bytes (69.5% Full)
Data:        274 bytes (53.5% Full)
Mon Sep 14 11:12:31 CEST 2015: libraries/FAT16/examples/CosaFAT16/CosaFAT16.ino
collect2: error: ld returned 1 exit status
Mon Sep 14 11:12:35 CEST 2015: libraries/HCSR04/examples/CosaHCSR04/CosaHCSR04.ino
Program:    4266 bytes (52.1% Full)
Data:        267 bytes (52.1% Full)
Mon Sep 14 11:12:38 CEST 2015: libraries/HMC5883L/examples/CosaHMC5883L/CosaHMC5883L.ino
Program:    6224 bytes (76.0% Full)
Data:        243 bytes (47.5% Full)
Mon Sep 14 11:12:41 CEST 2015: libraries/IR/examples/CosaIR/CosaIR.ino
Program:    5700 bytes (69.6% Full)
Data:        383 bytes (74.8% Full)
Mon Sep 14 11:12:44 CEST 2015: libraries/L3G4200D/examples/CosaL3G4200D/CosaL3G4200D.ino
Program:    5532 bytes (67.5% Full)
Data:        233 bytes (45.5% Full)
Mon Sep 14 11:12:47 CEST 2015: libraries/LCD/CosaHD44780/CosaHD44780.ino
CosaHD44780.ino:122:16: error: 'MAX_FREQ' is not a member of 'TWI'
Mon Sep 14 11:12:49 CEST 2015: libraries/LCD/CosaLCD10DOF/CosaLCD10DOF.ino
collect2: error: ld returned 1 exit status
Mon Sep 14 11:12:54 CEST 2015: libraries/LCD/CosaLCDbench/CosaLCDbench.ino
CosaLCDbench.ino:118:16: error: 'MAX_FREQ' is not a member of 'TWI'
Mon Sep 14 11:12:56 CEST 2015: libraries/LCD/CosaLCDclock/CosaLCDclock.ino
collect2: error: ld returned 1 exit status
Mon Sep 14 11:12:59 CEST 2015: libraries/LCD/CosaLCDhbar/CosaLCDhbar.ino
collect2: error: ld returned 1 exit status
Mon Sep 14 11:13:03 CEST 2015: libraries/LCD/CosaLCDkeypad/CosaLCDkeypad.ino
Program:    7406 bytes (90.4% Full)
Data:        392 bytes (76.6% Full)
Mon Sep 14 11:13:06 CEST 2015: libraries/LCD/CosaLCDmenu/CosaLCDmenu.ino
collect2: error: ld returned 1 exit status
Mon Sep 14 11:13:10 CEST 2015: libraries/LCD/CosaLCDsize/CosaLCDsize.ino
Program:    4910 bytes (59.9% Full)
Data:        273 bytes (53.3% Full)
Mon Sep 14 11:13:13 CEST 2015: libraries/LCD/CosaLCDslave/CosaLCDslave.ino
Program:    8114 bytes (99.0% Full)
Data:        367 bytes (71.7% Full)
Mon Sep 14 11:13:17 CEST 2015: libraries/LCD/CosaLCDspeed/CosaLCDspeed.ino
collect2: error: ld returned 1 exit status
Mon Sep 14 11:13:21 CEST 2015: libraries/LCD/CosaLCDtemp/CosaLCDtemp.ino
collect2: error: ld returned 1 exit status
Mon Sep 14 11:13:25 CEST 2015: libraries/LCD/CosaLCDterm/CosaLCDterm.ino
Program:    7788 bytes (95.1% Full)
Data:        330 bytes (64.5% Full)
Mon Sep 14 11:13:28 CEST 2015: libraries/LCD/CosaLCDvbar/CosaLCDvbar.ino
collect2: error: ld returned 1 exit status
Mon Sep 14 11:13:32 CEST 2015: libraries/LCD/CosaST7565/CosaST7565.ino
collect2: error: ld returned 1 exit status
Mon Sep 14 11:13:36 CEST 2015: libraries/MAX72XX/examples/CosaMAX72XX/CosaMAX72XX.ino
Program:    6866 bytes (83.8% Full)
Data:        245 bytes (47.9% Full)
Mon Sep 14 11:13:39 CEST 2015: libraries/MCP23008/examples/CosaMCP23008/CosaMCP23008.ino
CosaMCP23008.ino:77:16: error: 'MAX_FREQ' is not a member of 'TWI'
Mon Sep 14 11:13:41 CEST 2015: libraries/MCP7940N/examples/CosaMCP7940N/CosaMCP7940N.ino
Program:    7684 bytes (93.8% Full)
Data:        275 bytes (53.7% Full)
Mon Sep 14 11:13:44 CEST 2015: libraries/MPU6050/examples/CosaMPU6050/CosaMPU6050.ino
Program:    5998 bytes (73.2% Full)
Data:        233 bytes (45.5% Full)
Mon Sep 14 11:13:47 CEST 2015: libraries/Nucleo/examples/CosaNucleoActor/CosaNucleoActor.ino
Program:    7664 bytes (93.6% Full)
Data:        480 bytes (93.8% Full)
Mon Sep 14 11:13:48 CEST 2015: libraries/Nucleo/examples/CosaNucleoBenchmark/CosaNucleoBenchmark.ino
Program:    6098 bytes (74.4% Full)
Data:        354 bytes (69.1% Full)
Mon Sep 14 11:13:51 CEST 2015: libraries/Nucleo/examples/CosaNucleoMutex/CosaNucleoMutex.ino
Program:    4720 bytes (57.6% Full)
Data:        317 bytes (61.9% Full)
Mon Sep 14 11:13:54 CEST 2015: libraries/Nucleo/examples/CosaNucleoPingPong/CosaNucleoPingPong.ino
Program:    5506 bytes (67.2% Full)
Data:        339 bytes (66.2% Full)
Mon Sep 14 11:13:58 CEST 2015: libraries/Nucleo/examples/CosaNucleoSemaphore/CosaNucleoSemaphore.ino
Program:    4792 bytes (58.5% Full)
Data:        317 bytes (61.9% Full)
Mon Sep 14 11:14:01 CEST 2015: libraries/Nucleo/examples/CosaNucleoSPI/CosaNucleoSPI.ino
Program:    2732 bytes (33.3% Full)
Data:        229 bytes (44.7% Full)
Mon Sep 14 11:14:04 CEST 2015: libraries/Nucleo/examples/CosaNucleoThread/CosaNucleoThread.ino
Program:    5662 bytes (69.1% Full)
Data:        395 bytes (77.1% Full)
Mon Sep 14 11:14:07 CEST 2015: libraries/OWI/examples/CosaDS1990A/CosaDS1990A.ino
Program:    4258 bytes (52.0% Full)
Data:        189 bytes (36.9% Full)
Mon Sep 14 11:14:10 CEST 2015: libraries/PCD8544/examples/CosaPCD8544/CosaPCD8544.ino
collect2: error: ld returned 1 exit status
Mon Sep 14 11:14:14 CEST 2015: libraries/PCD8544/examples/CosaPCD8544temp/CosaPCD8544temp.ino
collect2: error: ld returned 1 exit status
Mon Sep 14 11:14:18 CEST 2015: libraries/PCF8574/examples/CosaPCF8574/CosaPCF8574.ino
Program:    6294 bytes (76.8% Full)
Data:        251 bytes (49.0% Full)
Mon Sep 14 11:14:21 CEST 2015: libraries/PCF8591/examples/CosaPCF8591/CosaPCF8591.ino
Program:    6434 bytes (78.5% Full)
Data:        253 bytes (49.4% Full)
Mon Sep 14 11:14:24 CEST 2015: libraries/ProtoThread/examples/CosaProtoThreadBenchmark/CosaProtoThreadBenchmark.ino
Program:    6370 bytes (77.8% Full)
Data:        338 bytes (66.0% Full)
Mon Sep 14 11:14:27 CEST 2015: libraries/RC4/examples/CosaRC4/CosaRC4.ino
Program:    7844 bytes (95.8% Full)
Data:        843 bytes (164.6% Full)
Mon Sep 14 11:14:31 CEST 2015: libraries/Registry/examples/CosaRegistry/CosaRegistry.ino
collect2: error: ld returned 1 exit status
Mon Sep 14 11:14:34 CEST 2015: libraries/Rotary/examples/CosaRotaryEncoder/CosaRotaryEncoder.ino
Program:    4132 bytes (50.4% Full)
Data:        267 bytes (52.1% Full)
Mon Sep 14 11:14:37 CEST 2015: libraries/RS485/examples/CosaRS485/CosaRS485.ino
/home/epkmipl/Sketchbook/hardware/Cosa/cores/cosa/Cosa/IOStream/Driver/UART.hh:173:21: error: 'UART_MAX' is not a member of 'Board'
/home/epkmipl/Sketchbook/hardware/Cosa/cores/cosa/Cosa/IOStream/Driver/UART.hh:63:11: error: 'UART' is not a member of 'Board'
/home/epkmipl/Sketchbook/hardware/Cosa/cores/cosa/Cosa/IOStream/Driver/UART.hh:67:5: error: 'uart' was not declared in this scope
Mon Sep 14 11:14:39 CEST 2015: libraries/RS485/examples/CosaRS485master/CosaRS485master.ino
CosaRS485master.ino:32:2: error: #error CosaRS485master: board not supported.
 #error CosaRS485master: board not supported.
/home/epkmipl/Sketchbook/hardware/Cosa/cores/cosa/Cosa/IOStream/Driver/UART.hh:173:21: error: 'UART_MAX' is not a member of 'Board'
/home/epkmipl/Sketchbook/hardware/Cosa/cores/cosa/Cosa/IOStream/Driver/UART.hh:63:11: error: 'UART' is not a member of 'Board'
/home/epkmipl/Sketchbook/hardware/Cosa/cores/cosa/Cosa/IOStream/Driver/UART.hh:67:5: error: 'uart' was not declared in this scope
Mon Sep 14 11:14:41 CEST 2015: libraries/RS485/examples/CosaRS485slave/CosaRS485slave.ino
/home/epkmipl/Sketchbook/hardware/Cosa/cores/cosa/Cosa/IOStream/Driver/UART.hh:173:21: error: 'UART_MAX' is not a member of 'Board'
/home/epkmipl/Sketchbook/hardware/Cosa/cores/cosa/Cosa/IOStream/Driver/UART.hh:63:11: error: 'UART' is not a member of 'Board'
/home/epkmipl/Sketchbook/hardware/Cosa/cores/cosa/Cosa/IOStream/Driver/UART.hh:67:5: error: 'uart' was not declared in this scope
Mon Sep 14 11:14:42 CEST 2015: libraries/S25FL127S/examples/CosaS25FL127S/CosaS25FL127S.ino
collect2: error: ld returned 1 exit status
Mon Sep 14 11:14:46 CEST 2015: libraries/SD/examples/CosaBMP/CosaBMP.ino
collect2: error: ld returned 1 exit status
Mon Sep 14 11:14:50 CEST 2015: libraries/SD/examples/CosaSD/CosaSD.ino
collect2: error: ld returned 1 exit status
Mon Sep 14 11:14:55 CEST 2015: libraries/Servo/examples/CosaServo/CosaServo.ino
Program:    1622 bytes (19.8% Full)
Data:         79 bytes (15.4% Full)
Mon Sep 14 11:14:57 CEST 2015: libraries/SRPO/examples/CosaSRPO/CosaSRPO.ino
Program:    1466 bytes (17.9% Full)
Data:         80 bytes (15.6% Full)
Mon Sep 14 11:15:00 CEST 2015: libraries/TCS230/examples/CosaTCS230/CosaTCS230.ino
Program:    3968 bytes (48.4% Full)
Data:        229 bytes (44.7% Full)
Mon Sep 14 11:15:03 CEST 2015: libraries/Touch/examples/CosaTouch/CosaTouch.ino
Program:    4460 bytes (54.4% Full)
Data:        327 bytes (63.9% Full)
Mon Sep 14 11:15:06 CEST 2015: libraries/Vigenere/examples/CosaVigenere/CosaVigenere.ino
Program:    6446 bytes (78.7% Full)
Data:        211 bytes (41.2% Full)
Mon Sep 14 11:15:09 CEST 2015: libraries/W25X40CL/examples/CosaW25X40CL/CosaW25X40CL.ino
collect2: error: ld returned 1 exit status
Mon Sep 14 11:15:13 CEST 2015: libraries/Wireless/CosaWirelessButton/CosaWirelessButton.ino
Program:    5162 bytes (63.0% Full)
Data:        363 bytes (70.9% Full)
Mon Sep 14 11:15:16 CEST 2015: libraries/Wireless/CosaWirelessDHT11/CosaWirelessDHT11.ino
Program:    5412 bytes (66.1% Full)
Data:        356 bytes (69.5% Full)
Mon Sep 14 11:15:19 CEST 2015: libraries/Wireless/CosaWirelessDS18B20/CosaWirelessDS18B20.ino
Program:    6514 bytes (79.5% Full)
Data:        370 bytes (72.3% Full)
Mon Sep 14 11:15:23 CEST 2015: libraries/Wireless/CosaWirelessIOStream/CosaWirelessIOStream.ino
Program:    6764 bytes (82.6% Full)
Data:        415 bytes (81.1% Full)
Mon Sep 14 11:15:26 CEST 2015: libraries/Wireless/CosaWirelessMonitor/CosaWirelessMonitor.ino
collect2: error: ld returned 1 exit status
Mon Sep 14 11:15:30 CEST 2015: libraries/Wireless/CosaWirelessPing/CosaWirelessPing.ino
Program:    7510 bytes (91.7% Full)
Data:        424 bytes (82.8% Full)
Mon Sep 14 11:15:33 CEST 2015: libraries/Wireless/CosaWirelessPong/CosaWirelessPong.ino
Program:    6880 bytes (84.0% Full)
Data:        422 bytes (82.4% Full)
Mon Sep 14 11:15:36 CEST 2015: libraries/Wireless/CosaWirelessReceiver/CosaWirelessReceiver.ino
collect2: error: ld returned 1 exit status
Mon Sep 14 11:15:40 CEST 2015: libraries/Wireless/CosaWirelessReceiverLCD/CosaWirelessReceiverLCD.ino
collect2: error: ld returned 1 exit status
Mon Sep 14 11:15:44 CEST 2015: libraries/Wireless/CosaWirelessRelay/CosaWirelessRelay.ino
Program:    6186 bytes (75.5% Full)
Data:        398 bytes (77.7% Full)
Mon Sep 14 11:15:47 CEST 2015: libraries/Wireless/CosaWirelessSender/CosaWirelessSender.ino
Program:    7446 bytes (90.9% Full)
Data:        439 bytes (85.7% Full)
Mon Sep 14 11:15:51 CEST 2015: libraries/Wireless/CosaWirelessTrace/CosaWirelessTrace.ino
Program:    7202 bytes (87.9% Full)
Data:        404 bytes (78.9% Full)
Mon Sep 14 11:15:54 CEST 2015: lib/Shell/examples/CosaShell/CosaShell.ino
collect2: error: ld returned 1 exit status
Mon Sep 14 11:15:58 CEST 2015: lib/Shell/examples/CosaShellTelnetServer/CosaShellTelnetServer.ino
CosaShellTelnetServer.ino:88:1: error: 'W5100' does not name a type
CosaShellTelnetServer.ino:109:10: error: 'ethernet' was not declared in this scope
Mon Sep 14 11:16:01 CEST 2015: lib/Shell/examples/CosaShellWebServer/CosaShellWebServer.ino
CosaShellWebServer.ino:102:1: error: 'W5100' does not name a type
CosaShellWebServer.ino:130:10: error: 'ethernet' was not declared in this scope
CosaShellWebServer.ino:131:18: error: 'ethernet' was not declared in this scope
Mon Sep 14 11:16:03 CEST 2015: lib/SNMP/examples/CosaSNMP/CosaSNMP.ino
CosaSNMP.ino:76:1: error: 'W5100' does not name a type
CosaSNMP.ino:228:10: error: 'ethernet' was not declared in this scope
CosaSNMP.ino:232:3: error: 'ethernet' was not declared in this scope
CosaSNMP.ino:239:16: error: 'W5100' was not declared in this scope
Mon Sep 14 11:16:05 CEST 2015: lib/Telnet/examples/CosaTelnetServer/CosaTelnetServer.ino
CosaTelnetServer.ino:67:1: error: 'W5100' does not name a type
CosaTelnetServer.ino:78:10: error: 'ethernet' was not declared in this scope
CosaTelnetServer.ino:81:18: error: 'ethernet' was not declared in this scope
Mon Sep 14 11:16:07 CEST 2015: lib/ThingSpeak/examples/CosaThingSpeakChannel/CosaThingSpeakChannel.ino
CosaThingSpeakChannel.ino:73:1: error: 'W5100' does not name a type
CosaThingSpeakChannel.ino:87:9: error: 'ethernet' was not declared in this scope
CosaThingSpeakChannel.ino:88:22: error: 'ethernet' was not declared in this scope
Mon Sep 14 11:16:09 CEST 2015: lib/ThingSpeak/examples/CosaThingSpeakClient/CosaThingSpeakClient.ino
CosaThingSpeakClient.ino:80:1: error: 'W5100' does not name a type
CosaThingSpeakClient.ino:97:51: error: 'D15' is not a member of 'Board'
CosaThingSpeakClient.ino:100:49: error: 'D15' is not a member of 'Board'
CosaThingSpeakClient.ino:130:9: error: 'ethernet' was not declared in this scope
CosaThingSpeakClient.ino:131:22: error: 'ethernet' was not declared in this scope
Mon Sep 14 11:16:11 CEST 2015: lib/ThingSpeak/examples/CosaThingSpeakTalkBack/CosaThingSpeakTalkBack.ino
CosaThingSpeakTalkBack.ino:57:1: error: 'W5100' does not name a type
CosaThingSpeakTalkBack.ino:150:9: error: 'ethernet' was not declared in this scope
CosaThingSpeakTalkBack.ino:151:22: error: 'ethernet' was not declared in this scope
Mon Sep 14 11:16:13 CEST 2015: lib/UML/examples/CosaUMLCapsules/CosaUMLCapsules.ino
Program:    5836 bytes (71.2% Full)
Data:        484 bytes (94.5% Full)
Mon Sep 14 11:16:16 CEST 2015: lib/UML/examples/CosaUMLPingPong/CosaUMLPingPong.ino
Program:    4956 bytes (60.5% Full)
Data:        360 bytes (70.3% Full)
Mon Sep 14 11:16:19 CEST 2015: lib/UML/examples/CosaUMLTermostat/CosaUMLTermostat.ino
collect2: error: ld returned 1 exit status
Mon Sep 14 11:16:23 CEST 2015: lib/UML/examples/CosaUMLThermometer/CosaUMLThermometer.ino
collect2: error: ld returned 1 exit status
Mon Sep 14 11:16:27 CEST 2015: lib/UML/examples/CosaUMLTrigger/CosaUMLTrigger.ino
Program:    5448 bytes (66.5% Full)
Data:        439 bytes (85.7% Full)
Mon Sep 14 11:16:30 CEST 2015: lib/UML/examples/CosaUMLVoltmeter/CosaUMLVoltmeter.ino
Program:    7408 bytes (90.4% Full)
Data:        413 bytes (80.7% Full)
