Sun Oct 25 00:33:26 CEST 2015: build/CosaBuild.ino
Program:     216 bytes (0.7% Full)
Data:          0 bytes (0.0% Full)
Sun Oct 25 00:33:27 CEST 2015: examples/Analyzer/ArduinoAnalyzerDigitalPin/ArduinoAnalyzerDigitalPin.ino
Program:     216 bytes (0.7% Full)
Data:          0 bytes (0.0% Full)
Sun Oct 25 00:33:29 CEST 2015: examples/Analyzer/CosaAnalyzerFlush/CosaAnalyzerFlush.ino
Program:    3946 bytes (12.0% Full)
Data:        225 bytes (11.0% Full)
Sun Oct 25 00:33:32 CEST 2015: examples/Analyzer/CosaAnalyzerGPIO/CosaAnalyzerGPIO.ino
Program:    7784 bytes (23.8% Full)
Data:        239 bytes (11.7% Full)
Sun Oct 25 00:33:35 CEST 2015: examples/Analyzer/CosaAnalyzerJob/CosaAnalyzerJob.ino
Program:    5814 bytes (17.7% Full)
Data:        456 bytes (22.3% Full)
Sun Oct 25 00:33:37 CEST 2015: examples/Analyzer/CosaAnalyzerPeriodic/CosaAnalyzerPeriodic.ino
Program:    6158 bytes (18.8% Full)
Data:        418 bytes (20.4% Full)
Sun Oct 25 00:33:40 CEST 2015: examples/Analyzer/CosaAnalyzerPulse/CosaAnalyzerPulse.ino
Program:    4682 bytes (14.3% Full)
Data:        398 bytes (19.4% Full)
Sun Oct 25 00:33:43 CEST 2015: examples/Analyzer/CosaAnalyzerServo/CosaAnalyzerServo.ino
Program:    7766 bytes (23.7% Full)
Data:        465 bytes (22.7% Full)
Sun Oct 25 00:33:45 CEST 2015: examples/Benchmarks/CosaBenchmarkDataLogger/CosaBenchmarkDataLogger.ino
Program:   10378 bytes (31.7% Full)
Data:        413 bytes (20.2% Full)
Sun Oct 25 00:33:48 CEST 2015: examples/Benchmarks/CosaBenchmarkFSM/CosaBenchmarkFSM.ino
Program:    7436 bytes (22.7% Full)
Data:        419 bytes (20.5% Full)
Sun Oct 25 00:33:51 CEST 2015: examples/Benchmarks/CosaBenchmarkGPIO/CosaBenchmarkGPIO.ino
Program:   12472 bytes (38.1% Full)
Data:        298 bytes (14.6% Full)
Sun Oct 25 00:33:53 CEST 2015: examples/Benchmarks/CosaBenchmarkPins/CosaBenchmarkPins.ino
Program:   19718 bytes (60.2% Full)
Data:        418 bytes (20.4% Full)
Sun Oct 25 00:33:57 CEST 2015: examples/Benchmarks/CosaBenchmarkRTT/CosaBenchmarkRTT.ino
Program:   12758 bytes (38.9% Full)
Data:        390 bytes (19.0% Full)
Sun Oct 25 00:33:59 CEST 2015: examples/Benchmarks/CosaBenchmarkSizeOf/CosaBenchmarkSizeOf.ino
Program:   10918 bytes (33.3% Full)
Data:        232 bytes (11.3% Full)
Sun Oct 25 00:34:02 CEST 2015: examples/Benchmarks/CosaBenchmarkUARTburst/CosaBenchmarkUARTburst.ino
Program:    8774 bytes (26.8% Full)
Data:        274 bytes (13.4% Full)
Sun Oct 25 00:34:05 CEST 2015: examples/Benchmarks/CosaBenchmarkUART/CosaBenchmarkUART.ino
Program:   21218 bytes (64.8% Full)
Data:        244 bytes (11.9% Full)
Sun Oct 25 00:34:08 CEST 2015: examples/Blink/CosaBlinkClassic/CosaBlinkClassic.ino
Program:     436 bytes (1.3% Full)
Data:          4 bytes (0.2% Full)
Sun Oct 25 00:34:10 CEST 2015: examples/Blink/CosaBlink/CosaBlink.ino
Program:     766 bytes (2.3% Full)
Data:         14 bytes (0.7% Full)
Sun Oct 25 00:34:12 CEST 2015: examples/Blink/CosaBlinkFSM/CosaBlinkFSM.ino
Program:    6048 bytes (18.5% Full)
Data:        397 bytes (19.4% Full)
Sun Oct 25 00:34:15 CEST 2015: examples/Blink/CosaBlinkInterrupt/CosaBlinkInterrupt.ino
Program:    1782 bytes (5.4% Full)
Data:        157 bytes (7.7% Full)
Sun Oct 25 00:34:18 CEST 2015: examples/Blink/CosaBlinkLED/CosaBlinkLED.ino
Program:    1862 bytes (5.7% Full)
Data:        150 bytes (7.3% Full)
Sun Oct 25 00:34:20 CEST 2015: examples/Blink/CosaBlinkMinimal/CosaBlinkMinimal.ino
Program:     274 bytes (0.8% Full)
Data:          0 bytes (0.0% Full)
Sun Oct 25 00:34:22 CEST 2015: examples/Blink/CosaBlinkPeriodicBlock/CosaBlinkPeriodicBlock.ino
Program:     888 bytes (2.7% Full)
Data:         29 bytes (1.4% Full)
Sun Oct 25 00:34:25 CEST 2015: examples/Blink/CosaBlinkPeriodic/CosaBlinkPeriodic.ino
Program:    2116 bytes (6.5% Full)
Data:        199 bytes (9.7% Full)
Sun Oct 25 00:34:27 CEST 2015: examples/Blink/CosaBlinkProtoThread/CosaBlinkProtoThread.ino
Program:    2176 bytes (6.6% Full)
Data:        158 bytes (7.7% Full)
Sun Oct 25 00:34:30 CEST 2015: examples/Blink/CosaBlinkRandom/CosaBlinkRandom.ino
Program:     924 bytes (2.8% Full)
Data:          8 bytes (0.4% Full)
Sun Oct 25 00:34:32 CEST 2015: examples/Blink/CosaBlinkTemp/CosaBlinkTemp.ino
Program:    3174 bytes (9.7% Full)
Data:         73 bytes (3.6% Full)
Sun Oct 25 00:34:35 CEST 2015: examples/Blink/CosaBlinkThread/CosaBlinkThread.ino
Program:    2006 bytes (6.1% Full)
Data:        161 bytes (7.9% Full)
Sun Oct 25 00:34:37 CEST 2015: examples/Blink/CosaBlinkTimeout/CosaBlinkTimeout.ino
Program:    1920 bytes (5.9% Full)
Data:        219 bytes (10.7% Full)
Sun Oct 25 00:34:40 CEST 2015: examples/Blink/CosaBlinkWatchdog/CosaBlinkWatchdog.ino
Program:     696 bytes (2.1% Full)
Data:         13 bytes (0.6% Full)
Sun Oct 25 00:34:42 CEST 2015: examples/Build/CosaSizeDATA/CosaSizeDATA.ino
Program:    3104 bytes (9.5% Full)
Data:        464 bytes (22.7% Full)
Sun Oct 25 00:34:45 CEST 2015: examples/Build/CosaSizeEEPROM/CosaSizeEEPROM.ino
Program:    5050 bytes (15.4% Full)
Data:        242 bytes (11.8% Full)
EEPROM:      512 bytes (50.0% Full)
Sun Oct 25 00:34:48 CEST 2015: examples/Compiler/CosaBitfields/CosaBitfields.ino
Program:    5786 bytes (17.7% Full)
Data:        245 bytes (12.0% Full)
Sun Oct 25 00:34:50 CEST 2015: examples/Compiler/CosaDiff/CosaDiff.ino
Program:    5894 bytes (18.0% Full)
Data:        231 bytes (11.3% Full)
Sun Oct 25 00:34:53 CEST 2015: examples/Compiler/CosaMath/CosaMath.ino
Program:    8358 bytes (25.5% Full)
Data:        262 bytes (12.8% Full)
Sun Oct 25 00:34:55 CEST 2015: examples/Compiler/CosaMatrix/CosaMatrix.ino
Program:    5120 bytes (15.6% Full)
Data:        233 bytes (11.4% Full)
EEPROM:       54 bytes (5.3% Full)
Sun Oct 25 00:34:58 CEST 2015: examples/Compiler/CosaPSTR/CosaPSTR.ino
Program:    6710 bytes (20.5% Full)
Data:        253 bytes (12.4% Full)
Sun Oct 25 00:35:00 CEST 2015: examples/Compiler/CosaSRAM/CosaSRAM.ino
Program:    3890 bytes (11.9% Full)
Data:        205 bytes (10.0% Full)
Sun Oct 25 00:35:03 CEST 2015: examples/Compiler/CosaSwap/CosaSwap.ino
Program:    7384 bytes (22.5% Full)
Data:        247 bytes (12.1% Full)
Sun Oct 25 00:35:05 CEST 2015: examples/Compiler/CosaSwitch/CosaSwitch.ino
Program:    7700 bytes (23.5% Full)
Data:        268 bytes (13.1% Full)
Sun Oct 25 00:35:08 CEST 2015: examples/Pins/CosaAnalogComparator/CosaAnalogComparator.ino
Program:    4828 bytes (14.7% Full)
Data:        325 bytes (15.9% Full)
Sun Oct 25 00:35:10 CEST 2015: examples/Pins/CosaAnalogPins/CosaAnalogPins.ino
Program:    7134 bytes (21.8% Full)
Data:        388 bytes (18.9% Full)
Sun Oct 25 00:35:13 CEST 2015: examples/Pins/CosaButton/CosaButton.ino
Program:    7280 bytes (22.2% Full)
Data:        448 bytes (21.9% Full)
Sun Oct 25 00:35:16 CEST 2015: examples/Pins/CosaGPIO/CosaGPIO.ino
Program:    5550 bytes (16.9% Full)
Data:        237 bytes (11.6% Full)
Sun Oct 25 00:35:19 CEST 2015: examples/Pins/CosaInputCapture/CosaInputCapture.ino
Program:    5116 bytes (15.6% Full)
Data:        260 bytes (12.7% Full)
Sun Oct 25 00:35:21 CEST 2015: examples/Pins/CosaPinChangeInterrupt/CosaPinChangeInterrupt.ino
Program:    5590 bytes (17.1% Full)
Data:        272 bytes (13.3% Full)
Sun Oct 25 00:35:24 CEST 2015: examples/Pins/CosaPins/CosaPins.ino
Program:   10750 bytes (32.8% Full)
Data:        505 bytes (24.7% Full)
Sun Oct 25 00:35:26 CEST 2015: examples/Pins/CosaPWMPin/CosaPWMPin.ino
Program:    5962 bytes (18.2% Full)
Data:        247 bytes (12.1% Full)
Sun Oct 25 00:35:29 CEST 2015: examples/Sandbox/CosaACS712T/CosaACS712T.ino
Program:    4938 bytes (15.1% Full)
Data:        332 bytes (16.2% Full)
Sun Oct 25 00:35:32 CEST 2015: examples/Sandbox/CosaBitSet/CosaBitSet.ino
Program:    5912 bytes (18.0% Full)
Data:        257 bytes (12.5% Full)
Sun Oct 25 00:35:34 CEST 2015: examples/Sandbox/CosaConfig/CosaConfig.ino
Program:    5376 bytes (16.4% Full)
Data:        236 bytes (11.5% Full)
Sun Oct 25 00:35:37 CEST 2015: examples/Sandbox/CosaEEPROM/CosaEEPROM.ino
Program:    6714 bytes (20.5% Full)
Data:        388 bytes (18.9% Full)
EEPROM:       36 bytes (3.5% Full)
Sun Oct 25 00:35:39 CEST 2015: examples/Sandbox/CosaIOBuffer/CosaIOBuffer.ino
Program:    9112 bytes (27.8% Full)
Data:        298 bytes (14.6% Full)
Sun Oct 25 00:35:42 CEST 2015: examples/Sandbox/CosaIOEvent/CosaIOEvent.ino
Program:    5290 bytes (16.1% Full)
Data:        470 bytes (22.9% Full)
Sun Oct 25 00:35:45 CEST 2015: examples/Sandbox/CosaLowPower/CosaLowPower.ino
Program:    1598 bytes (4.9% Full)
Data:        133 bytes (6.5% Full)
Sun Oct 25 00:35:47 CEST 2015: examples/Sandbox/CosaNucleoActor/CosaNucleoActor.ino
Program:    9344 bytes (28.5% Full)
Data:        530 bytes (25.9% Full)
Sun Oct 25 00:35:50 CEST 2015: examples/Sandbox/CosaPeriodicBlock/CosaPeriodicBlock.ino
Program:    4968 bytes (15.2% Full)
Data:        277 bytes (13.5% Full)
Sun Oct 25 00:35:53 CEST 2015: examples/Sandbox/CosaPingPong/CosaPingPong.ino
Program:    6036 bytes (18.4% Full)
Data:        409 bytes (20.0% Full)
Sun Oct 25 00:35:55 CEST 2015: examples/Sandbox/CosaRestart/CosaRestart.ino
Program:    5346 bytes (16.3% Full)
Data:        259 bytes (12.6% Full)
Sun Oct 25 00:35:58 CEST 2015: examples/Sandbox/CosaRF433/CosaRF433.ino
Program:    1150 bytes (3.5% Full)
Data:         27 bytes (1.3% Full)
Sun Oct 25 00:36:00 CEST 2015: examples/Sandbox/CosaSoftSRPI/CosaSoftSRPI.ino
Program:    4508 bytes (13.8% Full)
Data:        231 bytes (11.3% Full)
Sun Oct 25 00:36:03 CEST 2015: examples/Sandbox/CosaSoftSRPO/CosaSoftSRPO.ino
Program:    1166 bytes (3.6% Full)
Data:         21 bytes (1.0% Full)
Sun Oct 25 00:36:05 CEST 2015: examples/Sandbox/CosaSPIclock/CosaSPIclock.ino
Program:    7890 bytes (24.1% Full)
Data:        251 bytes (12.3% Full)
Sun Oct 25 00:36:08 CEST 2015: examples/Sandbox/CosaSPI/CosaSPI.ino
Program:    1980 bytes (6.0% Full)
Data:         61 bytes (3.0% Full)
Sun Oct 25 00:36:10 CEST 2015: examples/Sandbox/CosaString/CosaString.ino
Program:    9204 bytes (28.1% Full)
Data:        255 bytes (12.5% Full)
Sun Oct 25 00:36:13 CEST 2015: examples/Sandbox/CosaTermostat/CosaTermostat.ino
Program:    8032 bytes (24.5% Full)
Data:        329 bytes (16.1% Full)
Sun Oct 25 00:36:16 CEST 2015: examples/Sandbox/CosaTone/CosaTone.ino
Program:    3512 bytes (10.7% Full)
Data:         25 bytes (1.2% Full)
Sun Oct 25 00:36:18 CEST 2015: examples/Sandbox/CosaVCC/CosaVCC.ino
Program:    6392 bytes (19.5% Full)
Data:        450 bytes (22.0% Full)
Sun Oct 25 00:36:21 CEST 2015: examples/Sandbox/CosaWatchdogJob/CosaWatchdogJob.ino
Program:    6018 bytes (18.4% Full)
Data:        437 bytes (21.3% Full)
Sun Oct 25 00:36:24 CEST 2015: examples/Time/CosaAlarm/CosaAlarm.ino
Program:    9174 bytes (28.0% Full)
Data:        515 bytes (25.1% Full)
Sun Oct 25 00:36:26 CEST 2015: examples/Time/CosaDelay/CosaDelay.ino
Program:    5472 bytes (16.7% Full)
Data:        238 bytes (11.6% Full)
Sun Oct 25 00:36:29 CEST 2015: examples/Time/CosaMicros/CosaMicros.ino
Program:    5606 bytes (17.1% Full)
Data:        235 bytes (11.5% Full)
Sun Oct 25 00:36:32 CEST 2015: examples/Time/CosaPeriodic/CosaPeriodic.ino
Program:    6508 bytes (19.9% Full)
Data:        383 bytes (18.7% Full)
Sun Oct 25 00:36:34 CEST 2015: examples/Time/CosaSince/CosaSince.ino
Program:    6070 bytes (18.5% Full)
Data:        350 bytes (17.1% Full)
Sun Oct 25 00:36:37 CEST 2015: examples/Time/CosaTime/CosaTime.ino
Program:   11396 bytes (34.8% Full)
Data:        351 bytes (17.1% Full)
Sun Oct 25 00:36:40 CEST 2015: examples/Time/CosaTimeLCD/CosaTimeLCD.ino
Program:    7038 bytes (21.5% Full)
Data:        270 bytes (13.2% Full)
Sun Oct 25 00:36:43 CEST 2015: examples/Tools/CosaAutoCalibration/CosaAutoCalibration.ino
Program:    6128 bytes (18.7% Full)
Data:        376 bytes (18.4% Full)
Sun Oct 25 00:36:45 CEST 2015: examples/Tools/CosaClockCalibration/CosaClockCalibration.ino
Program:    7282 bytes (22.2% Full)
Data:        541 bytes (26.4% Full)
Sun Oct 25 00:36:48 CEST 2015: examples/Tools/CosaOWIdebug/CosaOWIdebug.ino
Program:    6000 bytes (18.3% Full)
Data:        235 bytes (11.5% Full)
Sun Oct 25 00:36:51 CEST 2015: examples/Tools/CosaOWIrom/CosaOWIrom.ino
Program:    5220 bytes (15.9% Full)
Data:        222 bytes (10.8% Full)
Sun Oct 25 00:36:53 CEST 2015: examples/Tools/CosaPinScanner/CosaPinScanner.ino
Program:    4518 bytes (13.8% Full)
Data:        217 bytes (10.6% Full)
Sun Oct 25 00:36:56 CEST 2015: examples/Tools/CosaProbe/CosaProbe.ino
Program:    5882 bytes (18.0% Full)
Data:        527 bytes (25.7% Full)
Sun Oct 25 00:36:59 CEST 2015: examples/Tools/CosaRF24scanner/CosaRF24scanner.ino
Program:   12060 bytes (36.8% Full)
Data:        471 bytes (23.0% Full)
Sun Oct 25 00:37:02 CEST 2015: examples/Tools/CosaTWIscanner/CosaTWIscanner.ino
Program:    6628 bytes (20.2% Full)
Data:        334 bytes (16.3% Full)
Sun Oct 25 00:37:04 CEST 2015: examples/TWI/Cosa10DOF/Cosa10DOF.ino
Program:   10530 bytes (32.1% Full)
Data:        451 bytes (22.0% Full)
Sun Oct 25 00:37:07 CEST 2015: examples/TWI/CosaSi7021/CosaSi7021.ino
Program:   11492 bytes (35.1% Full)
Data:        380 bytes (18.6% Full)
Sun Oct 25 00:37:10 CEST 2015: examples/TWI/CosaTWIKeyPad/CosaTWIKeyPad.ino
Program:    7234 bytes (22.1% Full)
Data:        379 bytes (18.5% Full)
Sun Oct 25 00:37:13 CEST 2015: examples/TWI/CosaTWImaster/CosaTWImaster.ino
Program:    8572 bytes (26.2% Full)
Data:        394 bytes (19.2% Full)
Sun Oct 25 00:37:16 CEST 2015: examples/TWI/CosaTWIremotePinMaster/CosaTWIremotePinMaster.ino
Program:    7004 bytes (21.4% Full)
Data:        382 bytes (18.7% Full)
Sun Oct 25 00:37:18 CEST 2015: examples/TWI/CosaTWIremotePinSlave/CosaTWIremotePinSlave.ino
Program:    2210 bytes (6.7% Full)
Data:        163 bytes (8.0% Full)
Sun Oct 25 00:37:21 CEST 2015: examples/TWI/CosaTWIslave/CosaTWIslave.ino
Program:    6608 bytes (20.2% Full)
Data:        395 bytes (19.3% Full)
Sun Oct 25 00:37:24 CEST 2015: examples/UART/CosaCDC/CosaCDC.ino
CosaCDC.ino:31:2: error: #error CosaCDC: board not supported.
 #error CosaCDC: board not supported.
CosaCDC.ino:40:3: error: 'cdc' was not declared in this scope
Sun Oct 25 00:37:25 CEST 2015: examples/UART/CosaJobUART/CosaJobUART.ino
Program:    5790 bytes (17.7% Full)
Data:        462 bytes (22.6% Full)
Sun Oct 25 00:37:28 CEST 2015: examples/UART/CosaMegaUARTs/CosaMegaUARTs.ino
CosaMegaUARTs.ino:30:2: error: #error CosaMegaUARTs: board not supported.
 #error CosaMegaUARTs: board not supported.
Sun Oct 25 00:37:29 CEST 2015: examples/UART/CosaSoftUART/CosaSoftUART.ino
Program:    3604 bytes (11.0% Full)
Data:        223 bytes (10.9% Full)
Sun Oct 25 00:37:32 CEST 2015: examples/UART/CosaUART/CosaUART.ino
Program:    5040 bytes (15.4% Full)
Data:        220 bytes (10.7% Full)
Sun Oct 25 00:37:34 CEST 2015: examples/UART/CosaUARTecho/CosaUARTecho.ino
Program:    2776 bytes (8.5% Full)
Data:        188 bytes (9.2% Full)
Sun Oct 25 00:37:37 CEST 2015: lib/AVR/examples/CosaISP/CosaISP.ino
Program:    5390 bytes (16.4% Full)
Data:        207 bytes (10.1% Full)
Sun Oct 25 00:37:40 CEST 2015: lib/AVR/examples/CosaProgrammer/CosaProgrammer.ino
Program:    6596 bytes (20.1% Full)
Data:        239 bytes (11.7% Full)
Sun Oct 25 00:37:42 CEST 2015: lib/Domotica/RF433/DomoticaADXL345/DomoticaADXL345.ino
Program:    7846 bytes (23.9% Full)
Data:        360 bytes (17.6% Full)
Sun Oct 25 00:37:45 CEST 2015: lib/Domotica/RF433/DomoticaAnalogPin/DomoticaAnalogPin.ino
Program:    4852 bytes (14.8% Full)
Data:        197 bytes (9.6% Full)
Sun Oct 25 00:37:48 CEST 2015: lib/Domotica/RF433/DomoticaClock/DomoticaClock.ino
Program:    5458 bytes (16.7% Full)
Data:        313 bytes (15.3% Full)
Sun Oct 25 00:37:51 CEST 2015: lib/Domotica/RF433/DomoticaDHT11/DomoticaDHT11.ino
Program:    6310 bytes (19.3% Full)
Data:        250 bytes (12.2% Full)
Sun Oct 25 00:37:53 CEST 2015: lib/Domotica/RF433/DomoticaDigitalPin/DomoticaDigitalPin.ino
Program:    4880 bytes (14.9% Full)
Data:        197 bytes (9.6% Full)
Sun Oct 25 00:37:56 CEST 2015: lib/Domotica/RF433/DomoticaDigitalPins/DomoticaDigitalPins.ino
Program:    4904 bytes (15.0% Full)
Data:        196 bytes (9.6% Full)
Sun Oct 25 00:37:59 CEST 2015: lib/Domotica/RF433/DomoticaDS18B20/DomoticaDS18B20.ino
Program:    7140 bytes (21.8% Full)
Data:        243 bytes (11.9% Full)
Sun Oct 25 00:38:02 CEST 2015: lib/Domotica/RF433/DomoticaInfo/DomoticaInfo.ino
Program:    4832 bytes (14.7% Full)
Data:        196 bytes (9.6% Full)
Sun Oct 25 00:38:04 CEST 2015: lib/Domotica/RF433/DomoticaMonitor/DomoticaMonitor.ino
Program:   13398 bytes (40.9% Full)
Data:        394 bytes (19.2% Full)
Sun Oct 25 00:38:08 CEST 2015: lib/Domotica/RF433/DomoticaPins/DomoticaPins.ino
Program:    5038 bytes (15.4% Full)
Data:        198 bytes (9.7% Full)
Sun Oct 25 00:38:10 CEST 2015: lib/Domotica/RF433/DomoticaRelay/DomoticaRelay.ino
Program:    9108 bytes (27.8% Full)
Data:        474 bytes (23.1% Full)
Sun Oct 25 00:38:13 CEST 2015: lib/Domotica/RF433/DomoticaTrace/DomoticaTrace.ino
Program:   12536 bytes (38.3% Full)
Data:        483 bytes (23.6% Full)
Sun Oct 25 00:38:16 CEST 2015: lib/Domotica/RF433/DomoticaTraceQueue/DomoticaTraceQueue.ino
Program:   12748 bytes (38.9% Full)
Data:        783 bytes (38.2% Full)
Sun Oct 25 00:38:19 CEST 2015: lib/Domotica/RF433/DomoticaTraceTable/DomoticaTraceTable.ino
Program:   13318 bytes (40.6% Full)
Data:       1647 bytes (80.4% Full)
Sun Oct 25 00:38:22 CEST 2015: lib/Domotica/RF433/DomoticaWakeup/DomoticaWakeup.ino
Program:    5396 bytes (16.5% Full)
Data:        224 bytes (10.9% Full)
Sun Oct 25 00:38:25 CEST 2015: lib/HTTP/examples/CosaPinWebServer/CosaPinWebServer.ino
Program:   14356 bytes (43.8% Full)
Data:        555 bytes (27.1% Full)
Sun Oct 25 00:38:28 CEST 2015: lib/HTTP/examples/CosaSDWebServer/CosaSDWebServer.ino
Program:   18494 bytes (56.4% Full)
Data:       1191 bytes (58.2% Full)
Sun Oct 25 00:38:31 CEST 2015: lib/HTTP/examples/CosaWebClient/CosaWebClient.ino
Program:   12754 bytes (38.9% Full)
Data:        575 bytes (28.1% Full)
Sun Oct 25 00:38:34 CEST 2015: lib/ICMP/examples/CosaICMPping/CosaICMPping.ino
Program:   13066 bytes (39.9% Full)
Data:        577 bytes (28.2% Full)
Sun Oct 25 00:38:38 CEST 2015: lib/ICMP/examples/CosaICMPpingLCD/CosaICMPpingLCD.ino
Program:   13406 bytes (40.9% Full)
Data:        522 bytes (25.5% Full)
Sun Oct 25 00:38:41 CEST 2015: lib/MQTT/examples/CosaMQTTclient/CosaMQTTclient.ino
Program:   17618 bytes (53.8% Full)
Data:        513 bytes (25.0% Full)
Sun Oct 25 00:38:45 CEST 2015: lib/MQTT/examples/CosaMQTThumidity/CosaMQTThumidity.ino
Program:   13988 bytes (42.7% Full)
Data:        390 bytes (19.0% Full)
Sun Oct 25 00:38:48 CEST 2015: lib/MQTT/examples/CosaMQTTtemperature/CosaMQTTtemperature.ino
Program:   14854 bytes (45.3% Full)
Data:        451 bytes (22.0% Full)
Sun Oct 25 00:38:51 CEST 2015: lib/NEXA/examples/CosaNEXAreceiver/CosaNEXAreceiver.ino
Program:    3302 bytes (10.1% Full)
Data:        196 bytes (9.6% Full)
Sun Oct 25 00:38:53 CEST 2015: lib/NEXA/examples/CosaNEXAsender/CosaNEXAsender.ino
Program:    2508 bytes (7.7% Full)
Data:        114 bytes (5.6% Full)
Sun Oct 25 00:38:56 CEST 2015: lib/NTP/examples/CosaNTP/CosaNTP.ino
Program:   15938 bytes (48.6% Full)
Data:        589 bytes (28.8% Full)
Sun Oct 25 00:38:59 CEST 2015: lib/ProtocolBuffer/examples/CosaProtocolBuffer/CosaProtocolBuffer.ino
Program:   15238 bytes (46.5% Full)
Data:        336 bytes (16.4% Full)
CosaProtocolBuffer.ino:239:25: warning: comparison between signed and unsigned integer expressions [-Wsign-compare]
Sun Oct 25 00:39:02 CEST 2015: libraries/ADXL345/examples/CosaADXL345/CosaADXL345.ino
Program:    7710 bytes (23.5% Full)
Data:        377 bytes (18.4% Full)
Sun Oct 25 00:39:05 CEST 2015: libraries/AT24CXX/examples/CosaAT24CXX/CosaAT24CXX.ino
Program:   11668 bytes (35.6% Full)
Data:        417 bytes (20.4% Full)
EEPROM:      316 bytes (30.9% Full)
Sun Oct 25 00:39:08 CEST 2015: libraries/Base64/examples/CosaBase64/CosaBase64.ino
Program:    9024 bytes (27.5% Full)
Data:        278 bytes (13.6% Full)
Sun Oct 25 00:39:11 CEST 2015: libraries/BMP085/examples/CosaBMP085/CosaBMP085.ino
Program:    8504 bytes (26.0% Full)
Data:        411 bytes (20.1% Full)
Sun Oct 25 00:39:14 CEST 2015: libraries/Canvas/examples/CosaCanvasBMP/CosaCanvasBMP.ino
Program:   22200 bytes (67.7% Full)
Data:       1135 bytes (55.4% Full)
Sun Oct 25 00:39:17 CEST 2015: libraries/Canvas/examples/CosaCanvasClock/CosaCanvasClock.ino
Program:   11894 bytes (36.3% Full)
Data:        264 bytes (12.9% Full)
Sun Oct 25 00:39:20 CEST 2015: libraries/Canvas/examples/CosaCanvasDemo/CosaCanvasDemo.ino
Program:   24454 bytes (74.6% Full)
Data:        571 bytes (27.9% Full)
Sun Oct 25 00:39:24 CEST 2015: libraries/Canvas/examples/CosaCanvasFont/CosaCanvasFont.ino
Program:   10702 bytes (32.7% Full)
Data:        239 bytes (11.7% Full)
Sun Oct 25 00:39:27 CEST 2015: libraries/Canvas/examples/CosaCanvasFonts/CosaCanvasFonts.ino
Program:   18044 bytes (55.1% Full)
Data:        560 bytes (27.3% Full)
Sun Oct 25 00:39:30 CEST 2015: libraries/Canvas/examples/CosaCanvasHCSR04/CosaCanvasHCSR04.ino
Program:   15708 bytes (47.9% Full)
Data:        490 bytes (23.9% Full)
Sun Oct 25 00:39:33 CEST 2015: libraries/Canvas/examples/CosaCanvasHistogram/CosaCanvasHistogram.ino
Program:   12008 bytes (36.6% Full)
Data:        325 bytes (15.9% Full)
Sun Oct 25 00:39:36 CEST 2015: libraries/Canvas/examples/CosaCanvasPins/CosaCanvasPins.ino
Program:   13246 bytes (40.4% Full)
Data:        309 bytes (15.1% Full)
Sun Oct 25 00:39:39 CEST 2015: libraries/Canvas/examples/CosaCanvasScript/CosaCanvasScript.ino
Program:   18834 bytes (57.5% Full)
Data:        509 bytes (24.9% Full)
Sun Oct 25 00:39:42 CEST 2015: libraries/Canvas/examples/CosaCanvasShades/CosaCanvasShades.ino
Program:   10596 bytes (32.3% Full)
Data:        239 bytes (11.7% Full)
Sun Oct 25 00:39:45 CEST 2015: libraries/Canvas/examples/CosaCanvasSweep/CosaCanvasSweep.ino
Program:   10982 bytes (33.5% Full)
Data:        364 bytes (17.8% Full)
Sun Oct 25 00:39:48 CEST 2015: libraries/CC3000/examples/CosaCC3000demo/CosaCC3000demo.ino
Program:   15494 bytes (47.3% Full)
Data:        760 bytes (37.1% Full)
Sun Oct 25 00:39:52 CEST 2015: libraries/CC3000/examples/CosaCC3000info/CosaCC3000info.ino
Program:   16078 bytes (49.1% Full)
Data:        756 bytes (36.9% Full)
Sun Oct 25 00:39:55 CEST 2015: libraries/CC3000/examples/CosaCC3000server/CosaCC3000server.ino
Program:   18422 bytes (56.2% Full)
Data:        948 bytes (46.3% Full)
Sun Oct 25 00:39:58 CEST 2015: libraries/CC3000/examples/CosaCC3000socket/CosaCC3000socket.ino
Program:   15054 bytes (45.9% Full)
Data:        762 bytes (37.2% Full)
Sun Oct 25 00:40:01 CEST 2015: libraries/CFFS/examples/CosaCFFS/CosaCFFS.ino
Program:   21610 bytes (65.9% Full)
Data:        459 bytes (22.4% Full)
Sun Oct 25 00:40:05 CEST 2015: libraries/CFFS/examples/CosaCFFSshell/CosaCFFSshell.ino
Program:   18830 bytes (57.5% Full)
Data:        594 bytes (29.0% Full)
Sun Oct 25 00:40:08 CEST 2015: libraries/Ciao/examples/CosaCiaoNative/CosaCiaoNative.ino
Program:    6410 bytes (19.6% Full)
Data:        314 bytes (15.3% Full)
Sun Oct 25 00:40:11 CEST 2015: libraries/Ciao/examples/CosaCiaoPoint/CosaCiaoPoint.ino
Program:    6108 bytes (18.6% Full)
Data:        282 bytes (13.8% Full)
Sun Oct 25 00:40:13 CEST 2015: libraries/Debug/examples/CosaDebug/CosaDebug.ino
Program:    9270 bytes (28.3% Full)
Data:        329 bytes (16.1% Full)
Sun Oct 25 00:40:16 CEST 2015: libraries/DHCP/examples/CosaDHCP/CosaDHCP.ino
Program:   13192 bytes (40.3% Full)
Data:        479 bytes (23.4% Full)
Sun Oct 25 00:40:19 CEST 2015: libraries/DHT/examples/CosaDHT/CosaDHT.ino
Program:    8852 bytes (27.0% Full)
Data:        438 bytes (21.4% Full)
Sun Oct 25 00:40:22 CEST 2015: libraries/DHT/examples/CosaDHTMAX72XX/CosaDHTMAX72XX.ino
Program:    9034 bytes (27.6% Full)
Data:        334 bytes (16.3% Full)
Sun Oct 25 00:40:25 CEST 2015: libraries/DNS/examples/CosaDNS/CosaDNS.ino
Program:   11726 bytes (35.8% Full)
Data:        457 bytes (22.3% Full)
Sun Oct 25 00:40:28 CEST 2015: libraries/DS1302/examples/CosaDS1302/CosaDS1302.ino
Program:    7124 bytes (21.7% Full)
Data:        245 bytes (12.0% Full)
Sun Oct 25 00:40:30 CEST 2015: libraries/DS1307/examples/CosaDS1307/CosaDS1307.ino
Program:    8520 bytes (26.0% Full)
Data:        410 bytes (20.0% Full)
Sun Oct 25 00:40:33 CEST 2015: libraries/DS18B20/examples/CosaDS18B20alarm/CosaDS18B20alarm.ino
Program:    9326 bytes (28.5% Full)
Data:        487 bytes (23.8% Full)
Sun Oct 25 00:40:36 CEST 2015: libraries/DS18B20/examples/CosaDS18B20calc/CosaDS18B20calc.ino
Program:    6558 bytes (20.0% Full)
Data:        228 bytes (11.1% Full)
Sun Oct 25 00:40:39 CEST 2015: libraries/DS18B20/examples/CosaDS18B20/CosaDS18B20.ino
Program:    8944 bytes (27.3% Full)
Data:        376 bytes (18.4% Full)
Sun Oct 25 00:40:41 CEST 2015: libraries/DS18B20/examples/CosaDS18B20periodic/CosaDS18B20periodic.ino
Program:    8352 bytes (25.5% Full)
Data:        429 bytes (20.9% Full)
Sun Oct 25 00:40:44 CEST 2015: libraries/DS3231/examples/CosaDS3231/CosaDS3231.ino
Program:   10340 bytes (31.6% Full)
Data:        400 bytes (19.5% Full)
Sun Oct 25 00:40:47 CEST 2015: libraries/Fai/examples/CosaFai/CosaFai.ino
Program:    7240 bytes (22.1% Full)
Data:        406 bytes (19.8% Full)
Sun Oct 25 00:40:50 CEST 2015: libraries/FAT16/examples/CosaFAT16/CosaFAT16.ino
Program:   17076 bytes (52.1% Full)
Data:        946 bytes (46.2% Full)
Sun Oct 25 00:40:53 CEST 2015: libraries/HCSR04/examples/CosaHCSR04/CosaHCSR04.ino
Program:    6758 bytes (20.6% Full)
Data:        441 bytes (21.5% Full)
Sun Oct 25 00:40:56 CEST 2015: libraries/HMC5883L/examples/CosaHMC5883L/CosaHMC5883L.ino
Program:    7754 bytes (23.7% Full)
Data:        387 bytes (18.9% Full)
Sun Oct 25 00:40:59 CEST 2015: libraries/IR/examples/CosaIR/CosaIR.ino
Program:    9288 bytes (28.3% Full)
Data:        368 bytes (18.0% Full)
Sun Oct 25 00:41:02 CEST 2015: libraries/L3G4200D/examples/CosaL3G4200D/CosaL3G4200D.ino
Program:    7292 bytes (22.3% Full)
Data:        377 bytes (18.4% Full)
Sun Oct 25 00:41:04 CEST 2015: libraries/LCD/CosaHD44780/CosaHD44780.ino
Program:    6924 bytes (21.1% Full)
Data:        267 bytes (13.0% Full)
Sun Oct 25 00:41:07 CEST 2015: libraries/LCD/CosaLCD10DOF/CosaLCD10DOF.ino
Program:   10320 bytes (31.5% Full)
Data:        365 bytes (17.8% Full)
Sun Oct 25 00:41:11 CEST 2015: libraries/LCD/CosaLCDbench/CosaLCDbench.ino
Program:    7276 bytes (22.2% Full)
Data:        300 bytes (14.6% Full)
Sun Oct 25 00:41:14 CEST 2015: libraries/LCD/CosaLCDclock/CosaLCDclock.ino
Program:    7324 bytes (22.4% Full)
Data:        258 bytes (12.6% Full)
Sun Oct 25 00:41:17 CEST 2015: libraries/LCD/CosaLCDhbar/CosaLCDhbar.ino
Program:    7084 bytes (21.6% Full)
Data:        288 bytes (14.1% Full)
Sun Oct 25 00:41:20 CEST 2015: libraries/LCD/CosaLCDkeypad/CosaLCDkeypad.ino
Program:    6618 bytes (20.2% Full)
Data:        315 bytes (15.4% Full)
Sun Oct 25 00:41:23 CEST 2015: libraries/LCD/CosaLCDmenu/CosaLCDmenu.ino
Program:    7736 bytes (23.6% Full)
Data:        353 bytes (17.2% Full)
Sun Oct 25 00:41:26 CEST 2015: libraries/LCD/CosaLCDsize/CosaLCDsize.ino
Program:    3590 bytes (11.0% Full)
Data:        130 bytes (6.3% Full)
Sun Oct 25 00:41:28 CEST 2015: libraries/LCD/CosaLCDslave/CosaLCDslave.ino
Program:    5316 bytes (16.2% Full)
Data:        318 bytes (15.5% Full)
Sun Oct 25 00:41:31 CEST 2015: libraries/LCD/CosaLCDspeed/CosaLCDspeed.ino
Program:    7714 bytes (23.5% Full)
Data:        311 bytes (15.2% Full)
Sun Oct 25 00:41:34 CEST 2015: libraries/LCD/CosaLCDtemp/CosaLCDtemp.ino
Program:    8592 bytes (26.2% Full)
Data:        295 bytes (14.4% Full)
Sun Oct 25 00:41:37 CEST 2015: libraries/LCD/CosaLCDterm/CosaLCDterm.ino
Program:    6620 bytes (20.2% Full)
Data:        429 bytes (20.9% Full)
Sun Oct 25 00:41:40 CEST 2015: libraries/LCD/CosaLCDvbar/CosaLCDvbar.ino
Program:    6574 bytes (20.1% Full)
Data:        253 bytes (12.4% Full)
Sun Oct 25 00:41:43 CEST 2015: libraries/LCD/CosaLCDverify/CosaLCDverify.ino
Program:     216 bytes (0.7% Full)
Data:          0 bytes (0.0% Full)
Sun Oct 25 00:41:46 CEST 2015: libraries/LCD/CosaST7565/CosaST7565.ino
Program:   15348 bytes (46.8% Full)
Data:        271 bytes (13.2% Full)
Sun Oct 25 00:41:49 CEST 2015: libraries/MAX72XX/examples/CosaMAX72XX/CosaMAX72XX.ino
Program:    6988 bytes (21.3% Full)
Data:        142 bytes (6.9% Full)
Sun Oct 25 00:41:52 CEST 2015: libraries/MCP23008/examples/CosaMCP23008/CosaMCP23008.ino
Program:   10406 bytes (31.8% Full)
Data:        428 bytes (20.9% Full)
Sun Oct 25 00:41:55 CEST 2015: libraries/MCP7940N/examples/CosaMCP7940N/CosaMCP7940N.ino
Program:    9750 bytes (29.8% Full)
Data:        423 bytes (20.7% Full)
Sun Oct 25 00:41:57 CEST 2015: libraries/MPU6050/examples/CosaMPU6050/CosaMPU6050.ino
Program:    7644 bytes (23.3% Full)
Data:        377 bytes (18.4% Full)
Sun Oct 25 00:42:00 CEST 2015: libraries/Nucleo/examples/CosaNucleoActor/CosaNucleoActor.ino
Program:    9344 bytes (28.5% Full)
Data:        530 bytes (25.9% Full)
Sun Oct 25 00:42:01 CEST 2015: libraries/Nucleo/examples/CosaNucleoBenchmark/CosaNucleoBenchmark.ino
Program:    8058 bytes (24.6% Full)
Data:        434 bytes (21.2% Full)
Sun Oct 25 00:42:04 CEST 2015: libraries/Nucleo/examples/CosaNucleoMutex/CosaNucleoMutex.ino
Program:    7128 bytes (21.8% Full)
Data:        381 bytes (18.6% Full)
Sun Oct 25 00:42:07 CEST 2015: libraries/Nucleo/examples/CosaNucleoPingPong/CosaNucleoPingPong.ino
Program:    7838 bytes (23.9% Full)
Data:        403 bytes (19.7% Full)
Sun Oct 25 00:42:10 CEST 2015: libraries/Nucleo/examples/CosaNucleoSemaphore/CosaNucleoSemaphore.ino
Program:    6952 bytes (21.2% Full)
Data:        381 bytes (18.6% Full)
Sun Oct 25 00:42:12 CEST 2015: libraries/Nucleo/examples/CosaNucleoSPI/CosaNucleoSPI.ino
Program:    2664 bytes (8.1% Full)
Data:        185 bytes (9.0% Full)
Sun Oct 25 00:42:15 CEST 2015: libraries/Nucleo/examples/CosaNucleoThread/CosaNucleoThread.ino
Program:    7232 bytes (22.1% Full)
Data:        459 bytes (22.4% Full)
Sun Oct 25 00:42:18 CEST 2015: libraries/OWI/examples/CosaDS1990A/CosaDS1990A.ino
Program:    5954 bytes (18.2% Full)
Data:        235 bytes (11.5% Full)
Sun Oct 25 00:42:21 CEST 2015: libraries/PCD8544/examples/CosaPCD8544/CosaPCD8544.ino
Program:   14696 bytes (44.8% Full)
Data:        247 bytes (12.1% Full)
Sun Oct 25 00:42:24 CEST 2015: libraries/PCD8544/examples/CosaPCD8544temp/CosaPCD8544temp.ino
Program:   15252 bytes (46.5% Full)
Data:        374 bytes (18.3% Full)
Sun Oct 25 00:42:27 CEST 2015: libraries/PCF8574/examples/CosaPCF8574/CosaPCF8574.ino
Program:    8036 bytes (24.5% Full)
Data:        395 bytes (19.3% Full)
Sun Oct 25 00:42:30 CEST 2015: libraries/PCF8591/examples/CosaPCF8591/CosaPCF8591.ino
Program:    8496 bytes (25.9% Full)
Data:        417 bytes (20.4% Full)
Sun Oct 25 00:42:32 CEST 2015: libraries/ProtoThread/examples/CosaProtoThreadBenchmark/CosaProtoThreadBenchmark.ino
Program:    8290 bytes (25.3% Full)
Data:        470 bytes (22.9% Full)
Sun Oct 25 00:42:35 CEST 2015: libraries/RC4/examples/CosaRC4/CosaRC4.ino
Program:    9462 bytes (28.9% Full)
Data:        915 bytes (44.7% Full)
Sun Oct 25 00:42:38 CEST 2015: libraries/Registry/examples/CosaRegistry/CosaRegistry.ino
Program:    9852 bytes (30.1% Full)
Data:        268 bytes (13.1% Full)
EEPROM:        5 bytes (0.5% Full)
Sun Oct 25 00:42:41 CEST 2015: libraries/Rotary/examples/CosaRotaryEncoder/CosaRotaryEncoder.ino
Program:    5902 bytes (18.0% Full)
Data:        378 bytes (18.5% Full)
Sun Oct 25 00:42:44 CEST 2015: libraries/RS485/examples/CosaRS485master/CosaRS485master.ino
CosaRS485master.ino:33:2: error: #error CosaRS485master: board not supported.
 #error CosaRS485master: board not supported.
Sun Oct 25 00:42:45 CEST 2015: libraries/RS485/examples/CosaRS485slave/CosaRS485slave.ino
Program:    5898 bytes (18.0% Full)
Data:        588 bytes (28.7% Full)
Sun Oct 25 00:42:48 CEST 2015: libraries/S25FL127S/examples/CosaS25FL127S/CosaS25FL127S.ino
Program:   13582 bytes (41.4% Full)
Data:        353 bytes (17.2% Full)
Sun Oct 25 00:42:51 CEST 2015: libraries/SD/examples/CosaBMP/CosaBMP.ino
Program:   14008 bytes (42.7% Full)
Data:        930 bytes (45.4% Full)
Sun Oct 25 00:42:54 CEST 2015: libraries/SD/examples/CosaSD/CosaSD.ino
Program:   10788 bytes (32.9% Full)
Data:        302 bytes (14.7% Full)
Sun Oct 25 00:42:57 CEST 2015: libraries/Servo/examples/CosaServo/CosaServo.ino
Program:    1642 bytes (5.0% Full)
Data:         37 bytes (1.8% Full)
Sun Oct 25 00:42:59 CEST 2015: libraries/SRPO/examples/CosaSRPO/CosaSRPO.ino
Program:    1614 bytes (4.9% Full)
Data:         37 bytes (1.8% Full)
Sun Oct 25 00:43:02 CEST 2015: libraries/TCS230/examples/CosaTCS230/CosaTCS230.ino
Program:    5826 bytes (17.8% Full)
Data:        281 bytes (13.7% Full)
Sun Oct 25 00:43:05 CEST 2015: libraries/Touch/examples/CosaTouch/CosaTouch.ino
Program:    6176 bytes (18.8% Full)
Data:        411 bytes (20.1% Full)
Sun Oct 25 00:43:07 CEST 2015: libraries/Vigenere/examples/CosaVigenere/CosaVigenere.ino
Program:    8090 bytes (24.7% Full)
Data:        283 bytes (13.8% Full)
Sun Oct 25 00:43:10 CEST 2015: libraries/W25X40CL/examples/CosaW25X40CL/CosaW25X40CL.ino
Program:   15066 bytes (46.0% Full)
Data:        351 bytes (17.1% Full)
Sun Oct 25 00:43:13 CEST 2015: libraries/Wireless/CosaWirelessButton/CosaWirelessButton.ino
Program:    5852 bytes (17.9% Full)
Data:        355 bytes (17.3% Full)
Sun Oct 25 00:43:16 CEST 2015: libraries/Wireless/CosaWirelessDHT11/CosaWirelessDHT11.ino
Program:    5586 bytes (17.0% Full)
Data:        246 bytes (12.0% Full)
Sun Oct 25 00:43:18 CEST 2015: libraries/Wireless/CosaWirelessDS18B20/CosaWirelessDS18B20.ino
Program:    6566 bytes (20.0% Full)
Data:        276 bytes (13.5% Full)
Sun Oct 25 00:43:21 CEST 2015: libraries/Wireless/CosaWirelessIOStream/CosaWirelessIOStream.ino
Program:    7188 bytes (21.9% Full)
Data:        287 bytes (14.0% Full)
Sun Oct 25 00:43:24 CEST 2015: libraries/Wireless/CosaWirelessMonitor/CosaWirelessMonitor.ino
Program:    6898 bytes (21.1% Full)
Data:        359 bytes (17.5% Full)
Sun Oct 25 00:43:26 CEST 2015: libraries/Wireless/CosaWirelessPing/CosaWirelessPing.ino
Program:    9384 bytes (28.6% Full)
Data:        482 bytes (23.5% Full)
Sun Oct 25 00:43:29 CEST 2015: libraries/Wireless/CosaWirelessPong/CosaWirelessPong.ino
Program:    8870 bytes (27.1% Full)
Data:        478 bytes (23.3% Full)
Sun Oct 25 00:43:32 CEST 2015: libraries/Wireless/CosaWirelessReceiver/CosaWirelessReceiver.ino
Program:   10908 bytes (33.3% Full)
Data:        505 bytes (24.7% Full)
Sun Oct 25 00:43:35 CEST 2015: libraries/Wireless/CosaWirelessReceiverLCD/CosaWirelessReceiverLCD.ino
Program:   11514 bytes (35.1% Full)
Data:        401 bytes (19.6% Full)
Sun Oct 25 00:43:38 CEST 2015: libraries/Wireless/CosaWirelessRelay/CosaWirelessRelay.ino
Program:    8312 bytes (25.4% Full)
Data:        456 bytes (22.3% Full)
Sun Oct 25 00:43:41 CEST 2015: libraries/Wireless/CosaWirelessSender/CosaWirelessSender.ino
Program:    9294 bytes (28.4% Full)
Data:        441 bytes (21.5% Full)
Sun Oct 25 00:43:44 CEST 2015: libraries/Wireless/CosaWirelessTrace/CosaWirelessTrace.ino
Program:    9126 bytes (27.9% Full)
Data:        367 bytes (17.9% Full)
Sun Oct 25 00:43:47 CEST 2015: lib/Shell/examples/CosaShell/CosaShell.ino
Program:   22570 bytes (68.9% Full)
Data:        519 bytes (25.3% Full)
Sun Oct 25 00:43:50 CEST 2015: lib/Shell/examples/CosaShellTelnetServer/CosaShellTelnetServer.ino
Program:   27744 bytes (84.7% Full)
Data:        581 bytes (28.4% Full)
Sun Oct 25 00:43:54 CEST 2015: lib/Shell/examples/CosaShellWebServer/CosaShellWebServer.ino
Program:   30032 bytes (91.7% Full)
Data:        803 bytes (39.2% Full)
Sun Oct 25 00:43:58 CEST 2015: lib/SNMP/examples/CosaSNMP/CosaSNMP.ino
Program:   19122 bytes (58.4% Full)
Data:        529 bytes (25.8% Full)
Sun Oct 25 00:44:01 CEST 2015: lib/Telnet/examples/CosaTelnetServer/CosaTelnetServer.ino
Program:   10844 bytes (33.1% Full)
Data:        293 bytes (14.3% Full)
Sun Oct 25 00:44:04 CEST 2015: lib/ThingSpeak/examples/CosaThingSpeakChannel/CosaThingSpeakChannel.ino
Program:   16558 bytes (50.5% Full)
Data:        604 bytes (29.5% Full)
Sun Oct 25 00:44:07 CEST 2015: lib/ThingSpeak/examples/CosaThingSpeakClient/CosaThingSpeakClient.ino
Program:   20432 bytes (62.4% Full)
Data:        928 bytes (45.3% Full)
Sun Oct 25 00:44:11 CEST 2015: lib/ThingSpeak/examples/CosaThingSpeakTalkBack/CosaThingSpeakTalkBack.ino
Program:   15960 bytes (48.7% Full)
Data:        545 bytes (26.6% Full)
Sun Oct 25 00:44:14 CEST 2015: lib/UML/examples/CosaUMLCapsules/CosaUMLCapsules.ino
Program:    7028 bytes (21.4% Full)
Data:        591 bytes (28.9% Full)
Sun Oct 25 00:44:17 CEST 2015: lib/UML/examples/CosaUMLPingPong/CosaUMLPingPong.ino
Program:    6230 bytes (19.0% Full)
Data:        455 bytes (22.2% Full)
Sun Oct 25 00:44:20 CEST 2015: lib/UML/examples/CosaUMLTermostat/CosaUMLTermostat.ino
Program:   10678 bytes (32.6% Full)
Data:        549 bytes (26.8% Full)
Sun Oct 25 00:44:23 CEST 2015: lib/UML/examples/CosaUMLThermometer/CosaUMLThermometer.ino
Program:   12436 bytes (38.0% Full)
Data:        524 bytes (25.6% Full)
Sun Oct 25 00:44:26 CEST 2015: lib/UML/examples/CosaUMLTrigger/CosaUMLTrigger.ino
Program:    6846 bytes (20.9% Full)
Data:        526 bytes (25.7% Full)
Sun Oct 25 00:44:29 CEST 2015: lib/UML/examples/CosaUMLVoltmeter/CosaUMLVoltmeter.ino
Program:    9064 bytes (27.7% Full)
Data:        500 bytes (24.4% Full)
