Thu Dec 17 21:57:28 CET 2015: build/CosaBuild.ino
Program:     216 bytes (0.7% Full)
Data:          0 bytes (0.0% Full)
Thu Dec 17 21:57:30 CET 2015: examples/Analyzer/ArduinoAnalyzerDigitalPin/ArduinoAnalyzerDigitalPin.ino
Program:     216 bytes (0.7% Full)
Data:          0 bytes (0.0% Full)
Thu Dec 17 21:57:32 CET 2015: examples/Analyzer/CosaAnalyzerFlush/CosaAnalyzerFlush.ino
Program:    3946 bytes (12.0% Full)
Data:        225 bytes (11.0% Full)
Thu Dec 17 21:57:34 CET 2015: examples/Analyzer/CosaAnalyzerGPIO/CosaAnalyzerGPIO.ino
Program:    7786 bytes (23.8% Full)
Data:        241 bytes (11.8% Full)
Thu Dec 17 21:57:37 CET 2015: examples/Analyzer/CosaAnalyzerJob/CosaAnalyzerJob.ino
Program:    5816 bytes (17.7% Full)
Data:        456 bytes (22.3% Full)
Thu Dec 17 21:57:40 CET 2015: examples/Analyzer/CosaAnalyzerPeriodic/CosaAnalyzerPeriodic.ino
Program:    6158 bytes (18.8% Full)
Data:        418 bytes (20.4% Full)
Thu Dec 17 21:57:42 CET 2015: examples/Analyzer/CosaAnalyzerPulse/CosaAnalyzerPulse.ino
Program:    4682 bytes (14.3% Full)
Data:        398 bytes (19.4% Full)
Thu Dec 17 21:57:45 CET 2015: examples/Analyzer/CosaAnalyzerServo/CosaAnalyzerServo.ino
Program:    7734 bytes (23.6% Full)
Data:        465 bytes (22.7% Full)
Thu Dec 17 21:57:48 CET 2015: examples/Benchmarks/CosaBenchmarkDataLogger/CosaBenchmarkDataLogger.ino
Program:   10358 bytes (31.6% Full)
Data:        413 bytes (20.2% Full)
Thu Dec 17 21:57:50 CET 2015: examples/Benchmarks/CosaBenchmarkFSM/CosaBenchmarkFSM.ino
Program:    7416 bytes (22.6% Full)
Data:        419 bytes (20.5% Full)
Thu Dec 17 21:57:53 CET 2015: examples/Benchmarks/CosaBenchmarkGPIO/CosaBenchmarkGPIO.ino
Program:   12538 bytes (38.3% Full)
Data:        300 bytes (14.6% Full)
Thu Dec 17 21:57:56 CET 2015: examples/Benchmarks/CosaBenchmarkPins/CosaBenchmarkPins.ino
Program:   19812 bytes (60.5% Full)
Data:        420 bytes (20.5% Full)
Thu Dec 17 21:57:59 CET 2015: examples/Benchmarks/CosaBenchmarkRTT/CosaBenchmarkRTT.ino
Program:   12816 bytes (39.1% Full)
Data:        392 bytes (19.1% Full)
Thu Dec 17 21:58:02 CET 2015: examples/Benchmarks/CosaBenchmarkSizeOf/CosaBenchmarkSizeOf.ino
Program:   10896 bytes (33.3% Full)
Data:        234 bytes (11.4% Full)
Thu Dec 17 21:58:05 CET 2015: examples/Benchmarks/CosaBenchmarkUARTburst/CosaBenchmarkUARTburst.ino
Program:    8770 bytes (26.8% Full)
Data:        274 bytes (13.4% Full)
Thu Dec 17 21:58:07 CET 2015: examples/Benchmarks/CosaBenchmarkUART/CosaBenchmarkUART.ino
Program:   21544 bytes (65.7% Full)
Data:        246 bytes (12.0% Full)
Thu Dec 17 21:58:10 CET 2015: examples/Blink/CosaBlinkClassic/CosaBlinkClassic.ino
Program:     436 bytes (1.3% Full)
Data:          4 bytes (0.2% Full)
Thu Dec 17 21:58:13 CET 2015: examples/Blink/CosaBlink/CosaBlink.ino
Program:    1242 bytes (3.8% Full)
Data:         25 bytes (1.2% Full)
Thu Dec 17 21:58:15 CET 2015: examples/Blink/CosaBlinkFSM/CosaBlinkFSM.ino
Program:    6046 bytes (18.5% Full)
Data:        397 bytes (19.4% Full)
Thu Dec 17 21:58:18 CET 2015: examples/Blink/CosaBlinkInterrupt/CosaBlinkInterrupt.ino
Program:    1782 bytes (5.4% Full)
Data:        157 bytes (7.7% Full)
Thu Dec 17 21:58:20 CET 2015: examples/Blink/CosaBlinkLED/CosaBlinkLED.ino
Program:    1862 bytes (5.7% Full)
Data:        150 bytes (7.3% Full)
Thu Dec 17 21:58:23 CET 2015: examples/Blink/CosaBlinkMinimal/CosaBlinkMinimal.ino
Program:     274 bytes (0.8% Full)
Data:          0 bytes (0.0% Full)
Thu Dec 17 21:58:25 CET 2015: examples/Blink/CosaBlinkPeriodicBlock/CosaBlinkPeriodicBlock.ino
Program:     888 bytes (2.7% Full)
Data:         29 bytes (1.4% Full)
Thu Dec 17 21:58:27 CET 2015: examples/Blink/CosaBlinkPeriodic/CosaBlinkPeriodic.ino
Program:    2116 bytes (6.5% Full)
Data:        199 bytes (9.7% Full)
Thu Dec 17 21:58:30 CET 2015: examples/Blink/CosaBlinkProtoThread/CosaBlinkProtoThread.ino
Program:    2176 bytes (6.6% Full)
Data:        158 bytes (7.7% Full)
Thu Dec 17 21:58:32 CET 2015: examples/Blink/CosaBlinkRandom/CosaBlinkRandom.ino
Program:     924 bytes (2.8% Full)
Data:          8 bytes (0.4% Full)
Thu Dec 17 21:58:35 CET 2015: examples/Blink/CosaBlinkTemp/CosaBlinkTemp.ino
Program:    3174 bytes (9.7% Full)
Data:         73 bytes (3.6% Full)
Thu Dec 17 21:58:38 CET 2015: examples/Blink/CosaBlinkThread/CosaBlinkThread.ino
Program:    2044 bytes (6.2% Full)
Data:        161 bytes (7.9% Full)
Thu Dec 17 21:58:40 CET 2015: examples/Blink/CosaBlinkTimeout/CosaBlinkTimeout.ino
Program:    1920 bytes (5.9% Full)
Data:        219 bytes (10.7% Full)
Thu Dec 17 21:58:43 CET 2015: examples/Blink/CosaBlinkWatchdog/CosaBlinkWatchdog.ino
Program:     696 bytes (2.1% Full)
Data:         13 bytes (0.6% Full)
Thu Dec 17 21:58:45 CET 2015: examples/Build/CosaSizeDATA/CosaSizeDATA.ino
Program:    3104 bytes (9.5% Full)
Data:        464 bytes (22.7% Full)
Thu Dec 17 21:58:48 CET 2015: examples/Build/CosaSizeEEPROM/CosaSizeEEPROM.ino
Program:    5050 bytes (15.4% Full)
Data:        242 bytes (11.8% Full)
EEPROM:      512 bytes (50.0% Full)
Thu Dec 17 21:58:50 CET 2015: examples/Compiler/CosaBitfields/CosaBitfields.ino
Program:    5782 bytes (17.6% Full)
Data:        247 bytes (12.1% Full)
Thu Dec 17 21:58:53 CET 2015: examples/Compiler/CosaDiff/CosaDiff.ino
Program:    5894 bytes (18.0% Full)
Data:        231 bytes (11.3% Full)
Thu Dec 17 21:58:55 CET 2015: examples/Compiler/CosaMath/CosaMath.ino
Program:    8378 bytes (25.6% Full)
Data:        264 bytes (12.9% Full)
Thu Dec 17 21:58:58 CET 2015: examples/Compiler/CosaMatrix/CosaMatrix.ino
Program:    5122 bytes (15.6% Full)
Data:        233 bytes (11.4% Full)
EEPROM:       54 bytes (5.3% Full)
Thu Dec 17 21:59:01 CET 2015: examples/Compiler/CosaPSTR/CosaPSTR.ino
Program:    6716 bytes (20.5% Full)
Data:        253 bytes (12.4% Full)
Thu Dec 17 21:59:03 CET 2015: examples/Compiler/CosaSRAM/CosaSRAM.ino
Program:    3890 bytes (11.9% Full)
Data:        205 bytes (10.0% Full)
Thu Dec 17 21:59:06 CET 2015: examples/Compiler/CosaSwap/CosaSwap.ino
Program:    7396 bytes (22.6% Full)
Data:        249 bytes (12.2% Full)
Thu Dec 17 21:59:09 CET 2015: examples/Compiler/CosaSwitch/CosaSwitch.ino
Program:    7710 bytes (23.5% Full)
Data:        268 bytes (13.1% Full)
Thu Dec 17 21:59:11 CET 2015: examples/Pins/CosaAnalogComparator/CosaAnalogComparator.ino
Program:    4862 bytes (14.8% Full)
Data:        325 bytes (15.9% Full)
Thu Dec 17 21:59:14 CET 2015: examples/Pins/CosaAnalogPins/CosaAnalogPins.ino
Program:    7116 bytes (21.7% Full)
Data:        388 bytes (18.9% Full)
Thu Dec 17 21:59:17 CET 2015: examples/Pins/CosaButton/CosaButton.ino
Program:    7260 bytes (22.2% Full)
Data:        448 bytes (21.9% Full)
Thu Dec 17 21:59:19 CET 2015: examples/Pins/CosaGPIO/CosaGPIO.ino
Program:    5550 bytes (16.9% Full)
Data:        237 bytes (11.6% Full)
Thu Dec 17 21:59:22 CET 2015: examples/Pins/CosaInputCapture/CosaInputCapture.ino
Program:    5100 bytes (15.6% Full)
Data:        260 bytes (12.7% Full)
Thu Dec 17 21:59:25 CET 2015: examples/Pins/CosaPinChangeInterrupt/CosaPinChangeInterrupt.ino
Program:    5590 bytes (17.1% Full)
Data:        272 bytes (13.3% Full)
Thu Dec 17 21:59:27 CET 2015: examples/Pins/CosaPins/CosaPins.ino
Program:   10824 bytes (33.0% Full)
Data:        505 bytes (24.7% Full)
Thu Dec 17 21:59:30 CET 2015: examples/Pins/CosaPWMPin/CosaPWMPin.ino
Program:    6008 bytes (18.3% Full)
Data:        247 bytes (12.1% Full)
Thu Dec 17 21:59:33 CET 2015: examples/Sandbox/CosaACS712T/CosaACS712T.ino
Program:    4938 bytes (15.1% Full)
Data:        332 bytes (16.2% Full)
Thu Dec 17 21:59:35 CET 2015: examples/Sandbox/CosaBitSet/CosaBitSet.ino
Program:    5938 bytes (18.1% Full)
Data:        257 bytes (12.5% Full)
Thu Dec 17 21:59:38 CET 2015: examples/Sandbox/CosaBitSetString/CosaBitSetString.ino
Program:    4832 bytes (14.7% Full)
Data:        264 bytes (12.9% Full)
Thu Dec 17 21:59:40 CET 2015: examples/Sandbox/CosaConfig/CosaConfig.ino
Program:    5378 bytes (16.4% Full)
Data:        236 bytes (11.5% Full)
Thu Dec 17 21:59:43 CET 2015: examples/Sandbox/CosaEEPROM/CosaEEPROM.ino
Program:    6734 bytes (20.6% Full)
Data:        388 bytes (18.9% Full)
EEPROM:      148 bytes (14.5% Full)
Thu Dec 17 21:59:46 CET 2015: examples/Sandbox/CosaIOBuffer/CosaIOBuffer.ino
Program:    9106 bytes (27.8% Full)
Data:        298 bytes (14.6% Full)
Thu Dec 17 21:59:48 CET 2015: examples/Sandbox/CosaIOEvent/CosaIOEvent.ino
Program:    5286 bytes (16.1% Full)
Data:        470 bytes (22.9% Full)
Thu Dec 17 21:59:51 CET 2015: examples/Sandbox/CosaLowPower/CosaLowPower.ino
Program:    1598 bytes (4.9% Full)
Data:        133 bytes (6.5% Full)
Thu Dec 17 21:59:53 CET 2015: examples/Sandbox/CosaNucleoActor/CosaNucleoActor.ino
Program:    9356 bytes (28.6% Full)
Data:        530 bytes (25.9% Full)
Thu Dec 17 21:59:56 CET 2015: examples/Sandbox/CosaPeriodicBlock/CosaPeriodicBlock.ino
Program:    4970 bytes (15.2% Full)
Data:        277 bytes (13.5% Full)
Thu Dec 17 21:59:59 CET 2015: examples/Sandbox/CosaPingPong/CosaPingPong.ino
Program:    6038 bytes (18.4% Full)
Data:        409 bytes (20.0% Full)
Thu Dec 17 22:00:01 CET 2015: examples/Sandbox/CosaRestart/CosaRestart.ino
Program:    5348 bytes (16.3% Full)
Data:        259 bytes (12.6% Full)
Thu Dec 17 22:00:04 CET 2015: examples/Sandbox/CosaRF433/CosaRF433.ino
Program:    1150 bytes (3.5% Full)
Data:         27 bytes (1.3% Full)
Thu Dec 17 22:00:06 CET 2015: examples/Sandbox/CosaSoftSRPI/CosaSoftSRPI.ino
Program:    4508 bytes (13.8% Full)
Data:        231 bytes (11.3% Full)
Thu Dec 17 22:00:09 CET 2015: examples/Sandbox/CosaSoftSRPO/CosaSoftSRPO.ino
Program:    1166 bytes (3.6% Full)
Data:         21 bytes (1.0% Full)
Thu Dec 17 22:00:11 CET 2015: examples/Sandbox/CosaSPIclock/CosaSPIclock.ino
Program:    7892 bytes (24.1% Full)
Data:        251 bytes (12.3% Full)
Thu Dec 17 22:00:14 CET 2015: examples/Sandbox/CosaSPI/CosaSPI.ino
Program:    1980 bytes (6.0% Full)
Data:         61 bytes (3.0% Full)
Thu Dec 17 22:00:16 CET 2015: examples/Sandbox/CosaString/CosaString.ino
Program:    9206 bytes (28.1% Full)
Data:        257 bytes (12.5% Full)
Thu Dec 17 22:00:19 CET 2015: examples/Sandbox/CosaTermostat/CosaTermostat.ino
Program:    8040 bytes (24.5% Full)
Data:        329 bytes (16.1% Full)
Thu Dec 17 22:00:22 CET 2015: examples/Sandbox/CosaTone/CosaTone.ino
Program:    3532 bytes (10.8% Full)
Data:         25 bytes (1.2% Full)
Thu Dec 17 22:00:24 CET 2015: examples/Sandbox/CosaVCC/CosaVCC.ino
Program:    6364 bytes (19.4% Full)
Data:        450 bytes (22.0% Full)
Thu Dec 17 22:00:27 CET 2015: examples/Sandbox/CosaWatchdogJob/CosaWatchdogJob.ino
Program:    6022 bytes (18.4% Full)
Data:        437 bytes (21.3% Full)
Thu Dec 17 22:00:30 CET 2015: examples/Time/CosaAlarm/CosaAlarm.ino
Program:    9168 bytes (28.0% Full)
Data:        515 bytes (25.1% Full)
Thu Dec 17 22:00:33 CET 2015: examples/Time/CosaDelay/CosaDelay.ino
Program:    5466 bytes (16.7% Full)
Data:        238 bytes (11.6% Full)
Thu Dec 17 22:00:35 CET 2015: examples/Time/CosaJobs/CosaJobs.ino
Program:    6646 bytes (20.3% Full)
Data:        411 bytes (20.1% Full)
Thu Dec 17 22:00:38 CET 2015: examples/Time/CosaMicros/CosaMicros.ino
Program:    5598 bytes (17.1% Full)
Data:        235 bytes (11.5% Full)
Thu Dec 17 22:00:40 CET 2015: examples/Time/CosaPeriodic/CosaPeriodic.ino
Program:    6508 bytes (19.9% Full)
Data:        383 bytes (18.7% Full)
Thu Dec 17 22:00:43 CET 2015: examples/Time/CosaSince/CosaSince.ino
Program:    6068 bytes (18.5% Full)
Data:        350 bytes (17.1% Full)
Thu Dec 17 22:00:46 CET 2015: examples/Time/CosaTime/CosaTime.ino
Program:   11252 bytes (34.3% Full)
Data:        351 bytes (17.1% Full)
Thu Dec 17 22:00:48 CET 2015: examples/Time/CosaTimeLCD/CosaTimeLCD.ino
Program:    7038 bytes (21.5% Full)
Data:        270 bytes (13.2% Full)
Thu Dec 17 22:00:51 CET 2015: examples/Tools/CosaAutoCalibration/CosaAutoCalibration.ino
Program:    6126 bytes (18.7% Full)
Data:        376 bytes (18.4% Full)
Thu Dec 17 22:00:54 CET 2015: examples/Tools/CosaClockCalibration/CosaClockCalibration.ino
Program:    7292 bytes (22.3% Full)
Data:        541 bytes (26.4% Full)
Thu Dec 17 22:00:57 CET 2015: examples/Tools/CosaOWIdebug/CosaOWIdebug.ino
Program:    6006 bytes (18.3% Full)
Data:        235 bytes (11.5% Full)
Thu Dec 17 22:00:59 CET 2015: examples/Tools/CosaOWIrom/CosaOWIrom.ino
Program:    5222 bytes (15.9% Full)
Data:        222 bytes (10.8% Full)
Thu Dec 17 22:01:02 CET 2015: examples/Tools/CosaPinScanner/CosaPinScanner.ino
Program:    4518 bytes (13.8% Full)
Data:        217 bytes (10.6% Full)
Thu Dec 17 22:01:05 CET 2015: examples/Tools/CosaProbe/CosaProbe.ino
Program:    5870 bytes (17.9% Full)
Data:        527 bytes (25.7% Full)
Thu Dec 17 22:01:07 CET 2015: examples/Tools/CosaRF24scanner/CosaRF24scanner.ino
Program:   12000 bytes (36.6% Full)
Data:        467 bytes (22.8% Full)
Thu Dec 17 22:01:10 CET 2015: examples/Tools/CosaTWIscanner/CosaTWIscanner.ino
Program:    6620 bytes (20.2% Full)
Data:        334 bytes (16.3% Full)
Thu Dec 17 22:01:13 CET 2015: examples/TWI/Cosa10DOF/Cosa10DOF.ino
Program:   10678 bytes (32.6% Full)
Data:        451 bytes (22.0% Full)
Thu Dec 17 22:01:16 CET 2015: examples/TWI/CosaTWIKeyPad/CosaTWIKeyPad.ino
Program:    7236 bytes (22.1% Full)
Data:        379 bytes (18.5% Full)
Thu Dec 17 22:01:19 CET 2015: examples/TWI/CosaTWImaster/CosaTWImaster.ino
Program:    8556 bytes (26.1% Full)
Data:        394 bytes (19.2% Full)
Thu Dec 17 22:01:21 CET 2015: examples/TWI/CosaTWIremotePinMaster/CosaTWIremotePinMaster.ino
Program:    7018 bytes (21.4% Full)
Data:        382 bytes (18.7% Full)
Thu Dec 17 22:01:24 CET 2015: examples/TWI/CosaTWIremotePinSlave/CosaTWIremotePinSlave.ino
Program:    2210 bytes (6.7% Full)
Data:        163 bytes (8.0% Full)
Thu Dec 17 22:01:26 CET 2015: examples/TWI/CosaTWIslave/CosaTWIslave.ino
Program:    6584 bytes (20.1% Full)
Data:        397 bytes (19.4% Full)
Thu Dec 17 22:01:29 CET 2015: examples/UART/CosaCDC/CosaCDC.ino
CosaCDC.ino:31:2: error: #error CosaCDC: board not supported.
 #error CosaCDC: board not supported.
CosaCDC.ino:40:3: error: 'cdc' was not declared in this scope
Thu Dec 17 22:01:31 CET 2015: examples/UART/CosaJobUART/CosaJobUART.ino
Program:    5790 bytes (17.7% Full)
Data:        462 bytes (22.6% Full)
Thu Dec 17 22:01:33 CET 2015: examples/UART/CosaMegaUARTs/CosaMegaUARTs.ino
CosaMegaUARTs.ino:30:2: error: #error CosaMegaUARTs: board not supported.
 #error CosaMegaUARTs: board not supported.
Thu Dec 17 22:01:35 CET 2015: examples/UART/CosaSoftUART/CosaSoftUART.ino
Program:    3604 bytes (11.0% Full)
Data:        223 bytes (10.9% Full)
Thu Dec 17 22:01:37 CET 2015: examples/UART/CosaUART/CosaUART.ino
Program:    5038 bytes (15.4% Full)
Data:        220 bytes (10.7% Full)
Thu Dec 17 22:01:40 CET 2015: examples/UART/CosaUARTecho/CosaUARTecho.ino
Program:    2776 bytes (8.5% Full)
Data:        188 bytes (9.2% Full)
Thu Dec 17 22:01:43 CET 2015: lib/AVR/examples/CosaISP/CosaISP.ino
Program:    5392 bytes (16.5% Full)
Data:        209 bytes (10.2% Full)
Thu Dec 17 22:01:45 CET 2015: lib/AVR/examples/CosaProgrammer/CosaProgrammer.ino
Program:    6580 bytes (20.1% Full)
Data:        241 bytes (11.8% Full)
Thu Dec 17 22:01:48 CET 2015: lib/Domotica/RF433/DomoticaADXL345/DomoticaADXL345.ino
Program:    7844 bytes (23.9% Full)
Data:        358 bytes (17.5% Full)
Thu Dec 17 22:01:51 CET 2015: lib/Domotica/RF433/DomoticaAnalogPin/DomoticaAnalogPin.ino
Program:    4850 bytes (14.8% Full)
Data:        195 bytes (9.5% Full)
Thu Dec 17 22:01:54 CET 2015: lib/Domotica/RF433/DomoticaClock/DomoticaClock.ino
Program:    5456 bytes (16.7% Full)
Data:        311 bytes (15.2% Full)
Thu Dec 17 22:01:57 CET 2015: lib/Domotica/RF433/DomoticaDHT11/DomoticaDHT11.ino
Program:    6308 bytes (19.3% Full)
Data:        248 bytes (12.1% Full)
Thu Dec 17 22:01:59 CET 2015: lib/Domotica/RF433/DomoticaDigitalPin/DomoticaDigitalPin.ino
Program:    4878 bytes (14.9% Full)
Data:        195 bytes (9.5% Full)
Thu Dec 17 22:02:02 CET 2015: lib/Domotica/RF433/DomoticaDigitalPins/DomoticaDigitalPins.ino
Program:    4902 bytes (15.0% Full)
Data:        194 bytes (9.5% Full)
Thu Dec 17 22:02:05 CET 2015: lib/Domotica/RF433/DomoticaDS18B20/DomoticaDS18B20.ino
Program:    7138 bytes (21.8% Full)
Data:        241 bytes (11.8% Full)
Thu Dec 17 22:02:08 CET 2015: lib/Domotica/RF433/DomoticaInfo/DomoticaInfo.ino
Program:    4830 bytes (14.7% Full)
Data:        194 bytes (9.5% Full)
Thu Dec 17 22:02:11 CET 2015: lib/Domotica/RF433/DomoticaMonitor/DomoticaMonitor.ino
Program:   13396 bytes (40.9% Full)
Data:        392 bytes (19.1% Full)
Thu Dec 17 22:02:14 CET 2015: lib/Domotica/RF433/DomoticaPins/DomoticaPins.ino
Program:    5036 bytes (15.4% Full)
Data:        196 bytes (9.6% Full)
Thu Dec 17 22:02:17 CET 2015: lib/Domotica/RF433/DomoticaRelay/DomoticaRelay.ino
Program:    9076 bytes (27.7% Full)
Data:        472 bytes (23.0% Full)
Thu Dec 17 22:02:20 CET 2015: lib/Domotica/RF433/DomoticaTrace/DomoticaTrace.ino
Program:   12568 bytes (38.4% Full)
Data:        481 bytes (23.5% Full)
Thu Dec 17 22:02:23 CET 2015: lib/Domotica/RF433/DomoticaTraceQueue/DomoticaTraceQueue.ino
Program:   12776 bytes (39.0% Full)
Data:        781 bytes (38.1% Full)
Thu Dec 17 22:02:26 CET 2015: lib/Domotica/RF433/DomoticaTraceTable/DomoticaTraceTable.ino
Program:   13336 bytes (40.7% Full)
Data:       1645 bytes (80.3% Full)
Thu Dec 17 22:02:29 CET 2015: lib/Domotica/RF433/DomoticaWakeup/DomoticaWakeup.ino
Program:    5394 bytes (16.5% Full)
Data:        222 bytes (10.8% Full)
Thu Dec 17 22:02:32 CET 2015: lib/HTTP/examples/CosaPinWebServer/CosaPinWebServer.ino
Program:   14338 bytes (43.8% Full)
Data:        555 bytes (27.1% Full)
Thu Dec 17 22:02:35 CET 2015: lib/HTTP/examples/CosaSDWebServer/CosaSDWebServer.ino
Program:   18506 bytes (56.5% Full)
Data:       1191 bytes (58.2% Full)
Thu Dec 17 22:02:38 CET 2015: lib/HTTP/examples/CosaWebClient/CosaWebClient.ino
Program:   12800 bytes (39.1% Full)
Data:        585 bytes (28.6% Full)
Thu Dec 17 22:02:41 CET 2015: lib/ICMP/examples/CosaICMPping/CosaICMPping.ino
Program:   13018 bytes (39.7% Full)
Data:        577 bytes (28.2% Full)
Thu Dec 17 22:02:44 CET 2015: lib/ICMP/examples/CosaICMPpingLCD/CosaICMPpingLCD.ino
Program:   13444 bytes (41.0% Full)
Data:        522 bytes (25.5% Full)
Thu Dec 17 22:02:48 CET 2015: lib/MQTT/examples/CosaMQTTclient/CosaMQTTclient.ino
Program:   17604 bytes (53.7% Full)
Data:        513 bytes (25.0% Full)
Thu Dec 17 22:02:51 CET 2015: lib/MQTT/examples/CosaMQTThumidity/CosaMQTThumidity.ino
Program:   13952 bytes (42.6% Full)
Data:        390 bytes (19.0% Full)
Thu Dec 17 22:02:54 CET 2015: lib/MQTT/examples/CosaMQTTtemperature/CosaMQTTtemperature.ino
Program:   14930 bytes (45.6% Full)
Data:        451 bytes (22.0% Full)
Thu Dec 17 22:02:57 CET 2015: lib/NEXA/examples/CosaNEXAreceiver/CosaNEXAreceiver.ino
Program:    3302 bytes (10.1% Full)
Data:        196 bytes (9.6% Full)
Thu Dec 17 22:03:00 CET 2015: lib/NEXA/examples/CosaNEXAsender/CosaNEXAsender.ino
Program:    2508 bytes (7.7% Full)
Data:        114 bytes (5.6% Full)
Thu Dec 17 22:03:02 CET 2015: lib/NTP/examples/CosaNTP/CosaNTP.ino
Program:   16174 bytes (49.4% Full)
Data:        590 bytes (28.8% Full)
Thu Dec 17 22:03:06 CET 2015: lib/ProtocolBuffer/examples/CosaProtocolBuffer/CosaProtocolBuffer.ino
Program:   15238 bytes (46.5% Full)
Data:        336 bytes (16.4% Full)
CosaProtocolBuffer.ino:239:25: warning: comparison between signed and unsigned integer expressions [-Wsign-compare]
Thu Dec 17 22:03:09 CET 2015: libraries/ADXL345/examples/CosaADXL345/CosaADXL345.ino
Program:    7710 bytes (23.5% Full)
Data:        377 bytes (18.4% Full)
Thu Dec 17 22:03:11 CET 2015: libraries/AT24CXX/examples/CosaAT24CXX/CosaAT24CXX.ino
Program:   11646 bytes (35.5% Full)
Data:        417 bytes (20.4% Full)
EEPROM:      316 bytes (30.9% Full)
Thu Dec 17 22:03:14 CET 2015: libraries/Base64/examples/CosaBase64/CosaBase64.ino
Program:    9020 bytes (27.5% Full)
Data:        278 bytes (13.6% Full)
Thu Dec 17 22:03:17 CET 2015: libraries/BMP085/examples/CosaBMP085/CosaBMP085.ino
Program:    8512 bytes (26.0% Full)
Data:        411 bytes (20.1% Full)
Thu Dec 17 22:03:20 CET 2015: libraries/Canvas/examples/CosaCanvasBMP/CosaCanvasBMP.ino
Program:   22198 bytes (67.7% Full)
Data:       1135 bytes (55.4% Full)
Thu Dec 17 22:03:23 CET 2015: libraries/Canvas/examples/CosaCanvasClock/CosaCanvasClock.ino
Program:   11894 bytes (36.3% Full)
Data:        264 bytes (12.9% Full)
Thu Dec 17 22:03:26 CET 2015: libraries/Canvas/examples/CosaCanvasDemo/CosaCanvasDemo.ino
Program:   24452 bytes (74.6% Full)
Data:        571 bytes (27.9% Full)
Thu Dec 17 22:03:30 CET 2015: libraries/Canvas/examples/CosaCanvasFont/CosaCanvasFont.ino
Program:   10702 bytes (32.7% Full)
Data:        239 bytes (11.7% Full)
Thu Dec 17 22:03:33 CET 2015: libraries/Canvas/examples/CosaCanvasFonts/CosaCanvasFonts.ino
Program:   18042 bytes (55.1% Full)
Data:        560 bytes (27.3% Full)
Thu Dec 17 22:03:36 CET 2015: libraries/Canvas/examples/CosaCanvasHCSR04/CosaCanvasHCSR04.ino
Program:   15708 bytes (47.9% Full)
Data:        490 bytes (23.9% Full)
Thu Dec 17 22:03:39 CET 2015: libraries/Canvas/examples/CosaCanvasHistogram/CosaCanvasHistogram.ino
Program:   12008 bytes (36.6% Full)
Data:        325 bytes (15.9% Full)
Thu Dec 17 22:03:42 CET 2015: libraries/Canvas/examples/CosaCanvasPins/CosaCanvasPins.ino
Program:   13246 bytes (40.4% Full)
Data:        309 bytes (15.1% Full)
Thu Dec 17 22:03:46 CET 2015: libraries/Canvas/examples/CosaCanvasScript/CosaCanvasScript.ino
Program:   18842 bytes (57.5% Full)
Data:        509 bytes (24.9% Full)
Thu Dec 17 22:03:49 CET 2015: libraries/Canvas/examples/CosaCanvasShades/CosaCanvasShades.ino
Program:   10596 bytes (32.3% Full)
Data:        239 bytes (11.7% Full)
Thu Dec 17 22:03:52 CET 2015: libraries/Canvas/examples/CosaCanvasSweep/CosaCanvasSweep.ino
Program:   10982 bytes (33.5% Full)
Data:        364 bytes (17.8% Full)
Thu Dec 17 22:03:55 CET 2015: libraries/CC3000/examples/CosaCC3000demo/CosaCC3000demo.ino
Program:   15478 bytes (47.2% Full)
Data:        760 bytes (37.1% Full)
Thu Dec 17 22:03:58 CET 2015: libraries/CC3000/examples/CosaCC3000info/CosaCC3000info.ino
Program:   16074 bytes (49.1% Full)
Data:        756 bytes (36.9% Full)
Thu Dec 17 22:04:01 CET 2015: libraries/CC3000/examples/CosaCC3000server/CosaCC3000server.ino
Program:   18410 bytes (56.2% Full)
Data:        948 bytes (46.3% Full)
Thu Dec 17 22:04:04 CET 2015: libraries/CC3000/examples/CosaCC3000socket/CosaCC3000socket.ino
Program:   15060 bytes (46.0% Full)
Data:        762 bytes (37.2% Full)
Thu Dec 17 22:04:07 CET 2015: libraries/CFFS/examples/CosaCFFS/CosaCFFS.ino
Program:   21566 bytes (65.8% Full)
Data:        459 bytes (22.4% Full)
Thu Dec 17 22:04:11 CET 2015: libraries/CFFS/examples/CosaCFFSshell/CosaCFFSshell.ino
Program:   18782 bytes (57.3% Full)
Data:        594 bytes (29.0% Full)
Thu Dec 17 22:04:14 CET 2015: libraries/Ciao/examples/CosaCiaoNative/CosaCiaoNative.ino
Program:    6396 bytes (19.5% Full)
Data:        314 bytes (15.3% Full)
Thu Dec 17 22:04:17 CET 2015: libraries/Ciao/examples/CosaCiaoPoint/CosaCiaoPoint.ino
Program:    6104 bytes (18.6% Full)
Data:        282 bytes (13.8% Full)
Thu Dec 17 22:04:19 CET 2015: libraries/Debug/examples/CosaDebug/CosaDebug.ino
Program:    9502 bytes (29.0% Full)
Data:        329 bytes (16.1% Full)
Thu Dec 17 22:04:22 CET 2015: libraries/DHCP/examples/CosaDHCP/CosaDHCP.ino
Program:   13240 bytes (40.4% Full)
Data:        479 bytes (23.4% Full)
Thu Dec 17 22:04:25 CET 2015: libraries/DHT/examples/CosaDHT/CosaDHT.ino
Program:    8868 bytes (27.1% Full)
Data:        438 bytes (21.4% Full)
Thu Dec 17 22:04:28 CET 2015: libraries/DHT/examples/CosaDHTMAX72XX/CosaDHTMAX72XX.ino
Program:    9034 bytes (27.6% Full)
Data:        334 bytes (16.3% Full)
Thu Dec 17 22:04:31 CET 2015: libraries/DNS/examples/CosaDNS/CosaDNS.ino
Program:   11746 bytes (35.8% Full)
Data:        457 bytes (22.3% Full)
Thu Dec 17 22:04:34 CET 2015: libraries/DS1302/examples/CosaDS1302/CosaDS1302.ino
Program:    7124 bytes (21.7% Full)
Data:        245 bytes (12.0% Full)
Thu Dec 17 22:04:37 CET 2015: libraries/DS1307/examples/CosaDS1307/CosaDS1307.ino
Program:    8494 bytes (25.9% Full)
Data:        410 bytes (20.0% Full)
Thu Dec 17 22:04:39 CET 2015: libraries/DS18B20/examples/CosaDS18B20alarm/CosaDS18B20alarm.ino
Program:    9344 bytes (28.5% Full)
Data:        487 bytes (23.8% Full)
Thu Dec 17 22:04:42 CET 2015: libraries/DS18B20/examples/CosaDS18B20calc/CosaDS18B20calc.ino
Program:    6560 bytes (20.0% Full)
Data:        228 bytes (11.1% Full)
Thu Dec 17 22:04:45 CET 2015: libraries/DS18B20/examples/CosaDS18B20/CosaDS18B20.ino
Program:    8958 bytes (27.3% Full)
Data:        378 bytes (18.5% Full)
Thu Dec 17 22:04:48 CET 2015: libraries/DS18B20/examples/CosaDS18B20periodic/CosaDS18B20periodic.ino
Program:    8342 bytes (25.5% Full)
Data:        429 bytes (20.9% Full)
Thu Dec 17 22:04:51 CET 2015: libraries/DS3231/examples/CosaDS3231/CosaDS3231.ino
Program:   10306 bytes (31.5% Full)
Data:        400 bytes (19.5% Full)
Thu Dec 17 22:04:53 CET 2015: libraries/Fai/examples/CosaFai/CosaFai.ino
Program:    7240 bytes (22.1% Full)
Data:        406 bytes (19.8% Full)
Thu Dec 17 22:04:56 CET 2015: libraries/FAT16/examples/CosaFAT16/CosaFAT16.ino
Program:   16992 bytes (51.9% Full)
Data:        942 bytes (46.0% Full)
Thu Dec 17 22:04:59 CET 2015: libraries/FAT16/examples/CosaFAT16logger/CosaFAT16logger.ino
Program:   16094 bytes (49.1% Full)
Data:       1076 bytes (52.5% Full)
Thu Dec 17 22:05:03 CET 2015: libraries/HCSR04/examples/CosaHCSR04/CosaHCSR04.ino
Program:    6762 bytes (20.6% Full)
Data:        441 bytes (21.5% Full)
Thu Dec 17 22:05:05 CET 2015: libraries/HMC5883L/examples/CosaHMC5883L/CosaHMC5883L.ino
Program:    7754 bytes (23.7% Full)
Data:        387 bytes (18.9% Full)
Thu Dec 17 22:05:08 CET 2015: libraries/IR/examples/CosaIR/CosaIR.ino
Program:    9288 bytes (28.3% Full)
Data:        368 bytes (18.0% Full)
Thu Dec 17 22:05:11 CET 2015: libraries/L3G4200D/examples/CosaL3G4200D/CosaL3G4200D.ino
Program:    7274 bytes (22.2% Full)
Data:        377 bytes (18.4% Full)
Thu Dec 17 22:05:14 CET 2015: libraries/LCD/CosaHD44780/CosaHD44780.ino
Program:    6924 bytes (21.1% Full)
Data:        267 bytes (13.0% Full)
Thu Dec 17 22:05:17 CET 2015: libraries/LCD/CosaLCD10DOF/CosaLCD10DOF.ino
Program:   10320 bytes (31.5% Full)
Data:        365 bytes (17.8% Full)
Thu Dec 17 22:05:20 CET 2015: libraries/LCD/CosaLCDbench/CosaLCDbench.ino
Program:    7276 bytes (22.2% Full)
Data:        300 bytes (14.6% Full)
Thu Dec 17 22:05:23 CET 2015: libraries/LCD/CosaLCDclock/CosaLCDclock.ino
Program:    7324 bytes (22.4% Full)
Data:        258 bytes (12.6% Full)
Thu Dec 17 22:05:26 CET 2015: libraries/LCD/CosaLCDhbar/CosaLCDhbar.ino
Program:    7084 bytes (21.6% Full)
Data:        288 bytes (14.1% Full)
Thu Dec 17 22:05:29 CET 2015: libraries/LCD/CosaLCDkeypad/CosaLCDkeypad.ino
Program:    6644 bytes (20.3% Full)
Data:        315 bytes (15.4% Full)
Thu Dec 17 22:05:32 CET 2015: libraries/LCD/CosaLCDmenu/CosaLCDmenu.ino
Program:    7762 bytes (23.7% Full)
Data:        353 bytes (17.2% Full)
Thu Dec 17 22:05:35 CET 2015: libraries/LCD/CosaLCDsize/CosaLCDsize.ino
Program:    3590 bytes (11.0% Full)
Data:        130 bytes (6.3% Full)
Thu Dec 17 22:05:38 CET 2015: libraries/LCD/CosaLCDslave/CosaLCDslave.ino
Program:    5316 bytes (16.2% Full)
Data:        318 bytes (15.5% Full)
Thu Dec 17 22:05:41 CET 2015: libraries/LCD/CosaLCDspeed/CosaLCDspeed.ino
Program:    7714 bytes (23.5% Full)
Data:        311 bytes (15.2% Full)
Thu Dec 17 22:05:44 CET 2015: libraries/LCD/CosaLCDtemp/CosaLCDtemp.ino
Program:    8592 bytes (26.2% Full)
Data:        295 bytes (14.4% Full)
Thu Dec 17 22:05:47 CET 2015: libraries/LCD/CosaLCDterm/CosaLCDterm.ino
Program:    6608 bytes (20.2% Full)
Data:        429 bytes (20.9% Full)
Thu Dec 17 22:05:50 CET 2015: libraries/LCD/CosaLCDvbar/CosaLCDvbar.ino
Program:    6574 bytes (20.1% Full)
Data:        253 bytes (12.4% Full)
Thu Dec 17 22:05:53 CET 2015: libraries/LCD/CosaLCDverify/CosaLCDverify.ino
Program:     216 bytes (0.7% Full)
Data:          0 bytes (0.0% Full)
Thu Dec 17 22:05:56 CET 2015: libraries/LCD/CosaST7565/CosaST7565.ino
Program:   15348 bytes (46.8% Full)
Data:        271 bytes (13.2% Full)
Thu Dec 17 22:05:59 CET 2015: libraries/MAX72XX/examples/CosaMAX72XX/CosaMAX72XX.ino
Program:    6988 bytes (21.3% Full)
Data:        142 bytes (6.9% Full)
Thu Dec 17 22:06:02 CET 2015: libraries/MCP23008/examples/CosaMCP23008/CosaMCP23008.ino
Program:   10456 bytes (31.9% Full)
Data:        428 bytes (20.9% Full)
Thu Dec 17 22:06:04 CET 2015: libraries/MCP7940N/examples/CosaMCP7940N/CosaMCP7940N.ino
Program:    9716 bytes (29.7% Full)
Data:        423 bytes (20.7% Full)
Thu Dec 17 22:06:07 CET 2015: libraries/MPU6050/examples/CosaMPU6050/CosaMPU6050.ino
Program:    7624 bytes (23.3% Full)
Data:        377 bytes (18.4% Full)
Thu Dec 17 22:06:10 CET 2015: libraries/Nucleo/examples/CosaNucleoActor/CosaNucleoActor.ino
Program:    9356 bytes (28.6% Full)
Data:        530 bytes (25.9% Full)
Thu Dec 17 22:06:11 CET 2015: libraries/Nucleo/examples/CosaNucleoBenchmark/CosaNucleoBenchmark.ino
Program:    8022 bytes (24.5% Full)
Data:        434 bytes (21.2% Full)
Thu Dec 17 22:06:14 CET 2015: libraries/Nucleo/examples/CosaNucleoMutex/CosaNucleoMutex.ino
Program:    7100 bytes (21.7% Full)
Data:        381 bytes (18.6% Full)
Thu Dec 17 22:06:17 CET 2015: libraries/Nucleo/examples/CosaNucleoPingPong/CosaNucleoPingPong.ino
Program:    7810 bytes (23.8% Full)
Data:        403 bytes (19.7% Full)
Thu Dec 17 22:06:20 CET 2015: libraries/Nucleo/examples/CosaNucleoSemaphore/CosaNucleoSemaphore.ino
Program:    6982 bytes (21.3% Full)
Data:        381 bytes (18.6% Full)
Thu Dec 17 22:06:23 CET 2015: libraries/Nucleo/examples/CosaNucleoSPI/CosaNucleoSPI.ino
Program:    2664 bytes (8.1% Full)
Data:        185 bytes (9.0% Full)
Thu Dec 17 22:06:25 CET 2015: libraries/Nucleo/examples/CosaNucleoThread/CosaNucleoThread.ino
Program:    7256 bytes (22.1% Full)
Data:        459 bytes (22.4% Full)
Thu Dec 17 22:06:28 CET 2015: libraries/OWI/examples/CosaDS1990A/CosaDS1990A.ino
Program:    5946 bytes (18.1% Full)
Data:        237 bytes (11.6% Full)
Thu Dec 17 22:06:31 CET 2015: libraries/PCD8544/examples/CosaPCD8544/CosaPCD8544.ino
Program:   14696 bytes (44.8% Full)
Data:        247 bytes (12.1% Full)
Thu Dec 17 22:06:34 CET 2015: libraries/PCD8544/examples/CosaPCD8544temp/CosaPCD8544temp.ino
Program:   15252 bytes (46.5% Full)
Data:        374 bytes (18.3% Full)
Thu Dec 17 22:06:37 CET 2015: libraries/PCF8563/examples/CosaPCF8563/CosaPCF8563.ino
Program:    8672 bytes (26.5% Full)
Data:        393 bytes (19.2% Full)
Thu Dec 17 22:06:40 CET 2015: libraries/PCF8574/examples/CosaPCF8574/CosaPCF8574.ino
Program:    8036 bytes (24.5% Full)
Data:        395 bytes (19.3% Full)
Thu Dec 17 22:06:43 CET 2015: libraries/PCF8591/examples/CosaPCF8591/CosaPCF8591.ino
Program:    8494 bytes (25.9% Full)
Data:        417 bytes (20.4% Full)
Thu Dec 17 22:06:45 CET 2015: libraries/ProtoThread/examples/CosaProtoThreadBenchmark/CosaProtoThreadBenchmark.ino
Program:    8284 bytes (25.3% Full)
Data:        470 bytes (22.9% Full)
Thu Dec 17 22:06:48 CET 2015: libraries/RC4/examples/CosaRC4/CosaRC4.ino
Program:    9484 bytes (28.9% Full)
Data:        913 bytes (44.6% Full)
Thu Dec 17 22:06:51 CET 2015: libraries/Registry/examples/CosaRegistry/CosaRegistry.ino
Program:    9890 bytes (30.2% Full)
Data:        270 bytes (13.2% Full)
EEPROM:        5 bytes (0.5% Full)
Thu Dec 17 22:06:54 CET 2015: libraries/Rotary/examples/CosaRotaryEncoder/CosaRotaryEncoder.ino
Program:    5898 bytes (18.0% Full)
Data:        378 bytes (18.5% Full)
Thu Dec 17 22:06:57 CET 2015: libraries/RS485/examples/CosaRS485master/CosaRS485master.ino
CosaRS485master.ino:33:2: error: #error CosaRS485master: board not supported.
 #error CosaRS485master: board not supported.
Thu Dec 17 22:06:58 CET 2015: libraries/RS485/examples/CosaRS485slave/CosaRS485slave.ino
Program:    5890 bytes (18.0% Full)
Data:        588 bytes (28.7% Full)
Thu Dec 17 22:07:01 CET 2015: libraries/S25FL127S/examples/CosaS25FL127S/CosaS25FL127S.ino
Program:   13578 bytes (41.4% Full)
Data:        353 bytes (17.2% Full)
Thu Dec 17 22:07:04 CET 2015: libraries/SD/examples/CosaBMP/CosaBMP.ino
Program:   14006 bytes (42.7% Full)
Data:        930 bytes (45.4% Full)
Thu Dec 17 22:07:07 CET 2015: libraries/SD/examples/CosaSD/CosaSD.ino
Program:   10816 bytes (33.0% Full)
Data:        302 bytes (14.7% Full)
Thu Dec 17 22:07:10 CET 2015: libraries/Servo/examples/CosaServo/CosaServo.ino
Program:    1642 bytes (5.0% Full)
Data:         37 bytes (1.8% Full)
Thu Dec 17 22:07:13 CET 2015: libraries/Si70XX/examples/CosaSi7021/CosaSi7021.ino
Program:   13238 bytes (40.4% Full)
Data:        401 bytes (19.6% Full)
Thu Dec 17 22:07:16 CET 2015: libraries/SRPO/examples/CosaSRPO/CosaSRPO.ino
Program:    1614 bytes (4.9% Full)
Data:         37 bytes (1.8% Full)
Thu Dec 17 22:07:18 CET 2015: libraries/TCS230/examples/CosaTCS230/CosaTCS230.ino
Program:    5812 bytes (17.7% Full)
Data:        281 bytes (13.7% Full)
Thu Dec 17 22:07:21 CET 2015: libraries/Touch/examples/CosaTouch/CosaTouch.ino
Program:    6172 bytes (18.8% Full)
Data:        411 bytes (20.1% Full)
Thu Dec 17 22:07:24 CET 2015: libraries/Vigenere/examples/CosaVigenere/CosaVigenere.ino
Program:    8102 bytes (24.7% Full)
Data:        283 bytes (13.8% Full)
Thu Dec 17 22:07:26 CET 2015: libraries/W25X40CL/examples/CosaW25X40CL/CosaW25X40CL.ino
Program:   15038 bytes (45.9% Full)
Data:        351 bytes (17.1% Full)
Thu Dec 17 22:07:29 CET 2015: libraries/Wireless/CosaWirelessButton/CosaWirelessButton.ino
Program:    5850 bytes (17.9% Full)
Data:        353 bytes (17.2% Full)
Thu Dec 17 22:07:32 CET 2015: libraries/Wireless/CosaWirelessDHT11/CosaWirelessDHT11.ino
Program:    5584 bytes (17.0% Full)
Data:        244 bytes (11.9% Full)
Thu Dec 17 22:07:35 CET 2015: libraries/Wireless/CosaWirelessDS18B20/CosaWirelessDS18B20.ino
Program:    6564 bytes (20.0% Full)
Data:        274 bytes (13.4% Full)
Thu Dec 17 22:07:38 CET 2015: libraries/Wireless/CosaWirelessIOStream/CosaWirelessIOStream.ino
Program:    7186 bytes (21.9% Full)
Data:        285 bytes (13.9% Full)
Thu Dec 17 22:07:40 CET 2015: libraries/Wireless/CosaWirelessMonitor/CosaWirelessMonitor.ino
Program:    4560 bytes (13.9% Full)
Data:        169 bytes (8.3% Full)
Thu Dec 17 22:07:43 CET 2015: libraries/Wireless/CosaWirelessPing/CosaWirelessPing.ino
Program:    9346 bytes (28.5% Full)
Data:        480 bytes (23.4% Full)
Thu Dec 17 22:07:46 CET 2015: libraries/Wireless/CosaWirelessPong/CosaWirelessPong.ino
Program:    8842 bytes (27.0% Full)
Data:        476 bytes (23.2% Full)
Thu Dec 17 22:07:49 CET 2015: libraries/Wireless/CosaWirelessReceiver/CosaWirelessReceiver.ino
Program:   10912 bytes (33.3% Full)
Data:        503 bytes (24.6% Full)
Thu Dec 17 22:07:52 CET 2015: libraries/Wireless/CosaWirelessReceiverLCD/CosaWirelessReceiverLCD.ino
Program:   11512 bytes (35.1% Full)
Data:        399 bytes (19.5% Full)
Thu Dec 17 22:07:55 CET 2015: libraries/Wireless/CosaWirelessRelay/CosaWirelessRelay.ino
Program:    8284 bytes (25.3% Full)
Data:        454 bytes (22.2% Full)
Thu Dec 17 22:07:58 CET 2015: libraries/Wireless/CosaWirelessSender/CosaWirelessSender.ino
Program:    9294 bytes (28.4% Full)
Data:        439 bytes (21.4% Full)
Thu Dec 17 22:08:01 CET 2015: libraries/Wireless/CosaWirelessTrace/CosaWirelessTrace.ino
Program:    9144 bytes (27.9% Full)
Data:        365 bytes (17.8% Full)
Thu Dec 17 22:08:04 CET 2015: lib/Shell/examples/CosaShell/CosaShell.ino
Program:   22598 bytes (69.0% Full)
Data:        519 bytes (25.3% Full)
Thu Dec 17 22:08:07 CET 2015: lib/Shell/examples/CosaShellTelnetServer/CosaShellTelnetServer.ino
Program:   27838 bytes (85.0% Full)
Data:        581 bytes (28.4% Full)
Thu Dec 17 22:08:11 CET 2015: lib/Shell/examples/CosaShellWebServer/CosaShellWebServer.ino
Program:   29994 bytes (91.5% Full)
Data:        803 bytes (39.2% Full)
Thu Dec 17 22:08:15 CET 2015: lib/SNMP/examples/CosaSNMP/CosaSNMP.ino
Program:   19086 bytes (58.2% Full)
Data:        529 bytes (25.8% Full)
Thu Dec 17 22:08:18 CET 2015: lib/Telnet/examples/CosaTelnetServer/CosaTelnetServer.ino
Program:   10776 bytes (32.9% Full)
Data:        293 bytes (14.3% Full)
Thu Dec 17 22:08:21 CET 2015: lib/ThingSpeak/examples/CosaThingSpeakChannel/CosaThingSpeakChannel.ino
Program:   16490 bytes (50.3% Full)
Data:        604 bytes (29.5% Full)
Thu Dec 17 22:08:25 CET 2015: lib/ThingSpeak/examples/CosaThingSpeakClient/CosaThingSpeakClient.ino
Program:   20446 bytes (62.4% Full)
Data:        928 bytes (45.3% Full)
Thu Dec 17 22:08:28 CET 2015: lib/ThingSpeak/examples/CosaThingSpeakTalkBack/CosaThingSpeakTalkBack.ino
Program:   15954 bytes (48.7% Full)
Data:        545 bytes (26.6% Full)
Thu Dec 17 22:08:31 CET 2015: lib/UML/examples/CosaUMLBlink/CosaUMLBlink.ino
Program:    2492 bytes (7.6% Full)
Data:        256 bytes (12.5% Full)
Thu Dec 17 22:08:34 CET 2015: lib/UML/examples/CosaUMLCapsules/CosaUMLCapsules.ino
Program:    7004 bytes (21.4% Full)
Data:        591 bytes (28.9% Full)
Thu Dec 17 22:08:37 CET 2015: lib/UML/examples/CosaUMLPingPong/CosaUMLPingPong.ino
Program:    6222 bytes (19.0% Full)
Data:        455 bytes (22.2% Full)
Thu Dec 17 22:08:40 CET 2015: lib/UML/examples/CosaUMLTermostat/CosaUMLTermostat.ino
Program:   10662 bytes (32.5% Full)
Data:        549 bytes (26.8% Full)
Thu Dec 17 22:08:43 CET 2015: lib/UML/examples/CosaUMLThermometer/CosaUMLThermometer.ino
Program:   12436 bytes (38.0% Full)
Data:        524 bytes (25.6% Full)
Thu Dec 17 22:08:46 CET 2015: lib/UML/examples/CosaUMLTrigger/CosaUMLTrigger.ino
Program:    6820 bytes (20.8% Full)
Data:        526 bytes (25.7% Full)
Thu Dec 17 22:08:49 CET 2015: lib/UML/examples/CosaUMLVoltmeter/CosaUMLVoltmeter.ino
Program:    9108 bytes (27.8% Full)
Data:        500 bytes (24.4% Full)
