Tue Nov 22 18:45:48 CET 2016: build/CosaBuild.ino
Program:     216 bytes (0.7% Full)
Data:          0 bytes (0.0% Full)
Tue Nov 22 18:45:48 CET 2016: examples/Analyzer/ArduinoAnalyzerDigitalPin/ArduinoAnalyzerDigitalPin.ino
Program:     216 bytes (0.7% Full)
Data:          0 bytes (0.0% Full)
Tue Nov 22 18:45:49 CET 2016: examples/Analyzer/CosaAnalyzerFlush/CosaAnalyzerFlush.ino
Program:    3946 bytes (12.0% Full)
Data:        225 bytes (11.0% Full)
Tue Nov 22 18:45:50 CET 2016: examples/Analyzer/CosaAnalyzerGPIO/CosaAnalyzerGPIO.ino
Program:    7786 bytes (23.8% Full)
Data:        241 bytes (11.8% Full)
Tue Nov 22 18:45:51 CET 2016: examples/Analyzer/CosaAnalyzerJob/CosaAnalyzerJob.ino
Program:    5812 bytes (17.7% Full)
Data:        456 bytes (22.3% Full)
Tue Nov 22 18:45:52 CET 2016: examples/Analyzer/CosaAnalyzerPeriodic/CosaAnalyzerPeriodic.ino
Program:    6156 bytes (18.8% Full)
Data:        418 bytes (20.4% Full)
Tue Nov 22 18:45:54 CET 2016: examples/Analyzer/CosaAnalyzerPulse/CosaAnalyzerPulse.ino
Program:    4682 bytes (14.3% Full)
Data:        398 bytes (19.4% Full)
Tue Nov 22 18:45:56 CET 2016: examples/Analyzer/CosaAnalyzerServo/CosaAnalyzerServo.ino
Program:    7774 bytes (23.7% Full)
Data:        465 bytes (22.7% Full)
Tue Nov 22 18:45:58 CET 2016: examples/Benchmarks/CosaBenchmarkDataLogger/CosaBenchmarkDataLogger.ino
Program:   10450 bytes (31.9% Full)
Data:        413 bytes (20.2% Full)
Tue Nov 22 18:46:00 CET 2016: examples/Benchmarks/CosaBenchmarkFSM/CosaBenchmarkFSM.ino
Program:    7440 bytes (22.7% Full)
Data:        419 bytes (20.5% Full)
Tue Nov 22 18:46:02 CET 2016: examples/Benchmarks/CosaBenchmarkGPIO/CosaBenchmarkGPIO.ino
Program:   12604 bytes (38.5% Full)
Data:        300 bytes (14.6% Full)
Tue Nov 22 18:46:04 CET 2016: examples/Benchmarks/CosaBenchmarkPins/CosaBenchmarkPins.ino
Program:   19884 bytes (60.7% Full)
Data:        420 bytes (20.5% Full)
Tue Nov 22 18:46:06 CET 2016: examples/Benchmarks/CosaBenchmarkRTT/CosaBenchmarkRTT.ino
Program:   12890 bytes (39.3% Full)
Data:        392 bytes (19.1% Full)
Tue Nov 22 18:46:08 CET 2016: examples/Benchmarks/CosaBenchmarkSizeOf/CosaBenchmarkSizeOf.ino
Program:   10900 bytes (33.3% Full)
Data:        234 bytes (11.4% Full)
Tue Nov 22 18:46:10 CET 2016: examples/Benchmarks/CosaBenchmarkUARTburst/CosaBenchmarkUARTburst.ino
Program:    8772 bytes (26.8% Full)
Data:        274 bytes (13.4% Full)
Tue Nov 22 18:46:12 CET 2016: examples/Benchmarks/CosaBenchmarkUART/CosaBenchmarkUART.ino
Program:   21614 bytes (66.0% Full)
Data:        246 bytes (12.0% Full)
Tue Nov 22 18:46:14 CET 2016: examples/Blink/CosaBlinkClassic/CosaBlinkClassic.ino
Program:     436 bytes (1.3% Full)
Data:          4 bytes (0.2% Full)
Tue Nov 22 18:46:16 CET 2016: examples/Blink/CosaBlink/CosaBlink.ino
Program:    1240 bytes (3.8% Full)
Data:         25 bytes (1.2% Full)
Tue Nov 22 18:46:17 CET 2016: examples/Blink/CosaBlinkFSM/CosaBlinkFSM.ino
Program:    6048 bytes (18.5% Full)
Data:        397 bytes (19.4% Full)
Tue Nov 22 18:46:19 CET 2016: examples/Blink/CosaBlinkInterrupt/CosaBlinkInterrupt.ino
Program:    1782 bytes (5.4% Full)
Data:        157 bytes (7.7% Full)
Tue Nov 22 18:46:21 CET 2016: examples/Blink/CosaBlinkLED/CosaBlinkLED.ino
Program:    1862 bytes (5.7% Full)
Data:        150 bytes (7.3% Full)
Tue Nov 22 18:46:22 CET 2016: examples/Blink/CosaBlinkMinimal/CosaBlinkMinimal.ino
Program:     274 bytes (0.8% Full)
Data:          0 bytes (0.0% Full)
Tue Nov 22 18:46:24 CET 2016: examples/Blink/CosaBlinkPeriodicBlock/CosaBlinkPeriodicBlock.ino
Program:     888 bytes (2.7% Full)
Data:         29 bytes (1.4% Full)
Tue Nov 22 18:46:25 CET 2016: examples/Blink/CosaBlinkPeriodic/CosaBlinkPeriodic.ino
Program:    2116 bytes (6.5% Full)
Data:        199 bytes (9.7% Full)
Tue Nov 22 18:46:27 CET 2016: examples/Blink/CosaBlinkProtoThread/CosaBlinkProtoThread.ino
Program:    2176 bytes (6.6% Full)
Data:        158 bytes (7.7% Full)
Tue Nov 22 18:46:29 CET 2016: examples/Blink/CosaBlinkRandom/CosaBlinkRandom.ino
Program:     924 bytes (2.8% Full)
Data:          8 bytes (0.4% Full)
Tue Nov 22 18:46:31 CET 2016: examples/Blink/CosaBlinkTemp/CosaBlinkTemp.ino
Program:    3174 bytes (9.7% Full)
Data:         73 bytes (3.6% Full)
Tue Nov 22 18:46:32 CET 2016: examples/Blink/CosaBlinkThread/CosaBlinkThread.ino
Program:    2044 bytes (6.2% Full)
Data:        161 bytes (7.9% Full)
Tue Nov 22 18:46:34 CET 2016: examples/Blink/CosaBlinkTimeout/CosaBlinkTimeout.ino
Program:    1920 bytes (5.9% Full)
Data:        219 bytes (10.7% Full)
Tue Nov 22 18:46:36 CET 2016: examples/Blink/CosaBlinkWatchdog/CosaBlinkWatchdog.ino
Program:     696 bytes (2.1% Full)
Data:         13 bytes (0.6% Full)
Tue Nov 22 18:46:37 CET 2016: examples/Build/CosaSizeDATA/CosaSizeDATA.ino
Program:    3104 bytes (9.5% Full)
Data:        464 bytes (22.7% Full)
Tue Nov 22 18:46:39 CET 2016: examples/Build/CosaSizeEEPROM/CosaSizeEEPROM.ino
Program:    5050 bytes (15.4% Full)
Data:        242 bytes (11.8% Full)
EEPROM:      512 bytes (50.0% Full)
Tue Nov 22 18:46:41 CET 2016: examples/Compiler/CosaBitfields/CosaBitfields.ino
Program:    5782 bytes (17.6% Full)
Data:        247 bytes (12.1% Full)
Tue Nov 22 18:46:43 CET 2016: examples/Compiler/CosaDiff/CosaDiff.ino
Program:    5894 bytes (18.0% Full)
Data:        231 bytes (11.3% Full)
Tue Nov 22 18:46:45 CET 2016: examples/Compiler/CosaMath/CosaMath.ino
Program:    8404 bytes (25.6% Full)
Data:        264 bytes (12.9% Full)
Tue Nov 22 18:46:47 CET 2016: examples/Compiler/CosaMatrix/CosaMatrix.ino
Program:    5120 bytes (15.6% Full)
Data:        233 bytes (11.4% Full)
EEPROM:       54 bytes (5.3% Full)
Tue Nov 22 18:46:49 CET 2016: examples/Compiler/CosaPSTR/CosaPSTR.ino
Program:    6712 bytes (20.5% Full)
Data:        253 bytes (12.4% Full)
Tue Nov 22 18:46:50 CET 2016: examples/Compiler/CosaSRAM/CosaSRAM.ino
Program:    3890 bytes (11.9% Full)
Data:        205 bytes (10.0% Full)
Tue Nov 22 18:46:52 CET 2016: examples/Compiler/CosaSwap/CosaSwap.ino
Program:    7456 bytes (22.8% Full)
Data:        249 bytes (12.2% Full)
Tue Nov 22 18:46:54 CET 2016: examples/Compiler/CosaSwitch/CosaSwitch.ino
Program:    7700 bytes (23.5% Full)
Data:        268 bytes (13.1% Full)
Tue Nov 22 18:46:56 CET 2016: examples/LCD/CosaHD44780/CosaHD44780.ino
Program:    6912 bytes (21.1% Full)
Data:        262 bytes (12.8% Full)
Tue Nov 22 18:46:58 CET 2016: examples/LCD/CosaLCD10DOF/CosaLCD10DOF.ino
Program:   10268 bytes (31.3% Full)
Data:        365 bytes (17.8% Full)
Tue Nov 22 18:47:00 CET 2016: examples/LCD/CosaLCDbench/CosaLCDbench.ino
Program:    7252 bytes (22.1% Full)
Data:        295 bytes (14.4% Full)
Tue Nov 22 18:47:03 CET 2016: examples/LCD/CosaLCDclock/CosaLCDclock.ino
Program:    7322 bytes (22.3% Full)
Data:        258 bytes (12.6% Full)
Tue Nov 22 18:47:05 CET 2016: examples/LCD/CosaLCDhbar/CosaLCDhbar.ino
Program:    7080 bytes (21.6% Full)
Data:        288 bytes (14.1% Full)
Tue Nov 22 18:47:07 CET 2016: examples/LCD/CosaLCDkeypad/CosaLCDkeypad.ino
Program:    6644 bytes (20.3% Full)
Data:        315 bytes (15.4% Full)
Tue Nov 22 18:47:09 CET 2016: examples/LCD/CosaLCDmenu/CosaLCDmenu.ino
Program:    7786 bytes (23.8% Full)
Data:        353 bytes (17.2% Full)
Tue Nov 22 18:47:11 CET 2016: examples/LCD/CosaLCDsize/CosaLCDsize.ino
Program:    3590 bytes (11.0% Full)
Data:        130 bytes (6.3% Full)
Tue Nov 22 18:47:13 CET 2016: examples/LCD/CosaLCDslave/CosaLCDslave.ino
Program:    5310 bytes (16.2% Full)
Data:        318 bytes (15.5% Full)
Tue Nov 22 18:47:15 CET 2016: examples/LCD/CosaLCDspeed/CosaLCDspeed.ino
Program:    7710 bytes (23.5% Full)
Data:        311 bytes (15.2% Full)
Tue Nov 22 18:47:18 CET 2016: examples/LCD/CosaLCDtemp/CosaLCDtemp.ino
Program:    8580 bytes (26.2% Full)
Data:        295 bytes (14.4% Full)
Tue Nov 22 18:47:20 CET 2016: examples/LCD/CosaLCDterm/CosaLCDterm.ino
Program:    6608 bytes (20.2% Full)
Data:        429 bytes (20.9% Full)
Tue Nov 22 18:47:22 CET 2016: examples/LCD/CosaLCDvbar/CosaLCDvbar.ino
Program:    6574 bytes (20.1% Full)
Data:        253 bytes (12.4% Full)
Tue Nov 22 18:47:24 CET 2016: examples/LCD/CosaLCDverify/CosaLCDverify.ino
Program:     216 bytes (0.7% Full)
Data:          0 bytes (0.0% Full)
Tue Nov 22 18:47:27 CET 2016: examples/LCD/CosaST7565/CosaST7565.ino
Program:   15352 bytes (46.9% Full)
Data:        269 bytes (13.1% Full)
Tue Nov 22 18:47:29 CET 2016: examples/Pins/CosaAnalogComparator/CosaAnalogComparator.ino
Program:    4860 bytes (14.8% Full)
Data:        325 bytes (15.9% Full)
Tue Nov 22 18:47:31 CET 2016: examples/Pins/CosaAnalogPins/CosaAnalogPins.ino
Program:    7122 bytes (21.7% Full)
Data:        386 bytes (18.8% Full)
Tue Nov 22 18:47:33 CET 2016: examples/Pins/CosaButton/CosaButton.ino
Program:    7260 bytes (22.2% Full)
Data:        448 bytes (21.9% Full)
Tue Nov 22 18:47:35 CET 2016: examples/Pins/CosaGPIO/CosaGPIO.ino
Program:    5558 bytes (17.0% Full)
Data:        237 bytes (11.6% Full)
Tue Nov 22 18:47:36 CET 2016: examples/Pins/CosaInputCapture/CosaInputCapture.ino
Program:    5100 bytes (15.6% Full)
Data:        260 bytes (12.7% Full)
Tue Nov 22 18:47:38 CET 2016: examples/Pins/CosaPinChangeInterrupt/CosaPinChangeInterrupt.ino
Program:    5592 bytes (17.1% Full)
Data:        272 bytes (13.3% Full)
Tue Nov 22 18:47:40 CET 2016: examples/Pins/CosaPins/CosaPins.ino
Program:   10796 bytes (32.9% Full)
Data:        505 bytes (24.7% Full)
Tue Nov 22 18:47:42 CET 2016: examples/Pins/CosaPWMPin/CosaPWMPin.ino
Program:    5746 bytes (17.5% Full)
Data:        247 bytes (12.1% Full)
Tue Nov 22 18:47:44 CET 2016: examples/Sandbox/CosaACS712T/CosaACS712T.ino
Program:    4934 bytes (15.1% Full)
Data:        332 bytes (16.2% Full)
Tue Nov 22 18:47:46 CET 2016: examples/Sandbox/CosaBitSet/CosaBitSet.ino
Program:    5910 bytes (18.0% Full)
Data:        257 bytes (12.5% Full)
Tue Nov 22 18:47:48 CET 2016: examples/Sandbox/CosaBitSetString/CosaBitSetString.ino
Program:    4832 bytes (14.7% Full)
Data:        264 bytes (12.9% Full)
Tue Nov 22 18:47:49 CET 2016: examples/Sandbox/CosaConfig/CosaConfig.ino
Program:    5376 bytes (16.4% Full)
Data:        236 bytes (11.5% Full)
Tue Nov 22 18:47:51 CET 2016: examples/Sandbox/CosaEEPROM/CosaEEPROM.ino
Program:    6752 bytes (20.6% Full)
Data:        388 bytes (18.9% Full)
EEPROM:      148 bytes (14.5% Full)
Tue Nov 22 18:47:53 CET 2016: examples/Sandbox/CosaIOBuffer/CosaIOBuffer.ino
Program:    9098 bytes (27.8% Full)
Data:        298 bytes (14.6% Full)
Tue Nov 22 18:47:55 CET 2016: examples/Sandbox/CosaIOEvent/CosaIOEvent.ino
Program:    5286 bytes (16.1% Full)
Data:        470 bytes (22.9% Full)
Tue Nov 22 18:47:57 CET 2016: examples/Sandbox/CosaLowPower/CosaLowPower.ino
Program:    1598 bytes (4.9% Full)
Data:        133 bytes (6.5% Full)
Tue Nov 22 18:47:58 CET 2016: examples/Sandbox/CosaNucleoActor/CosaNucleoActor.ino
Program:    9342 bytes (28.5% Full)
Data:        530 bytes (25.9% Full)
Tue Nov 22 18:48:00 CET 2016: examples/Sandbox/CosaPeriodicBlock/CosaPeriodicBlock.ino
Program:    4968 bytes (15.2% Full)
Data:        277 bytes (13.5% Full)
Tue Nov 22 18:48:02 CET 2016: examples/Sandbox/CosaPingPong/CosaPingPong.ino
Program:    6036 bytes (18.4% Full)
Data:        409 bytes (20.0% Full)
Tue Nov 22 18:48:04 CET 2016: examples/Sandbox/CosaRestart/CosaRestart.ino
Program:    5344 bytes (16.3% Full)
Data:        259 bytes (12.6% Full)
Tue Nov 22 18:48:06 CET 2016: examples/Sandbox/CosaRF433/CosaRF433.ino
Program:    1150 bytes (3.5% Full)
Data:         27 bytes (1.3% Full)
Tue Nov 22 18:48:08 CET 2016: examples/Sandbox/CosaSoftSRPI/CosaSoftSRPI.ino
Program:    4508 bytes (13.8% Full)
Data:        231 bytes (11.3% Full)
Tue Nov 22 18:48:09 CET 2016: examples/Sandbox/CosaSoftSRPO/CosaSoftSRPO.ino
Program:    1166 bytes (3.6% Full)
Data:         21 bytes (1.0% Full)
Tue Nov 22 18:48:11 CET 2016: examples/Sandbox/CosaSPIclock/CosaSPIclock.ino
Program:    7890 bytes (24.1% Full)
Data:        251 bytes (12.3% Full)
Tue Nov 22 18:48:13 CET 2016: examples/Sandbox/CosaSPI/CosaSPI.ino
Program:    1980 bytes (6.0% Full)
Data:         61 bytes (3.0% Full)
Tue Nov 22 18:48:14 CET 2016: examples/Sandbox/CosaString/CosaString.ino
Program:    9206 bytes (28.1% Full)
Data:        257 bytes (12.5% Full)
Tue Nov 22 18:48:16 CET 2016: examples/Sandbox/CosaTermostat/CosaTermostat.ino
Program:    8068 bytes (24.6% Full)
Data:        329 bytes (16.1% Full)
Tue Nov 22 18:48:18 CET 2016: examples/Sandbox/CosaTone/CosaTone.ino
Program:    3532 bytes (10.8% Full)
Data:         25 bytes (1.2% Full)
Tue Nov 22 18:48:20 CET 2016: examples/Sandbox/CosaVCC/CosaVCC.ino
Program:    6390 bytes (19.5% Full)
Data:        450 bytes (22.0% Full)
Tue Nov 22 18:48:22 CET 2016: examples/Sandbox/CosaWatchdogJob/CosaWatchdogJob.ino
Program:    6018 bytes (18.4% Full)
Data:        437 bytes (21.3% Full)
Tue Nov 22 18:48:24 CET 2016: examples/Time/CosaAlarm/CosaAlarm.ino
Program:    6994 bytes (21.3% Full)
Data:        423 bytes (20.7% Full)
Tue Nov 22 18:48:26 CET 2016: examples/Time/CosaDelay/CosaDelay.ino
Program:    5466 bytes (16.7% Full)
Data:        238 bytes (11.6% Full)
Tue Nov 22 18:48:27 CET 2016: examples/Time/CosaJobs/CosaJobs.ino
Program:    6644 bytes (20.3% Full)
Data:        411 bytes (20.1% Full)
Tue Nov 22 18:48:29 CET 2016: examples/Time/CosaMicros/CosaMicros.ino
Program:    5598 bytes (17.1% Full)
Data:        235 bytes (11.5% Full)
Tue Nov 22 18:48:31 CET 2016: examples/Time/CosaPeriodic/CosaPeriodic.ino
Program:    6508 bytes (19.9% Full)
Data:        383 bytes (18.7% Full)
Tue Nov 22 18:48:33 CET 2016: examples/Time/CosaSince/CosaSince.ino
Program:    6068 bytes (18.5% Full)
Data:        350 bytes (17.1% Full)
Tue Nov 22 18:48:35 CET 2016: examples/Time/CosaTime/CosaTime.ino
Program:   11304 bytes (34.5% Full)
Data:        351 bytes (17.1% Full)
Tue Nov 22 18:48:37 CET 2016: examples/Time/CosaTimeLCD/CosaTimeLCD.ino
Program:    7050 bytes (21.5% Full)
Data:        270 bytes (13.2% Full)
Tue Nov 22 18:48:39 CET 2016: examples/Tools/CosaAutoCalibration/CosaAutoCalibration.ino
Program:    6126 bytes (18.7% Full)
Data:        376 bytes (18.4% Full)
Tue Nov 22 18:48:41 CET 2016: examples/Tools/CosaClockCalibration/CosaClockCalibration.ino
Program:    7296 bytes (22.3% Full)
Data:        541 bytes (26.4% Full)
Tue Nov 22 18:48:43 CET 2016: examples/Tools/CosaOWIdebug/CosaOWIdebug.ino
Program:    6006 bytes (18.3% Full)
Data:        235 bytes (11.5% Full)
Tue Nov 22 18:48:45 CET 2016: examples/Tools/CosaOWIrom/CosaOWIrom.ino
Program:    5220 bytes (15.9% Full)
Data:        222 bytes (10.8% Full)
Tue Nov 22 18:48:47 CET 2016: examples/Tools/CosaPinScanner/CosaPinScanner.ino
Program:    4518 bytes (13.8% Full)
Data:        217 bytes (10.6% Full)
Tue Nov 22 18:48:48 CET 2016: examples/Tools/CosaProbe/CosaProbe.ino
Program:    5870 bytes (17.9% Full)
Data:        527 bytes (25.7% Full)
Tue Nov 22 18:48:50 CET 2016: examples/Tools/CosaRF24scanner/CosaRF24scanner.ino
Program:   12052 bytes (36.8% Full)
Data:        467 bytes (22.8% Full)
Tue Nov 22 18:48:52 CET 2016: examples/Tools/CosaTWIscanner/CosaTWIscanner.ino
Program:    6662 bytes (20.3% Full)
Data:        334 bytes (16.3% Full)
Tue Nov 22 18:48:54 CET 2016: examples/TWI/Cosa10DOF/Cosa10DOF.ino
Program:   10682 bytes (32.6% Full)
Data:        451 bytes (22.0% Full)
Tue Nov 22 18:48:57 CET 2016: examples/TWI/CosaTWIKeyPad/CosaTWIKeyPad.ino
Program:    7238 bytes (22.1% Full)
Data:        379 bytes (18.5% Full)
Tue Nov 22 18:48:58 CET 2016: examples/TWI/CosaTWImaster/CosaTWImaster.ino
Program:    8570 bytes (26.2% Full)
Data:        394 bytes (19.2% Full)
Tue Nov 22 18:49:00 CET 2016: examples/TWI/CosaTWIremotePinMaster/CosaTWIremotePinMaster.ino
Program:    7016 bytes (21.4% Full)
Data:        382 bytes (18.7% Full)
Tue Nov 22 18:49:02 CET 2016: examples/TWI/CosaTWIremotePinSlave/CosaTWIremotePinSlave.ino
Program:    2208 bytes (6.7% Full)
Data:        163 bytes (8.0% Full)
Tue Nov 22 18:49:04 CET 2016: examples/TWI/CosaTWIslave/CosaTWIslave.ino
Program:    6580 bytes (20.1% Full)
Data:        397 bytes (19.4% Full)
Tue Nov 22 18:49:06 CET 2016: examples/UART/CosaCDC/CosaCDC.ino
CosaCDC.ino:31:2: error: #error CosaCDC: board not supported.
 #error CosaCDC: board not supported.
CosaCDC.ino:40:3: error: 'cdc' was not declared in this scope
Tue Nov 22 18:49:07 CET 2016: examples/UART/CosaJobUART/CosaJobUART.ino
Program:    5788 bytes (17.7% Full)
Data:        462 bytes (22.6% Full)
Tue Nov 22 18:49:09 CET 2016: examples/UART/CosaMegaUARTs/CosaMegaUARTs.ino
CosaMegaUARTs.ino:30:2: error: #error CosaMegaUARTs: board not supported.
 #error CosaMegaUARTs: board not supported.
Tue Nov 22 18:49:09 CET 2016: examples/UART/CosaSoftUART/CosaSoftUART.ino
Program:    3604 bytes (11.0% Full)
Data:        223 bytes (10.9% Full)
Tue Nov 22 18:49:11 CET 2016: examples/UART/CosaUART/CosaUART.ino
Program:    5040 bytes (15.4% Full)
Data:        220 bytes (10.7% Full)
Tue Nov 22 18:49:13 CET 2016: examples/UART/CosaUARTecho/CosaUARTecho.ino
Program:    2776 bytes (8.5% Full)
Data:        188 bytes (9.2% Full)
Tue Nov 22 18:49:15 CET 2016: examples/Wireless/CosaWirelessButton/CosaWirelessButton.ino
Program:    5846 bytes (17.8% Full)
Data:        353 bytes (17.2% Full)
Tue Nov 22 18:49:17 CET 2016: examples/Wireless/CosaWirelessDHT11/CosaWirelessDHT11.ino
Program:    5582 bytes (17.0% Full)
Data:        244 bytes (11.9% Full)
Tue Nov 22 18:49:19 CET 2016: examples/Wireless/CosaWirelessDS18B20/CosaWirelessDS18B20.ino
Program:    6562 bytes (20.0% Full)
Data:        274 bytes (13.4% Full)
Tue Nov 22 18:49:21 CET 2016: examples/Wireless/CosaWirelessIOStream/CosaWirelessIOStream.ino
Program:    7194 bytes (22.0% Full)
Data:        285 bytes (13.9% Full)
Tue Nov 22 18:49:23 CET 2016: examples/Wireless/CosaWirelessMonitor/CosaWirelessMonitor.ino
Program:    4558 bytes (13.9% Full)
Data:        169 bytes (8.3% Full)
Tue Nov 22 18:49:25 CET 2016: examples/Wireless/CosaWirelessPing/CosaWirelessPing.ino
Program:    9318 bytes (28.4% Full)
Data:        480 bytes (23.4% Full)
Tue Nov 22 18:49:27 CET 2016: examples/Wireless/CosaWirelessPong/CosaWirelessPong.ino
Program:    8844 bytes (27.0% Full)
Data:        476 bytes (23.2% Full)
Tue Nov 22 18:49:29 CET 2016: examples/Wireless/CosaWirelessReceiver/CosaWirelessReceiver.ino
Program:   10842 bytes (33.1% Full)
Data:        503 bytes (24.6% Full)
Tue Nov 22 18:49:31 CET 2016: examples/Wireless/CosaWirelessReceiverLCD/CosaWirelessReceiverLCD.ino
Program:   11496 bytes (35.1% Full)
Data:        399 bytes (19.5% Full)
Tue Nov 22 18:49:34 CET 2016: examples/Wireless/CosaWirelessRelay/CosaWirelessRelay.ino
Program:    8280 bytes (25.3% Full)
Data:        454 bytes (22.2% Full)
Tue Nov 22 18:49:36 CET 2016: examples/Wireless/CosaWirelessSender/CosaWirelessSender.ino
Program:    9312 bytes (28.4% Full)
Data:        439 bytes (21.4% Full)
Tue Nov 22 18:49:38 CET 2016: examples/Wireless/CosaWirelessTrace/CosaWirelessTrace.ino
Program:    9068 bytes (27.7% Full)
Data:        365 bytes (17.8% Full)
Tue Nov 22 18:49:40 CET 2016: lib/AVR/examples/CosaISP/CosaISP.ino
Program:    5392 bytes (16.5% Full)
Data:        209 bytes (10.2% Full)
Tue Nov 22 18:49:42 CET 2016: lib/AVR/examples/CosaProgrammer/CosaProgrammer.ino
Program:    6582 bytes (20.1% Full)
Data:        241 bytes (11.8% Full)
Tue Nov 22 18:49:44 CET 2016: lib/Domotica/RF433/DomoticaADXL345/DomoticaADXL345.ino
Program:    7842 bytes (23.9% Full)
Data:        358 bytes (17.5% Full)
Tue Nov 22 18:49:46 CET 2016: lib/Domotica/RF433/DomoticaAnalogPin/DomoticaAnalogPin.ino
Program:    4848 bytes (14.8% Full)
Data:        195 bytes (9.5% Full)
Tue Nov 22 18:49:48 CET 2016: lib/Domotica/RF433/DomoticaClock/DomoticaClock.ino
Program:    5454 bytes (16.6% Full)
Data:        311 bytes (15.2% Full)
Tue Nov 22 18:49:50 CET 2016: lib/Domotica/RF433/DomoticaDHT11/DomoticaDHT11.ino
Program:    6306 bytes (19.2% Full)
Data:        248 bytes (12.1% Full)
Tue Nov 22 18:49:52 CET 2016: lib/Domotica/RF433/DomoticaDigitalPin/DomoticaDigitalPin.ino
Program:    4876 bytes (14.9% Full)
Data:        195 bytes (9.5% Full)
Tue Nov 22 18:49:54 CET 2016: lib/Domotica/RF433/DomoticaDigitalPins/DomoticaDigitalPins.ino
Program:    4900 bytes (15.0% Full)
Data:        194 bytes (9.5% Full)
Tue Nov 22 18:49:56 CET 2016: lib/Domotica/RF433/DomoticaDS18B20/DomoticaDS18B20.ino
Program:    7136 bytes (21.8% Full)
Data:        241 bytes (11.8% Full)
Tue Nov 22 18:49:59 CET 2016: lib/Domotica/RF433/DomoticaInfo/DomoticaInfo.ino
Program:    4828 bytes (14.7% Full)
Data:        194 bytes (9.5% Full)
Tue Nov 22 18:50:01 CET 2016: lib/Domotica/RF433/DomoticaMonitor/DomoticaMonitor.ino
Program:   13394 bytes (40.9% Full)
Data:        392 bytes (19.1% Full)
Tue Nov 22 18:50:03 CET 2016: lib/Domotica/RF433/DomoticaPins/DomoticaPins.ino
Program:    5034 bytes (15.4% Full)
Data:        196 bytes (9.6% Full)
Tue Nov 22 18:50:05 CET 2016: lib/Domotica/RF433/DomoticaRelay/DomoticaRelay.ino
Program:    9078 bytes (27.7% Full)
Data:        472 bytes (23.0% Full)
Tue Nov 22 18:50:07 CET 2016: lib/Domotica/RF433/DomoticaTrace/DomoticaTrace.ino
Program:   12556 bytes (38.3% Full)
Data:        481 bytes (23.5% Full)
Tue Nov 22 18:50:09 CET 2016: lib/Domotica/RF433/DomoticaTraceQueue/DomoticaTraceQueue.ino
Program:   12770 bytes (39.0% Full)
Data:        781 bytes (38.1% Full)
Tue Nov 22 18:50:12 CET 2016: lib/Domotica/RF433/DomoticaTraceTable/DomoticaTraceTable.ino
Program:   13334 bytes (40.7% Full)
Data:       1645 bytes (80.3% Full)
Tue Nov 22 18:50:14 CET 2016: lib/Domotica/RF433/DomoticaWakeup/DomoticaWakeup.ino
Program:    5392 bytes (16.5% Full)
Data:        222 bytes (10.8% Full)
Tue Nov 22 18:50:16 CET 2016: lib/HTTP/examples/CosaPinWebServer/CosaPinWebServer.ino
Program:   14352 bytes (43.8% Full)
Data:        555 bytes (27.1% Full)
Tue Nov 22 18:50:18 CET 2016: lib/HTTP/examples/CosaSDWebServer/CosaSDWebServer.ino
Program:   18540 bytes (56.6% Full)
Data:       1191 bytes (58.2% Full)
Tue Nov 22 18:50:21 CET 2016: lib/HTTP/examples/CosaWebClient/CosaWebClient.ino
Program:   12804 bytes (39.1% Full)
Data:        585 bytes (28.6% Full)
Tue Nov 22 18:50:23 CET 2016: lib/ICMP/examples/CosaICMPping/CosaICMPping.ino
Program:   13040 bytes (39.8% Full)
Data:        577 bytes (28.2% Full)
Tue Nov 22 18:50:26 CET 2016: lib/ICMP/examples/CosaICMPpingLCD/CosaICMPpingLCD.ino
Program:   13382 bytes (40.8% Full)
Data:        522 bytes (25.5% Full)
Tue Nov 22 18:50:28 CET 2016: lib/MQTT/examples/CosaMQTTclient/CosaMQTTclient.ino
Program:   17650 bytes (53.9% Full)
Data:        513 bytes (25.0% Full)
Tue Nov 22 18:50:31 CET 2016: lib/MQTT/examples/CosaMQTThumidity/CosaMQTThumidity.ino
Program:   13950 bytes (42.6% Full)
Data:        390 bytes (19.0% Full)
Tue Nov 22 18:50:33 CET 2016: lib/MQTT/examples/CosaMQTTtemperature/CosaMQTTtemperature.ino
Program:   14908 bytes (45.5% Full)
Data:        451 bytes (22.0% Full)
Tue Nov 22 18:50:36 CET 2016: lib/NEXA/examples/CosaNEXAreceiver/CosaNEXAreceiver.ino
Program:    3300 bytes (10.1% Full)
Data:        196 bytes (9.6% Full)
Tue Nov 22 18:50:38 CET 2016: lib/NEXA/examples/CosaNEXAsender/CosaNEXAsender.ino
Program:    2506 bytes (7.6% Full)
Data:        114 bytes (5.6% Full)
Tue Nov 22 18:50:40 CET 2016: lib/NTP/examples/CosaNTP/CosaNTP.ino
Program:   15996 bytes (48.8% Full)
Data:        582 bytes (28.4% Full)
Tue Nov 22 18:50:42 CET 2016: lib/ProtocolBuffer/examples/CosaProtocolBuffer/CosaProtocolBuffer.ino
Program:   15260 bytes (46.6% Full)
Data:        336 bytes (16.4% Full)
CosaProtocolBuffer.ino:239:25: warning: comparison between signed and unsigned integer expressions [-Wsign-compare]
Tue Nov 22 18:50:44 CET 2016: libraries/ADXL345/examples/CosaADXL345/CosaADXL345.ino
Program:    7714 bytes (23.5% Full)
Data:        377 bytes (18.4% Full)
Tue Nov 22 18:50:46 CET 2016: libraries/AT24CXX/examples/CosaAT24CXX/CosaAT24CXX.ino
Program:   11634 bytes (35.5% Full)
Data:        417 bytes (20.4% Full)
EEPROM:      316 bytes (30.9% Full)
Tue Nov 22 18:50:48 CET 2016: libraries/Base64/examples/CosaBase64/CosaBase64.ino
Program:    9070 bytes (27.7% Full)
Data:        278 bytes (13.6% Full)
Tue Nov 22 18:50:50 CET 2016: libraries/BMP085/examples/CosaBMP085/CosaBMP085.ino
Program:    8514 bytes (26.0% Full)
Data:        411 bytes (20.1% Full)
Tue Nov 22 18:50:53 CET 2016: libraries/Canvas/examples/CosaCanvasBMP/CosaCanvasBMP.ino
Program:   22164 bytes (67.6% Full)
Data:       1135 bytes (55.4% Full)
Tue Nov 22 18:50:56 CET 2016: libraries/Canvas/examples/CosaCanvasClock/CosaCanvasClock.ino
Program:   11896 bytes (36.3% Full)
Data:        264 bytes (12.9% Full)
Tue Nov 22 18:50:58 CET 2016: libraries/Canvas/examples/CosaCanvasDemo/CosaCanvasDemo.ino
Program:   24442 bytes (74.6% Full)
Data:        571 bytes (27.9% Full)
Tue Nov 22 18:51:01 CET 2016: libraries/Canvas/examples/CosaCanvasFont/CosaCanvasFont.ino
Program:   10704 bytes (32.7% Full)
Data:        239 bytes (11.7% Full)
Tue Nov 22 18:51:03 CET 2016: libraries/Canvas/examples/CosaCanvasFonts/CosaCanvasFonts.ino
Program:   18042 bytes (55.1% Full)
Data:        560 bytes (27.3% Full)
Tue Nov 22 18:51:06 CET 2016: libraries/Canvas/examples/CosaCanvasHCSR04/CosaCanvasHCSR04.ino
Program:   15708 bytes (47.9% Full)
Data:        490 bytes (23.9% Full)
Tue Nov 22 18:51:08 CET 2016: libraries/Canvas/examples/CosaCanvasHistogram/CosaCanvasHistogram.ino
Program:   12002 bytes (36.6% Full)
Data:        325 bytes (15.9% Full)
Tue Nov 22 18:51:11 CET 2016: libraries/Canvas/examples/CosaCanvasPins/CosaCanvasPins.ino
Program:   13240 bytes (40.4% Full)
Data:        309 bytes (15.1% Full)
Tue Nov 22 18:51:13 CET 2016: libraries/Canvas/examples/CosaCanvasScript/CosaCanvasScript.ino
Program:   18828 bytes (57.5% Full)
Data:        509 bytes (24.9% Full)
Tue Nov 22 18:51:15 CET 2016: libraries/Canvas/examples/CosaCanvasShades/CosaCanvasShades.ino
Program:   10598 bytes (32.3% Full)
Data:        239 bytes (11.7% Full)
Tue Nov 22 18:51:18 CET 2016: libraries/Canvas/examples/CosaCanvasSweep/CosaCanvasSweep.ino
Program:   10984 bytes (33.5% Full)
Data:        364 bytes (17.8% Full)
Tue Nov 22 18:51:20 CET 2016: libraries/CC3000/examples/CosaCC3000demo/CosaCC3000demo.ino
Program:   15448 bytes (47.1% Full)
Data:        760 bytes (37.1% Full)
Tue Nov 22 18:51:22 CET 2016: libraries/CC3000/examples/CosaCC3000info/CosaCC3000info.ino
Program:   16454 bytes (50.2% Full)
Data:        756 bytes (36.9% Full)
Tue Nov 22 18:51:25 CET 2016: libraries/CC3000/examples/CosaCC3000server/CosaCC3000server.ino
Program:   18432 bytes (56.2% Full)
Data:        948 bytes (46.3% Full)
Tue Nov 22 18:51:27 CET 2016: libraries/CC3000/examples/CosaCC3000socket/CosaCC3000socket.ino
Program:   15104 bytes (46.1% Full)
Data:        762 bytes (37.2% Full)
Tue Nov 22 18:51:30 CET 2016: libraries/CFFS/examples/CosaCFFS/CosaCFFS.ino
Program:   21582 bytes (65.9% Full)
Data:        459 bytes (22.4% Full)
Tue Nov 22 18:51:32 CET 2016: libraries/CFFS/examples/CosaCFFSshell/CosaCFFSshell.ino
Program:   18828 bytes (57.5% Full)
Data:        594 bytes (29.0% Full)
Tue Nov 22 18:51:34 CET 2016: libraries/Ciao/examples/CosaCiaoNative/CosaCiaoNative.ino
Program:    6396 bytes (19.5% Full)
Data:        314 bytes (15.3% Full)
Tue Nov 22 18:51:36 CET 2016: libraries/Ciao/examples/CosaCiaoPoint/CosaCiaoPoint.ino
Program:    6104 bytes (18.6% Full)
Data:        282 bytes (13.8% Full)
Tue Nov 22 18:51:38 CET 2016: libraries/Debug/examples/CosaDebug/CosaDebug.ino
Program:    9518 bytes (29.0% Full)
Data:        329 bytes (16.1% Full)
Tue Nov 22 18:51:40 CET 2016: libraries/DHCP/examples/CosaDHCP/CosaDHCP.ino
Program:   13190 bytes (40.3% Full)
Data:        479 bytes (23.4% Full)
Tue Nov 22 18:51:43 CET 2016: libraries/DHT/examples/CosaDHT/CosaDHT.ino
Program:    8898 bytes (27.2% Full)
Data:        438 bytes (21.4% Full)
Tue Nov 22 18:51:45 CET 2016: libraries/DHT/examples/CosaDHTMAX72XX/CosaDHTMAX72XX.ino
Program:    9040 bytes (27.6% Full)
Data:        334 bytes (16.3% Full)
Tue Nov 22 18:51:47 CET 2016: libraries/DNS/examples/CosaDNS/CosaDNS.ino
Program:   11724 bytes (35.8% Full)
Data:        457 bytes (22.3% Full)
Tue Nov 22 18:51:49 CET 2016: libraries/DS1302/examples/CosaDS1302/CosaDS1302.ino
Program:    7136 bytes (21.8% Full)
Data:        247 bytes (12.1% Full)
Tue Nov 22 18:51:51 CET 2016: libraries/DS1307/examples/CosaDS1307/CosaDS1307.ino
Program:    8530 bytes (26.0% Full)
Data:        410 bytes (20.0% Full)
Tue Nov 22 18:51:53 CET 2016: libraries/DS18B20/examples/CosaDS18B20alarm/CosaDS18B20alarm.ino
Program:    9330 bytes (28.5% Full)
Data:        487 bytes (23.8% Full)
Tue Nov 22 18:51:55 CET 2016: libraries/DS18B20/examples/CosaDS18B20calc/CosaDS18B20calc.ino
Program:    6558 bytes (20.0% Full)
Data:        228 bytes (11.1% Full)
Tue Nov 22 18:51:57 CET 2016: libraries/DS18B20/examples/CosaDS18B20/CosaDS18B20.ino
Program:    8970 bytes (27.4% Full)
Data:        378 bytes (18.5% Full)
Tue Nov 22 18:51:59 CET 2016: libraries/DS18B20/examples/CosaDS18B20periodic/CosaDS18B20periodic.ino
Program:    8352 bytes (25.5% Full)
Data:        429 bytes (20.9% Full)
Tue Nov 22 18:52:01 CET 2016: libraries/DS2482/examples/CosaDS2482/CosaDS2482.ino
Program:   14926 bytes (45.6% Full)
Data:        401 bytes (19.6% Full)
Tue Nov 22 18:52:03 CET 2016: libraries/DS3231/examples/CosaDS3231/CosaDS3231.ino
Program:   10308 bytes (31.5% Full)
Data:        400 bytes (19.5% Full)
Tue Nov 22 18:52:05 CET 2016: libraries/Fai/examples/CosaFai/CosaFai.ino
Program:    7240 bytes (22.1% Full)
Data:        406 bytes (19.8% Full)
Tue Nov 22 18:52:07 CET 2016: libraries/FAT16/examples/CosaBMP/CosaBMP.ino
Program:   14006 bytes (42.7% Full)
Data:        930 bytes (45.4% Full)
Tue Nov 22 18:52:10 CET 2016: libraries/FAT16/examples/CosaFAT16/CosaFAT16.ino
Program:   16956 bytes (51.7% Full)
Data:        942 bytes (46.0% Full)
Tue Nov 22 18:52:12 CET 2016: libraries/FAT16/examples/CosaFAT16logger/CosaFAT16logger.ino
Program:   16096 bytes (49.1% Full)
Data:       1076 bytes (52.5% Full)
Tue Nov 22 18:52:14 CET 2016: libraries/HCSR04/examples/CosaHCSR04/CosaHCSR04.ino
Program:    6790 bytes (20.7% Full)
Data:        441 bytes (21.5% Full)
Tue Nov 22 18:52:16 CET 2016: libraries/HMC5883L/examples/CosaHMC5883L/CosaHMC5883L.ino
Program:    7758 bytes (23.7% Full)
Data:        387 bytes (18.9% Full)
Tue Nov 22 18:52:18 CET 2016: libraries/IR/examples/CosaIR/CosaIR.ino
Program:    9268 bytes (28.3% Full)
Data:        370 bytes (18.1% Full)
Tue Nov 22 18:52:21 CET 2016: libraries/L3G4200D/examples/CosaL3G4200D/CosaL3G4200D.ino
Program:    7306 bytes (22.3% Full)
Data:        377 bytes (18.4% Full)
Tue Nov 22 18:52:23 CET 2016: libraries/MAX72XX/examples/CosaMAX72XX/CosaMAX72XX.ino
Program:    6988 bytes (21.3% Full)
Data:        142 bytes (6.9% Full)
Tue Nov 22 18:52:25 CET 2016: libraries/MCP23008/examples/CosaMCP23008/CosaMCP23008.ino
Program:   10508 bytes (32.1% Full)
Data:        428 bytes (20.9% Full)
Tue Nov 22 18:52:27 CET 2016: libraries/MCP7940N/examples/CosaMCP7940N/CosaMCP7940N.ino
Program:    9734 bytes (29.7% Full)
Data:        421 bytes (20.6% Full)
Tue Nov 22 18:52:29 CET 2016: libraries/MPU6050/examples/CosaMPU6050/CosaMPU6050.ino
Program:    7660 bytes (23.4% Full)
Data:        377 bytes (18.4% Full)
Tue Nov 22 18:52:31 CET 2016: libraries/Nucleo/examples/CosaNucleoActor/CosaNucleoActor.ino
Program:    9342 bytes (28.5% Full)
Data:        530 bytes (25.9% Full)
Tue Nov 22 18:52:32 CET 2016: libraries/Nucleo/examples/CosaNucleoBenchmark/CosaNucleoBenchmark.ino
Program:    8014 bytes (24.5% Full)
Data:        434 bytes (21.2% Full)
Tue Nov 22 18:52:34 CET 2016: libraries/Nucleo/examples/CosaNucleoMutex/CosaNucleoMutex.ino
Program:    7142 bytes (21.8% Full)
Data:        381 bytes (18.6% Full)
Tue Nov 22 18:52:35 CET 2016: libraries/Nucleo/examples/CosaNucleoPingPong/CosaNucleoPingPong.ino
Program:    7812 bytes (23.8% Full)
Data:        403 bytes (19.7% Full)
Tue Nov 22 18:52:37 CET 2016: libraries/Nucleo/examples/CosaNucleoSemaphore/CosaNucleoSemaphore.ino
Program:    6972 bytes (21.3% Full)
Data:        381 bytes (18.6% Full)
Tue Nov 22 18:52:39 CET 2016: libraries/Nucleo/examples/CosaNucleoSPI/CosaNucleoSPI.ino
Program:    2664 bytes (8.1% Full)
Data:        185 bytes (9.0% Full)
Tue Nov 22 18:52:41 CET 2016: libraries/Nucleo/examples/CosaNucleoThread/CosaNucleoThread.ino
Program:    7260 bytes (22.2% Full)
Data:        459 bytes (22.4% Full)
Tue Nov 22 18:52:43 CET 2016: libraries/OWI/examples/CosaDS1990A/CosaDS1990A.ino
Program:    5946 bytes (18.1% Full)
Data:        237 bytes (11.6% Full)
Tue Nov 22 18:52:45 CET 2016: libraries/PCD8544/examples/CosaPCD8544/CosaPCD8544.ino
Program:   14704 bytes (44.9% Full)
Data:        247 bytes (12.1% Full)
Tue Nov 22 18:52:48 CET 2016: libraries/PCD8544/examples/CosaPCD8544temp/CosaPCD8544temp.ino
Program:   15266 bytes (46.6% Full)
Data:        374 bytes (18.3% Full)
Tue Nov 22 18:52:50 CET 2016: libraries/PCF8563/examples/CosaPCF8563/CosaPCF8563.ino
Program:    8682 bytes (26.5% Full)
Data:        393 bytes (19.2% Full)
Tue Nov 22 18:52:52 CET 2016: libraries/PCF8574/examples/CosaPCF8574/CosaPCF8574.ino
Program:    8042 bytes (24.5% Full)
Data:        395 bytes (19.3% Full)
Tue Nov 22 18:52:54 CET 2016: libraries/PCF8591/examples/CosaPCF8591/CosaPCF8591.ino
Program:    8490 bytes (25.9% Full)
Data:        417 bytes (20.4% Full)
Tue Nov 22 18:52:56 CET 2016: libraries/ProtoThread/examples/CosaProtoThreadBenchmark/CosaProtoThreadBenchmark.ino
Program:    8278 bytes (25.3% Full)
Data:        470 bytes (22.9% Full)
Tue Nov 22 18:52:58 CET 2016: libraries/RC4/examples/CosaRC4/CosaRC4.ino
Program:    9464 bytes (28.9% Full)
Data:        915 bytes (44.7% Full)
Tue Nov 22 18:53:00 CET 2016: libraries/Registry/examples/CosaRegistry/CosaRegistry.ino
Program:    9914 bytes (30.3% Full)
Data:        270 bytes (13.2% Full)
EEPROM:        5 bytes (0.5% Full)
Tue Nov 22 18:53:02 CET 2016: libraries/Rotary/examples/CosaRotaryEncoder/CosaRotaryEncoder.ino
Program:    5900 bytes (18.0% Full)
Data:        378 bytes (18.5% Full)
Tue Nov 22 18:53:04 CET 2016: libraries/RS485/examples/CosaRS485master/CosaRS485master.ino
CosaRS485master.ino:33:2: error: #error CosaRS485master: board not supported.
 #error CosaRS485master: board not supported.
Tue Nov 22 18:53:05 CET 2016: libraries/RS485/examples/CosaRS485slave/CosaRS485slave.ino
Program:    5896 bytes (18.0% Full)
Data:        588 bytes (28.7% Full)
Tue Nov 22 18:53:07 CET 2016: libraries/S25FL127S/examples/CosaS25FL127S/CosaS25FL127S.ino
Program:   13628 bytes (41.6% Full)
Data:        353 bytes (17.2% Full)
Tue Nov 22 18:53:09 CET 2016: libraries/SD/examples/CosaSD/CosaSD.ino
Program:   10806 bytes (33.0% Full)
Data:        302 bytes (14.7% Full)
Tue Nov 22 18:53:11 CET 2016: libraries/Servo/examples/CosaServo/CosaServo.ino
Program:    1642 bytes (5.0% Full)
Data:         37 bytes (1.8% Full)
Tue Nov 22 18:53:13 CET 2016: libraries/Si70XX/examples/CosaSi7021/CosaSi7021.ino
Program:   13220 bytes (40.3% Full)
Data:        401 bytes (19.6% Full)
Tue Nov 22 18:53:15 CET 2016: libraries/SRPO/examples/CosaSRPO/CosaSRPO.ino
Program:    1614 bytes (4.9% Full)
Data:         37 bytes (1.8% Full)
Tue Nov 22 18:53:17 CET 2016: libraries/TCS230/examples/CosaTCS230/CosaTCS230.ino
Program:    5814 bytes (17.7% Full)
Data:        281 bytes (13.7% Full)
Tue Nov 22 18:53:19 CET 2016: libraries/Touch/examples/CosaTouch/CosaTouch.ino
Program:    6180 bytes (18.9% Full)
Data:        423 bytes (20.7% Full)
Tue Nov 22 18:53:21 CET 2016: libraries/Vigenere/examples/CosaVigenere/CosaVigenere.ino
Program:    8124 bytes (24.8% Full)
Data:        283 bytes (13.8% Full)
Tue Nov 22 18:53:22 CET 2016: libraries/W25X40CL/examples/CosaW25X40CL/CosaW25X40CL.ino
Program:   14998 bytes (45.8% Full)
Data:        351 bytes (17.1% Full)
Tue Nov 22 18:53:25 CET 2016: lib/Shell/examples/CosaShell/CosaShell.ino
Program:   22582 bytes (68.9% Full)
Data:        519 bytes (25.3% Full)
Tue Nov 22 18:53:27 CET 2016: lib/Shell/examples/CosaShellTelnetServer/CosaShellTelnetServer.ino
Program:   27824 bytes (84.9% Full)
Data:        581 bytes (28.4% Full)
Tue Nov 22 18:53:30 CET 2016: lib/Shell/examples/CosaShellWebServer/CosaShellWebServer.ino
Program:   30082 bytes (91.8% Full)
Data:        803 bytes (39.2% Full)
Tue Nov 22 18:53:33 CET 2016: lib/SNMP/examples/CosaSNMP/CosaSNMP.ino
Program:   19168 bytes (58.5% Full)
Data:        529 bytes (25.8% Full)
Tue Nov 22 18:53:36 CET 2016: lib/Telnet/examples/CosaTelnetServer/CosaTelnetServer.ino
Program:   10814 bytes (33.0% Full)
Data:        293 bytes (14.3% Full)
Tue Nov 22 18:53:38 CET 2016: lib/ThingSpeak/examples/CosaThingSpeakChannel/CosaThingSpeakChannel.ino
Program:   16526 bytes (50.4% Full)
Data:        604 bytes (29.5% Full)
Tue Nov 22 18:53:41 CET 2016: lib/ThingSpeak/examples/CosaThingSpeakClient/CosaThingSpeakClient.ino
Program:   20412 bytes (62.3% Full)
Data:        928 bytes (45.3% Full)
Tue Nov 22 18:53:43 CET 2016: lib/ThingSpeak/examples/CosaThingSpeakTalkBack/CosaThingSpeakTalkBack.ino
Program:   15968 bytes (48.7% Full)
Data:        545 bytes (26.6% Full)
Tue Nov 22 18:53:46 CET 2016: lib/UML/examples/CosaUMLBlink/CosaUMLBlink.ino
Program:    2490 bytes (7.6% Full)
Data:        256 bytes (12.5% Full)
Tue Nov 22 18:53:48 CET 2016: lib/UML/examples/CosaUMLCapsules/CosaUMLCapsules.ino
Program:    7026 bytes (21.4% Full)
Data:        591 bytes (28.9% Full)
Tue Nov 22 18:53:50 CET 2016: lib/UML/examples/CosaUMLPingPong/CosaUMLPingPong.ino
Program:    6228 bytes (19.0% Full)
Data:        455 bytes (22.2% Full)
Tue Nov 22 18:53:51 CET 2016: lib/UML/examples/CosaUMLTermostat/CosaUMLTermostat.ino
Program:   10660 bytes (32.5% Full)
Data:        549 bytes (26.8% Full)
Tue Nov 22 18:53:53 CET 2016: lib/UML/examples/CosaUMLThermometer/CosaUMLThermometer.ino
Program:   12434 bytes (37.9% Full)
Data:        524 bytes (25.6% Full)
Tue Nov 22 18:53:56 CET 2016: lib/UML/examples/CosaUMLTrigger/CosaUMLTrigger.ino
Program:    6816 bytes (20.8% Full)
Data:        526 bytes (25.7% Full)
Tue Nov 22 18:53:58 CET 2016: lib/UML/examples/CosaUMLVoltmeter/CosaUMLVoltmeter.ino
Program:    9098 bytes (27.8% Full)
Data:        500 bytes (24.4% Full)
