Sun Jul 12 14:41:16 CEST 2015: build/CosaBuild.ino
Program:     172 bytes (0.5% Full)
Data:          0 bytes (0.0% Full)
Sun Jul 12 14:41:18 CEST 2015: examples/Benchmarks/CosaBenchmarkFSM/CosaBenchmarkFSM.ino
Program:    6732 bytes (20.5% Full)
Data:        432 bytes (21.1% Full)
Sun Jul 12 14:41:21 CEST 2015: examples/Benchmarks/CosaBenchmarkPins/CosaBenchmarkPins.ino
Program:   19248 bytes (58.7% Full)
Data:        449 bytes (21.9% Full)
Sun Jul 12 14:41:25 CEST 2015: examples/Benchmarks/CosaBenchmarkRTC/CosaBenchmarkRTC.ino
Program:   10164 bytes (31.0% Full)
Data:        305 bytes (14.9% Full)
Sun Jul 12 14:41:28 CEST 2015: examples/Benchmarks/CosaBenchmarkRTCTimer/CosaBenchmarkRTCTimer.ino
Program:   10076 bytes (30.7% Full)
Data:        420 bytes (20.5% Full)
Sun Jul 12 14:41:32 CEST 2015: examples/Benchmarks/CosaBenchmarkSizeOf/CosaBenchmarkSizeOf.ino
Program:    8486 bytes (25.9% Full)
Data:        369 bytes (18.0% Full)
Sun Jul 12 14:41:35 CEST 2015: examples/Benchmarks/CosaBenchmarkUART/CosaBenchmarkUART.ino
Program:   10896 bytes (33.3% Full)
Data:       1559 bytes (76.1% Full)
Sun Jul 12 14:41:38 CEST 2015: examples/Blink/CosaBlinkClassic/CosaBlinkClassic.ino
Program:     388 bytes (1.2% Full)
Data:          4 bytes (0.2% Full)
Sun Jul 12 14:41:41 CEST 2015: examples/Blink/CosaBlink/CosaBlink.ino
Program:     950 bytes (2.9% Full)
Data:         16 bytes (0.8% Full)
Sun Jul 12 14:41:44 CEST 2015: examples/Blink/CosaBlinkEvent/CosaBlinkEvent.ino
Program:    1004 bytes (3.1% Full)
Data:         98 bytes (4.8% Full)
Sun Jul 12 14:41:47 CEST 2015: examples/Blink/CosaBlinkFSM/CosaBlinkFSM.ino
Program:    2046 bytes (6.2% Full)
Data:        226 bytes (11.0% Full)
Sun Jul 12 14:41:50 CEST 2015: examples/Blink/CosaBlinkInterrupt/CosaBlinkInterrupt.ino
Program:     948 bytes (2.9% Full)
Data:         16 bytes (0.8% Full)
Sun Jul 12 14:41:53 CEST 2015: examples/Blink/CosaBlinkLED/CosaBlinkLED.ino
Program:    1446 bytes (4.4% Full)
Data:        189 bytes (9.2% Full)
Sun Jul 12 14:41:56 CEST 2015: examples/Blink/CosaBlinkMinimal/CosaBlinkMinimal.ino
Program:     216 bytes (0.7% Full)
Data:          0 bytes (0.0% Full)
Sun Jul 12 14:41:59 CEST 2015: examples/Blink/CosaBlinkPeriodic/CosaBlinkPeriodic.ino
Program:    1704 bytes (5.2% Full)
Data:        216 bytes (10.5% Full)
Sun Jul 12 14:42:02 CEST 2015: examples/Blink/CosaBlinkProtoThread/CosaBlinkProtoThread.ino
Program:    1894 bytes (5.8% Full)
Data:        209 bytes (10.2% Full)
Sun Jul 12 14:42:05 CEST 2015: examples/Blink/CosaBlinkRandom/CosaBlinkRandom.ino
Program:     880 bytes (2.7% Full)
Data:          8 bytes (0.4% Full)
Sun Jul 12 14:42:08 CEST 2015: examples/Blink/CosaBlinkTemp/CosaBlinkTemp.ino
Program:    4052 bytes (12.4% Full)
Data:        112 bytes (5.5% Full)
Sun Jul 12 14:42:11 CEST 2015: examples/Blink/CosaBlinkThread/CosaBlinkThread.ino
Program:    2150 bytes (6.6% Full)
Data:        164 bytes (8.0% Full)
Sun Jul 12 14:42:14 CEST 2015: examples/Blink/CosaBlinkTimeout/CosaBlinkTimeout.ino
Program:    1572 bytes (4.8% Full)
Data:        224 bytes (10.9% Full)
Sun Jul 12 14:42:17 CEST 2015: examples/Blink/CosaBlinkWatchdog/CosaBlinkWatchdog.ino
Program:     912 bytes (2.8% Full)
Data:         16 bytes (0.8% Full)
Sun Jul 12 14:42:20 CEST 2015: examples/Build/CosaSizeDATA/CosaSizeDATA.ino
Program:    2940 bytes (9.0% Full)
Data:        490 bytes (23.9% Full)
Sun Jul 12 14:42:23 CEST 2015: examples/Build/CosaSizeEEPROM/CosaSizeEEPROM.ino
Program:    4392 bytes (13.4% Full)
Data:        268 bytes (13.1% Full)
EEPROM:      512 bytes (50.0% Full)
Sun Jul 12 14:42:27 CEST 2015: examples/Compiler/CosaBitfields/CosaBitfields.ino
Program:    5224 bytes (15.9% Full)
Data:        274 bytes (13.4% Full)
Sun Jul 12 14:42:30 CEST 2015: examples/Compiler/CosaDiff/CosaDiff.ino
Program:    5292 bytes (16.1% Full)
Data:        260 bytes (12.7% Full)
Sun Jul 12 14:42:33 CEST 2015: examples/Compiler/CosaMath/CosaMath.ino
Program:    7462 bytes (22.8% Full)
Data:        293 bytes (14.3% Full)
Sun Jul 12 14:42:36 CEST 2015: examples/Compiler/CosaMatrix/CosaMatrix.ino
Program:    4538 bytes (13.8% Full)
Data:        262 bytes (12.8% Full)
EEPROM:       54 bytes (5.3% Full)
Sun Jul 12 14:42:39 CEST 2015: examples/Compiler/CosaPSTR/CosaPSTR.ino
Program:    6100 bytes (18.6% Full)
Data:        282 bytes (13.8% Full)
Sun Jul 12 14:42:42 CEST 2015: examples/Compiler/CosaSRAM/CosaSRAM.ino
Program:    3174 bytes (9.7% Full)
Data:        231 bytes (11.3% Full)
Sun Jul 12 14:42:45 CEST 2015: examples/Compiler/CosaSwap/CosaSwap.ino
Program:    6538 bytes (20.0% Full)
Data:        275 bytes (13.4% Full)
Sun Jul 12 14:42:48 CEST 2015: examples/Compiler/CosaSwitch/CosaSwitch.ino
Program:    6926 bytes (21.1% Full)
Data:        297 bytes (14.5% Full)
CosaSwitch.ino:188:27: warning: iteration 633 invokes undefined behavior [-Waggressive-loop-optimizations]
CosaSwitch.ino:178:27: warning: iteration 496 invokes undefined behavior [-Waggressive-loop-optimizations]
Sun Jul 12 14:42:52 CEST 2015: examples/Pins/CosaAnalogPins/CosaAnalogPins.ino
Program:    6574 bytes (20.1% Full)
Data:        437 bytes (21.3% Full)
Sun Jul 12 14:42:55 CEST 2015: examples/Pins/CosaButton/CosaButton.ino
Program:    6094 bytes (18.6% Full)
Data:        507 bytes (24.8% Full)
Sun Jul 12 14:42:58 CEST 2015: examples/Pins/CosaPinChangeInterrupt/CosaPinChangeInterrupt.ino
Program:    4550 bytes (13.9% Full)
Data:        329 bytes (16.1% Full)
Sun Jul 12 14:43:01 CEST 2015: examples/Pins/CosaPins/CosaPins.ino
Program:    9660 bytes (29.5% Full)
Data:        543 bytes (26.5% Full)
Sun Jul 12 14:43:04 CEST 2015: examples/Pins/CosaPWMPin/CosaPWMPin.ino
Program:    5398 bytes (16.5% Full)
Data:        276 bytes (13.5% Full)
Sun Jul 12 14:43:08 CEST 2015: examples/Sandbox/CosaBitSet/CosaBitSet.ino
Program:    5472 bytes (16.7% Full)
Data:        284 bytes (13.9% Full)
Sun Jul 12 14:43:11 CEST 2015: examples/Sandbox/CosaConfig/CosaConfig.ino
Program:    4908 bytes (15.0% Full)
Data:        326 bytes (15.9% Full)
Sun Jul 12 14:43:14 CEST 2015: examples/Sandbox/CosaEEPROM/CosaEEPROM.ino
Program:    6250 bytes (19.1% Full)
Data:        415 bytes (20.3% Full)
EEPROM:       36 bytes (3.5% Full)
Sun Jul 12 14:43:17 CEST 2015: examples/Sandbox/CosaIOBuffer/CosaIOBuffer.ino
Program:    8672 bytes (26.5% Full)
Data:        324 bytes (15.8% Full)
Sun Jul 12 14:43:20 CEST 2015: examples/Sandbox/CosaIOEvent/CosaIOEvent.ino
Program:    4602 bytes (14.0% Full)
Data:        496 bytes (24.2% Full)
Sun Jul 12 14:43:23 CEST 2015: examples/Sandbox/CosaLowPower/CosaLowPower.ino
Program:    1784 bytes (5.4% Full)
Data:        136 bytes (6.6% Full)
Sun Jul 12 14:43:26 CEST 2015: examples/Sandbox/CosaPingPong/CosaPingPong.ino
Program:    5442 bytes (16.6% Full)
Data:        478 bytes (23.3% Full)
Sun Jul 12 14:43:29 CEST 2015: examples/Sandbox/CosaRestart/CosaRestart.ino
Program:    4836 bytes (14.8% Full)
Data:        288 bytes (14.1% Full)
Sun Jul 12 14:43:33 CEST 2015: examples/Sandbox/CosaSoftSRPI/CosaSoftSRPI.ino
Program:    3948 bytes (12.0% Full)
Data:        260 bytes (12.7% Full)
Sun Jul 12 14:43:36 CEST 2015: examples/Sandbox/CosaSoftSRPO/CosaSoftSRPO.ino
Program:    1372 bytes (4.2% Full)
Data:         24 bytes (1.2% Full)
Sun Jul 12 14:43:39 CEST 2015: examples/Sandbox/CosaSPIclock/CosaSPIclock.ino
Program:    7252 bytes (22.1% Full)
Data:        277 bytes (13.5% Full)
Sun Jul 12 14:43:42 CEST 2015: examples/Sandbox/CosaSPI/CosaSPI.ino
Program:    2692 bytes (8.2% Full)
Data:         61 bytes (3.0% Full)
Sun Jul 12 14:43:45 CEST 2015: examples/Sandbox/CosaString/CosaString.ino
Program:    8450 bytes (25.8% Full)
Data:        284 bytes (13.9% Full)
Sun Jul 12 14:43:48 CEST 2015: examples/Sandbox/CosaTermostat/CosaTermostat.ino
Program:    7420 bytes (22.6% Full)
Data:        376 bytes (18.4% Full)
Sun Jul 12 14:43:51 CEST 2015: examples/Sandbox/CosaTone/CosaTone.ino
Program:    3558 bytes (10.9% Full)
Data:         28 bytes (1.4% Full)
Sun Jul 12 14:43:54 CEST 2015: examples/Sandbox/CosaVCC/CosaVCC.ino
Program:    5472 bytes (16.7% Full)
Data:        517 bytes (25.2% Full)
Sun Jul 12 14:43:58 CEST 2015: examples/Time/CosaActivity/CosaActivity.ino
Program:    5606 bytes (17.1% Full)
Data:        497 bytes (24.3% Full)
Sun Jul 12 14:44:01 CEST 2015: examples/Time/CosaAlarm/CosaAlarm.ino
Program:    7920 bytes (24.2% Full)
Data:        551 bytes (26.9% Full)
Sun Jul 12 14:44:04 CEST 2015: examples/Time/CosaTime/CosaTime.ino
Program:    9864 bytes (30.1% Full)
Data:        262 bytes (12.8% Full)
Sun Jul 12 14:44:07 CEST 2015: examples/Time/CosaTimeLCD/CosaTimeLCD.ino
Program:    7606 bytes (23.2% Full)
Data:        308 bytes (15.0% Full)
Sun Jul 12 14:44:11 CEST 2015: examples/Tools/CosaOWIdebug/CosaOWIdebug.ino
Program:    5370 bytes (16.4% Full)
Data:        264 bytes (12.9% Full)
Sun Jul 12 14:44:14 CEST 2015: examples/Tools/CosaOWIrom/CosaOWIrom.ino
Program:    4498 bytes (13.7% Full)
Data:        248 bytes (12.1% Full)
Sun Jul 12 14:44:18 CEST 2015: examples/Tools/CosaPinScanner/CosaPinScanner.ino
Program:    3938 bytes (12.0% Full)
Data:        246 bytes (12.0% Full)
Sun Jul 12 14:44:21 CEST 2015: examples/Tools/CosaProbe/CosaProbe.ino
Program:    5250 bytes (16.0% Full)
Data:        558 bytes (27.2% Full)
Sun Jul 12 14:44:24 CEST 2015: examples/Tools/CosaRF24scanner/CosaRF24scanner.ino
Program:   11400 bytes (34.8% Full)
Data:        496 bytes (24.2% Full)
Sun Jul 12 14:44:28 CEST 2015: examples/Tools/CosaTWIscanner/CosaTWIscanner.ino
Program:    5948 bytes (18.2% Full)
Data:        373 bytes (18.2% Full)
Sun Jul 12 14:44:31 CEST 2015: examples/TWI/Cosa10DOF/Cosa10DOF.ino
Program:   10130 bytes (30.9% Full)
Data:        476 bytes (23.2% Full)
Sun Jul 12 14:44:35 CEST 2015: examples/TWI/CosaTWIKeyPad/CosaTWIKeyPad.ino
Program:    6670 bytes (20.4% Full)
Data:        407 bytes (19.9% Full)
Sun Jul 12 14:44:38 CEST 2015: examples/TWI/CosaTWImaster/CosaTWImaster.ino
Program:    7984 bytes (24.4% Full)
Data:        424 bytes (20.7% Full)
Sun Jul 12 14:44:41 CEST 2015: examples/TWI/CosaTWIremotePinMaster/CosaTWIremotePinMaster.ino
Program:    6440 bytes (19.7% Full)
Data:        418 bytes (20.4% Full)
Sun Jul 12 14:44:44 CEST 2015: examples/TWI/CosaTWIremotePinSlave/CosaTWIremotePinSlave.ino
Program:    2348 bytes (7.2% Full)
Data:        165 bytes (8.1% Full)
Sun Jul 12 14:44:47 CEST 2015: examples/TWI/CosaTWIslave/CosaTWIslave.ino
Program:    5940 bytes (18.1% Full)
Data:        423 bytes (20.7% Full)
Sun Jul 12 14:44:51 CEST 2015: examples/UART/CosaCDC/CosaCDC.ino
CosaCDC.ino:31:2: error: #error CosaCDC: board not supported.
 #error CosaCDC: board not supported.
CosaCDC.ino:40:3: error: 'cdc' was not declared in this scope
Sun Jul 12 14:44:52 CEST 2015: examples/UART/CosaMegaUARTs/CosaMegaUARTs.ino
CosaMegaUARTs.ino:30:2: error: #error CosaMegaUARTs: board not supported.
 #error CosaMegaUARTs: board not supported.
Sun Jul 12 14:44:54 CEST 2015: examples/UART/CosaSoftUART/CosaSoftUART.ino
Program:    3812 bytes (11.6% Full)
Data:        306 bytes (14.9% Full)
Sun Jul 12 14:44:57 CEST 2015: examples/UART/CosaUART/CosaUART.ino
Program:    4552 bytes (13.9% Full)
Data:        249 bytes (12.2% Full)
Sun Jul 12 14:45:00 CEST 2015: lib/AVR/examples/CosaISP/CosaISP.ino
Program:    5278 bytes (16.1% Full)
Data:        236 bytes (11.5% Full)
Sun Jul 12 14:45:03 CEST 2015: lib/AVR/examples/CosaProgrammer/CosaProgrammer.ino
Program:    5962 bytes (18.2% Full)
Data:        268 bytes (13.1% Full)
Sun Jul 12 14:45:07 CEST 2015: lib/HTTP/examples/CosaPinWebServer/CosaPinWebServer.ino
Program:   14538 bytes (44.4% Full)
Data:        666 bytes (32.5% Full)
Sun Jul 12 14:45:11 CEST 2015: lib/HTTP/examples/CosaSDWebServer/CosaSDWebServer.ino
Program:   18352 bytes (56.0% Full)
Data:       1183 bytes (57.8% Full)
Sun Jul 12 14:45:15 CEST 2015: lib/HTTP/examples/CosaWebClient/CosaWebClient.ino
Program:   12842 bytes (39.2% Full)
Data:        666 bytes (32.5% Full)
Sun Jul 12 14:45:19 CEST 2015: lib/ICMP/examples/CosaICMPping/CosaICMPping.ino
Program:   11916 bytes (36.4% Full)
Data:        551 bytes (26.9% Full)
Sun Jul 12 14:45:23 CEST 2015: lib/ICMP/examples/CosaICMPpingLCD/CosaICMPpingLCD.ino
Program:   15232 bytes (46.5% Full)
Data:        666 bytes (32.5% Full)
Sun Jul 12 14:45:27 CEST 2015: lib/MQTT/examples/CosaMQTTclient/CosaMQTTclient.ino
Program:   17878 bytes (54.6% Full)
Data:        542 bytes (26.5% Full)
Sun Jul 12 14:45:31 CEST 2015: lib/MQTT/examples/CosaMQTThumidity/CosaMQTThumidity.ino
Program:   14192 bytes (43.3% Full)
Data:        505 bytes (24.7% Full)
Sun Jul 12 14:45:35 CEST 2015: lib/MQTT/examples/CosaMQTTtemperature/CosaMQTTtemperature.ino
Program:   15084 bytes (46.0% Full)
Data:        458 bytes (22.4% Full)
Sun Jul 12 14:45:39 CEST 2015: lib/NEXA/examples/CosaNEXAreceiver/CosaNEXAreceiver.ino
Program:    3948 bytes (12.0% Full)
Data:        237 bytes (11.6% Full)
CosaNEXAreceiver.ino:68:14: warning: ISO C++ says that these are ambiguous, even though the worst conversion for the first is better than the worst conversion for the second: [enabled by default]
Sun Jul 12 14:45:43 CEST 2015: lib/NEXA/examples/CosaNEXAsender/CosaNEXAsender.ino
Program:    3986 bytes (12.2% Full)
Data:        119 bytes (5.8% Full)
Sun Jul 12 14:45:46 CEST 2015: lib/NTP/examples/CosaNTP/CosaNTP.ino
Program:   15272 bytes (46.6% Full)
Data:        564 bytes (27.5% Full)
Sun Jul 12 14:45:50 CEST 2015: lib/ProtocolBuffer/examples/CosaProtocolBuffer/CosaProtocolBuffer.ino
Program:   14838 bytes (45.3% Full)
Data:        324 bytes (15.8% Full)
Sun Jul 12 14:45:54 CEST 2015: libraries/ADXL345/examples/CosaADXL345/CosaADXL345.ino
Program:    7366 bytes (22.5% Full)
Data:        405 bytes (19.8% Full)
Sun Jul 12 14:45:57 CEST 2015: libraries/AT24CXX/examples/CosaAT24CXX/CosaAT24CXX.ino
Program:    8466 bytes (25.8% Full)
Data:        465 bytes (22.7% Full)
EEPROM:      316 bytes (30.9% Full)
Sun Jul 12 14:46:00 CEST 2015: libraries/Base64/examples/CosaBase64/CosaBase64.ino
Program:    8346 bytes (25.5% Full)
Data:        307 bytes (15.0% Full)
Sun Jul 12 14:46:04 CEST 2015: libraries/BMP085/examples/CosaBMP085/CosaBMP085.ino
Program:    8102 bytes (24.7% Full)
Data:        439 bytes (21.4% Full)
Sun Jul 12 14:46:07 CEST 2015: libraries/Canvas/examples/CosaCanvasBMP/CosaCanvasBMP.ino
Program:   21482 bytes (65.6% Full)
Data:       1142 bytes (55.8% Full)
Sun Jul 12 14:46:12 CEST 2015: libraries/Canvas/examples/CosaCanvasClock/CosaCanvasClock.ino
Program:   12796 bytes (39.1% Full)
Data:        277 bytes (13.5% Full)
Sun Jul 12 14:46:16 CEST 2015: libraries/Canvas/examples/CosaCanvasDemo/CosaCanvasDemo.ino
Program:   23784 bytes (72.6% Full)
Data:        612 bytes (29.9% Full)
Sun Jul 12 14:46:20 CEST 2015: libraries/Canvas/examples/CosaCanvasFont/CosaCanvasFont.ino
Program:   11632 bytes (35.5% Full)
Data:        252 bytes (12.3% Full)
Sun Jul 12 14:46:24 CEST 2015: libraries/Canvas/examples/CosaCanvasFonts/CosaCanvasFonts.ino
Program:   17382 bytes (53.0% Full)
Data:        598 bytes (29.2% Full)
Sun Jul 12 14:46:28 CEST 2015: libraries/Canvas/examples/CosaCanvasHCSR04/CosaCanvasHCSR04.ino
Program:   14748 bytes (45.0% Full)
Data:        573 bytes (28.0% Full)
Sun Jul 12 14:46:32 CEST 2015: libraries/Canvas/examples/CosaCanvasHistogram/CosaCanvasHistogram.ino
Program:   12410 bytes (37.9% Full)
Data:        458 bytes (22.4% Full)
Sun Jul 12 14:46:36 CEST 2015: libraries/Canvas/examples/CosaCanvasPins/CosaCanvasPins.ino
Program:   13234 bytes (40.4% Full)
Data:        442 bytes (21.6% Full)
Sun Jul 12 14:46:40 CEST 2015: libraries/Canvas/examples/CosaCanvasScript/CosaCanvasScript.ino
Program:   18224 bytes (55.6% Full)
Data:        552 bytes (27.0% Full)
Sun Jul 12 14:46:44 CEST 2015: libraries/Canvas/examples/CosaCanvasShades/CosaCanvasShades.ino
Program:   11290 bytes (34.5% Full)
Data:        252 bytes (12.3% Full)
Sun Jul 12 14:46:48 CEST 2015: libraries/Canvas/examples/CosaCanvasSweep/CosaCanvasSweep.ino
Program:   11904 bytes (36.3% Full)
Data:        377 bytes (18.4% Full)
Sun Jul 12 14:46:52 CEST 2015: libraries/CC3000/examples/CosaCC3000demo/CosaCC3000demo.ino
Program:   14604 bytes (44.6% Full)
Data:        853 bytes (41.7% Full)
Sun Jul 12 14:46:56 CEST 2015: libraries/CC3000/examples/CosaCC3000info/CosaCC3000info.ino
Program:   15798 bytes (48.2% Full)
Data:        849 bytes (41.5% Full)
Sun Jul 12 14:47:00 CEST 2015: libraries/CC3000/examples/CosaCC3000server/CosaCC3000server.ino
Program:   17552 bytes (53.6% Full)
Data:        889 bytes (43.4% Full)
Sun Jul 12 14:47:04 CEST 2015: libraries/CC3000/examples/CosaCC3000socket/CosaCC3000socket.ino
Program:   14374 bytes (43.9% Full)
Data:        857 bytes (41.8% Full)
Sun Jul 12 14:47:08 CEST 2015: libraries/CFFS/examples/CosaCFFS/CosaCFFS.ino
Program:   20650 bytes (63.0% Full)
Data:        536 bytes (26.2% Full)
Sun Jul 12 14:47:12 CEST 2015: libraries/CFFS/examples/CosaCFFSshell/CosaCFFSshell.ino
Program:   17318 bytes (52.9% Full)
Data:        471 bytes (23.0% Full)
Sun Jul 12 14:47:16 CEST 2015: libraries/Ciao/examples/CosaCiaoNative/CosaCiaoNative.ino
Program:    5726 bytes (17.5% Full)
Data:        340 bytes (16.6% Full)
Sun Jul 12 14:47:20 CEST 2015: libraries/Ciao/examples/CosaCiaoPoint/CosaCiaoPoint.ino
Program:    5436 bytes (16.6% Full)
Data:        308 bytes (15.0% Full)
Sun Jul 12 14:47:23 CEST 2015: libraries/DHCP/examples/CosaDHCP/CosaDHCP.ino
Program:   12836 bytes (39.2% Full)
Data:        570 bytes (27.8% Full)
Sun Jul 12 14:47:27 CEST 2015: libraries/DHT/examples/CosaDHT/CosaDHT.ino
Program:    7068 bytes (21.6% Full)
Data:        403 bytes (19.7% Full)
Sun Jul 12 14:47:31 CEST 2015: libraries/DHT/examples/CosaDHTMAX72XX/CosaDHTMAX72XX.ino
Program:    8162 bytes (24.9% Full)
Data:        343 bytes (16.7% Full)
Sun Jul 12 14:47:34 CEST 2015: libraries/DNS/examples/CosaDNS/CosaDNS.ino
Program:   11756 bytes (35.9% Full)
Data:        548 bytes (26.8% Full)
Sun Jul 12 14:47:38 CEST 2015: libraries/DS1302/examples/CosaDS1302/CosaDS1302.ino
Program:    6656 bytes (20.3% Full)
Data:        274 bytes (13.4% Full)
Sun Jul 12 14:47:41 CEST 2015: libraries/DS1307/examples/CosaDS1307/CosaDS1307.ino
Program:    7064 bytes (21.6% Full)
Data:        409 bytes (20.0% Full)
Sun Jul 12 14:47:45 CEST 2015: libraries/DS18B20/examples/CosaDS18B20alarm/CosaDS18B20alarm.ino
Program:    8810 bytes (26.9% Full)
Data:        513 bytes (25.0% Full)
Sun Jul 12 14:47:48 CEST 2015: libraries/DS18B20/examples/CosaDS18B20/CosaDS18B20.ino
Program:    8418 bytes (25.7% Full)
Data:        405 bytes (19.8% Full)
Sun Jul 12 14:47:52 CEST 2015: libraries/DS18B20/examples/CosaDS18B20periodic/CosaDS18B20periodic.ino
Program:    7622 bytes (23.3% Full)
Data:        498 bytes (24.3% Full)
Sun Jul 12 14:47:55 CEST 2015: libraries/DS3231/examples/CosaDS3231/CosaDS3231.ino
Program:    7456 bytes (22.8% Full)
Data:        409 bytes (20.0% Full)
Sun Jul 12 14:47:59 CEST 2015: libraries/Fai/examples/CosaFai/CosaFai.ino
Program:    6832 bytes (20.8% Full)
Data:        449 bytes (21.9% Full)
Sun Jul 12 14:48:03 CEST 2015: libraries/FAT16/examples/CosaFAT16/CosaFAT16.ino
Program:   14026 bytes (42.8% Full)
Data:        939 bytes (45.8% Full)
Sun Jul 12 14:48:07 CEST 2015: libraries/HCSR04/examples/CosaHCSR04/CosaHCSR04.ino
Program:    5586 bytes (17.0% Full)
Data:        500 bytes (24.4% Full)
Sun Jul 12 14:48:10 CEST 2015: libraries/HMC5883L/examples/CosaHMC5883L/CosaHMC5883L.ino
Program:    7246 bytes (22.1% Full)
Data:        415 bytes (20.3% Full)
Sun Jul 12 14:48:13 CEST 2015: libraries/IR/examples/CosaIR/CosaIR.ino
Program:    8400 bytes (25.6% Full)
Data:        455 bytes (22.2% Full)
Sun Jul 12 14:48:17 CEST 2015: libraries/L3G4200D/examples/CosaL3G4200D/CosaL3G4200D.ino
Program:    6740 bytes (20.6% Full)
Data:        405 bytes (19.8% Full)
Sun Jul 12 14:48:20 CEST 2015: libraries/LCD/CosaHD44780/CosaHD44780.ino
Program:    6470 bytes (19.7% Full)
Data:        237 bytes (11.6% Full)
Sun Jul 12 14:48:24 CEST 2015: libraries/LCD/CosaLCD10DOF/CosaLCD10DOF.ino
Program:   12160 bytes (37.1% Full)
Data:        431 bytes (21.0% Full)
Sun Jul 12 14:48:28 CEST 2015: libraries/LCD/CosaLCDbench/CosaLCDbench.ino
Program:    6674 bytes (20.4% Full)
Data:        286 bytes (14.0% Full)
Sun Jul 12 14:48:32 CEST 2015: libraries/LCD/CosaLCDclock/CosaLCDclock.ino
Program:    9048 bytes (27.6% Full)
Data:        328 bytes (16.0% Full)
Sun Jul 12 14:48:36 CEST 2015: libraries/LCD/CosaLCDhbar/CosaLCDhbar.ino
Program:    6642 bytes (20.3% Full)
Data:        356 bytes (17.4% Full)
Sun Jul 12 14:48:39 CEST 2015: libraries/LCD/CosaLCDkeypad/CosaLCDkeypad.ino
Program:    7084 bytes (21.6% Full)
Data:        455 bytes (22.2% Full)
Sun Jul 12 14:48:43 CEST 2015: libraries/LCD/CosaLCDmenu/CosaLCDmenu.ino
Program:    8296 bytes (25.3% Full)
Data:        501 bytes (24.5% Full)
Sun Jul 12 14:48:47 CEST 2015: libraries/LCD/CosaLCDsize/CosaLCDsize.ino
Program:    5080 bytes (15.5% Full)
Data:        232 bytes (11.3% Full)
Sun Jul 12 14:48:50 CEST 2015: libraries/LCD/CosaLCDslave/CosaLCDslave.ino
Program:    7754 bytes (23.7% Full)
Data:        455 bytes (22.2% Full)
Sun Jul 12 14:48:54 CEST 2015: libraries/LCD/CosaLCDspeed/CosaLCDspeed.ino
Program:    7246 bytes (22.1% Full)
Data:        299 bytes (14.6% Full)
Sun Jul 12 14:48:58 CEST 2015: libraries/LCD/CosaLCDtemp/CosaLCDtemp.ino
Program:   10476 bytes (32.0% Full)
Data:        366 bytes (17.9% Full)
Sun Jul 12 14:49:02 CEST 2015: libraries/LCD/CosaLCDterm/CosaLCDterm.ino
Program:    8390 bytes (25.6% Full)
Data:        488 bytes (23.8% Full)
Sun Jul 12 14:49:05 CEST 2015: libraries/LCD/CosaLCDvbar/CosaLCDvbar.ino
Program:    6394 bytes (19.5% Full)
Data:        307 bytes (15.0% Full)
Sun Jul 12 14:49:09 CEST 2015: libraries/LCD/CosaST7565/CosaST7565.ino
Program:   15546 bytes (47.4% Full)
Data:        454 bytes (22.2% Full)
Sun Jul 12 14:49:13 CEST 2015: libraries/MAX72XX/examples/CosaMAX72XX/CosaMAX72XX.ino
Program:    6868 bytes (21.0% Full)
Data:        287 bytes (14.0% Full)
Sun Jul 12 14:49:16 CEST 2015: libraries/MCP7940N/examples/CosaMCP7940N/CosaMCP7940N.ino
Program:    9084 bytes (27.7% Full)
Data:        451 bytes (22.0% Full)
Sun Jul 12 14:49:20 CEST 2015: libraries/MPU6050/examples/CosaMPU6050/CosaMPU6050.ino
Program:    7134 bytes (21.8% Full)
Data:        405 bytes (19.8% Full)
Sun Jul 12 14:49:24 CEST 2015: libraries/Nucleo/examples/CosaNucleoActor/CosaNucleoActor.ino
Program:    5776 bytes (17.6% Full)
Data:        490 bytes (23.9% Full)
Sun Jul 12 14:49:27 CEST 2015: libraries/Nucleo/examples/CosaNucleoBenchmark/CosaNucleoBenchmark.ino
Program:    7138 bytes (21.8% Full)
Data:        463 bytes (22.6% Full)
Sun Jul 12 14:49:31 CEST 2015: libraries/Nucleo/examples/CosaNucleoMutex/CosaNucleoMutex.ino
Program:    6630 bytes (20.2% Full)
Data:        430 bytes (21.0% Full)
Sun Jul 12 14:49:34 CEST 2015: libraries/Nucleo/examples/CosaNucleoPingPong/CosaNucleoPingPong.ino
Program:    6894 bytes (21.0% Full)
Data:        445 bytes (21.7% Full)
Sun Jul 12 14:49:37 CEST 2015: libraries/Nucleo/examples/CosaNucleoSemaphore/CosaNucleoSemaphore.ino
Program:    6644 bytes (20.3% Full)
Data:        434 bytes (21.2% Full)
Sun Jul 12 14:49:41 CEST 2015: libraries/Nucleo/examples/CosaNucleoSPI/CosaNucleoSPI.ino
Program:    3478 bytes (10.6% Full)
Data:        218 bytes (10.6% Full)
Sun Jul 12 14:49:44 CEST 2015: libraries/Nucleo/examples/CosaNucleoThread/CosaNucleoThread.ino
Program:    6698 bytes (20.4% Full)
Data:        501 bytes (24.5% Full)
Sun Jul 12 14:49:47 CEST 2015: libraries/OWI/examples/CosaDS1990A/CosaDS1990A.ino
Program:    5236 bytes (16.0% Full)
Data:        264 bytes (12.9% Full)
Sun Jul 12 14:49:51 CEST 2015: libraries/PCD8544/examples/CosaPCD8544/CosaPCD8544.ino
Program:   14910 bytes (45.5% Full)
Data:        432 bytes (21.1% Full)
Sun Jul 12 14:49:55 CEST 2015: libraries/PCD8544/examples/CosaPCD8544temp/CosaPCD8544temp.ino
Program:   14966 bytes (45.7% Full)
Data:        441 bytes (21.5% Full)
Sun Jul 12 14:49:59 CEST 2015: libraries/PCF8574/examples/CosaPCF8574/CosaPCF8574.ino
Program:    7382 bytes (22.5% Full)
Data:        425 bytes (20.8% Full)
Sun Jul 12 14:50:02 CEST 2015: libraries/PCF8591/examples/CosaPCF8591/CosaPCF8591.ino
Program:    7524 bytes (23.0% Full)
Data:        424 bytes (20.7% Full)
Sun Jul 12 14:50:06 CEST 2015: libraries/ProtoThread/examples/CosaProtoThreadBenchmark/CosaProtoThreadBenchmark.ino
Program:    7104 bytes (21.7% Full)
Data:        535 bytes (26.1% Full)
Sun Jul 12 14:50:09 CEST 2015: libraries/RC4/examples/CosaRC4/CosaRC4.ino
Program:    8778 bytes (26.8% Full)
Data:        941 bytes (45.9% Full)
Sun Jul 12 14:50:12 CEST 2015: libraries/Registry/examples/CosaRegistry/CosaRegistry.ino
Program:    9682 bytes (29.5% Full)
Data:        381 bytes (18.6% Full)
EEPROM:        5 bytes (0.5% Full)
Sun Jul 12 14:50:16 CEST 2015: libraries/Rotary/examples/CosaRotaryEncoder/CosaRotaryEncoder.ino
Program:    5238 bytes (16.0% Full)
Data:        466 bytes (22.8% Full)
Sun Jul 12 14:50:19 CEST 2015: libraries/RS485/examples/CosaRS485/CosaRS485.ino
Program:    8112 bytes (24.8% Full)
Data:        458 bytes (22.4% Full)
Sun Jul 12 14:50:23 CEST 2015: libraries/RS485/examples/CosaRS485master/CosaRS485master.ino
CosaRS485master.ino:32:2: error: #error CosaRS485master: board not supported.
 #error CosaRS485master: board not supported.
Sun Jul 12 14:50:25 CEST 2015: libraries/RS485/examples/CosaRS485slave/CosaRS485slave.ino
Program:    5220 bytes (15.9% Full)
Data:        505 bytes (24.7% Full)
Sun Jul 12 14:50:28 CEST 2015: libraries/S25FL127S/examples/CosaS25FL127S/CosaS25FL127S.ino
Program:   12982 bytes (39.6% Full)
Data:        382 bytes (18.7% Full)
Sun Jul 12 14:50:32 CEST 2015: libraries/SD/examples/CosaBMP/CosaBMP.ino
Program:   13440 bytes (41.0% Full)
Data:        929 bytes (45.4% Full)
Sun Jul 12 14:50:36 CEST 2015: libraries/SD/examples/CosaSD/CosaSD.ino
Program:   18502 bytes (56.5% Full)
Data:        443 bytes (21.6% Full)
Sun Jul 12 14:50:40 CEST 2015: libraries/Servo/examples/CosaServo/CosaServo.ino
Program:    1680 bytes (5.1% Full)
Data:         40 bytes (2.0% Full)
Sun Jul 12 14:50:43 CEST 2015: libraries/SRPO/examples/CosaSRPO/CosaSRPO.ino
Program:    2394 bytes (7.3% Full)
Data:         40 bytes (2.0% Full)
Sun Jul 12 14:50:46 CEST 2015: libraries/TCS230/examples/CosaTCS230/CosaTCS230.ino
Program:    5070 bytes (15.5% Full)
Data:        312 bytes (15.2% Full)
Sun Jul 12 14:50:50 CEST 2015: libraries/Touch/examples/CosaTouch/CosaTouch.ino
Program:    5008 bytes (15.3% Full)
Data:        468 bytes (22.9% Full)
Sun Jul 12 14:50:53 CEST 2015: libraries/Vigenere/examples/CosaVigenere/CosaVigenere.ino
Program:    7424 bytes (22.7% Full)
Data:        309 bytes (15.1% Full)
Sun Jul 12 14:50:56 CEST 2015: libraries/W25X40CL/examples/CosaW25X40CL/CosaW25X40CL.ino
Program:   13982 bytes (42.7% Full)
Data:        382 bytes (18.7% Full)
Sun Jul 12 14:51:00 CEST 2015: libraries/Wireless/CosaWirelessButton/CosaWirelessButton.ino
Program:    5564 bytes (17.0% Full)
Data:        410 bytes (20.0% Full)
Sun Jul 12 14:51:03 CEST 2015: libraries/Wireless/CosaWirelessDHT11/CosaWirelessDHT11.ino
Program:    6454 bytes (19.7% Full)
Data:        403 bytes (19.7% Full)
Sun Jul 12 14:51:07 CEST 2015: libraries/Wireless/CosaWirelessDS18B20/CosaWirelessDS18B20.ino
Program:    7520 bytes (22.9% Full)
Data:        415 bytes (20.3% Full)
Sun Jul 12 14:51:11 CEST 2015: libraries/Wireless/CosaWirelessIOStream/CosaWirelessIOStream.ino
Program:    6902 bytes (21.1% Full)
Data:        460 bytes (22.5% Full)
Sun Jul 12 14:51:14 CEST 2015: libraries/Wireless/CosaWirelessMonitor/CosaWirelessMonitor.ino
Program:   10526 bytes (32.1% Full)
Data:        563 bytes (27.5% Full)
Sun Jul 12 14:51:18 CEST 2015: libraries/Wireless/CosaWirelessPing/CosaWirelessPing.ino
Program:    8530 bytes (26.0% Full)
Data:        505 bytes (24.7% Full)
Sun Jul 12 14:51:22 CEST 2015: libraries/Wireless/CosaWirelessPong/CosaWirelessPong.ino
Program:    8040 bytes (24.5% Full)
Data:        503 bytes (24.6% Full)
Sun Jul 12 14:51:25 CEST 2015: libraries/Wireless/CosaWirelessReceiver/CosaWirelessReceiver.ino
Program:    9526 bytes (29.1% Full)
Data:        505 bytes (24.7% Full)
Sun Jul 12 14:51:29 CEST 2015: libraries/Wireless/CosaWirelessReceiverLCD/CosaWirelessReceiverLCD.ino
Program:   12762 bytes (38.9% Full)
Data:        561 bytes (27.4% Full)
Sun Jul 12 14:51:33 CEST 2015: libraries/Wireless/CosaWirelessRelay/CosaWirelessRelay.ino
Program:    7304 bytes (22.3% Full)
Data:        479 bytes (23.4% Full)
Sun Jul 12 14:51:36 CEST 2015: libraries/Wireless/CosaWirelessSender/CosaWirelessSender.ino
Program:    8376 bytes (25.6% Full)
Data:        520 bytes (25.4% Full)
Sun Jul 12 14:51:40 CEST 2015: libraries/Wireless/CosaWirelessTrace/CosaWirelessTrace.ino
Program:    8340 bytes (25.5% Full)
Data:        485 bytes (23.7% Full)
Sun Jul 12 14:51:43 CEST 2015: lib/Shell/examples/CosaShell/CosaShell.ino
Program:   21782 bytes (66.5% Full)
Data:        518 bytes (25.3% Full)
Sun Jul 12 14:51:48 CEST 2015: lib/Shell/examples/CosaShellTelnetServer/CosaShellTelnetServer.ino
Program:   29198 bytes (89.1% Full)
Data:        691 bytes (33.7% Full)
Sun Jul 12 14:51:53 CEST 2015: lib/Shell/examples/CosaShellWebServer/CosaShellWebServer.ino
Program:   29828 bytes (91.0% Full)
Data:        866 bytes (42.3% Full)
Sun Jul 12 14:51:57 CEST 2015: lib/SNMP/examples/CosaSNMP/CosaSNMP.ino
Program:   19630 bytes (59.9% Full)
Data:        704 bytes (34.4% Full)
Sun Jul 12 14:52:02 CEST 2015: lib/Telnet/examples/CosaTelnetServer/CosaTelnetServer.ino
Program:   11442 bytes (34.9% Full)
Data:        476 bytes (23.2% Full)
Sun Jul 12 14:52:06 CEST 2015: lib/ThingSpeak/examples/CosaThingSpeakChannel/CosaThingSpeakChannel.ino
Program:   16634 bytes (50.8% Full)
Data:        647 bytes (31.6% Full)
Sun Jul 12 14:52:10 CEST 2015: lib/ThingSpeak/examples/CosaThingSpeakClient/CosaThingSpeakClient.ino
Program:   20842 bytes (63.6% Full)
Data:       1057 bytes (51.6% Full)
Sun Jul 12 14:52:14 CEST 2015: lib/ThingSpeak/examples/CosaThingSpeakTalkBack/CosaThingSpeakTalkBack.ino
Program:   16226 bytes (49.5% Full)
Data:        592 bytes (28.9% Full)
Sun Jul 12 14:52:18 CEST 2015: lib/UML/examples/CosaUMLCapsules/CosaUMLCapsules.ino
Program:    6586 bytes (20.1% Full)
Data:        653 bytes (31.9% Full)
Sun Jul 12 14:52:22 CEST 2015: lib/UML/examples/CosaUMLPingPong/CosaUMLPingPong.ino
Program:    5776 bytes (17.6% Full)
Data:        573 bytes (28.0% Full)
Sun Jul 12 14:52:25 CEST 2015: lib/UML/examples/CosaUMLTermostat/CosaUMLTermostat.ino
Program:   10154 bytes (31.0% Full)
Data:        635 bytes (31.0% Full)
Sun Jul 12 14:52:29 CEST 2015: lib/UML/examples/CosaUMLThermometer/CosaUMLThermometer.ino
Program:   13836 bytes (42.2% Full)
Data:        627 bytes (30.6% Full)
Sun Jul 12 14:52:33 CEST 2015: lib/UML/examples/CosaUMLTrigger/CosaUMLTrigger.ino
Program:    6364 bytes (19.4% Full)
Data:        632 bytes (30.9% Full)
Sun Jul 12 14:52:36 CEST 2015: lib/UML/examples/CosaUMLVoltmeter/CosaUMLVoltmeter.ino
Program:    8174 bytes (24.9% Full)
Data:        604 bytes (29.5% Full)
